         530
   754.762023925781       7.256066799163818E-002
   754.835551328957       7.298671454191208E-002
   754.909078732133       7.344664633274078E-002
   754.982606135309       7.394326478242874E-002
   755.056133538485       7.447597384452820E-002
   755.129660941660       7.504060864448547E-002
   755.203188344836       7.563019543886185E-002
   755.276715748012       7.623538374900818E-002
   755.350243151188       7.684496045112610E-002
   755.423770554364       7.744607329368591E-002
   755.497297957540       7.802449911832809E-002
   755.570825360715       7.863207906484604E-002
   755.644352763891       7.922913879156113E-002
   755.717880167067       7.981328666210175E-002
   755.791407570243       8.038543164730072E-002
   755.864934973419       8.094773441553116E-002
   755.938462376595       8.150412142276764E-002
   756.011989779770       8.206007629632950E-002
   756.085517182946       8.262196928262711E-002
   756.159044586122       8.319564908742905E-002
   756.232571989298       8.378545194864273E-002
   756.306099392474       8.439223468303680E-002
   756.379626795650       8.501271903514862E-002
   756.453154198825       8.563915640115738E-002
   756.526681602001       8.628138154745102E-002
   756.600209005177       8.696757256984711E-002
   756.673736408353       8.766660094261169E-002
   756.747263811529       8.837395161390305E-002
   756.820791214705       8.908279240131378E-002
   756.894318617880       8.978593349456787E-002
   756.967846021056       9.047516435384750E-002
   757.041373424232       9.114282578229904E-002
   757.114900827408       9.178212285041809E-002
   757.188428230584       9.238741546869278E-002
   757.261955633759       9.295489639043808E-002
   757.335483036935       9.348313510417938E-002
   757.409010440111       9.397254884243011E-002
   757.482537843287       9.442406147718430E-002
   757.556065246463       9.488923102617264E-002
   757.629592649639       9.537272155284882E-002
   757.703120052814       9.587172418832779E-002
   757.776647455990       9.639000147581100E-002
   757.850174859166       9.692686051130295E-002
   757.923702262342       9.747809916734695E-002
   757.997229665518       9.803733229637146E-002
   758.070757068694       9.859743714332581E-002
   758.144284471869       9.915088862180710E-002
   758.217811875045       9.969122707843781E-002
   758.291339278221       0.100213654339314     
   758.364866681397       0.100716151297092     
   758.438394084573       0.101198881864548     
   758.511921487749       0.101673074066639     
   758.585448890924       0.102209702134132     
   758.658976294100       0.102788016200066     
   758.732503697276       0.103418707847595     
   758.806031100452       0.104106828570366     
   758.879558503628       0.104851879179478     
   758.953085906804       0.105648040771484     
   759.026613309979       0.106484897434711     
   759.100140713155       0.107348479330540     
   759.173668116331       0.108221933245659     
   759.247195519507       0.109086625277996     
   759.320722922683       0.109923787415028     
   759.394250325859       0.110715031623840     
   759.467777729034       0.111443236470222     
   759.541305132210       0.112148083746433     
   759.614832535386       0.112850077450275     
   759.688359938562       0.113526746630669     
   759.761887341738       0.114191912114620     
   759.835414744914       0.114861324429512     
   759.908942148089       0.115550786256790     
   759.982469551265       0.116273775696754     
   760.055996954441       0.117039024829865     
   760.129524357617       0.117849200963974     
   760.203051760793       0.118700176477432     
   760.276579163969       0.119581542909145     
   760.350106567144       0.120477139949799     
   760.423633970320       0.121366299688816     
   760.497161373496       0.122224599123001     
   760.570688776672       0.123129591345787     
   760.644216179848       0.124009355902672     
   760.717743583024       0.124853700399399     
   760.791270986199       0.125657171010971     
   760.864798389375       0.126416370272636     
   760.938325792551       0.127130240201950     
   761.011853195727       0.127801552414894     
   761.085380598903       0.128436595201492     
   761.158908002079       0.129044622182846     
   761.232435405254       0.129635557532310     
   761.305962808430       0.130217388272285     
   761.379490211606       0.130793601274490     
   761.453017614782       0.131361290812492     
   761.526545017958       0.131936594843864     
   761.600072421134       0.132556661963463     
   761.673599824309       0.133184939622879     
   761.747127227485       0.133816674351692     
   761.820654630661       0.134446397423744     
   761.894182033837       0.135070219635963     
   761.967709437013       0.135687589645386     
   762.041236840189       0.136302813887596     
   762.114764243364       0.136924073100090     
   762.188291646540       0.137562364339828     
   762.261819049716       0.138227880001068     
   762.335346452892       0.138926982879639     
   762.408873856068       0.139660090208054     
   762.482401259243       0.140420719981194     
   762.555928662419       0.141272395849228     
   762.629456065595       0.142193838953972     
   762.702983468771       0.143164291977882     
   762.776510871947       0.144177675247192     
   762.850038275123       0.145223721861839     
   762.923565678298       0.146289169788361     
   762.997093081474       0.147358044981956     
   763.070620484650       0.148413375020027     
   763.144147887826       0.149437770247459     
   763.217675291002       0.150416687130928     
   763.291202694178       0.151338845491409     
   763.364730097353       0.152198418974876     
   763.438257500529       0.152995601296425     
   763.511784903705       0.153751388192177     
   763.585312306881       0.154571980237961     
   763.658839710057       0.155409216880798     
   763.732367113233       0.156285315752029     
   763.805894516408       0.157215312123299     
   763.879421919584       0.158205568790436     
   763.952949322760       0.159254953265190     
   764.026476725936       0.160355076193810     
   764.100004129112       0.161491855978966     
   764.173531532288       0.162646129727364     
   764.247058935463       0.163794293999672     
   764.320586338639       0.164908856153488     
   764.394113741815       0.165959328413010     
   764.467641144991       0.166913673281670     
   764.541168548167       0.167816743254662     
   764.614695951343       0.168668136000633     
   764.688223354518       0.169421613216400     
   764.761750757694       0.170089110732079     
   764.835278160870       0.170690014958382     
   764.908805564046       0.171246871352196     
   764.982332967222       0.171782478690147     
   765.055860370398       0.172314599156380     
   765.129387773573       0.172853901982307     
   765.202915176749       0.173402577638626     
   765.276442579925       0.173955053091049     
   765.349969983101       0.174499258399010     
   765.423497386277       0.175018399953842     
   765.497024789453       0.175494566559792     
   765.570552192628       0.176055923104286     
   765.644079595804       0.176603883504868     
   765.717606998980       0.177153095602989     
   765.791134402156       0.177726507186890     
   765.864661805332       0.178349748253822     
   765.938189208508       0.179046601057053     
   766.011716611683       0.179836526513100     
   766.085244014859       0.180730536580086     
   766.158771418035       0.181729659438133     
   766.232298821211       0.182824507355690     
   766.305826224387       0.183995813131332     
   766.379353627563       0.185215696692467     
   766.452881030738       0.186451300978661     
   766.526408433914       0.187689855694771     
   766.599935837090       0.188945278525352     
   766.673463240266       0.190173760056496     
   766.746990643442       0.191366791725159     
   766.820518046618       0.192518427968025     
   766.894045449793       0.193626090884209     
   766.967572852969       0.194692775607109     
   767.041100256145       0.195726335048676     
   767.114627659321       0.196740657091141     
   767.188155062497       0.197752609848976     
   767.261682465672       0.198779642581940     
   767.335209868848       0.199834302067757     
   767.408737272024       0.200920298695564     
   767.482264675200       0.202028945088387     
   767.555792078376       0.203263252973557     
   767.629319481552       0.204566493630409     
   767.702846884727       0.205897361040115     
   767.776374287903       0.207241922616959     
   767.849901691079       0.208582654595375     
   767.923429094255       0.209900557994843     
   767.996956497431       0.211176127195358     
   768.070483900607       0.212391272187233     
   768.144011303782       0.213528633117676     
   768.217538706958       0.214574709534645     
   768.291066110134       0.215519845485687     
   768.364593513310       0.216359615325928     
   768.438120916486       0.217095330357552     
   768.511648319662       0.217761993408203     
   768.585175722837       0.218509703874588     
   768.658703126013       0.219230040907860     
   768.732230529189       0.219957634806633     
   768.805757932365       0.220715567469597     
   768.879285335541       0.221512526273727     
   768.952812738717       0.222344905138016     
   769.026340141892       0.223199039697647     
   769.099867545068       0.224054396152496     
   769.173394948244       0.224889248609543     
   769.246922351420       0.225683286786079     
   769.320449754596       0.226422965526581     
   769.393977157772       0.227101415395737     
   769.467504560947       0.227721124887466     
   769.541031964123       0.228348448872566     
   769.614559367299       0.229031383991241     
   769.688086770475       0.229783013463020     
   769.761614173651       0.230649039149284     
   769.835141576827       0.231663256883621     
   769.908668980002       0.232844039797783     
   769.982196383178       0.234192013740540     
   770.055723786354       0.235691189765930     
   770.129251189530       0.237309783697128     
   770.202778592706       0.239003494381905     
   770.276305995882       0.240719020366669     
   770.349833399057       0.242397472262383     
   770.423360802233       0.243977755308151     
   770.496888205409       0.245401129126549     
   770.570415608585       0.246829017996788     
   770.643943011761       0.248113319277763     
   770.717470414937       0.249260812997818     
   770.790997818112       0.250298500061035     
   770.864525221288       0.251264691352844     
   770.938052624464       0.252206057310104     
   771.011580027640       0.253172278404236     
   771.085107430816       0.254208922386169     
   771.158634833992       0.255351662635803     
   771.232162237167       0.256619065999985     
   771.305689640343       0.258010804653168     
   771.379217043519       0.259507358074188     
   771.452744446695       0.261069804430008     
   771.526271849871       0.262723654508591     
   771.599799253047       0.264490813016891     
   771.673326656222       0.266205906867981     
   771.746854059398       0.267839372158051     
   771.820381462574       0.269362807273865     
   771.893908865750       0.270751982927322     
   771.967436268926       0.271990269422531     
   772.040963672101       0.273070544004440     
   772.114491075277       0.273997902870178     
   772.188018478453       0.274788945913315     
   772.261545881629       0.275469630956650     
   772.335073284805       0.276073545217514     
   772.408600687981       0.276632964611053     
   772.482128091156       0.277174800634384     
   772.555655494332       0.277793705463409     
   772.629182897508       0.278499633073807     
   772.702710300684       0.279290407896042     
   772.776237703860       0.280164867639542     
   772.849765107036       0.281108617782593     
   772.923292510211       0.282097101211548     
   772.996819913387       0.283101499080658     
   773.070347316563       0.284093439579010     
   773.143874719739       0.285051107406616     
   773.217402122915       0.285961747169495     
   773.290929526091       0.286823928356171     
   773.364456929266       0.287644833326340     
   773.437984332442       0.288435190916061     
   773.511511735618       0.289238601922989     
   773.585039138794       0.290279299020767     
   773.658566541970       0.291421055793762     
   773.732093945146       0.292685717344284     
   773.805621348321       0.294080406427383     
   773.879148751497       0.295600563287735     
   773.952676154673       0.297229617834091     
   774.026203557849       0.298941791057587     
   774.099730961025       0.300702273845673     
   774.173258364201       0.302468538284302     
   774.246785767376       0.304194480180740     
   774.320313170552       0.305832058191299     
   774.393840573728       0.307336241006851     
   774.467367976904       0.308669149875641     
   774.540895380080       0.309955328702927     
   774.614422783256       0.311219543218613     
   774.687950186431       0.312407732009888     
   774.761477589607       0.313581943511963     
   774.835004992783       0.314799726009369     
   774.908532395959       0.316106468439102     
   774.982059799135       0.317529559135437     
   775.055587202311       0.319077610969543     
   775.129114605486       0.320741772651672     
   775.202642008662       0.322499781847000     
   775.276169411838       0.324319124221802     
   775.349696815014       0.326158702373505     
   775.423224218190       0.327969491481781     
   775.496751621366       0.329696208238602     
   775.570279024541       0.331407427787781     
   775.643806427717       0.332999259233475     
   775.717333830893       0.334456443786621     
   775.790861234069       0.335771948099136     
   775.864388637245       0.336949586868286     
   775.937916040421       0.338004440069199     
   776.011443443596       0.338963121175766     
   776.084970846772       0.339857280254364     
   776.158498249948       0.340714752674103     
   776.232025653124       0.341549873352051     
   776.305553056300       0.342357784509659     
   776.379080459476       0.343113213777542     
   776.452607862651       0.343773841857910     
   776.526135265827       0.344392806291580     
   776.599662669003       0.345065861940384     
   776.673190072179       0.345627635717392     
   776.746717475355       0.346091508865356     
   776.820244878531       0.346476495265961     
   776.893772281706       0.346810787916183     
   776.967299684882       0.347131222486496     
   777.040827088058       0.347485065460205     
   777.114354491234       0.347925573587418     
   777.187881894410       0.348505973815918     
   777.261409297585       0.349270254373550     
   777.334936700761       0.350244164466858     
   777.408464103937       0.351425677537918     
   777.481991507113       0.352783232927322     
   777.555518910289       0.354515105485916     
   777.629046313465       0.356423974037170     
   777.702573716640       0.358388185501099     
   777.776101119816       0.360358029603958     
   777.849628522992       0.362282067537308     
   777.923155926168       0.364116042852402     
   777.996683329344       0.365827143192291     
   778.070210732520       0.367399394512177     
   778.143738135695       0.368831008672714     
   778.217265538871       0.370137274265289     
   778.290792942047       0.371349215507507     
   778.364320345223       0.372508972883224     
   778.437847748399       0.373669147491455     
   778.511375151575       0.374898076057434     
   778.584902554750       0.376362025737762     
   778.658429957926       0.378066390752792     
   778.731957361102       0.380056351423264     
   778.805484764278       0.382338136434555     
   778.879012167454       0.384878695011139     
   778.952539570630       0.387609809637070     
   779.026066973805       0.390434503555298     
   779.099594376981       0.393236309289932     
   779.173121780157       0.395890891551971     
   779.246649183333       0.398276150226593     
   779.320176586509       0.400285333395004     
   779.393703989685       0.401832997798920     
   779.467231392860       0.402864098548889     
   779.540758796036       0.403500407934189     
   779.614286199212       0.403818011283875     
   779.687813602388       0.403819471597672     
   779.761341005564       0.403628140687943     
   779.834868408740       0.403374582529068     
   779.908395811915       0.403183579444885     
   779.981923215091       0.403159111738205     
   780.055450618267       0.403371125459671     
   780.128978021443       0.403848737478256     
   780.202505424619       0.404577553272247     
   780.276032827795       0.405504018068314     
   780.349560230970       0.406543999910355     
   780.423087634146       0.407593280076981     
   780.496615037322       0.408540517091751     
   780.570142440498       0.409663438796997     
   780.643669843674       0.410609543323517     
   780.717197246850       0.411379754543304     
   780.790724650025       0.412022948265076     
   780.864252053201       0.412618041038513     
   780.937779456377       0.413267612457275     
   781.011306859553       0.414079874753952     
   781.084834262729       0.415153563022614     
   781.158361665905       0.416562408208847     
   781.231889069080       0.418343096971512     
   781.305416472256       0.420492112636566     
   781.378943875432       0.422964096069336     
   781.452471278608       0.425675362348557     
   781.525998681784       0.428594440221786     
   781.599526084960       0.431702584028244     
   781.673053488135       0.434759914875031     
   781.746580891311       0.437661617994308     
   781.820108294487       0.440307885408401     
   781.893635697663       0.442611515522003     
   781.967163100839       0.444511771202087     
   782.040690504014       0.445982992649078     
   782.114217907190       0.447042077779770     
   782.187745310366       0.447748959064484     
   782.261272713542       0.448200762271881     
   782.334800116718       0.448517084121704     
   782.408327519894       0.448821127414703     
   782.481854923069       0.449221014976501     
   782.555382326245       0.450000792741776     
   782.628909729421       0.451173782348633     
   782.702437132597       0.452739804983139     
   782.775964535773       0.454709500074387     
   782.849491938949       0.457051157951355     
   782.923019342124       0.459697097539902     
   782.996546745300       0.462549746036530     
   783.070074148476       0.465491920709610     
   783.143601551652       0.468397706747055     
   783.217128954828       0.471143186092377     
   783.290656358004       0.473618090152740     
   783.364183761179       0.475734472274780     
   783.437711164355       0.477435111999512     
   783.511238567531       0.478739887475967     
   783.584765970707       0.479923665523529     
   783.658293373883       0.480872452259064     
   783.731820777059       0.481696397066116     
   783.805348180234       0.482494324445724     
   783.878875583410       0.483341723680496     
   783.952402986586       0.484279870986938     
   784.025930389762       0.485315799713135     
   784.099457792938       0.486420661211014     
   784.172985196114       0.487537592649460     
   784.246512599289       0.488588601350784     
   784.320040002465       0.489484548568726     
   784.393567405641       0.490139931440353     
   784.467094808817       0.490486532449722     
   784.540622211993       0.490715891122818     
   784.614149615169       0.490876823663712     
   784.687677018344       0.490902543067932     
   784.761204421520       0.490912824869156     
   784.834731824696       0.491023302078247     
   784.908259227872       0.491330653429031     
   784.981786631048       0.491901814937592     
   785.055314034224       0.492771208286285     
   785.128841437399       0.493947774171829     
   785.202368840575       0.495419889688492     
   785.275896243751       0.497162312269211     
   785.349423646927       0.499136537313461     
   785.422951050103       0.501288890838623     
   785.496478453279       0.503543794155121     
   785.570005856454       0.506256759166718     
   785.643533259630       0.509046494960785     
   785.717060662806       0.511849462985992     
   785.790588065982       0.514614105224609     
   785.864115469158       0.517299234867096     
   785.937642872334       0.519882321357727     
   786.011170275509       0.522367358207703     
   786.084697678685       0.524777948856354     
   786.158225081861       0.527145802974701     
   786.231752485037       0.529493212699890     
   786.305279888213       0.531819105148315     
   786.378807291389       0.534091830253601     
   786.452334694564       0.536247372627258     
   786.525862097740       0.538291692733765     
   786.599389500916       0.540297389030457     
   786.672916904092       0.542111277580261     
   786.746444307268       0.543727099895477     
   786.819971710443       0.545146107673645     
   786.893499113619       0.546372413635254     
   786.967026516795       0.547405421733856     
   787.040553919971       0.548239350318909     
   787.114081323147       0.548865020275116     
   787.187608726323       0.549276411533356     
   787.261136129498       0.549481093883514     
   787.334663532674       0.549504280090332     
   787.408190935850       0.549388945102692     
   787.481718339026       0.549183845520020     
   787.555245742202       0.549105763435364     
   787.628773145378       0.549175560474396     
   787.702300548553       0.549413621425629     
   787.775827951729       0.549851059913635     
   787.849355354905       0.550488710403442     
   787.922882758081       0.551303386688232     
   787.996410161257       0.552265226840973     
   788.069937564433       0.553344190120697     
   788.143464967608       0.554516255855560     
   788.216992370784       0.555767595767975     
   788.290519773960       0.557089209556580     
   788.364047177136       0.558475255966187     
   788.437574580312       0.559919893741608     
   788.511101983488       0.561467111110687     
   788.584629386663       0.563404738903046     
   788.658156789839       0.565500199794769     
   788.731684193015       0.567767977714539     
   788.805211596191       0.570177614688873     
   788.878738999367       0.572663486003876     
   788.952266402543       0.575131297111511     
   789.025793805718       0.577473282814026     
   789.099321208894       0.579586923122406     
   789.172848612070       0.581385612487793     
   789.246376015246       0.582810580730438     
   789.319903418422       0.583829700946808     
   789.393430821598       0.584438621997833     
   789.466958224773       0.584654569625854     
   789.540485627949       0.584801077842712     
   789.614013031125       0.584990322589874     
   789.687540434301       0.585158526897430     
   789.761067837477       0.585458457469940     
   789.834595240653       0.586039960384369     
   789.908122643828       0.587036550045013     
   789.981650047004       0.588559985160828     
   790.055177450180       0.590685963630676     
   790.128704853356       0.593444764614105     
   790.202232256532       0.596817791461945     
   790.275759659708       0.600737571716309     
   790.349287062883       0.605098128318787     
   790.422814466059       0.609757184982300     
   790.496341869235       0.614547431468964     
   790.569869272411       0.619813501834869     
   790.643396675587       0.624993562698364     
   790.716924078763       0.629961848258972     
   790.790451481938       0.634622275829315     
   790.863978885114       0.638891458511353     
   790.937506288290       0.642708241939545     
   791.011033691466       0.646035194396973     
   791.084561094642       0.648853123188019     
   791.158088497818       0.651155412197113     
   791.231615900993       0.652933537960052     
   791.305143304169       0.654170155525208     
   791.378670707345       0.654833555221558     
   791.452198110521       0.654876828193665     
   791.525725513697       0.654317975044250     
   791.599252916873       0.653247833251953     
   791.672780320048       0.651612997055054     
   791.746307723224       0.649503171443939     
   791.819835126400       0.647029221057892     
   791.893362529576       0.644313097000122     
   791.966889932752       0.641475379467010     
   792.040417335927       0.638629078865051     
   792.113944739103       0.635880708694458     
   792.187472142279       0.633337914943695     
   792.260999545455       0.631116688251495     
   792.334526948631       0.629340291023254     
   792.408054351807       0.628129184246063     
   792.481581754982       0.627580046653748     
   792.555109158158       0.628264129161835     
   792.628636561334       0.629967331886292     
   792.702163964510       0.632571280002594     
   792.775691367686       0.636054575443268     
   792.849218770862       0.640343308448792     
   792.922746174037       0.645321309566498     
   792.996273577213       0.650852322578430     
   793.069800980389       0.656784057617188     
   793.143328383565       0.662954509258270     
   793.216855786741       0.669190824031830     
   793.290383189917       0.675309836864471     
   793.363910593092       0.681119203567505     
   793.437437996268       0.686427235603333     
   793.510965399444       0.691102147102356     
   793.584492802620       0.695259451866150     
   793.658020205796       0.698633730411530     
