         530
   754.762023925781       0.000000000000000E+000
   754.835551328957       0.000000000000000E+000
   754.909078732133       0.000000000000000E+000
   754.982606135309       0.000000000000000E+000
   755.056133538485       0.000000000000000E+000
   755.129660941660       0.000000000000000E+000
   755.203188344836       0.000000000000000E+000
   755.276715748012       0.000000000000000E+000
   755.350243151188       0.000000000000000E+000
   755.423770554364       0.000000000000000E+000
   755.497297957540       0.000000000000000E+000
   755.570825360715       0.000000000000000E+000
   755.644352763891       0.000000000000000E+000
   755.717880167067       0.000000000000000E+000
   755.791407570243       0.000000000000000E+000
   755.864934973419       0.000000000000000E+000
   755.938462376595       0.000000000000000E+000
   756.011989779770       0.000000000000000E+000
   756.085517182946       0.000000000000000E+000
   756.159044586122       0.000000000000000E+000
   756.232571989298       0.000000000000000E+000
   756.306099392474       0.000000000000000E+000
   756.379626795650       0.000000000000000E+000
   756.453154198825       0.000000000000000E+000
   756.526681602001       0.000000000000000E+000
   756.600209005177       0.000000000000000E+000
   756.673736408353       0.000000000000000E+000
   756.747263811529       0.000000000000000E+000
   756.820791214705       0.000000000000000E+000
   756.894318617880       0.000000000000000E+000
   756.967846021056       0.000000000000000E+000
   757.041373424232       0.000000000000000E+000
   757.114900827408       0.000000000000000E+000
   757.188428230584       0.000000000000000E+000
   757.261955633759       0.000000000000000E+000
   757.335483036935       0.000000000000000E+000
   757.409010440111       0.000000000000000E+000
   757.482537843287       0.000000000000000E+000
   757.556065246463       0.000000000000000E+000
   757.629592649639       0.000000000000000E+000
   757.703120052814       0.000000000000000E+000
   757.776647455990       0.000000000000000E+000
   757.850174859166       0.000000000000000E+000
   757.923702262342       0.000000000000000E+000
   757.997229665518       0.000000000000000E+000
   758.070757068694       0.000000000000000E+000
   758.144284471869       0.000000000000000E+000
   758.217811875045       0.000000000000000E+000
   758.291339278221       0.000000000000000E+000
   758.364866681397       0.000000000000000E+000
   758.438394084573       0.000000000000000E+000
   758.511921487749       0.000000000000000E+000
   758.585448890924       0.000000000000000E+000
   758.658976294100       0.000000000000000E+000
   758.732503697276       0.000000000000000E+000
   758.806031100452       0.000000000000000E+000
   758.879558503628       0.000000000000000E+000
   758.953085906804       0.000000000000000E+000
   759.026613309979       0.000000000000000E+000
   759.100140713155       0.000000000000000E+000
   759.173668116331       0.000000000000000E+000
   759.247195519507       0.000000000000000E+000
   759.320722922683       0.000000000000000E+000
   759.394250325859       0.000000000000000E+000
   759.467777729034       0.000000000000000E+000
   759.541305132210       0.000000000000000E+000
   759.614832535386       0.000000000000000E+000
   759.688359938562       0.000000000000000E+000
   759.761887341738       0.000000000000000E+000
   759.835414744914       0.000000000000000E+000
   759.908942148089       0.000000000000000E+000
   759.982469551265       0.000000000000000E+000
   760.055996954441       0.000000000000000E+000
   760.129524357617       0.000000000000000E+000
   760.203051760793       0.000000000000000E+000
   760.276579163969       0.000000000000000E+000
   760.350106567144       0.000000000000000E+000
   760.423633970320       0.000000000000000E+000
   760.497161373496       0.000000000000000E+000
   760.570688776672       0.000000000000000E+000
   760.644216179848       0.000000000000000E+000
   760.717743583024       0.000000000000000E+000
   760.791270986199       0.000000000000000E+000
   760.864798389375       0.000000000000000E+000
   760.938325792551       0.000000000000000E+000
   761.011853195727       0.000000000000000E+000
   761.085380598903       0.000000000000000E+000
   761.158908002079       0.000000000000000E+000
   761.232435405254       0.000000000000000E+000
   761.305962808430       0.000000000000000E+000
   761.379490211606       0.000000000000000E+000
   761.453017614782       0.000000000000000E+000
   761.526545017958       0.000000000000000E+000
   761.600072421134       0.000000000000000E+000
   761.673599824309       0.000000000000000E+000
   761.747127227485       0.000000000000000E+000
   761.820654630661       0.000000000000000E+000
   761.894182033837       0.000000000000000E+000
   761.967709437013       0.000000000000000E+000
   762.041236840189       0.000000000000000E+000
   762.114764243364       0.000000000000000E+000
   762.188291646540       0.000000000000000E+000
   762.261819049716       0.000000000000000E+000
   762.335346452892       0.000000000000000E+000
   762.408873856068       0.000000000000000E+000
   762.482401259243       0.000000000000000E+000
   762.555928662419       0.000000000000000E+000
   762.629456065595       0.000000000000000E+000
   762.702983468771       0.000000000000000E+000
   762.776510871947       0.000000000000000E+000
   762.850038275123       0.000000000000000E+000
   762.923565678298       0.000000000000000E+000
   762.997093081474       0.000000000000000E+000
   763.070620484650       0.000000000000000E+000
   763.144147887826       0.000000000000000E+000
   763.217675291002       0.000000000000000E+000
   763.291202694178       0.000000000000000E+000
   763.364730097353       0.000000000000000E+000
   763.438257500529       0.000000000000000E+000
   763.511784903705       0.000000000000000E+000
   763.585312306881       0.000000000000000E+000
   763.658839710057       0.000000000000000E+000
   763.732367113233       0.000000000000000E+000
   763.805894516408       0.000000000000000E+000
   763.879421919584       0.000000000000000E+000
   763.952949322760       0.000000000000000E+000
   764.026476725936       0.000000000000000E+000
   764.100004129112       0.000000000000000E+000
   764.173531532288       0.000000000000000E+000
   764.247058935463       0.000000000000000E+000
   764.320586338639       0.000000000000000E+000
   764.394113741815       0.000000000000000E+000
   764.467641144991       0.000000000000000E+000
   764.541168548167       0.000000000000000E+000
   764.614695951343       0.000000000000000E+000
   764.688223354518       0.000000000000000E+000
   764.761750757694       0.000000000000000E+000
   764.835278160870       0.000000000000000E+000
   764.908805564046       0.000000000000000E+000
   764.982332967222       0.000000000000000E+000
   765.055860370398       0.000000000000000E+000
   765.129387773573       0.000000000000000E+000
   765.202915176749       0.000000000000000E+000
   765.276442579925       0.000000000000000E+000
   765.349969983101       0.000000000000000E+000
   765.423497386277       0.000000000000000E+000
   765.497024789453       0.000000000000000E+000
   765.570552192628       0.000000000000000E+000
   765.644079595804       0.000000000000000E+000
   765.717606998980       0.000000000000000E+000
   765.791134402156       0.000000000000000E+000
   765.864661805332       0.000000000000000E+000
   765.938189208508       0.000000000000000E+000
   766.011716611683       0.000000000000000E+000
   766.085244014859       0.000000000000000E+000
   766.158771418035       0.000000000000000E+000
   766.232298821211       0.000000000000000E+000
   766.305826224387       0.000000000000000E+000
   766.379353627563       0.000000000000000E+000
   766.452881030738       0.000000000000000E+000
   766.526408433914       0.000000000000000E+000
   766.599935837090       0.000000000000000E+000
   766.673463240266       0.000000000000000E+000
   766.746990643442       0.000000000000000E+000
   766.820518046618       0.000000000000000E+000
   766.894045449793       0.000000000000000E+000
   766.967572852969       0.000000000000000E+000
   767.041100256145       0.000000000000000E+000
   767.114627659321       0.000000000000000E+000
   767.188155062497       0.000000000000000E+000
   767.261682465672       0.000000000000000E+000
   767.335209868848       0.000000000000000E+000
   767.408737272024       0.000000000000000E+000
   767.482264675200       0.000000000000000E+000
   767.555792078376       0.000000000000000E+000
   767.629319481552       0.000000000000000E+000
   767.702846884727       0.000000000000000E+000
   767.776374287903       0.000000000000000E+000
   767.849901691079       0.000000000000000E+000
   767.923429094255       0.000000000000000E+000
   767.996956497431       0.000000000000000E+000
   768.070483900607       0.000000000000000E+000
   768.144011303782       0.000000000000000E+000
   768.217538706958       0.000000000000000E+000
   768.291066110134       0.000000000000000E+000
   768.364593513310       0.000000000000000E+000
   768.438120916486       0.000000000000000E+000
   768.511648319662       0.000000000000000E+000
   768.585175722837       0.000000000000000E+000
   768.658703126013       0.000000000000000E+000
   768.732230529189       0.000000000000000E+000
   768.805757932365       0.000000000000000E+000
   768.879285335541       0.000000000000000E+000
   768.952812738717       0.000000000000000E+000
   769.026340141892       0.000000000000000E+000
   769.099867545068       0.000000000000000E+000
   769.173394948244       0.000000000000000E+000
   769.246922351420       0.000000000000000E+000
   769.320449754596       0.000000000000000E+000
   769.393977157772       0.000000000000000E+000
   769.467504560947       0.000000000000000E+000
   769.541031964123       0.000000000000000E+000
   769.614559367299       0.000000000000000E+000
   769.688086770475       0.000000000000000E+000
   769.761614173651       0.000000000000000E+000
   769.835141576827       0.000000000000000E+000
   769.908668980002       0.000000000000000E+000
   769.982196383178       0.000000000000000E+000
   770.055723786354       0.000000000000000E+000
   770.129251189530       0.000000000000000E+000
   770.202778592706       0.000000000000000E+000
   770.276305995882       0.000000000000000E+000
   770.349833399057       0.000000000000000E+000
   770.423360802233       0.000000000000000E+000
   770.496888205409       0.000000000000000E+000
   770.570415608585       0.000000000000000E+000
   770.643943011761       0.000000000000000E+000
   770.717470414937       0.000000000000000E+000
   770.790997818112       0.000000000000000E+000
   770.864525221288       0.000000000000000E+000
   770.938052624464       0.000000000000000E+000
   771.011580027640       0.000000000000000E+000
   771.085107430816       0.000000000000000E+000
   771.158634833992       0.000000000000000E+000
   771.232162237167       0.000000000000000E+000
   771.305689640343       0.000000000000000E+000
   771.379217043519       0.000000000000000E+000
   771.452744446695       0.000000000000000E+000
   771.526271849871       0.000000000000000E+000
   771.599799253047       0.000000000000000E+000
   771.673326656222       0.000000000000000E+000
   771.746854059398       0.000000000000000E+000
   771.820381462574       0.000000000000000E+000
   771.893908865750       0.000000000000000E+000
   771.967436268926       0.000000000000000E+000
   772.040963672101       0.000000000000000E+000
   772.114491075277       0.000000000000000E+000
   772.188018478453       0.000000000000000E+000
   772.261545881629       0.000000000000000E+000
   772.335073284805       0.000000000000000E+000
   772.408600687981       0.000000000000000E+000
   772.482128091156       0.000000000000000E+000
   772.555655494332       0.000000000000000E+000
   772.629182897508       0.000000000000000E+000
   772.702710300684       0.000000000000000E+000
   772.776237703860       0.000000000000000E+000
   772.849765107036       0.000000000000000E+000
   772.923292510211       0.000000000000000E+000
   772.996819913387       0.000000000000000E+000
   773.070347316563       0.000000000000000E+000
   773.143874719739       0.000000000000000E+000
   773.217402122915       0.000000000000000E+000
   773.290929526091       0.000000000000000E+000
   773.364456929266       0.000000000000000E+000
   773.437984332442       0.000000000000000E+000
   773.511511735618       0.000000000000000E+000
   773.585039138794       0.000000000000000E+000
   773.658566541970       0.000000000000000E+000
   773.732093945146       0.000000000000000E+000
   773.805621348321       0.000000000000000E+000
   773.879148751497       0.000000000000000E+000
   773.952676154673       0.000000000000000E+000
   774.026203557849       0.000000000000000E+000
   774.099730961025       0.000000000000000E+000
   774.173258364201       0.000000000000000E+000
   774.246785767376       0.000000000000000E+000
   774.320313170552       0.000000000000000E+000
   774.393840573728       0.000000000000000E+000
   774.467367976904       0.000000000000000E+000
   774.540895380080       0.000000000000000E+000
   774.614422783256       0.000000000000000E+000
   774.687950186431       0.000000000000000E+000
   774.761477589607       0.000000000000000E+000
   774.835004992783       0.000000000000000E+000
   774.908532395959       0.000000000000000E+000
   774.982059799135       0.000000000000000E+000
   775.055587202311       0.000000000000000E+000
   775.129114605486       0.000000000000000E+000
   775.202642008662       0.000000000000000E+000
   775.276169411838       0.000000000000000E+000
   775.349696815014       0.000000000000000E+000
   775.423224218190       0.000000000000000E+000
   775.496751621366       0.000000000000000E+000
   775.570279024541       0.000000000000000E+000
   775.643806427717       0.000000000000000E+000
   775.717333830893       0.000000000000000E+000
   775.790861234069       0.000000000000000E+000
   775.864388637245       0.000000000000000E+000
   775.937916040421       0.000000000000000E+000
   776.011443443596       0.000000000000000E+000
   776.084970846772       0.000000000000000E+000
   776.158498249948       0.000000000000000E+000
   776.232025653124       0.000000000000000E+000
   776.305553056300       0.000000000000000E+000
   776.379080459476       0.000000000000000E+000
   776.452607862651       0.000000000000000E+000
   776.526135265827       0.000000000000000E+000
   776.599662669003       0.000000000000000E+000
   776.673190072179       0.000000000000000E+000
   776.746717475355       0.000000000000000E+000
   776.820244878531       0.000000000000000E+000
   776.893772281706       0.000000000000000E+000
   776.967299684882       0.000000000000000E+000
   777.040827088058       0.000000000000000E+000
   777.114354491234       0.000000000000000E+000
   777.187881894410       0.000000000000000E+000
   777.261409297585       0.000000000000000E+000
   777.334936700761       0.000000000000000E+000
   777.408464103937       0.000000000000000E+000
   777.481991507113       0.000000000000000E+000
   777.555518910289       0.000000000000000E+000
   777.629046313465       0.000000000000000E+000
   777.702573716640       0.000000000000000E+000
   777.776101119816       0.000000000000000E+000
   777.849628522992       0.000000000000000E+000
   777.923155926168       0.000000000000000E+000
   777.996683329344       0.000000000000000E+000
   778.070210732520       0.000000000000000E+000
   778.143738135695       0.000000000000000E+000
   778.217265538871       0.000000000000000E+000
   778.290792942047       0.000000000000000E+000
   778.364320345223       0.000000000000000E+000
   778.437847748399       0.000000000000000E+000
   778.511375151575       0.000000000000000E+000
   778.584902554750       0.000000000000000E+000
   778.658429957926       0.000000000000000E+000
   778.731957361102       0.000000000000000E+000
   778.805484764278       0.000000000000000E+000
   778.879012167454       0.000000000000000E+000
   778.952539570630       0.000000000000000E+000
   779.026066973805       1.196873817502914E-014
   779.099594376981       5.212055965856180E-014
   779.173121780157       1.017096698746958E-013
   779.246649183333       1.607359807320047E-013
   779.320176586509       2.291995532168606E-013
   779.393703989685       3.071003466716821E-013
   779.467231392860       3.944383882015234E-013
   779.540758796036       4.374216646448742E-013
   779.614286199212       4.392705817146680E-013
   779.687813602388       4.411318315841739E-013
   779.761341005564       4.430053600432832E-013
   779.834868408740       4.448911670919958E-013
   779.908395811915       4.467893069404205E-013
   779.981923215091       4.486996982733943E-013
   780.055450618267       4.506224224060801E-013
   780.128978021443       4.525574251283693E-013
   780.202505424619       4.545047335453162E-013
   780.276032827795       4.564643476569208E-013
   780.349560230970       4.584362403581288E-013
   780.423087634146       4.604204387539945E-013
   780.496615037322       4.624169428445180E-013
   780.570142440498       4.644263489408940E-013
   780.643669843674       4.664494701947519E-013
   780.717197246850       4.684864692364177E-013
   780.790724650025       4.705372918557826E-013
   780.864252053201       4.726019922629554E-013
   780.937779456377       4.746804620377187E-013
   781.011306859553       4.767728096002899E-013
   781.084834262729       4.788790349506689E-013
   781.158361665905       4.809990296686384E-013
   781.231889069080       4.831329021744157E-013
   781.305416472256       4.852805982578923E-013
   781.378943875432       4.874421721291766E-013
   781.452471278608       4.896175695781602E-013
   781.525998681784       4.918068448149515E-013
   781.599526084960       4.940112446720490E-013
   781.673053488135       4.962312570404304E-013
   781.746580891311       4.984668819200955E-013
   781.820108294487       5.007181193110444E-013
   781.893635697663       5.029849692132771E-013
   781.967163100839       5.052674858369022E-013
   782.040690504014       5.075656149718111E-013
   782.114217907190       5.098793566180038E-013
   782.187745310366       5.122087649855889E-013
   782.261272713542       5.145537858644578E-013
   782.334800116718       5.169144192546105E-013
   782.408327519894       5.192906651560469E-013
   782.481854923069       5.216825777788758E-013
   782.555382326245       5.240904823837489E-013
   782.628909729421       5.265159510638162E-013
   782.702437132597       5.289591464494037E-013
   782.775964535773       5.314200685405113E-013
   782.849491938949       5.338987173371390E-013
   782.923019342124       5.363950386291783E-013
   782.996546745300       5.389090866267376E-013
   783.070074148476       5.414408613298172E-013
   783.143601551652       5.439903085283082E-013
   783.217128954828       5.465574824323194E-013
   783.290656358004       5.491424372519593E-013
   783.364183761179       5.517450103569022E-013
   783.437711164355       5.543653643774737E-013
   783.511238567531       5.570033908934569E-013
   783.584765970707       5.596603909474585E-013
   783.658293373883       5.623375571618683E-013
   783.731820777059       5.650348895366863E-013
   783.805348180234       5.677523338618040E-013
   783.878875583410       5.704899985574385E-013
   783.952402986586       5.732478294134813E-013
   784.025930389762       5.760258264299323E-013
   784.099457792938       5.788239353966829E-013
   784.172985196114       5.816422647339503E-013
   784.246512599289       5.844807060215174E-013
   784.320040002465       5.873393676796013E-013
   784.393567405641       5.902181412879848E-013
   784.467094808817       5.931171352668851E-013
   784.540622211993       5.960364580365196E-013
   784.614149615169       5.989783322113418E-013
   784.687677018344       6.019432998924379E-013
   784.761204421520       6.049313068696993E-013
   784.834731824696       6.079423531431261E-013
   784.908259227872       6.109764387127181E-013
   784.981786631048       6.140335635784755E-013
   785.055314034224       6.171137277403982E-013
   785.128841437399       6.202169854085948E-013
   785.202368840575       6.233432281628482E-013
   785.275896243751       6.264925644233754E-013
   785.349423646927       6.296649399800680E-013
   785.422951050103       6.328603548329259E-013
   785.496478453279       6.360788089819491E-013
   785.570005856454       6.393213866293102E-013
   785.643533259630       6.425904188096798E-013
   785.717060662806       6.458858513129495E-013
   785.790588065982       6.492077925593365E-013
   785.864115469158       6.525561883387321E-013
   785.937642872334       6.559310386511363E-013
   786.011170275509       6.593323434965492E-013
   786.084697678685       6.627601028749708E-013
   786.158225081861       6.662143167864010E-013
   786.231752485037       6.696949852308398E-013
   786.305279888213       6.732021082082873E-013
   786.378807291389       6.767356857187434E-013
   786.452334694564       6.802957719723168E-013
   786.525862097740       6.838823669690075E-013
   786.599389500916       6.874982896344639E-013
   786.672916904092       6.911447325910758E-013
   786.746444307268       6.948216958388431E-013
   786.819971710443       6.985292335878746E-013
   786.893499113619       7.022672374179528E-013
   786.967026516795       7.060358699594038E-013
   787.040553919971       7.098349685819016E-013
   787.114081323147       7.136646417056636E-013
   787.187608726323       7.175248351205810E-013
   787.261136129498       7.214155488266538E-013
   787.334663532674       7.253367828238821E-013
   787.408190935850       7.292885913223746E-013
   787.481718339026       7.332709201120224E-013
   787.555245742202       7.372846365545638E-013
   787.628773145378       7.413334269373850E-013
   787.702300548553       7.454176165211379E-013
   787.775827951729       7.495373137260397E-013
   787.849355354905       7.536924101318732E-013
   787.922882758081       7.578829599487469E-013
   787.996410161257       7.621089631766609E-013
   788.069937564433       7.663704198156152E-013
   788.143464967608       7.706672756555011E-013
   788.216992370784       7.749996391165359E-013
   788.290519773960       7.793674017785024E-013
   788.364047177136       7.837706178515091E-013
   788.437574580312       7.882092331254476E-013
   788.511101983488       7.926831391801004E-013
   788.584629386663       7.971954802017678E-013
   788.658156789839       8.017491293262069E-013
   788.731684193015       8.063441407635263E-013
   788.805211596191       8.109805687238347E-013
   788.878738999367       8.156583047869148E-013
   788.952266402543       8.203774031628752E-013
   789.025793805718       8.251378096416073E-013
   789.099321208894       8.299396326433284E-013
   789.172848612070       8.347827637478211E-013
   789.246376015246       8.396672571651942E-013
   789.319903418422       8.445931128954476E-013
   789.393430821598       8.495603309385813E-013
   789.466958224773       8.545689112945953E-013
   789.540485627949       8.596192334342501E-013
   789.614013031125       8.647167725785165E-013
   789.687540434301       8.698628297700017E-013
   789.761067837477       8.750575134289229E-013
   789.834595240653       8.803007151350628E-013
   789.908122643828       8.855924890985301E-013
   789.981650047004       8.909328353193247E-013
   790.055177450180       8.963217537974466E-013
   790.128704853356       9.017591903227873E-013
   790.202232256532       9.072451991054553E-013
   790.275759659708       9.127798343555593E-013
   790.349287062883       9.183629334427734E-013
   790.422814466059       9.239947132075321E-013
   790.496341869235       9.296749568094009E-013
   790.569869272411       9.354060494931593E-013
   790.643396675587       9.411946048920594E-013
   790.716924078763       9.470406230061013E-013
   790.790451481938       9.529439954150676E-013
   790.863978885114       9.589047221189584E-013
   790.937506288290       9.649228031177737E-013
   791.011033691466       9.709983468317307E-013
   791.084561094642       9.771313532608294E-013
   791.158088497818       9.833216055646354E-013
   791.231615900993       9.895693205835832E-013
   791.305143304169       9.958743898974554E-013
   791.378670707345       1.002236921926469E-012
   791.452198110521       1.008656808250408E-012
   791.525725513697       1.015133940449053E-012
   791.599252916873       1.021675907937614E-012
   791.672780320048       1.028286180163041E-012
   791.746307723224       1.034964757125334E-012
   791.819835126400       1.041711747244711E-012
   791.893362529576       1.048527042100955E-012
   791.966889932752       1.055410750114283E-012
   792.040417335927       1.062362762864477E-012
   792.113944739103       1.069383080351538E-012
   792.187472142279       1.076471702575466E-012
   792.260999545455       1.083628737956477E-012
   792.334526948631       1.090854078074355E-012
   792.408054351807       1.098147831349316E-012
   792.481581754982       1.105509889361145E-012
   792.555109158158       1.112942095253533E-012
   792.628636561334       1.120455291048206E-012
   792.702163964510       1.128050452527118E-012
   792.775691367686       1.135727579690271E-012
   792.849218770862       1.143486780957881E-012
   792.922746174037       1.151328056329948E-012
   792.996273577213       1.159251405806472E-012
   793.069800980389       1.167256720967236E-012
   793.143328383565       1.175344001812240E-012
   793.216855786741       1.183513356761701E-012
   793.290383189917       1.191764785815619E-012
   793.363910593092       1.200098180553777E-012
   793.437437996268       1.208513649396392E-012
   793.510965399444       1.217010867082813E-012
   793.584492802620       1.225598073549550E-012
   793.658020205796       1.234284592935286E-012
