        1634
   753.523437500000       2.613531023598625E-006
   753.596870452166       2.629577920743031E-006
   753.670303404331       2.645795348144020E-006
   753.743736356497       2.662183078427915E-006
   753.817169308662       2.678741338968393E-006
   753.890602260828       2.695470129765454E-006
   753.964035212994       2.712369450819097E-006
   754.037468165159       2.729439074755646E-006
   754.110901117325       2.746679228948778E-006
   754.184334069490       2.764089913398493E-006
   754.257767021656       2.781671128104790E-006
   754.331199973822       2.799422645693994E-006
   754.404632925987       2.817344693539781E-006
   754.478065878153       2.835437271642149E-006
   754.551498830318       2.867406692530494E-006
   754.624931782484       2.903765334849595E-006
   754.698364734650       2.938390935014468E-006
   754.771797686815       2.971283720398787E-006
   754.845230638981       3.002443236255203E-006
   754.918663591146       3.031869709957391E-006
   754.992096543312       3.059563141505350E-006
   755.065529495478       3.085523530899081E-006
   755.138962447643       3.109751105512260E-006
   755.212395399809       3.132245410597534E-006
   755.285828351974       3.153006900902255E-006
   755.359261304140       3.172035121679073E-006
   755.432694256306       3.189330527675338E-006
   755.506127208471       3.205230541425408E-006
   755.579560160637       3.224613465135917E-006
   755.652993112803       3.245040034016711E-006
   755.726426064968       3.266510248067789E-006
   755.799859017134       3.289024107289151E-006
   755.873291969299       3.312581384307123E-006
   755.946724921465       3.337182533869054E-006
   756.020157873631       3.362827101227595E-006
   756.093590825796       3.389515541130095E-006
   756.167023777962       3.417247398829204E-006
   756.240456730127       3.446023129072273E-006
   756.313889682293       3.475842277111951E-006
   756.387322634459       3.506705070321914E-006
   756.460755586624       3.538611508702161E-006
   756.534188538790       3.585957529139705E-006
   756.607621490955       3.647543280749233E-006
   756.681054443121       3.705629069372662E-006
   756.754487395287       3.760215122383670E-006
   756.827920347452       3.811301667155931E-006
   756.901353299618       3.858888248942094E-006
   756.974786251783       3.902975095115835E-006
   757.048219203949       3.943562660424504E-006
   757.121652156115       3.980650035373401E-006
   757.195085108280       4.014237674709875E-006
   757.268518060446       4.044325578433927E-006
   757.341951012611       4.070914201292908E-006
   757.415383964777       4.094002633792115E-006
   757.488816916943       4.113591330678901E-006
   757.562249869108       4.142122179473517E-006
   757.635682821274       4.173009529040428E-006
   757.709115773439       4.204316155664856E-006
   757.782548725605       4.236042968841502E-006
   757.855981677771       4.268189513823017E-006
   757.929414629936       4.300755790609401E-006
   758.002847582102       4.333742253948003E-006
   758.076280534267       4.367148449091474E-006
   758.149713486433       4.400974376039812E-006
   758.223146438599       4.435220034793019E-006
   758.296579390764       4.469885425351094E-006
   758.370012342930       4.504971002461389E-006
   758.443445295095       4.540476311376551E-006
   758.516878247261       4.574933427647920E-006
   758.590311199427       4.606158199749188E-006
   758.663744151592       4.639862254407490E-006
   758.737177103758       4.676045591622824E-006
   758.810610055923       4.714708211395191E-006
   758.884043008089       4.755850113724591E-006
   758.957475960255       4.799470843863674E-006
   759.030908912420       4.845570856559789E-006
   759.104341864586       4.894150151812937E-006
   759.177774816751       4.945208274875768E-006
   759.251207768917       4.998745680495631E-006
   759.324640721083       5.054762368672527E-006
   759.398073673248       5.113258339406457E-006
   759.471506625414       5.174233137950068E-006
   759.544939577579       5.275392140902113E-006
   759.618372529745       5.397798304329626E-006
   759.691805481911       5.516310920938849E-006
   759.765238434076       5.630929535982432E-006
   759.838671386242       5.741653694713023E-006
   759.912104338408       5.848483851877972E-006
   759.985537290573       5.951420007477282E-006
   760.058970242739       6.050461706763599E-006
   760.132403194904       6.145609859231627E-006
   760.205836147070       6.236863555386662E-006
   760.279269099236       6.324223249976058E-006
   760.352702051401       6.407688942999812E-006
   760.426135003567       6.487260634457925E-006
   760.499567955732       6.562938324350398E-006
   760.573000907898       6.716017196595203E-006
   760.646433860064       6.860876510472735E-006
   760.719866812229       6.997020136623178E-006
   760.793299764395       7.124447620299179E-006
   760.866732716560       7.243159870995441E-006
   760.940165668726       7.353156433964614E-006
   761.013598620892       7.454437309206696E-006
   761.087031573057       7.547002496721689E-006
   761.160464525223       7.630851541762240E-006
   761.233897477388       7.705985808570404E-006
   761.307330429554       7.772404387651477E-006
   761.380763381720       7.830106369510759E-006
   761.454196333885       7.879093573137652E-006
   761.527629286051       7.957942216307856E-006
   761.601062238216       8.094471013464499E-006
   761.674495190382       8.225835699704476E-006
   761.747928142548       8.352034456038382E-006
   761.821361094713       8.473069101455621E-006
   761.894794046879       8.588939635956194E-006
   761.968226999044       8.699644240550697E-006
   762.041659951210       8.805184734228533E-006
   762.115092903376       8.905561116989702E-006
   762.188525855541       9.000772479339503E-006
   762.261958807707       9.090818821277935E-006
   762.335391759872       9.175700142804999E-006
   762.408824712038       9.255417353415396E-006
   762.482257664204       9.329969543614425E-006
   762.555690616369       9.455176950723398E-006
   762.629123568535       9.595164556230884E-006
   762.702556520700       9.732449143484700E-006
   762.775989472866       9.867028893495444E-006
   762.849422425032       9.998903806263115E-006
   762.922855377197       1.012807479128242E-005
   762.996288329363       1.025454184855334E-005
   763.069721281528       1.037830406858120E-005
   763.143154233694       1.049936145136598E-005
   763.216587185860       1.061771581589710E-005
   763.290020138025       1.073336443369044E-005
   763.363453090191       1.084631003323011E-005
   763.436886042356       1.095655079552671E-005
   763.510318994522       1.107985826820368E-005
   763.583751946688       1.129545489675365E-005
   763.657184898853       1.150575553765520E-005
   763.730617851019       1.171076110040303E-005
   763.804050803185       1.191047249449184E-005
   763.877483755350       1.210488881042693E-005
   763.950916707516       1.229401095770299E-005
   764.024349659681       1.247783711733064E-005
   764.097782611847       1.265636819880456E-005
   764.171215564013       1.282960511161946E-005
   764.244648516178       1.299754694628064E-005
   764.318081468344       1.316019461228279E-005
   764.391514420509       1.331754629063653E-005
   764.464947372675       1.346960380033124E-005
   764.538380324841       1.363884621241596E-005
   764.611813277006       1.383280141453724E-005
   764.685246229172       1.403390797349857E-005
   764.758679181337       1.424216679879464E-005
   764.832112133503       1.445757789042545E-005
   764.905545085669       1.468014033889631E-005
   764.978978037834       1.490985414420720E-005
   765.052410990000       1.514672021585284E-005
   765.125843942165       1.539073855383322E-005
   765.199276894331       1.564190824865364E-005
   765.272709846497       1.590023020980880E-005
   765.346142798662       1.616570261830930E-005
   765.419575750828       1.643832729314454E-005
   765.493008702993       1.671810423431452E-005
   765.566441655159       1.696991785138380E-005
   765.639874607325       1.722838896967005E-005
   765.713307559490       1.749737566569820E-005
   765.786740511656       1.777687430148944E-005
   765.860173463821       1.806688669603318E-005
   765.933606415987       1.836741284932941E-005
   766.007039368153       1.867845276137814E-005
   766.080472320318       1.900000643217936E-005
   766.153905272484       1.933207204274368E-005
   766.227338224649       1.967465141206048E-005
   766.300771176815       2.002774454012979E-005
   766.374204128981       2.039135142695159E-005
   766.447637081146       2.076547207252588E-005
   766.521070033312       2.114315975632053E-005
   766.594502985477       2.152507295249961E-005
   766.667935937643       2.193457112298347E-005
   766.741368889809       2.237165608676150E-005
   766.814801841974       2.283632420585491E-005
   766.888234794140       2.332857911824249E-005
   766.961667746305       2.384841718594544E-005
   767.035100698471       2.439584204694256E-005
   767.108533650637       2.497085006325506E-005
   767.181966602802       2.557344487286173E-005
   767.255399554968       2.620362465677317E-005
   767.328832507133       2.686138759599999E-005
   767.402265459299       2.754673732852098E-005
   767.475698411465       2.825967203534674E-005
   767.549131363630       2.894155659305397E-005
   767.622564315796       2.965353633044288E-005
   767.695997267962       3.043085962417535E-005
   767.769430220127       3.127352101728320E-005
   767.842863172293       3.218152414774522E-005
   767.916296124458       3.315486537758261E-005
   767.989729076624       3.419354834477417E-005
   768.063162028790       3.529756941134110E-005
   768.136594980955       3.646693585324101E-005
   768.210027933121       3.770163675653748E-005
   768.283460885286       3.900167939718813E-005
   768.356893837452       4.036706377519295E-005
   768.430326789618       4.179778989055194E-005
   768.503759741783       4.327697024564259E-005
   768.577192693949       4.461303615244105E-005
   768.650625646114       4.621299740392715E-005
   768.724058598280       4.807686127605848E-005
   768.797491550446       5.020462413085625E-005
   768.870924502611       5.259628596832044E-005
   768.944357454777       5.525184678845108E-005
   769.017790406942       5.817131022922695E-005
   769.091223359108       6.135466537671164E-005
   769.164656311274       6.480192678282037E-005
   769.238089263439       6.851308717159554E-005
   769.311522215605       7.248814654303715E-005
   769.384955167770       7.672710489714518E-005
   769.458388119936       8.122996223391965E-005
   769.531821072102       8.616931881988421E-005
   769.605254024267       9.192847937811166E-005
   769.678686976433       9.849001071415842E-005
   769.752119928598       1.059655769495293E-004
   769.825552880764       1.144883208326064E-004
   769.898985832930       1.242165162693709E-004
   769.972418785095       1.353369443677366E-004
   770.045851737261       1.480671344324946E-004
   770.119284689426       1.626549928914756E-004
   770.192717641592       1.793726405594498E-004
   770.266150593758       1.984994451049715E-004
   770.339583545923       2.202868199674413E-004
   770.413016498089       2.448941522743553E-004
   770.486449450254       2.722857752814889E-004
   770.559882402420       3.024100442416966E-004
   770.633315354586       3.343844728078693E-004
   770.706748306751       3.667234850581735E-004
   770.780181258917       3.974349529016763E-004
   770.853614211082       4.242807335685939E-004
   770.927047163248       4.453192232176661E-004
   771.000480115414       4.594408092088997E-004
   771.073913067579       4.665842570830137E-004
   771.147346019745       4.675258533097804E-004
   771.220778971910       4.634644137695432E-004
   771.294211924076       4.557362990453839E-004
   771.367644876242       4.457597970031202E-004
   771.441077828407       4.350206872913986E-004
   771.514510780573       4.249569610692561E-004
   771.587943732738       4.167557344771922E-004
   771.661376684904       4.105302214156836E-004
   771.734809637070       4.058564081788063E-004
   771.808242589235       4.017834435217083E-004
   771.881675541401       3.972632985096425E-004
   771.955108493567       3.916320565622300E-004
   772.028541445732       3.848844207823277E-004
   772.101974397898       3.775739460252225E-004
   772.175407350063       3.704125119838864E-004
   772.248840302229       3.638242487795651E-004
   772.322273254395       3.576924209482968E-004
   772.395706206560       3.514057025313377E-004
   772.469139158726       3.441760491114110E-004
   772.542572110891       3.357281675562263E-004
   772.616005063057       3.260182857047766E-004
   772.689438015223       3.155860176775604E-004
   772.762870967388       3.055135020986199E-004
   772.836303919554       2.968814224004745E-004
   772.909736871719       2.905125147663057E-004
   772.983169823885       2.868483425118029E-004
   773.056602776051       2.859141968656331E-004
   773.130035728216       2.873143530450761E-004
   773.203468680382       2.902446431107819E-004
   773.276901632547       2.935617230832577E-004
   773.350334584713       2.959738194476813E-004
   773.423767536879       2.963672741316259E-004
   773.497200489044       2.941619313787669E-004
   773.570633441210       2.910198818426579E-004
   773.644066393375       2.864622219931334E-004
   773.717499345541       2.817363128997386E-004
   773.790932297707       2.781115763355047E-004
   773.864365249872       2.766116522252560E-004
   773.937798202038       2.779466158244759E-004
   774.011231154203       2.825223200488836E-004
   774.084664106369       2.904529392253608E-004
   774.158097058535       3.015316324308515E-004
   774.231530010700       3.151469863951206E-004
   774.304962962866       3.301724500488490E-004
   774.378395915031       3.449046052992344E-004
   774.451828867197       3.571735287550837E-004
   774.525261819363       3.648865967988968E-004
   774.598694771528       3.662509552668780E-004
   774.672127723694       3.603806544560939E-004
   774.745560675859       3.481589374132454E-004
   774.818993628025       3.314704226795584E-004
   774.892426580191       3.125610237475485E-004
   774.965859532356       2.934617514256388E-004
   775.039292484522       2.756880712695420E-004
   775.112725436687       2.602024760562927E-004
   775.186158388853       2.475211513228714E-004
   775.259591341019       2.378554927418008E-004
   775.333024293184       2.312278375029564E-004
   775.406457245350       2.275410515721887E-004
   775.479890197515       2.266002120450139E-004
   775.553323149681       2.276957093272358E-004
   775.626756101847       2.305902598891407E-004
   775.700189054012       2.347119734622538E-004
   775.773622006178       2.390755107626319E-004
   775.847054958344       2.425012353342026E-004
   775.920487910509       2.438286173855886E-004
   775.993920862675       2.422356337774545E-004
   776.067353814840       2.375124895479530E-004
   776.140786767006       2.301147906109691E-004
   776.214219719172       2.209579979535192E-004
   776.287652671337       2.110890927724540E-004
   776.361085623503       2.014154888456687E-004
   776.434518575668       1.925770775415003E-004
   776.507951527834       1.849739637691528E-004
   776.581384480000       1.791013928595930E-004
   776.654817432165       1.748745562508702E-004
   776.728250384331       1.723310560919344E-004
   776.801683336496       1.714766694931313E-004
   776.875116288662       1.723067980492488E-004
   776.948549240828       1.748106151353568E-004
   777.021982192993       1.789590169209987E-004
   777.095415145159       1.846757222665474E-004
   777.168848097324       1.917889894684777E-004
   777.242281049490       1.999675296247005E-004
   777.315714001656       2.086542663164437E-004
   777.389146953821       2.170331426896155E-004
   777.462579905987       2.240834292024374E-004
   777.536012858152       2.289558178745210E-004
   777.609445810318       2.308450057171285E-004
   777.682878762484       2.293434226885438E-004
   777.756311714649       2.248853998025879E-004
   777.829744666815       2.183674951083958E-004
   777.903177618980       2.108534390572459E-004
   777.976610571146       2.033096097875386E-004
   778.050043523312       1.964659895747900E-004
   778.123476475477       1.907980476971716E-004
   778.196909427643       1.865773811005056E-004
   778.270342379808       1.839402830228209E-004
   778.343775331974       1.829500251915306E-004
   778.417208284140       1.836409501265734E-004
   778.490641236305       1.860483898781240E-004
   778.564074188471       1.901364448713139E-004
   778.637507140636       1.960594090633094E-004
   778.710940092802       2.039315004367381E-004
   778.784373044968       2.138667623512447E-004
   778.857805997133       2.259676548419520E-004
   778.931238949299       2.402805403107777E-004
   779.004671901464       2.567234914749861E-004
   779.078104853630       2.749813429545611E-004
   779.151537805796       2.943758736364543E-004
   779.224970757961       3.137479943688959E-004
   779.298403710127       3.314325294923037E-004
   779.371836662292       3.454338875599205E-004
   779.445269614458       3.538611927069724E-004
   779.518702566624       3.554810537025332E-004
   779.592135518789       3.502731560729444E-004
   779.665568470955       3.395042149350047E-004
   779.739001423120       3.250157169532031E-004
   779.812434375286       3.087965887971222E-004
   779.885867327452       2.925281296484172E-004
   779.959300279617       2.773869782686234E-004
   780.032733231783       2.640573657117784E-004
   780.106166183949       2.528439508751035E-004
   780.179599136114       2.438014635117725E-004
   780.253032088280       2.368412679061294E-004
   780.326465040445       2.318049519089982E-004
   780.399897992611       2.285098016727716E-004
   780.473330944777       2.267743984702975E-004
   780.546763896942       2.269442775286734E-004
   780.620196849108       2.289115218445659E-004
   780.693629801273       2.324883244000375E-004
   780.767062753439       2.377564669586718E-004
   780.840495705605       2.448055311106145E-004
   780.913928657770       2.537274849601090E-004
   780.987361609936       2.646057691890746E-004
   781.060794562101       2.774951572064310E-004
   781.134227514267       2.923883730545640E-004
   781.207660466433       3.091666148975492E-004
   781.281093418598       3.275362541899085E-004
   781.354526370764       3.469676594249904E-004
   781.427959322929       3.666732227429748E-004
   781.501392275095       3.856843395624310E-004
   781.574825227261       4.039134655613452E-004
   781.648258179426       4.210696788504720E-004
   781.721691131592       4.373098199721426E-004
   781.795124083757       4.534325562417507E-004
   781.868557035923       4.707011394202709E-004
   781.941989988089       4.905582754872739E-004
   782.015422940254       5.143863963894546E-004
   782.088855892420       5.433876067399979E-004
   782.162288844585       5.785611574538052E-004
   782.235721796751       6.207127007655799E-004
   782.309154748917       6.704349070787430E-004
   782.382587701082       7.280132267624140E-004
   782.456020653248       7.932315347716212E-004
   782.529453605413       8.655852288939059E-004
   782.602886557579       9.441977017559111E-004
   782.676319509745       1.025464152917266E-003
   782.749752461910       1.104961731471121E-003
   782.823185414076       1.177754253149033E-003
   782.896618366241       1.239560195244849E-003
   782.970051318407       1.287919236347079E-003
   783.043484270573       1.322700292803347E-003
   783.116917222738       1.345666940324008E-003
   783.190350174904       1.359494752250612E-003
   783.263783127069       1.366958254948258E-003
   783.337216079235       1.370615325868130E-003
   783.410649031401       1.372690661810338E-003
   783.484081983566       1.374707673676312E-003
   783.557514935732       1.378062530420721E-003
   783.630947887897       1.381501555442810E-003
   783.704380840063       1.382010872475803E-003
   783.777813792229       1.376203028485179E-003
   783.851246744394       1.361305126920342E-003
   783.924679696560       1.336142420768738E-003
   783.998112648726       1.301549607887864E-003
   784.071545600891       1.260092947632074E-003
   784.144978553057       1.215234515257180E-003
   784.218411505222       1.170265837572515E-003
   784.291844457388       1.127375871874392E-003
   784.365277409554       1.087146927602589E-003
   784.438710361719       1.048640580847859E-003
   784.512143313885       1.010502805002034E-003
   784.585576266050       9.731146856211126E-004
   784.659009218216       9.341809200122952E-004
   784.732442170382       8.948380127549171E-004
   784.805875122547       8.571605430915952E-004
   784.879308074713       8.234584820456803E-004
   784.952741026878       7.956584449857473E-004
   785.026173979044       7.749619544483721E-004
   785.099606931210       7.617319934070110E-004
   785.173039883375       7.554763578809798E-004
   785.246472835541       7.548441644757986E-004
   785.319905787706       7.576568168587983E-004
   785.393338739872       7.610916509293020E-004
   785.466771692038       7.621478289365768E-004
   785.540204644203       7.595056667923927E-004
   785.613637596369       7.520645158365369E-004
   785.687070548534       7.397686713375151E-004
   785.760503500700       7.248197216540575E-004
   785.833936452866       7.100469083525240E-004
   785.907369405031       6.981897749938071E-004
   785.980802357197       6.914667901583016E-004
   786.054235309362       6.914446130394936E-004
   786.127668261528       6.990757538005710E-004
   786.201101213694       7.147510186769068E-004
   786.274534165859       7.382680778391659E-004
   786.347967118025       7.686752942390740E-004
   786.421400070190       8.040110114961863E-004
   786.494833022356       8.410437148995697E-004
   786.568265974522       8.753765723668039E-004
   786.641698926687       9.013207745738328E-004
   786.715131878853       9.138696477748454E-004
   786.788564831018       9.098787559196353E-004
   786.861997783184       8.891954203136265E-004
   786.935430735350       8.546949247829616E-004
   787.008863687515       8.111813804134727E-004
   787.082296639681       7.638575043529272E-004
   787.155729591846       7.171508041210473E-004
   787.229162544012       6.742090336047113E-004
   787.302595496178       6.369363400153816E-004
   787.376028448343       6.062843021936715E-004
   787.449461400509       5.825794651173055E-004
   787.522894352674       5.656465073116124E-004
   787.596327304840       5.550890928134322E-004
   787.669760257006       5.508130416274071E-004
   787.743193209171       5.522321444004774E-004
   787.816626161337       5.584660102613270E-004
   787.890059113503       5.681958282366395E-004
   787.963492065668       5.795442266389728E-004
   788.036925017834       5.900881951674819E-004
   788.110357969999       5.971346981823444E-004
   788.183790922165       5.982966395094991E-004
   788.257223874331       5.921893753111362E-004
   788.330656826496       5.788815906271338E-004
   788.404089778662       5.598075804300606E-004
   788.477522730827       5.371978622861207E-004
   788.550955682993       5.136376130394638E-004
   788.624388635159       4.909466370008886E-004
   788.697821587324       4.704601597040892E-004
   788.771254539490       4.530682053882629E-004
   788.844687491655       4.392385599203408E-004
   788.918120443821       4.291726509109139E-004
   788.991553395987       4.229309852235019E-004
   789.064986348152       4.205172590445727E-004
   789.138419300318       4.219252150505781E-004
   789.211852252483       4.271534562576562E-004
   789.285285204649       4.361919418442994E-004
   789.358718156815       4.489762359298766E-004
   789.432151108980       4.653056967072189E-004
   789.505584061146       4.847434174735099E-004
   789.579017013311       5.065723671577871E-004
   789.652449965477       5.290777771733701E-004
   789.725882917643       5.503324791789055E-004
   789.799315869808       5.679880850948393E-004
   789.872748821974       5.797654157504439E-004
   789.946181774139       5.841426318511367E-004
   790.019614726305       5.809177528135478E-004
   790.093047678471       5.712988204322755E-004
   790.166480630636       5.574626848101616E-004
   790.239913582802       5.418664659373462E-004
   790.313346534967       5.266738589853048E-004
   790.386779487133       5.134755047038198E-004
   790.460212439299       5.032717599533498E-004
   790.533645391464       4.970438894815743E-004
   790.607078343630       4.954981268383563E-004
   790.680511295795       4.984303959645331E-004
   790.753944247961       5.059746908955276E-004
   790.827377200127       5.182361928746104E-004
   790.900810152292       5.352955195121467E-004
   790.974243104458       5.571757792495191E-004
   791.047676056623       5.837797652930021E-004
   791.121109008789       6.148141110315919E-004
   791.194541960955       6.497352733276784E-004
   791.267974913120       6.877689156681299E-004
   791.341407865286       7.280263234861195E-004
   791.414840817451       7.696552784182131E-004
   791.488273769617       8.118594414554536E-004
   791.561706721783       8.535661618225276E-004
   791.635139673948       8.933064527809620E-004
   791.708572626114       9.283508406952024E-004
   791.782005578279       9.549501119181514E-004
   791.855438530445       9.692105231806636E-004
   791.928871482611       9.684506803750992E-004
   792.002304434776       9.523697081021965E-004
   792.075737386942       9.233002201654017E-004
   792.149170339108       8.853983017615974E-004
   792.222603291273       8.433265611529350E-004
   792.296036243439       8.011431200429797E-004
   792.369469195604       7.617615046910942E-004
   792.442902147770       7.269186316989362E-004
   792.516335099936       6.970917456783354E-004
   792.589768052101       6.723313708789647E-004
   792.663201004267       6.540634203702211E-004
   792.736633956432       6.419941782951355E-004
   792.810066908598       6.357627571560442E-004
   792.883499860764       6.350112380459905E-004
   792.956932812929       6.394230294972658E-004
   793.030365765095       6.487400969490409E-004
   793.103798717260       6.627705297432840E-004
   793.177231669426       6.813890067860484E-004
   793.250664621592       7.045337697491050E-004
   793.324097573757       7.322006276808679E-004
   793.397530525923       7.644318393431604E-004
   793.470963478088       8.012971375137568E-004
   793.544396430254       8.447423460893333E-004
   793.617829382420       8.966029272414744E-004
   793.691262334585       9.567358647473156E-004
   793.764695286751       1.025538309477270E-003
   793.838128238916       1.103115850128233E-003
   793.911561191082       1.189167494885623E-003
   793.984994143248       1.282965298742056E-003
   794.058427095413       1.383542898111045E-003
   794.131860047579       1.490139984525740E-003
   794.205292999744       1.602771808393300E-003
   794.278725951910       1.722563407383859E-003
   794.352158904076       1.851487089879811E-003
   794.425591856241       1.991417258977890E-003
   794.499024808407       2.142780693247914E-003
   794.572457760572       2.305366797372699E-003
   794.645890712738       2.474239794537425E-003
   794.719323664904       2.640623832121491E-003
   794.792756617069       2.793838502839208E-003
   794.866189569235       2.923909574747086E-003
   794.939622521400       3.024401841685176E-003
   795.013055473566       3.093983046710491E-003
   795.086488425732       3.135870909318328E-003
   795.159921377897       3.155738115310669E-003
   795.233354330063       3.159659914672375E-003
   795.306787282228       3.153242636471987E-003
   795.380220234394       3.141617169603705E-003
   795.453653186560       3.129135817289352E-003
   795.527086138725       3.119635395705700E-003
   795.600519090891       3.114843275398016E-003
   795.673952043056       3.108495846390724E-003
   795.747384995222       3.093392122536898E-003
   795.820817947388       3.062275238335133E-003
   795.894250899553       3.010928863659501E-003
   795.967683851719       2.940206322818995E-003
   796.041116803885       2.856011502444744E-003
   796.114549756050       2.767318161204457E-003
   796.187982708216       2.683271421119571E-003
   796.261415660381       2.610596362501383E-003
   796.334848612547       2.552036428824067E-003
   796.408281564713       2.505924319848418E-003
   796.481714516878       2.466771053150296E-003
   796.555147469044       2.431081607937813E-003
   796.628580421209       2.388736465945840E-003
   796.702013373375       2.333821263164282E-003
   796.775446325541       2.265848219394684E-003
   796.848879277706       2.188416896387935E-003
   796.922312229872       2.107865875586867E-003
   796.995745182037       2.031311858445406E-003
   797.069178134203       1.964943949133158E-003
   797.142611086369       1.913010259158909E-003
   797.216044038534       1.877440838143229E-003
   797.289476990700       1.857811235822737E-003
   797.362909942865       1.851414795964956E-003
   797.436342895031       1.853447989560664E-003
   797.509775847197       1.857836265116930E-003
   797.583208799362       1.859593787230551E-003
   797.656641751528       1.851615612395108E-003
   797.730074703693       1.831837231293321E-003
   797.803507655859       1.801894046366215E-003
   797.876940608025       1.766499481163919E-003
   797.950373560190       1.731873024255037E-003
   798.023806512356       1.704131602309644E-003
   798.097239464521       1.688296091742814E-003
   798.170672416687       1.687989453785121E-003
   798.244105368853       1.705547561869025E-003
   798.317538321018       1.742216758430004E-003
   798.390971273184       1.798223122023046E-003
   798.464404225349       1.872590626589954E-003
   798.537837177515       1.963981194421649E-003
   798.611270129681       2.067621797323227E-003
   798.684703081846       2.175064757466316E-003
   798.758136034012       2.276391722261906E-003
   798.831568986177       2.360198646783829E-003
   798.905001938343       2.416097559034824E-003
   798.978434890509       2.437774790450931E-003
   799.051867842674       2.425063634291291E-003
   799.125300794840       2.383762039244175E-003
   799.198733747005       2.323359251022339E-003
   799.272166699171       2.254049759358168E-003
   799.345599651337       2.184316748753190E-003
   799.419032603502       2.119569573551416E-003
   799.492465555668       2.061756793409586E-003
   799.565898507833       2.009268850088120E-003
   799.639331459999       1.959692686796188E-003
   799.712764412165       1.910532126203179E-003
   799.786197364330       1.860938151367009E-003
   799.859630316496       1.812336267903447E-003
   799.933063268661       1.767733134329319E-003
   800.006496220827       1.730280346237123E-003
   800.079929172993       1.701874425634742E-003
   800.153362125158       1.682269154116511E-003
   800.226795077324       1.668797107413411E-003
   800.300228029490       1.656705047935247E-003
   800.373660981655       1.640147995203733E-003
   800.447093933821       1.613768516108394E-003
   800.520526885986       1.574646215885878E-003
   800.593959838152       1.522636273875833E-003
   800.667392790318       1.459993305616081E-003
   800.740825742483       1.391709898598492E-003
   800.814258694649       1.322932075709105E-003
   800.887691646814       1.257900381460786E-003
   800.961124598980       1.199550926685333E-003
   801.034557551146       1.149606425315142E-003
   801.107990503311       1.108888303861022E-003
   801.181423455477       1.077652443200350E-003
   801.254856407642       1.055862172506750E-003
   801.328289359808       1.043373835273087E-003
   801.401722311974       1.040047267451882E-003
   801.475155264139       1.045797369442880E-003
   801.548588216305       1.061669318005443E-003
   801.622021168470       1.085803727619350E-003
   801.695454120636       1.117679756134748E-003
   801.768887072802       1.157322782091796E-003
   801.842320024967       1.204172964207828E-003
   801.915752977133       1.256761257536709E-003
   801.989185929298       1.312399399466813E-003
   802.062618881464       1.367067219689488E-003
   802.136051833630       1.415761420503259E-003
   802.209484785795       1.453493954613805E-003
   802.282917737961       1.476771547459066E-003
   802.356350690126       1.484902575612068E-003
   802.429783642292       1.480352482758462E-003
   802.503216594458       1.467818161472678E-003
   802.576649546623       1.451184740290046E-003
   802.650082498789       1.436548307538033E-003
   802.723515450954       1.427156152203679E-003
   802.796948403120       1.424318179488182E-003
   802.870381355286       1.427579205483198E-003
   802.943814307451       1.435253652743995E-003
   803.017247259617       1.445228816010058E-003
   803.090680211782       1.455804915167391E-003
   803.164113163948       1.466204063035548E-003
   803.237546116114       1.476543489843607E-003
   803.310979068279       1.487489091232419E-003
   803.384412020445       1.500026322901249E-003
   803.457844972610       1.515533658675849E-003
   803.531277924776       1.536345691420138E-003
   803.604710876942       1.564761274494231E-003
   803.678143829107       1.602847129106522E-003
   803.751576781273       1.652937615290284E-003
   803.825009733438       1.716446364298463E-003
   803.898442685604       1.793410512618721E-003
   803.971875637770       1.882000593468547E-003
   804.045308589935       1.977994572371244E-003
   804.118741542101       2.074412535876036E-003
   804.192174494267       2.161744516342878E-003
   804.265607446432       2.229265403002501E-003
   804.339040398598       2.267551608383656E-003
   804.412473350763       2.271412406116724E-003
   804.485906302929       2.241720678284764E-003
   804.559339255095       2.181348158046603E-003
   804.632772207260       2.105185529217124E-003
   804.706205159426       2.024598186835647E-003
   804.779638111591       1.948070013895631E-003
   804.853071063757       1.881475443951786E-003
   804.926504015923       1.828215550631285E-003
   804.999936968088       1.789799425750971E-003
   805.073369920254       1.766486559063196E-003
   805.146802872419       1.757813966833055E-003
   805.220235824585       1.762960338965058E-003
   805.293668776751       1.780976424925029E-003
   805.367101728916       1.810912741348147E-003
   805.440534681082       1.851886860094965E-003
   805.513967633247       1.905363984405994E-003
   805.587400585413       1.981754554435611E-003
   805.660833537579       2.075133379548788E-003
   805.734266489744       2.187505131587386E-003
   805.807699441910       2.321221167221665E-003
   805.881132394075       2.479015383869410E-003
   805.954565346241       2.664012834429741E-003
   806.027998298407       2.879688050597906E-003
   806.101431250572       3.129727207124233E-003
   806.174864202738       3.417724976316094E-003
   806.248297154903       3.746608737856150E-003
   806.321730107069       4.117668606340885E-003
   806.395163059235       4.529099911451340E-003
   806.468596011400       4.974082577973604E-003
   806.542028963566       5.441192071884871E-003
   806.615461915731       5.911785177886486E-003
   806.688894867897       6.357200909405947E-003
   806.762327820063       6.747308652848005E-003
   806.835760772228       7.056867238134146E-003
   806.909193724394       7.272588554769754E-003
   806.982626676559       7.396239321678877E-003
   807.056059628725       7.442024536430836E-003
   807.129492580891       7.430145051330328E-003
   807.202925533056       7.380561903119087E-003
   807.276358485222       7.310024928301573E-003
   807.349791437387       7.232255768030882E-003
   807.423224389553       7.158647291362286E-003
   807.496657341719       7.097165100276470E-003
   807.570090293884       7.055005524307489E-003
   807.643523246050       7.025359664112329E-003
   807.716956198215       6.993131712079048E-003
   807.790389150381       6.938680540770292E-003
   807.863822102547       6.844448391348124E-003
   807.937255054712       6.701843813061714E-003
   808.010688006878       6.514829117804766E-003
   808.084120959044       6.298391614109278E-003
   808.157553911209       6.072998512536287E-003
   808.230986863375       5.858050659298897E-003
   808.304419815540       5.667005199939013E-003
   808.377852767706       5.505139473825693E-003
   808.451285719872       5.369567312300205E-003
   808.524718672037       5.256509408354759E-003
   808.598151624203       5.159332882612944E-003
   808.671584576368       5.056278314441442E-003
   808.745017528534       4.941252991557121E-003
   808.818450480700       4.815243650227785E-003
   808.891883432865       4.686054773628712E-003
   808.965316385031       4.565433133393526E-003
   809.038749337196       4.465342964977026E-003
   809.112182289362       4.395021591335535E-003
   809.185615241528       4.359413869678974E-003
   809.259048193693       4.358679987490177E-003
   809.332481145859       4.388311877846718E-003
   809.405914098024       4.439651966094971E-003
   809.479347050190       4.500831011682749E-003
   809.552780002356       4.561929032206535E-003
   809.626212954521       4.605708643794060E-003
   809.699645906687       4.619512706995010E-003
   809.773078858852       4.596465732902288E-003
   809.846511811018       4.535811953246593E-003
   809.919944763184       4.443817306309938E-003
   809.993377715349       4.332661163061857E-003
   810.066810667515       4.217634443193674E-003
   810.140243619680       4.114015493541956E-003
   810.213676571846       4.034839104861021E-003
   810.287109524012       3.990002442151308E-003
   810.360542476177       3.986348863691092E-003
   810.433975428343       4.028165247291327E-003
   810.507408380508       4.117108415812254E-003
   810.580841332674       4.249726422131062E-003
   810.654274284840       4.427326377481222E-003
   810.727707237005       4.642646294087172E-003
   810.801140189171       4.882261622697115E-003
   810.874573141336       5.125185474753380E-003
   810.948006093502       5.343288183212280E-003
   811.021439045668       5.505095701664686E-003
   811.094871997833       5.583213176578283E-003
   811.168304949999       5.562735255807638E-003
   811.241737902164       5.446095950901508E-003
   811.315170854330       5.251364782452583E-003
   811.388603806496       5.005347076803446E-003
   811.462036758661       4.735646303743124E-003
   811.535469710827       4.469558596611023E-003
   811.608902662992       4.226461984217167E-003
   811.682335615158       4.013972822576761E-003
   811.755768567324       3.838936565443873E-003
   811.829201519489       3.705000504851341E-003
   811.902634471655       3.613785142078996E-003
   811.976067423820       3.565665101632476E-003
   812.049500375986       3.560131415724754E-003
   812.122933328152       3.595744259655476E-003
   812.196366280317       3.669628873467445E-003
   812.269799232483       3.776540979743004E-003
   812.343232184649       3.907610662281513E-003
   812.416665136814       4.049222450703382E-003
   812.490098088980       4.182843025773764E-003
   812.563531041145       4.290709272027016E-003
   812.636963993311       4.346598871052265E-003
   812.710396945477       4.336693324148655E-003
   812.783829897642       4.258864559233189E-003
   812.857262849808       4.122482612729073E-003
   812.930695801973       3.944976720958948E-003
   813.004128754139       3.746387315914035E-003
   813.077561706305       3.544546430930495E-003
   813.150994658470       3.352441359311342E-003
   813.224427610636       3.177774138748646E-003
   813.297860562801       3.023950150236487E-003
   813.371293514967       2.891622250899673E-003
   813.444726467133       2.780152717605233E-003
   813.518159419298       2.688920591026545E-003
   813.591592371464       2.618853934109211E-003
   813.665025323629       2.569644711911678E-003
   813.738458275795       2.541510388255119E-003
   813.811891227961       2.534549683332443E-003
   813.885324180126       2.548607531934977E-003
   813.958757132292       2.583147725090384E-003
   814.032190084457       2.637099474668503E-003
   814.105623036623       2.708657411858439E-003
   814.179055988789       2.795039676129818E-003
   814.252488940954       2.892188029363751E-003
   814.325921893120       2.994389971718192E-003
   814.399354845285       3.093977924436331E-003
   814.472787797451       3.181515960022807E-003
   814.546220749617       3.246314590796828E-003
   814.619653701782       3.281353972852230E-003
   814.693086653948       3.283945145085454E-003
   814.766519606113       3.256784286350012E-003
   814.839952558279       3.207795089110732E-003
   814.913385510445       3.147619543597102E-003
   814.986818462610       3.086682409048080E-003
   815.060251414776       3.033069195225835E-003
   815.133684366941       2.991645829752088E-003
   815.207117319107       2.964203478768468E-003
   815.280550271273       2.950279740616679E-003
   815.353983223438       2.948352368548512E-003
   815.427416175604       2.957087475806475E-003
   815.500849127769       2.976246876642108E-003
   815.574282079935       3.012134693562984E-003
   815.647715032101       3.065787721425295E-003
   815.721147984266       3.139232983812690E-003
   815.794580936432       3.233025316148996E-003
   815.868013888597       3.345636418089271E-003
   815.941446840763       3.473674645647407E-003
   816.014879792929       3.613014239817858E-003
   816.088312745094       3.760304069146514E-003
   816.161745697260       3.914047963917255E-003
   816.235178649426       4.074921831488609E-003
   816.308611601591       4.245328716933727E-003
   816.382044553757       4.427942913025618E-003
   816.455477505922       4.623281303793192E-003
   816.528910458088       4.824992734938860E-003
   816.602343410254       5.025503691285849E-003
   816.675776362419       5.212801042944193E-003
   816.749209314585       5.366455763578415E-003
   816.822642266750       5.468126386404037E-003
   816.896075218916       5.507807247340679E-003
   816.969508171082       5.487658083438873E-003
   817.042941123247       5.421187728643417E-003
   817.116374075413       5.328415893018246E-003
   817.189807027578       5.229906179010868E-003
   817.263239979744       5.142387468367815E-003
   817.336672931910       5.076939705759287E-003
   817.410105884075       5.039202049374580E-003
   817.483538836241       5.030645523220301E-003
   817.556971788406       5.065690726041794E-003
   817.630404740572       5.146655254065990E-003
   817.703837692738       5.271829199045897E-003
   817.777270644903       5.443202797323465E-003
   817.850703597069       5.664078518748283E-003
   817.924136549234       5.939164664596319E-003
   817.997569501400       6.274358835071325E-003
   818.071002453566       6.676249206066132E-003
   818.144435405731       7.151355501264334E-003
   818.217868357897       7.705084513872862E-003
   818.291301310062       8.340238593518734E-003
   818.364734262228       9.054901078343391E-003
   818.438167214394       9.839669801294804E-003
   818.511600166559       1.067659724503756E-002
   818.585033118725       1.154798455536366E-002
   818.658466070890       1.240699272602797E-002
   818.731899023056       1.320748496800661E-002
   818.805331975222       1.390777248889208E-002
   818.878764927387       1.448109932243824E-002
   818.952197879553       1.492131594568491E-002
   819.025630831718       1.524029020220041E-002
   819.099063783884       1.545873563736677E-002
   819.172496736050       1.559660397469997E-002
   819.245929688215       1.566893793642521E-002
   819.319362640381       1.568822935223579E-002
   819.392795592546       1.566883549094200E-002
   819.466228544712       1.562773436307907E-002
   819.539661496878       1.558308489620686E-002
   819.613094449043       1.554357167333364E-002
   819.686527401209       1.549521740525961E-002
   819.759960353374       1.540964189916849E-002
   819.833393305540       1.525187585502863E-002
   819.906826257706       1.499502360820770E-002
   819.980259209871       1.463274192065001E-002
   820.053692162037       1.418274175375700E-002
   820.127125114202       1.367999147623777E-002
   820.200558066368       1.316470839083195E-002
   820.273991018534       1.267180219292641E-002
   820.347423970699       1.222495920956135E-002
   820.420856922865       1.183443609625101E-002
   820.494289875031       1.149673480540514E-002
   820.567722827196       1.122537255287170E-002
   820.641155779362       1.096708048135042E-002
   820.714588731527       1.069737505167723E-002
   820.788021683693       1.040097419172525E-002
   820.861454635859       1.007518731057644E-002
   820.934887588024       9.730801917612553E-003
   821.008320540190       9.387903846800327E-003
   821.081753492355       9.069582447409630E-003
   821.155186444521       8.796693757176399E-003
   821.228619396687       8.585151284933090E-003
   821.302052348852       8.445217274129391E-003
   821.375485301018       8.381550200283527E-003
   821.448918253183       8.393099531531334E-003
   821.522351205349       8.474573493003845E-003
   821.595784157515       8.609306998550892E-003
   821.669217109680       8.769552223384380E-003
   821.742650061846       8.929368108510971E-003
   821.816083014011       9.061024524271488E-003
   821.889515966177       9.141552262008190E-003
   821.962948918343       9.159044362604618E-003
   822.036381870508       9.115234948694706E-003
   822.109814822674       9.022841230034828E-003
   822.183247774839       8.899783715605736E-003
   822.256680727005       8.764257654547691E-003
   822.330113679171       8.633062243461609E-003
   822.403546631336       8.522481657564640E-003
   822.476979583502       8.449261076748371E-003
   822.550412535667       8.425324223935604E-003
   822.623845487833       8.465391583740711E-003
   822.697278439999       8.581963367760181E-003
   822.770711392164       8.779565803706646E-003
   822.844144344330       9.054492227733135E-003
   822.917577296495       9.392666630446911E-003
   822.991010248661       9.767462499439716E-003
   823.064443200827       1.013875938951969E-002
   823.137876152992       1.045542769134045E-002
   823.211309105158       1.066322345286608E-002
   823.284742057323       1.071762759238482E-002
   823.358175009489       1.059707719832659E-002
   823.431607961655       1.030971202999353E-002
   823.505040913820       9.890119545161724E-003
   823.578473865986       9.392539039254189E-003
   823.651906818151       8.861206471920013E-003
   823.725339770317       8.338994346559048E-003
   823.798772722483       7.856686599552631E-003
   823.872205674648       7.433535065501928E-003
   823.945638626814       7.079849950969219E-003
   824.019071578979       6.799984257668257E-003
   824.092504531145       6.594842765480280E-003
   824.165937483311       6.463656667619944E-003
   824.239370435476       6.405030377209187E-003
   824.312803387642       6.417339202016592E-003
   824.386236339808       6.498519331216812E-003
   824.459669291973       6.645222194492817E-003
   824.533102244139       6.862308364361525E-003
   824.606535196304       7.136430125683546E-003
   824.679968148470       7.436721120029688E-003
   824.753401100636       7.739080581814051E-003
   824.826834052801       8.012143895030022E-003
   824.900267004967       8.224006742238998E-003
   824.973699957132       8.352214470505714E-003
   825.047132909298       8.391612209379673E-003
   825.120565861464       8.355027064681053E-003
   825.193998813629       8.266717195510864E-003
   825.267431765795       8.152766153216362E-003
   825.340864717960       8.032718673348427E-003
   825.414297670126       7.914775982499123E-003
   825.487730622292       7.795231882482767E-003
   825.561163574457       7.657624781131744E-003
   825.634596526623       7.490015123039484E-003
   825.708029478788       7.287007756531239E-003
   825.781462430954       7.053635083138943E-003
   825.854895383120       6.804913282394409E-003
   825.928328335285       6.560462061315775E-003
   826.001761287451       6.338608451187611E-003
   826.075194239616       6.152838002890348E-003
   826.148627191782       6.011096760630608E-003
   826.222060143948       5.916933994740248E-003
   826.295493096113       5.871229339390993E-003
   826.368926048279       5.873561836779118E-003
   826.442359000444       5.922721698880196E-003
   826.515791952610       6.016937550157309E-003
   826.589224904776       6.151991896331310E-003
   826.662657856941       6.315899081528187E-003
   826.736090809107       6.494670640677214E-003
   826.809523761272       6.668601185083389E-003
   826.882956713438       6.814259570091963E-003
   826.956389665604       6.909010931849480E-003
   827.029822617769       6.936934776604176E-003
   827.103255569935       6.893401499837637E-003
   827.176688522100       6.785708945244551E-003
   827.250121474266       6.629556883126497E-003
   827.323554426432       6.443792022764683E-003
   827.396987378597       6.246194243431091E-003
   827.470420330763       6.051448639482260E-003
   827.543853282928       5.871574860066175E-003
   827.617286235094       5.717158783227205E-003
   827.690719187260       5.594199523329735E-003
   827.764152139425       5.506294779479504E-003
   827.837585091591       5.455273203551769E-003
   827.911018043756       5.441836547106504E-003
   827.984450995922       5.466141737997532E-003
   828.057883948088       5.528254900127649E-003
   828.131316900253       5.628485232591629E-003
   828.204749852419       5.767601076513529E-003
   828.278182804585       5.946975667029619E-003
   828.351615756750       6.168649066239595E-003
   828.425048708916       6.435346789658070E-003
   828.498481661081       6.750396918505430E-003
   828.571914613247       7.108295802026987E-003
   828.645347565413       7.534954696893692E-003
   828.718780517578       8.034613914787769E-003
   828.792213469744       8.609090931713581E-003
   828.865646421909       9.256239980459213E-003
   828.939079374075       9.967403486371040E-003
   829.012512326241       1.072454173117876E-002
   829.085945278406       1.149785798043013E-002
   829.159378230572       1.224570628255606E-002
   829.232811182737       1.291866600513458E-002
   829.306244134903       1.346880849450827E-002
   829.379677087069       1.386222522705793E-002
   829.453110039234       1.408962812274694E-002
   829.526542991400       1.418166421353817E-002
   829.599975943565       1.421397831290960E-002
   829.673408895731       1.423278357833624E-002
   829.746841847897       1.429373864084482E-002
   829.820274800062       1.444418914616108E-002
   829.893707752228       1.472087949514389E-002
   829.967140704393       1.515055913478136E-002
   830.040573656559       1.575122587382793E-002
   830.114006608725       1.653270423412323E-002
   830.187439560890       1.749606244266033E-002
   830.260872513056       1.863232068717480E-002
   830.334305465221       1.992076262831688E-002
   830.407738417387       2.132635377347469E-002
   830.481171369553       2.279569394886494E-002
   830.554604321718       2.429336309432983E-002
   830.628037273884       2.571892552077770E-002
   830.701470226049       2.697452716529369E-002
   830.774903178215       2.799278870224953E-002
   830.848336130381       2.874329499900341E-002
   830.921769082546       2.923779375851154E-002
   830.995202034712       2.951957285404205E-002
   831.068634986877       2.964431606233120E-002
   831.142067939043       2.966448105871677E-002
   831.215500891209       2.962508611381054E-002
   831.288933843374       2.956838160753250E-002
   831.362366795540       2.953762188553810E-002
   831.435799747705       2.957205474376678E-002
   831.509232699871       2.969318628311157E-002
   831.582665652037       2.989404276013374E-002
   831.656098604202       3.012974560260773E-002
   831.729531556368       3.031635098159313E-002
   831.802964508533       3.035373799502850E-002
   831.876397460699       3.015483170747757E-002
   831.949830412865       2.967410348355770E-002
   832.023263365030       2.892247773706913E-002
   832.096696317196       2.796239964663982E-002
   832.170129269361       2.688698098063469E-002
   832.243562221527       2.579400315880775E-002
   832.316995173693       2.476432733237743E-002
   832.390428125858       2.384922280907631E-002
   832.463861078024       2.306604944169521E-002
   832.537294030190       2.242151647806168E-002
   832.610726982355       2.187275700271130E-002
   832.684159934521       2.134951576590538E-002
   832.757592886686       2.080535329878330E-002
   832.831025838852       2.021109312772751E-002
   832.904458791018       1.956458762288094E-002
   832.977891743183       1.889000460505486E-002
   833.051324695349       1.822786033153534E-002
   833.124757647514       1.762218214571476E-002
   833.198190599680       1.711068861186504E-002
   833.271623551846       1.672028563916683E-002
   833.345056504011       1.646646484732628E-002
   833.418489456177       1.635400950908661E-002
   833.491922408342       1.637703366577625E-002
   833.565355360508       1.653331518173218E-002
   833.638788312674       1.676564291119576E-002
   833.712221264839       1.702790893614292E-002
   833.785654217005       1.726412959396839E-002
   833.859087169170       1.741524226963520E-002
   833.932520121336       1.743403822183609E-002
   834.005953073502       1.729957573115826E-002
   834.079386025667       1.702393405139446E-002
   834.152818977833       1.664827018976212E-002
   834.226251929998       1.623075455427170E-002
   834.299684882164       1.583255268633366E-002
   834.373117834330       1.550732832401991E-002
   834.446550786495       1.529639586806297E-002
   834.519983738661       1.522713713347912E-002
   834.593416690826       1.530855335295200E-002
   834.666849642992       1.555069535970688E-002
   834.740282595158       1.595623791217804E-002
   834.813715547323       1.651914417743683E-002
   834.887148499489       1.722237654030323E-002
   834.960581451654       1.803506352007389E-002
   835.034014403820       1.891051977872849E-002
   835.107447355986       1.978660002350807E-002
   835.180880308151       2.058881148695946E-002
   835.254313260317       2.123577892780304E-002
   835.327746212482       2.164737880229950E-002
   835.401179164648       2.175706438720226E-002
   835.474612116814       2.152791991829872E-002
   835.548045068979       2.097267471253872E-002
   835.621478021145       2.013629674911499E-002
   835.694910973310       1.910049654543400E-002
   835.768343925476       1.796198263764381E-002
   835.841776877642       1.680825650691986E-002
   835.915209829807       1.570636779069901E-002
   835.988642781973       1.470052637159824E-002
   836.062075734138       1.381547190248966E-002
   836.135508686304       1.306187734007835E-002
   836.208941638470       1.244157459586859E-002
   836.282374590635       1.195160672068596E-002
   836.355807542801       1.158695109188557E-002
   836.429240494967       1.134210545569658E-002
   836.502673447132       1.121378876268864E-002
   836.576106399298       1.123213209211826E-002
   836.649539351463       1.132880058139563E-002
   836.722972303629       1.150289364159107E-002
   836.796405255795       1.174837071448565E-002
   836.869838207960       1.205143984407187E-002
   836.943271160126       1.238807477056980E-002
   837.016704112291       1.272297929972410E-002
   837.090137064457       1.301193702965975E-002
   837.163570016623       1.320905331522226E-002
   837.237002968788       1.327814813703299E-002
   837.310435920954       1.320404652506113E-002
   837.383868873119       1.299790479242802E-002
   837.457301825285       1.269339304417372E-002
   837.530734777451       1.233138050884008E-002
   837.604167729616       1.195185538381338E-002
   837.677600681782       1.159999426454306E-002
   837.751033633947       1.130603719502687E-002
   837.824466586113       1.109013613313437E-002
   837.897899538279       1.096458826214075E-002
   837.971332490444       1.093627884984016E-002
   838.044765442610       1.100855134427547E-002
   838.118198394775       1.118230540305376E-002
   838.191631346941       1.145631354302168E-002
   838.265064299107       1.182673964649439E-002
   838.338497251272       1.228572707623243E-002
   838.411930203438       1.281898934394121E-002
   838.485363155603       1.340309344232082E-002
   838.558796107769       1.401270925998688E-002
   838.632229059935       1.459287386387587E-002
   838.705662012100       1.510122977197170E-002
   838.779094964266       1.550769619643688E-002
   838.852527916431       1.579824835062027E-002
   838.925960868597       1.597682200372219E-002
   838.999393820763       1.606208458542824E-002
   839.072826772928       1.607767492532730E-002
   839.146259725094       1.603804528713226E-002
   839.219692677259       1.593904756009579E-002
   839.293125629425       1.576123386621475E-002
   839.366558581591       1.548370532691479E-002
   839.439991533756       1.509922742843628E-002
   839.513424485922       1.461677066981792E-002
   839.586857438087       1.405654475092888E-002
   839.660290390253       1.348414923995733E-002
   839.733723342419       1.293731573969126E-002
   839.807156294584       1.244499254971743E-002
   839.880589246750       1.202553696930408E-002
   839.954022198915       1.168799307197332E-002
   840.027455151081       1.143459044396877E-002
   840.100888103247       1.126327179372311E-002
   840.174321055412       1.116962544620037E-002
   840.247754007578       1.114825624972582E-002
   840.321186959743       1.119359489530325E-002
   840.394619911909       1.130035426467657E-002
   840.468052864075       1.146375015377998E-002
   840.541485816240       1.168282795697451E-002
   840.614918768406       1.198736950755119E-002
   840.688351720572       1.238797511905432E-002
   840.761784672737       1.289009675383568E-002
   840.835217624903       1.349993608891964E-002
   840.908650577068       1.422440260648727E-002
   840.982083529234       1.507087796926498E-002
   841.055516481400       1.604676991701126E-002
   841.128949433565       1.715863309800625E-002
   841.202382385731       1.841077208518982E-002
   841.275815337896       1.980302110314369E-002
   841.349248290062       2.132767625153065E-002
   841.422681242228       2.296548336744308E-002
   841.496114194393       2.468132227659225E-002
   841.569547146559       2.652385272085667E-002
   841.642980098724       2.841647900640965E-002
   841.716413050890       3.029322065412998E-002
   841.789846003056       3.210142254829407E-002
   841.863278955221       3.381921723484993E-002
   841.936711907387       3.546994924545288E-002
   842.010144859552       3.712011873722076E-002
   842.083577811718       3.885948285460472E-002
   842.157010763884       4.077171534299850E-002
   842.230443716049       4.290623590350151E-002
   842.303876668215       4.525789618492126E-002
   842.377309620380       4.775683581829071E-002
   842.450742572546       5.027091503143311E-002
   842.524175524712       5.264307558536530E-002
   842.597608476877       5.474354326725006E-002
   842.671041429043       5.640141293406487E-002
   842.744474381208       5.753638595342636E-002
   842.817907333374       5.814987048506737E-002
   842.891340285540       5.831219628453255E-002
   842.964773237705       5.812993273139000E-002
   843.038206189871       5.771232023835182E-002
   843.111639142036       5.715472996234894E-002
   843.185072094202       5.654211714863777E-002
   843.258505046368       5.595829710364342E-002
   843.331937998533       5.548336729407310E-002
   843.405370950699       5.517470464110374E-002
   843.478803902864       5.504086613655090E-002
   843.552236855030       5.506437644362450E-002
   843.625669807196       5.512636527419090E-002
   843.699102759361       5.505258217453957E-002
   843.772535711527       5.468305945396423E-002
   843.845968663692       5.391384288668633E-002
   843.919401615858       5.273567140102386E-002
   843.992834568024       5.123785138130188E-002
   844.066267520189       4.957668110728264E-002
   844.139700472355       4.792711511254311E-002
   844.213133424520       4.643957316875458E-002
   844.286566376686       4.521341994404793E-002
   844.359999328852       4.428597167134285E-002
   844.433432281017       4.363115876913071E-002
   844.506865233183       4.316833242774010E-002
   844.580298185349       4.279596731066704E-002
   844.653731137514       4.231993481516838E-002
   844.727164089680       4.161141440272331E-002
   844.800597041845       4.059650003910065E-002
   844.874029994011       3.928045555949211E-002
   844.947462946177       3.774192929267883E-002
   845.020895898342       3.610219433903694E-002
   845.094328850508       3.448858857154846E-002
   845.167761802673       3.300814330577850E-002
   845.241194754839       3.173645958304405E-002
   845.314627707005       3.071816079318523E-002
   845.388060659170       2.997279912233353E-002
   845.461493611336       2.950097620487213E-002
   845.534926563501       2.926340326666832E-002
   845.608359515667       2.922726981341839E-002
   845.681792467833       2.937298268079758E-002
   845.755225419998       2.963279560208321E-002
   845.828658372164       2.991875447332859E-002
   845.902091324329       3.013236448168755E-002
   845.975524276495       3.018326684832573E-002
   846.048957228661       3.001214750111103E-002
   846.122390180826       2.960772067308426E-002
   846.195823132992       2.900856360793114E-002
   846.269256085157       2.828855626285076E-002
   846.342689037323       2.753424458205700E-002
   846.416121989489       2.682483941316605E-002
   846.489554941654       2.622084505856037E-002
   846.562987893820       2.587676793336868E-002
   846.636420845985       2.576657943427563E-002
   846.709853798151       2.589933946728706E-002
   846.783286750317       2.629116922616959E-002
   846.856719702482       2.695129066705704E-002
   846.930152654648       2.788226865231991E-002
   847.003585606813       2.907823026180267E-002
   847.077018558979       3.052076697349548E-002
   847.150451511145       3.217229992151260E-002
   847.223884463310       3.396687284111977E-002
   847.297317415476       3.580069914460182E-002
   847.370750367641       3.752814605832100E-002
   847.444183319807       3.897187113761902E-002
   847.517616271973       3.995829075574875E-002
   847.591049224138       4.035600274801254E-002
   847.664482176304       4.010230302810669E-002
   847.737915128469       3.925231844186783E-002
   847.811348080635       3.793010488152504E-002
   847.884781032801       3.628289699554443E-002
   847.958213984966       3.444498404860497E-002
   848.031646937132       3.252448514103889E-002
   848.105079889297       3.060746937990189E-002
   848.178512841463       2.876578085124493E-002
   848.251945793629       2.705977670848370E-002
   848.325378745794       2.553629130125046E-002
   848.398811697960       2.422658167779446E-002
   848.472244650126       2.314706705510616E-002
   848.545677602291       2.229827642440796E-002
   848.619110554457       2.167273871600628E-002
   848.692543506622       2.126458100974560E-002
   848.765976458788       2.106394805014133E-002
   848.839409410954       2.105817385017872E-002
   848.912842363119       2.123028412461281E-002
   848.986275315285       2.155635133385658E-002
   849.059708267450       2.200197055935860E-002
   849.133141219616       2.251886576414108E-002
   849.206574171782       2.304307743906975E-002
   849.280007123947       2.349718660116196E-002
   849.353440076113       2.379908971488476E-002
   849.426873028278       2.387784235179424E-002
   849.500305980444       2.369226515293121E-002
   849.573738932610       2.324676886200905E-002
   849.647171884775       2.258606255054474E-002
   849.720604836941       2.178302966058254E-002
   849.794037789106       2.091754041612148E-002
   849.867470741272       2.005990780889988E-002
   849.940903693438       1.926219463348389E-002
   850.014336645603       1.855685003101826E-002
   850.087769597769       1.795985177159309E-002
   850.161202549934       1.747553981840611E-002
   850.234635502100       1.710143499076366E-002
   850.308068454266       1.683212630450726E-002
   850.381501406431       1.666179113090038E-002
   850.454934358597       1.658525504171848E-002
   850.528367310762       1.663299836218357E-002
   850.601800262928       1.682399399578571E-002
   850.675233215094       1.711017265915871E-002
   850.748666167259       1.750005036592484E-002
   850.822099119425       1.800136640667915E-002
   850.895532071590       1.862117089331150E-002
   850.968965023756       1.936618611216545E-002
   851.042397975922       2.024306729435921E-002
   851.115830928087       2.125814743340015E-002
   851.189263880253       2.241554297506809E-002
   851.262696832418       2.371283434331417E-002
   851.336129784584       2.513388171792030E-002
   851.409562736750       2.663976699113846E-002
   851.482995688915       2.816074341535568E-002
   851.556428641081       2.955593355000019E-002
   851.629861593246       3.072831220924854E-002
   851.703294545412       3.155700862407684E-002
   851.776727497578       3.193862736225128E-002
   851.850160449743       3.183452785015106E-002
   851.923593401909       3.128968179225922E-002
   851.997026354074       3.042125143110752E-002
   852.070459306240       2.938122488558292E-002
   852.143892258406       2.831446193158627E-002
   852.217325210571       2.733196318149567E-002
   852.290758162737       2.650402486324310E-002
   852.364191114902       2.586656995117664E-002
   852.437624067068       2.543181367218494E-002
   852.511057019234       2.519161999225616E-002
   852.584489971399       2.514993026852608E-002
   852.657922923565       2.536367252469063E-002
   852.731355875731       2.582163177430630E-002
   852.804788827896       2.650758251547813E-002
   852.878221780062       2.739804424345493E-002
   852.951654732227       2.846346795558929E-002
   853.025087684393       2.967716380953789E-002
   853.098520636559       3.102998621761799E-002
   853.171953588724       3.253898397088051E-002
   853.245386540890       3.424131497740746E-002
   853.318819493055       3.617958351969719E-002
   853.392252445221       3.839120641350746E-002
   853.465685397387       4.090625047683716E-002
   853.539118349552       4.381070658564568E-002
   853.612551301718       4.722891002893448E-002
   853.685984253883       5.118183791637421E-002
   853.759417206049       5.570946261286736E-002
   853.832850158215       6.083707883954048E-002
   853.906283110380       6.655881553888321E-002
   853.979716062546       7.281520962715149E-002
   854.053149014711       7.946848869323730E-002
   854.126581966877       8.628407865762711E-002
   854.200014919043       9.293086826801300E-002
   854.273447871208       9.901288151741028E-002
   854.346880823374       0.104134351015091     
   854.420313775539       0.107982255518436     
   854.493746727705       0.110395722091198     
   854.567179679871       0.111538417637348     
   854.640612632036       0.111573301255703     
   854.714045584202       0.110776916146278     
   854.787478536367       0.109442368149757     
   854.860911488533       0.107810422778130     
   854.934344440699       0.106052786111832     
   855.007777392864       0.104295656085014     
   855.081210345030       0.102655611932278     
   855.154643297195       0.101256266236305     
   855.228076249361       0.100210852921009     
   855.301509201527       9.958066046237946E-002
   855.374942153692       9.933173656463623E-002
   855.448375105858       9.931055456399918E-002
   855.521808058023       9.932754188776016E-002
   855.595241010189       9.914836287498474E-002
   855.668673962355       9.831599146127701E-002
   855.742106914520       9.667666256427765E-002
   855.815539866686       9.424833953380585E-002
   855.888972818851       9.121434390544891E-002
   855.962405771017       8.785867691040039E-002
   856.035838723183       8.447889983654022E-002
   856.109271675348       8.131626993417740E-002
   856.182704627514       7.852338254451752E-002
   856.256137579679       7.616672664880753E-002
   856.329570531845       7.424695789813995E-002
   856.403003484011       7.271587103605270E-002
   856.476436436176       7.148237526416779E-002
   856.549869388342       7.042008638381958E-002
   856.623302340508       6.934696435928345E-002
   856.696735292673       6.813962012529373E-002
   856.770168244839       6.674221903085709E-002
   856.843601197004       6.517691910266876E-002
   856.917034149170       6.353231519460678E-002
   856.990467101336       6.192725524306297E-002
   857.063900053501       6.046906858682632E-002
   857.137333005667       5.922374129295349E-002
   857.210765957832       5.820653215050697E-002
   857.284198909998       5.739332363009453E-002
   857.357631862164       5.674569308757782E-002
   857.431064814329       5.623679608106613E-002
   857.504497766495       5.586011707782745E-002
   857.577930718660       5.557902157306671E-002
   857.651363670826       5.544602125883102E-002
   857.724796622992       5.543172731995583E-002
   857.798229575157       5.545748397707939E-002
   857.871662527323       5.540286377072334E-002
   857.945095479488       5.513369664549828E-002
   858.018528431654       5.454254522919655E-002
   858.091961383820       5.358542501926422E-002
   858.165394335985       5.229699611663818E-002
   858.238827288151       5.077743902802467E-002
   858.312260240316       4.915986210107803E-002
   858.385693192482       4.757616296410561E-002
   858.459126144648       4.613399878144264E-002
   858.532559096813       4.498287290334702E-002
   858.605992048979       4.422345012426376E-002
   858.679425001144       4.381789639592171E-002
   858.752857953310       4.379495605826378E-002
   858.826290905476       4.417137056589127E-002
   858.899723857641       4.495592042803764E-002
   858.973156809807       4.615112394094467E-002
   859.046589761972       4.775149002671242E-002
   859.120022714138       4.973706603050232E-002
   859.193455666304       5.206163600087166E-002
   859.266888618469       5.463672429323196E-002
   859.340321570635       5.731566995382309E-002
   859.413754522800       5.988566204905510E-002
   859.487187474966       6.207870692014694E-002
   859.560620427132       6.359657645225525E-002
   859.634053379297       6.421204656362534E-002
   859.707486331463       6.381544470787048E-002
   859.780919283628       6.244939938187599E-002
   859.854352235794       6.029877439141273E-002
   859.927785187960       5.763429403305054E-002
   860.001218140125       5.474278330802917E-002
   860.074651092291       5.187348648905754E-002
   860.148084044456       4.921250417828560E-002
   860.221516996622       4.688078910112381E-002
   860.294949948788       4.494479671120644E-002
   860.368382900953       4.343014955520630E-002
   860.441815853119       4.233245551586151E-002
   860.515248805285       4.163160920143127E-002
   860.588681757450       4.131845012307167E-002
   860.662114709616       4.130839556455612E-002
   860.735547661781       4.151965677738190E-002
   860.808980613947       4.186178743839264E-002
   860.882413566113       4.225646704435349E-002
   860.955846518278       4.266011342406273E-002
   861.029279470444       4.307306185364723E-002
   861.102712422609       4.352566227316856E-002
   861.176145374775       4.404699057340622E-002
   861.249578326941       4.463392868638039E-002
   861.323011279106       4.523612931370735E-002
   861.396444231272       4.576183855533600E-002
   861.469877183437       4.609819874167442E-002
   861.543310135603       4.614282771945000E-002
   861.616743087769       4.580578580498695E-002
   861.690176039934       4.504905268549919E-002
   861.763608992100       4.390297085046768E-002
   861.837041944265       4.245373606681824E-002
   861.910474896431       4.081907868385315E-002
   861.983907848597       3.911842033267021E-002
   862.057340800762       3.745049238204956E-002
   862.130773752928       3.588438406586647E-002
   862.204206705093       3.446136415004730E-002
   862.277639657259       3.320212289690971E-002
   862.351072609425       3.211462125182152E-002
   862.424505561590       3.119987063109875E-002
   862.497938513756       3.045497462153435E-002
   862.571371465921       2.989617176353931E-002
   862.644804418087       2.951027266681194E-002
   862.718237370253       2.929192408919334E-002
   862.791670322418       2.923444472253323E-002
   862.865103274584       2.933114953339100E-002
   862.938536226749       2.957744710147381E-002
   863.011969178915       2.997240051627159E-002
   863.085402131081       3.051911853253841E-002
   863.158835083246       3.122387081384659E-002
   863.232268035412       3.209453821182251E-002
   863.305700987577       3.313875570893288E-002
   863.379133939743       3.436164930462837E-002
   863.452566891909       3.576232492923737E-002
   863.525999844074       3.732028231024742E-002
   863.599432796240       3.902789577841759E-002
   863.672865748405       4.086176678538322E-002
   863.746298700571       4.273900389671326E-002
   863.819731652737       4.454847052693367E-002
   863.893164604902       4.616720601916313E-002
   863.966597557068       4.749002307653427E-002
   864.040030509233       4.846312105655670E-002
   864.113463461399       4.910520464181900E-002
   864.186896413565       4.950405657291412E-002
   864.260329365730       4.979043453931808E-002
   864.333762317896       5.010420456528664E-002
   864.407195270061       5.056701973080635E-002
   864.480628222227       5.126768723130226E-002
   864.554061174393       5.226672068238258E-002
   864.627494126558       5.368933081626892E-002
   864.700927078724       5.552995577454567E-002
   864.774360030890       5.772124975919724E-002
   864.847792983055       6.015050038695335E-002
   864.921225935221       6.268355250358582E-002
   864.994658887386       6.521451473236084E-002
   865.068091839552       6.772093474864960E-002
   865.141524791718       7.028667628765106E-002
   865.214957743883       7.307450473308563E-002
   865.288390696049       7.627142220735550E-002
   865.361823648214       8.004344254732132E-002
   865.435256600380       8.451574295759201E-002
   865.508689552546       8.979368209838867E-002
   865.582122504711       9.617757052183151E-002
   865.655555456877       0.103609986603260     
   865.728988409042       0.112076722085476     
   865.802421361208       0.121489509940147     
   865.875854313374       0.131659224629402     
   865.949287265539       0.142276078462601     
   866.022720217705       0.152913972735405     
   866.096153169870       0.163074851036072     
   866.169586122036       0.172274291515350     
   866.243019074202       0.180143848061562     
   866.316452026367       0.186504021286964     
   866.389884978533       0.191366106271744     
   866.463317930698       0.194855645298958     
   866.536750882864       0.197169005870819     
   866.610183835030       0.198469877243042     
   866.683616787195       0.198693156242371     
   866.757049739361       0.197803467512131     
   866.830482691526       0.195884078741074     
   866.903915643692       0.193206027150154     
   866.977348595858       0.190189123153687     
   867.050781548023       0.187274232506752     
   867.124214500189       0.184774562716484     
   867.197647452354       0.182768568396568     
   867.271080404520       0.181064814329147     
   867.344513356686       0.179246172308922     
   867.417946308851       0.176786452531815     
   867.491379261017       0.173215433955193     
   867.564812213182       0.168579503893852     
   867.638245165348       0.162685304880142     
   867.711678117514       0.155850961804390     
   867.785111069679       0.148586243391037     
   867.858544021845       0.141415745019913     
   867.931976974010       0.134776085615158     
   868.005409926176       0.128965184092522     
   868.078842878342       0.124132975935936     
   868.152275830507       0.120292112231255     
   868.225708782673       0.117334187030792     
   868.299141734838       0.115048199892044     
   868.372574687004       0.113146990537643     
   868.446007639170       0.111310638487339     
   868.519440591335       0.109308145940304     
   868.592873543501       0.106969296932220     
   868.666306495667       0.104066818952560     
   868.739739447832       0.100738942623138     
   868.813172399998       9.722212702035904E-002
   868.886605352163       9.378857165575027E-002
   868.960038304329       9.069224447011948E-002
   869.033471256495       8.813787996768951E-002
   869.106904208660       8.627133071422577E-002
   869.180337160826       8.518129587173462E-002
   869.253770112991       8.490390330553055E-002
   869.327203065157       8.542950451374054E-002
   869.400636017323       8.671382069587708E-002
   869.474068969488       8.868226408958435E-002
   869.547501921654       9.105217456817627E-002
   869.620934873819       9.366600960493088E-002
   869.694367825985       9.630949795246124E-002
   869.767800778151       9.861935675144196E-002
   869.841233730316       0.100220851600170     
   869.914666682482       0.100802436470985     
   869.988099634647       0.100190609693527     
   870.061532586813       9.840155392885208E-002
   870.134965538979       9.564100950956345E-002
   870.208398491144       9.224418550729752E-002
   870.281831443310       8.858361840248108E-002
   870.355264395475       8.498781174421310E-002
   870.428697347641       8.169742673635483E-002
   870.502130299807       7.886525988578796E-002
   870.575563251972       7.684109359979630E-002
   870.648996204138       7.548402249813080E-002
   870.722429156303       7.481499761343002E-002
   870.795862108469       7.484330236911774E-002
   870.869295060635       7.557684183120728E-002
   870.942728012800       7.702383399009705E-002
   871.016160964966       7.918632030487061E-002
   871.089593917131       8.204634487628937E-002
   871.163026869297       8.554595708847046E-002
   871.236459821463       8.956269919872284E-002
   871.309892773628       9.388444572687149E-002
   871.383325725794       9.819247573614120E-002
   871.456758677959       0.102067984640598     
   871.530191630125       0.105047643184662     
   871.603624582291       0.106687784194946     
   871.677057534456       0.106689997017384     
   871.750490486622       0.105008900165558     
   871.823923438787       0.101845815777779     
   871.897356390953       9.758283197879791E-002
   871.970789343119       9.267290681600571E-002
   872.044222295284       8.753807842731476E-002
   872.117655247450       8.250908553600311E-002
   872.191088199615       7.780869305133820E-002
   872.264521151781       7.356454432010651E-002
   872.337954103947       6.983394175767899E-002
   872.411387056112       6.662815064191818E-002
   872.484820008278       6.393070518970490E-002
   872.558252960443       6.179477274417877E-002
   872.631685912609       6.017296016216278E-002
   872.705118864775       5.902734771370888E-002
   872.778551816940       5.834172666072845E-002
   872.851984769106       5.810756236314774E-002
   872.925417721272       5.832521989941597E-002
   872.998850673437       5.900233611464500E-002
   873.072283625603       6.014868989586830E-002
   873.145716577768       6.176743656396866E-002
   873.219149529934       6.384284794330597E-002
   873.292582482100       6.632549315690994E-002
   873.366015434265       6.911502033472061E-002
   873.439448386431       7.204347848892212E-002
