        1634
   753.523437500000       0.000000000000000E+000
   753.596870452166       0.000000000000000E+000
   753.670303404331       0.000000000000000E+000
   753.743736356497       0.000000000000000E+000
   753.817169308662       0.000000000000000E+000
   753.890602260828       0.000000000000000E+000
   753.964035212994       0.000000000000000E+000
   754.037468165159       0.000000000000000E+000
   754.110901117325       0.000000000000000E+000
   754.184334069490       0.000000000000000E+000
   754.257767021656       0.000000000000000E+000
   754.331199973822       0.000000000000000E+000
   754.404632925987       0.000000000000000E+000
   754.478065878153       0.000000000000000E+000
   754.551498830318       0.000000000000000E+000
   754.624931782484       0.000000000000000E+000
   754.698364734650       0.000000000000000E+000
   754.771797686815       0.000000000000000E+000
   754.845230638981       0.000000000000000E+000
   754.918663591146       0.000000000000000E+000
   754.992096543312       0.000000000000000E+000
   755.065529495478       0.000000000000000E+000
   755.138962447643       0.000000000000000E+000
   755.212395399809       0.000000000000000E+000
   755.285828351974       0.000000000000000E+000
   755.359261304140       0.000000000000000E+000
   755.432694256306       0.000000000000000E+000
   755.506127208471       0.000000000000000E+000
   755.579560160637       0.000000000000000E+000
   755.652993112803       0.000000000000000E+000
   755.726426064968       0.000000000000000E+000
   755.799859017134       0.000000000000000E+000
   755.873291969299       0.000000000000000E+000
   755.946724921465       0.000000000000000E+000
   756.020157873631       0.000000000000000E+000
   756.093590825796       0.000000000000000E+000
   756.167023777962       0.000000000000000E+000
   756.240456730127       0.000000000000000E+000
   756.313889682293       0.000000000000000E+000
   756.387322634459       0.000000000000000E+000
   756.460755586624       0.000000000000000E+000
   756.534188538790       0.000000000000000E+000
   756.607621490955       0.000000000000000E+000
   756.681054443121       0.000000000000000E+000
   756.754487395287       0.000000000000000E+000
   756.827920347452       0.000000000000000E+000
   756.901353299618       0.000000000000000E+000
   756.974786251783       0.000000000000000E+000
   757.048219203949       0.000000000000000E+000
   757.121652156115       0.000000000000000E+000
   757.195085108280       0.000000000000000E+000
   757.268518060446       0.000000000000000E+000
   757.341951012611       0.000000000000000E+000
   757.415383964777       0.000000000000000E+000
   757.488816916943       0.000000000000000E+000
   757.562249869108       0.000000000000000E+000
   757.635682821274       0.000000000000000E+000
   757.709115773439       0.000000000000000E+000
   757.782548725605       0.000000000000000E+000
   757.855981677771       0.000000000000000E+000
   757.929414629936       0.000000000000000E+000
   758.002847582102       0.000000000000000E+000
   758.076280534267       0.000000000000000E+000
   758.149713486433       0.000000000000000E+000
   758.223146438599       0.000000000000000E+000
   758.296579390764       0.000000000000000E+000
   758.370012342930       0.000000000000000E+000
   758.443445295095       0.000000000000000E+000
   758.516878247261       0.000000000000000E+000
   758.590311199427       0.000000000000000E+000
   758.663744151592       0.000000000000000E+000
   758.737177103758       0.000000000000000E+000
   758.810610055923       0.000000000000000E+000
   758.884043008089       0.000000000000000E+000
   758.957475960255       0.000000000000000E+000
   759.030908912420       0.000000000000000E+000
   759.104341864586       0.000000000000000E+000
   759.177774816751       0.000000000000000E+000
   759.251207768917       0.000000000000000E+000
   759.324640721083       0.000000000000000E+000
   759.398073673248       0.000000000000000E+000
   759.471506625414       0.000000000000000E+000
   759.544939577579       0.000000000000000E+000
   759.618372529745       0.000000000000000E+000
   759.691805481911       0.000000000000000E+000
   759.765238434076       0.000000000000000E+000
   759.838671386242       0.000000000000000E+000
   759.912104338408       0.000000000000000E+000
   759.985537290573       0.000000000000000E+000
   760.058970242739       0.000000000000000E+000
   760.132403194904       0.000000000000000E+000
   760.205836147070       0.000000000000000E+000
   760.279269099236       0.000000000000000E+000
   760.352702051401       0.000000000000000E+000
   760.426135003567       0.000000000000000E+000
   760.499567955732       0.000000000000000E+000
   760.573000907898       0.000000000000000E+000
   760.646433860064       0.000000000000000E+000
   760.719866812229       0.000000000000000E+000
   760.793299764395       0.000000000000000E+000
   760.866732716560       0.000000000000000E+000
   760.940165668726       0.000000000000000E+000
   761.013598620892       0.000000000000000E+000
   761.087031573057       0.000000000000000E+000
   761.160464525223       0.000000000000000E+000
   761.233897477388       0.000000000000000E+000
   761.307330429554       0.000000000000000E+000
   761.380763381720       0.000000000000000E+000
   761.454196333885       0.000000000000000E+000
   761.527629286051       0.000000000000000E+000
   761.601062238216       0.000000000000000E+000
   761.674495190382       0.000000000000000E+000
   761.747928142548       0.000000000000000E+000
   761.821361094713       0.000000000000000E+000
   761.894794046879       0.000000000000000E+000
   761.968226999044       0.000000000000000E+000
   762.041659951210       0.000000000000000E+000
   762.115092903376       0.000000000000000E+000
   762.188525855541       0.000000000000000E+000
   762.261958807707       0.000000000000000E+000
   762.335391759872       0.000000000000000E+000
   762.408824712038       0.000000000000000E+000
   762.482257664204       0.000000000000000E+000
   762.555690616369       0.000000000000000E+000
   762.629123568535       0.000000000000000E+000
   762.702556520700       0.000000000000000E+000
   762.775989472866       0.000000000000000E+000
   762.849422425032       0.000000000000000E+000
   762.922855377197       0.000000000000000E+000
   762.996288329363       0.000000000000000E+000
   763.069721281528       0.000000000000000E+000
   763.143154233694       0.000000000000000E+000
   763.216587185860       0.000000000000000E+000
   763.290020138025       0.000000000000000E+000
   763.363453090191       0.000000000000000E+000
   763.436886042356       0.000000000000000E+000
   763.510318994522       0.000000000000000E+000
   763.583751946688       0.000000000000000E+000
   763.657184898853       0.000000000000000E+000
   763.730617851019       0.000000000000000E+000
   763.804050803185       0.000000000000000E+000
   763.877483755350       0.000000000000000E+000
   763.950916707516       0.000000000000000E+000
   764.024349659681       0.000000000000000E+000
   764.097782611847       0.000000000000000E+000
   764.171215564013       0.000000000000000E+000
   764.244648516178       0.000000000000000E+000
   764.318081468344       0.000000000000000E+000
   764.391514420509       0.000000000000000E+000
   764.464947372675       0.000000000000000E+000
   764.538380324841       0.000000000000000E+000
   764.611813277006       0.000000000000000E+000
   764.685246229172       0.000000000000000E+000
   764.758679181337       0.000000000000000E+000
   764.832112133503       0.000000000000000E+000
   764.905545085669       0.000000000000000E+000
   764.978978037834       0.000000000000000E+000
   765.052410990000       0.000000000000000E+000
   765.125843942165       0.000000000000000E+000
   765.199276894331       0.000000000000000E+000
   765.272709846497       0.000000000000000E+000
   765.346142798662       0.000000000000000E+000
   765.419575750828       0.000000000000000E+000
   765.493008702993       0.000000000000000E+000
   765.566441655159       0.000000000000000E+000
   765.639874607325       0.000000000000000E+000
   765.713307559490       0.000000000000000E+000
   765.786740511656       0.000000000000000E+000
   765.860173463821       0.000000000000000E+000
   765.933606415987       0.000000000000000E+000
   766.007039368153       0.000000000000000E+000
   766.080472320318       0.000000000000000E+000
   766.153905272484       0.000000000000000E+000
   766.227338224649       0.000000000000000E+000
   766.300771176815       0.000000000000000E+000
   766.374204128981       0.000000000000000E+000
   766.447637081146       0.000000000000000E+000
   766.521070033312       0.000000000000000E+000
   766.594502985477       0.000000000000000E+000
   766.667935937643       0.000000000000000E+000
   766.741368889809       0.000000000000000E+000
   766.814801841974       0.000000000000000E+000
   766.888234794140       0.000000000000000E+000
   766.961667746305       0.000000000000000E+000
   767.035100698471       0.000000000000000E+000
   767.108533650637       0.000000000000000E+000
   767.181966602802       0.000000000000000E+000
   767.255399554968       0.000000000000000E+000
   767.328832507133       0.000000000000000E+000
   767.402265459299       0.000000000000000E+000
   767.475698411465       0.000000000000000E+000
   767.549131363630       0.000000000000000E+000
   767.622564315796       0.000000000000000E+000
   767.695997267962       0.000000000000000E+000
   767.769430220127       0.000000000000000E+000
   767.842863172293       0.000000000000000E+000
   767.916296124458       0.000000000000000E+000
   767.989729076624       0.000000000000000E+000
   768.063162028790       0.000000000000000E+000
   768.136594980955       0.000000000000000E+000
   768.210027933121       0.000000000000000E+000
   768.283460885286       0.000000000000000E+000
   768.356893837452       0.000000000000000E+000
   768.430326789618       0.000000000000000E+000
   768.503759741783       0.000000000000000E+000
   768.577192693949       0.000000000000000E+000
   768.650625646114       0.000000000000000E+000
   768.724058598280       0.000000000000000E+000
   768.797491550446       0.000000000000000E+000
   768.870924502611       0.000000000000000E+000
   768.944357454777       0.000000000000000E+000
   769.017790406942       0.000000000000000E+000
   769.091223359108       0.000000000000000E+000
   769.164656311274       0.000000000000000E+000
   769.238089263439       0.000000000000000E+000
   769.311522215605       0.000000000000000E+000
   769.384955167770       0.000000000000000E+000
   769.458388119936       0.000000000000000E+000
   769.531821072102       0.000000000000000E+000
   769.605254024267       0.000000000000000E+000
   769.678686976433       0.000000000000000E+000
   769.752119928598       0.000000000000000E+000
   769.825552880764       0.000000000000000E+000
   769.898985832930       0.000000000000000E+000
   769.972418785095       0.000000000000000E+000
   770.045851737261       0.000000000000000E+000
   770.119284689426       0.000000000000000E+000
   770.192717641592       0.000000000000000E+000
   770.266150593758       0.000000000000000E+000
   770.339583545923       0.000000000000000E+000
   770.413016498089       0.000000000000000E+000
   770.486449450254       0.000000000000000E+000
   770.559882402420       0.000000000000000E+000
   770.633315354586       0.000000000000000E+000
   770.706748306751       0.000000000000000E+000
   770.780181258917       0.000000000000000E+000
   770.853614211082       0.000000000000000E+000
   770.927047163248       0.000000000000000E+000
   771.000480115414       0.000000000000000E+000
   771.073913067579       0.000000000000000E+000
   771.147346019745       0.000000000000000E+000
   771.220778971910       0.000000000000000E+000
   771.294211924076       0.000000000000000E+000
   771.367644876242       0.000000000000000E+000
   771.441077828407       0.000000000000000E+000
   771.514510780573       0.000000000000000E+000
   771.587943732738       0.000000000000000E+000
   771.661376684904       0.000000000000000E+000
   771.734809637070       0.000000000000000E+000
   771.808242589235       0.000000000000000E+000
   771.881675541401       0.000000000000000E+000
   771.955108493567       0.000000000000000E+000
   772.028541445732       0.000000000000000E+000
   772.101974397898       0.000000000000000E+000
   772.175407350063       0.000000000000000E+000
   772.248840302229       0.000000000000000E+000
   772.322273254395       0.000000000000000E+000
   772.395706206560       0.000000000000000E+000
   772.469139158726       0.000000000000000E+000
   772.542572110891       0.000000000000000E+000
   772.616005063057       0.000000000000000E+000
   772.689438015223       0.000000000000000E+000
   772.762870967388       0.000000000000000E+000
   772.836303919554       0.000000000000000E+000
   772.909736871719       0.000000000000000E+000
   772.983169823885       0.000000000000000E+000
   773.056602776051       0.000000000000000E+000
   773.130035728216       0.000000000000000E+000
   773.203468680382       0.000000000000000E+000
   773.276901632547       0.000000000000000E+000
   773.350334584713       0.000000000000000E+000
   773.423767536879       0.000000000000000E+000
   773.497200489044       0.000000000000000E+000
   773.570633441210       0.000000000000000E+000
   773.644066393375       0.000000000000000E+000
   773.717499345541       0.000000000000000E+000
   773.790932297707       0.000000000000000E+000
   773.864365249872       0.000000000000000E+000
   773.937798202038       0.000000000000000E+000
   774.011231154203       0.000000000000000E+000
   774.084664106369       0.000000000000000E+000
   774.158097058535       0.000000000000000E+000
   774.231530010700       0.000000000000000E+000
   774.304962962866       0.000000000000000E+000
   774.378395915031       0.000000000000000E+000
   774.451828867197       0.000000000000000E+000
   774.525261819363       0.000000000000000E+000
   774.598694771528       0.000000000000000E+000
   774.672127723694       0.000000000000000E+000
   774.745560675859       0.000000000000000E+000
   774.818993628025       0.000000000000000E+000
   774.892426580191       0.000000000000000E+000
   774.965859532356       0.000000000000000E+000
   775.039292484522       0.000000000000000E+000
   775.112725436687       0.000000000000000E+000
   775.186158388853       0.000000000000000E+000
   775.259591341019       0.000000000000000E+000
   775.333024293184       0.000000000000000E+000
   775.406457245350       0.000000000000000E+000
   775.479890197515       0.000000000000000E+000
   775.553323149681       0.000000000000000E+000
   775.626756101847       0.000000000000000E+000
   775.700189054012       0.000000000000000E+000
   775.773622006178       0.000000000000000E+000
   775.847054958344       0.000000000000000E+000
   775.920487910509       0.000000000000000E+000
   775.993920862675       0.000000000000000E+000
   776.067353814840       0.000000000000000E+000
   776.140786767006       0.000000000000000E+000
   776.214219719172       0.000000000000000E+000
   776.287652671337       0.000000000000000E+000
   776.361085623503       0.000000000000000E+000
   776.434518575668       0.000000000000000E+000
   776.507951527834       0.000000000000000E+000
   776.581384480000       0.000000000000000E+000
   776.654817432165       0.000000000000000E+000
   776.728250384331       0.000000000000000E+000
   776.801683336496       0.000000000000000E+000
   776.875116288662       0.000000000000000E+000
   776.948549240828       0.000000000000000E+000
   777.021982192993       0.000000000000000E+000
   777.095415145159       0.000000000000000E+000
   777.168848097324       0.000000000000000E+000
   777.242281049490       0.000000000000000E+000
   777.315714001656       0.000000000000000E+000
   777.389146953821       0.000000000000000E+000
   777.462579905987       0.000000000000000E+000
   777.536012858152       0.000000000000000E+000
   777.609445810318       0.000000000000000E+000
   777.682878762484       0.000000000000000E+000
   777.756311714649       0.000000000000000E+000
   777.829744666815       0.000000000000000E+000
   777.903177618980       0.000000000000000E+000
   777.976610571146       0.000000000000000E+000
   778.050043523312       0.000000000000000E+000
   778.123476475477       0.000000000000000E+000
   778.196909427643       0.000000000000000E+000
   778.270342379808       0.000000000000000E+000
   778.343775331974       0.000000000000000E+000
   778.417208284140       0.000000000000000E+000
   778.490641236305       0.000000000000000E+000
   778.564074188471       0.000000000000000E+000
   778.637507140636       0.000000000000000E+000
   778.710940092802       0.000000000000000E+000
   778.784373044968       0.000000000000000E+000
   778.857805997133       0.000000000000000E+000
   778.931238949299       0.000000000000000E+000
   779.004671901464       0.000000000000000E+000
   779.078104853630       0.000000000000000E+000
   779.151537805796       0.000000000000000E+000
   779.224970757961       0.000000000000000E+000
   779.298403710127       0.000000000000000E+000
   779.371836662292       0.000000000000000E+000
   779.445269614458       0.000000000000000E+000
   779.518702566624       0.000000000000000E+000
   779.592135518789       0.000000000000000E+000
   779.665568470955       0.000000000000000E+000
   779.739001423120       0.000000000000000E+000
   779.812434375286       0.000000000000000E+000
   779.885867327452       0.000000000000000E+000
   779.959300279617       0.000000000000000E+000
   780.032733231783       0.000000000000000E+000
   780.106166183949       0.000000000000000E+000
   780.179599136114       0.000000000000000E+000
   780.253032088280       0.000000000000000E+000
   780.326465040445       0.000000000000000E+000
   780.399897992611       0.000000000000000E+000
   780.473330944777       0.000000000000000E+000
   780.546763896942       0.000000000000000E+000
   780.620196849108       0.000000000000000E+000
   780.693629801273       0.000000000000000E+000
   780.767062753439       0.000000000000000E+000
   780.840495705605       0.000000000000000E+000
   780.913928657770       0.000000000000000E+000
   780.987361609936       0.000000000000000E+000
   781.060794562101       0.000000000000000E+000
   781.134227514267       0.000000000000000E+000
   781.207660466433       0.000000000000000E+000
   781.281093418598       0.000000000000000E+000
   781.354526370764       0.000000000000000E+000
   781.427959322929       0.000000000000000E+000
   781.501392275095       0.000000000000000E+000
   781.574825227261       0.000000000000000E+000
   781.648258179426       0.000000000000000E+000
   781.721691131592       0.000000000000000E+000
   781.795124083757       0.000000000000000E+000
   781.868557035923       0.000000000000000E+000
   781.941989988089       0.000000000000000E+000
   782.015422940254       0.000000000000000E+000
   782.088855892420       0.000000000000000E+000
   782.162288844585       0.000000000000000E+000
   782.235721796751       0.000000000000000E+000
   782.309154748917       0.000000000000000E+000
   782.382587701082       0.000000000000000E+000
   782.456020653248       0.000000000000000E+000
   782.529453605413       0.000000000000000E+000
   782.602886557579       0.000000000000000E+000
   782.676319509745       0.000000000000000E+000
   782.749752461910       0.000000000000000E+000
   782.823185414076       0.000000000000000E+000
   782.896618366241       0.000000000000000E+000
   782.970051318407       0.000000000000000E+000
   783.043484270573       0.000000000000000E+000
   783.116917222738       0.000000000000000E+000
   783.190350174904       0.000000000000000E+000
   783.263783127069       0.000000000000000E+000
   783.337216079235       0.000000000000000E+000
   783.410649031401       0.000000000000000E+000
   783.484081983566       0.000000000000000E+000
   783.557514935732       0.000000000000000E+000
   783.630947887897       0.000000000000000E+000
   783.704380840063       0.000000000000000E+000
   783.777813792229       0.000000000000000E+000
   783.851246744394       0.000000000000000E+000
   783.924679696560       0.000000000000000E+000
   783.998112648726       0.000000000000000E+000
   784.071545600891       0.000000000000000E+000
   784.144978553057       0.000000000000000E+000
   784.218411505222       0.000000000000000E+000
   784.291844457388       0.000000000000000E+000
   784.365277409554       0.000000000000000E+000
   784.438710361719       0.000000000000000E+000
   784.512143313885       0.000000000000000E+000
   784.585576266050       0.000000000000000E+000
   784.659009218216       0.000000000000000E+000
   784.732442170382       0.000000000000000E+000
   784.805875122547       0.000000000000000E+000
   784.879308074713       0.000000000000000E+000
   784.952741026878       0.000000000000000E+000
   785.026173979044       0.000000000000000E+000
   785.099606931210       0.000000000000000E+000
   785.173039883375       0.000000000000000E+000
   785.246472835541       0.000000000000000E+000
   785.319905787706       0.000000000000000E+000
   785.393338739872       0.000000000000000E+000
   785.466771692038       0.000000000000000E+000
   785.540204644203       0.000000000000000E+000
   785.613637596369       0.000000000000000E+000
   785.687070548534       0.000000000000000E+000
   785.760503500700       0.000000000000000E+000
   785.833936452866       0.000000000000000E+000
   785.907369405031       0.000000000000000E+000
   785.980802357197       0.000000000000000E+000
   786.054235309362       0.000000000000000E+000
   786.127668261528       0.000000000000000E+000
   786.201101213694       0.000000000000000E+000
   786.274534165859       0.000000000000000E+000
   786.347967118025       0.000000000000000E+000
   786.421400070190       0.000000000000000E+000
   786.494833022356       0.000000000000000E+000
   786.568265974522       0.000000000000000E+000
   786.641698926687       0.000000000000000E+000
   786.715131878853       0.000000000000000E+000
   786.788564831018       0.000000000000000E+000
   786.861997783184       0.000000000000000E+000
   786.935430735350       0.000000000000000E+000
   787.008863687515       0.000000000000000E+000
   787.082296639681       0.000000000000000E+000
   787.155729591846       0.000000000000000E+000
   787.229162544012       0.000000000000000E+000
   787.302595496178       0.000000000000000E+000
   787.376028448343       0.000000000000000E+000
   787.449461400509       0.000000000000000E+000
   787.522894352674       0.000000000000000E+000
   787.596327304840       0.000000000000000E+000
   787.669760257006       0.000000000000000E+000
   787.743193209171       0.000000000000000E+000
   787.816626161337       0.000000000000000E+000
   787.890059113503       0.000000000000000E+000
   787.963492065668       0.000000000000000E+000
   788.036925017834       0.000000000000000E+000
   788.110357969999       0.000000000000000E+000
   788.183790922165       0.000000000000000E+000
   788.257223874331       0.000000000000000E+000
   788.330656826496       0.000000000000000E+000
   788.404089778662       0.000000000000000E+000
   788.477522730827       0.000000000000000E+000
   788.550955682993       0.000000000000000E+000
   788.624388635159       0.000000000000000E+000
   788.697821587324       0.000000000000000E+000
   788.771254539490       0.000000000000000E+000
   788.844687491655       0.000000000000000E+000
   788.918120443821       0.000000000000000E+000
   788.991553395987       0.000000000000000E+000
   789.064986348152       0.000000000000000E+000
   789.138419300318       0.000000000000000E+000
   789.211852252483       0.000000000000000E+000
   789.285285204649       0.000000000000000E+000
   789.358718156815       0.000000000000000E+000
   789.432151108980       0.000000000000000E+000
   789.505584061146       0.000000000000000E+000
   789.579017013311       0.000000000000000E+000
   789.652449965477       0.000000000000000E+000
   789.725882917643       0.000000000000000E+000
   789.799315869808       0.000000000000000E+000
   789.872748821974       0.000000000000000E+000
   789.946181774139       0.000000000000000E+000
   790.019614726305       0.000000000000000E+000
   790.093047678471       0.000000000000000E+000
   790.166480630636       0.000000000000000E+000
   790.239913582802       0.000000000000000E+000
   790.313346534967       0.000000000000000E+000
   790.386779487133       0.000000000000000E+000
   790.460212439299       0.000000000000000E+000
   790.533645391464       0.000000000000000E+000
   790.607078343630       0.000000000000000E+000
   790.680511295795       0.000000000000000E+000
   790.753944247961       0.000000000000000E+000
   790.827377200127       0.000000000000000E+000
   790.900810152292       0.000000000000000E+000
   790.974243104458       0.000000000000000E+000
   791.047676056623       0.000000000000000E+000
   791.121109008789       0.000000000000000E+000
   791.194541960955       0.000000000000000E+000
   791.267974913120       0.000000000000000E+000
   791.341407865286       0.000000000000000E+000
   791.414840817451       0.000000000000000E+000
   791.488273769617       0.000000000000000E+000
   791.561706721783       0.000000000000000E+000
   791.635139673948       0.000000000000000E+000
   791.708572626114       0.000000000000000E+000
   791.782005578279       0.000000000000000E+000
   791.855438530445       0.000000000000000E+000
   791.928871482611       0.000000000000000E+000
   792.002304434776       0.000000000000000E+000
   792.075737386942       0.000000000000000E+000
   792.149170339108       0.000000000000000E+000
   792.222603291273       0.000000000000000E+000
   792.296036243439       0.000000000000000E+000
   792.369469195604       0.000000000000000E+000
   792.442902147770       0.000000000000000E+000
   792.516335099936       0.000000000000000E+000
   792.589768052101       0.000000000000000E+000
   792.663201004267       0.000000000000000E+000
   792.736633956432       0.000000000000000E+000
   792.810066908598       0.000000000000000E+000
   792.883499860764       0.000000000000000E+000
   792.956932812929       0.000000000000000E+000
   793.030365765095       0.000000000000000E+000
   793.103798717260       0.000000000000000E+000
   793.177231669426       0.000000000000000E+000
   793.250664621592       0.000000000000000E+000
   793.324097573757       0.000000000000000E+000
   793.397530525923       0.000000000000000E+000
   793.470963478088       0.000000000000000E+000
   793.544396430254       0.000000000000000E+000
   793.617829382420       0.000000000000000E+000
   793.691262334585       0.000000000000000E+000
   793.764695286751       0.000000000000000E+000
   793.838128238916       0.000000000000000E+000
   793.911561191082       0.000000000000000E+000
   793.984994143248       0.000000000000000E+000
   794.058427095413       0.000000000000000E+000
   794.131860047579       0.000000000000000E+000
   794.205292999744       0.000000000000000E+000
   794.278725951910       0.000000000000000E+000
   794.352158904076       0.000000000000000E+000
   794.425591856241       0.000000000000000E+000
   794.499024808407       0.000000000000000E+000
   794.572457760572       0.000000000000000E+000
   794.645890712738       0.000000000000000E+000
   794.719323664904       0.000000000000000E+000
   794.792756617069       0.000000000000000E+000
   794.866189569235       0.000000000000000E+000
   794.939622521400       0.000000000000000E+000
   795.013055473566       0.000000000000000E+000
   795.086488425732       0.000000000000000E+000
   795.159921377897       0.000000000000000E+000
   795.233354330063       0.000000000000000E+000
   795.306787282228       0.000000000000000E+000
   795.380220234394       0.000000000000000E+000
   795.453653186560       0.000000000000000E+000
   795.527086138725       0.000000000000000E+000
   795.600519090891       0.000000000000000E+000
   795.673952043056       0.000000000000000E+000
   795.747384995222       0.000000000000000E+000
   795.820817947388       0.000000000000000E+000
   795.894250899553       0.000000000000000E+000
   795.967683851719       0.000000000000000E+000
   796.041116803885       0.000000000000000E+000
   796.114549756050       0.000000000000000E+000
   796.187982708216       0.000000000000000E+000
   796.261415660381       0.000000000000000E+000
   796.334848612547       0.000000000000000E+000
   796.408281564713       0.000000000000000E+000
   796.481714516878       0.000000000000000E+000
   796.555147469044       0.000000000000000E+000
   796.628580421209       0.000000000000000E+000
   796.702013373375       0.000000000000000E+000
   796.775446325541       0.000000000000000E+000
   796.848879277706       0.000000000000000E+000
   796.922312229872       0.000000000000000E+000
   796.995745182037       0.000000000000000E+000
   797.069178134203       0.000000000000000E+000
   797.142611086369       0.000000000000000E+000
   797.216044038534       0.000000000000000E+000
   797.289476990700       0.000000000000000E+000
   797.362909942865       0.000000000000000E+000
   797.436342895031       0.000000000000000E+000
   797.509775847197       0.000000000000000E+000
   797.583208799362       0.000000000000000E+000
   797.656641751528       0.000000000000000E+000
   797.730074703693       0.000000000000000E+000
   797.803507655859       0.000000000000000E+000
   797.876940608025       0.000000000000000E+000
   797.950373560190       0.000000000000000E+000
   798.023806512356       0.000000000000000E+000
   798.097239464521       0.000000000000000E+000
   798.170672416687       0.000000000000000E+000
   798.244105368853       0.000000000000000E+000
   798.317538321018       0.000000000000000E+000
   798.390971273184       0.000000000000000E+000
   798.464404225349       0.000000000000000E+000
   798.537837177515       0.000000000000000E+000
   798.611270129681       0.000000000000000E+000
   798.684703081846       0.000000000000000E+000
   798.758136034012       0.000000000000000E+000
   798.831568986177       0.000000000000000E+000
   798.905001938343       0.000000000000000E+000
   798.978434890509       0.000000000000000E+000
   799.051867842674       0.000000000000000E+000
   799.125300794840       0.000000000000000E+000
   799.198733747005       0.000000000000000E+000
   799.272166699171       0.000000000000000E+000
   799.345599651337       0.000000000000000E+000
   799.419032603502       0.000000000000000E+000
   799.492465555668       0.000000000000000E+000
   799.565898507833       0.000000000000000E+000
   799.639331459999       0.000000000000000E+000
   799.712764412165       0.000000000000000E+000
   799.786197364330       0.000000000000000E+000
   799.859630316496       0.000000000000000E+000
   799.933063268661       0.000000000000000E+000
   800.006496220827       0.000000000000000E+000
   800.079929172993       0.000000000000000E+000
   800.153362125158       0.000000000000000E+000
   800.226795077324       0.000000000000000E+000
   800.300228029490       0.000000000000000E+000
   800.373660981655       0.000000000000000E+000
   800.447093933821       0.000000000000000E+000
   800.520526885986       0.000000000000000E+000
   800.593959838152       0.000000000000000E+000
   800.667392790318       0.000000000000000E+000
   800.740825742483       0.000000000000000E+000
   800.814258694649       0.000000000000000E+000
   800.887691646814       0.000000000000000E+000
   800.961124598980       0.000000000000000E+000
   801.034557551146       0.000000000000000E+000
   801.107990503311       0.000000000000000E+000
   801.181423455477       0.000000000000000E+000
   801.254856407642       0.000000000000000E+000
   801.328289359808       0.000000000000000E+000
   801.401722311974       0.000000000000000E+000
   801.475155264139       0.000000000000000E+000
   801.548588216305       0.000000000000000E+000
   801.622021168470       0.000000000000000E+000
   801.695454120636       0.000000000000000E+000
   801.768887072802       0.000000000000000E+000
   801.842320024967       0.000000000000000E+000
   801.915752977133       0.000000000000000E+000
   801.989185929298       0.000000000000000E+000
   802.062618881464       0.000000000000000E+000
   802.136051833630       0.000000000000000E+000
   802.209484785795       0.000000000000000E+000
   802.282917737961       0.000000000000000E+000
   802.356350690126       0.000000000000000E+000
   802.429783642292       0.000000000000000E+000
   802.503216594458       0.000000000000000E+000
   802.576649546623       0.000000000000000E+000
   802.650082498789       0.000000000000000E+000
   802.723515450954       0.000000000000000E+000
   802.796948403120       0.000000000000000E+000
   802.870381355286       0.000000000000000E+000
   802.943814307451       0.000000000000000E+000
   803.017247259617       0.000000000000000E+000
   803.090680211782       0.000000000000000E+000
   803.164113163948       0.000000000000000E+000
   803.237546116114       0.000000000000000E+000
   803.310979068279       0.000000000000000E+000
   803.384412020445       0.000000000000000E+000
   803.457844972610       0.000000000000000E+000
   803.531277924776       0.000000000000000E+000
   803.604710876942       0.000000000000000E+000
   803.678143829107       0.000000000000000E+000
   803.751576781273       0.000000000000000E+000
   803.825009733438       0.000000000000000E+000
   803.898442685604       0.000000000000000E+000
   803.971875637770       0.000000000000000E+000
   804.045308589935       0.000000000000000E+000
   804.118741542101       0.000000000000000E+000
   804.192174494267       0.000000000000000E+000
   804.265607446432       0.000000000000000E+000
   804.339040398598       0.000000000000000E+000
   804.412473350763       0.000000000000000E+000
   804.485906302929       0.000000000000000E+000
   804.559339255095       0.000000000000000E+000
   804.632772207260       0.000000000000000E+000
   804.706205159426       0.000000000000000E+000
   804.779638111591       0.000000000000000E+000
   804.853071063757       0.000000000000000E+000
   804.926504015923       0.000000000000000E+000
   804.999936968088       0.000000000000000E+000
   805.073369920254       0.000000000000000E+000
   805.146802872419       0.000000000000000E+000
   805.220235824585       0.000000000000000E+000
   805.293668776751       0.000000000000000E+000
   805.367101728916       0.000000000000000E+000
   805.440534681082       0.000000000000000E+000
   805.513967633247       0.000000000000000E+000
   805.587400585413       0.000000000000000E+000
   805.660833537579       0.000000000000000E+000
   805.734266489744       0.000000000000000E+000
   805.807699441910       0.000000000000000E+000
   805.881132394075       0.000000000000000E+000
   805.954565346241       0.000000000000000E+000
   806.027998298407       0.000000000000000E+000
   806.101431250572       0.000000000000000E+000
   806.174864202738       0.000000000000000E+000
   806.248297154903       0.000000000000000E+000
   806.321730107069       0.000000000000000E+000
   806.395163059235       0.000000000000000E+000
   806.468596011400       0.000000000000000E+000
   806.542028963566       0.000000000000000E+000
   806.615461915731       0.000000000000000E+000
   806.688894867897       0.000000000000000E+000
   806.762327820063       0.000000000000000E+000
   806.835760772228       0.000000000000000E+000
   806.909193724394       0.000000000000000E+000
   806.982626676559       0.000000000000000E+000
   807.056059628725       0.000000000000000E+000
   807.129492580891       0.000000000000000E+000
   807.202925533056       0.000000000000000E+000
   807.276358485222       0.000000000000000E+000
   807.349791437387       0.000000000000000E+000
   807.423224389553       0.000000000000000E+000
   807.496657341719       0.000000000000000E+000
   807.570090293884       0.000000000000000E+000
   807.643523246050       0.000000000000000E+000
   807.716956198215       0.000000000000000E+000
   807.790389150381       0.000000000000000E+000
   807.863822102547       0.000000000000000E+000
   807.937255054712       0.000000000000000E+000
   808.010688006878       0.000000000000000E+000
   808.084120959044       0.000000000000000E+000
   808.157553911209       0.000000000000000E+000
   808.230986863375       0.000000000000000E+000
   808.304419815540       0.000000000000000E+000
   808.377852767706       0.000000000000000E+000
   808.451285719872       0.000000000000000E+000
   808.524718672037       0.000000000000000E+000
   808.598151624203       0.000000000000000E+000
   808.671584576368       0.000000000000000E+000
   808.745017528534       0.000000000000000E+000
   808.818450480700       0.000000000000000E+000
   808.891883432865       0.000000000000000E+000
   808.965316385031       0.000000000000000E+000
   809.038749337196       0.000000000000000E+000
   809.112182289362       0.000000000000000E+000
   809.185615241528       0.000000000000000E+000
   809.259048193693       0.000000000000000E+000
   809.332481145859       0.000000000000000E+000
   809.405914098024       0.000000000000000E+000
   809.479347050190       0.000000000000000E+000
   809.552780002356       0.000000000000000E+000
   809.626212954521       0.000000000000000E+000
   809.699645906687       0.000000000000000E+000
   809.773078858852       0.000000000000000E+000
   809.846511811018       0.000000000000000E+000
   809.919944763184       0.000000000000000E+000
   809.993377715349       0.000000000000000E+000
   810.066810667515       0.000000000000000E+000
   810.140243619680       0.000000000000000E+000
   810.213676571846       0.000000000000000E+000
   810.287109524012       0.000000000000000E+000
   810.360542476177       0.000000000000000E+000
   810.433975428343       0.000000000000000E+000
   810.507408380508       0.000000000000000E+000
   810.580841332674       0.000000000000000E+000
   810.654274284840       0.000000000000000E+000
   810.727707237005       0.000000000000000E+000
   810.801140189171       0.000000000000000E+000
   810.874573141336       0.000000000000000E+000
   810.948006093502       0.000000000000000E+000
   811.021439045668       0.000000000000000E+000
   811.094871997833       0.000000000000000E+000
   811.168304949999       0.000000000000000E+000
   811.241737902164       0.000000000000000E+000
   811.315170854330       0.000000000000000E+000
   811.388603806496       0.000000000000000E+000
   811.462036758661       0.000000000000000E+000
   811.535469710827       0.000000000000000E+000
   811.608902662992       0.000000000000000E+000
   811.682335615158       0.000000000000000E+000
   811.755768567324       0.000000000000000E+000
   811.829201519489       0.000000000000000E+000
   811.902634471655       0.000000000000000E+000
   811.976067423820       0.000000000000000E+000
   812.049500375986       0.000000000000000E+000
   812.122933328152       0.000000000000000E+000
   812.196366280317       0.000000000000000E+000
   812.269799232483       0.000000000000000E+000
   812.343232184649       0.000000000000000E+000
   812.416665136814       0.000000000000000E+000
   812.490098088980       0.000000000000000E+000
   812.563531041145       0.000000000000000E+000
   812.636963993311       0.000000000000000E+000
   812.710396945477       0.000000000000000E+000
   812.783829897642       0.000000000000000E+000
   812.857262849808       0.000000000000000E+000
   812.930695801973       0.000000000000000E+000
   813.004128754139       0.000000000000000E+000
   813.077561706305       0.000000000000000E+000
   813.150994658470       0.000000000000000E+000
   813.224427610636       0.000000000000000E+000
   813.297860562801       0.000000000000000E+000
   813.371293514967       0.000000000000000E+000
   813.444726467133       0.000000000000000E+000
   813.518159419298       0.000000000000000E+000
   813.591592371464       0.000000000000000E+000
   813.665025323629       0.000000000000000E+000
   813.738458275795       0.000000000000000E+000
   813.811891227961       0.000000000000000E+000
   813.885324180126       0.000000000000000E+000
   813.958757132292       0.000000000000000E+000
   814.032190084457       0.000000000000000E+000
   814.105623036623       0.000000000000000E+000
   814.179055988789       0.000000000000000E+000
   814.252488940954       0.000000000000000E+000
   814.325921893120       0.000000000000000E+000
   814.399354845285       0.000000000000000E+000
   814.472787797451       0.000000000000000E+000
   814.546220749617       0.000000000000000E+000
   814.619653701782       0.000000000000000E+000
   814.693086653948       0.000000000000000E+000
   814.766519606113       0.000000000000000E+000
   814.839952558279       0.000000000000000E+000
   814.913385510445       0.000000000000000E+000
   814.986818462610       0.000000000000000E+000
   815.060251414776       0.000000000000000E+000
   815.133684366941       0.000000000000000E+000
   815.207117319107       0.000000000000000E+000
   815.280550271273       0.000000000000000E+000
   815.353983223438       0.000000000000000E+000
   815.427416175604       0.000000000000000E+000
   815.500849127769       0.000000000000000E+000
   815.574282079935       0.000000000000000E+000
   815.647715032101       0.000000000000000E+000
   815.721147984266       0.000000000000000E+000
   815.794580936432       0.000000000000000E+000
   815.868013888597       0.000000000000000E+000
   815.941446840763       0.000000000000000E+000
   816.014879792929       0.000000000000000E+000
   816.088312745094       0.000000000000000E+000
   816.161745697260       0.000000000000000E+000
   816.235178649426       0.000000000000000E+000
   816.308611601591       0.000000000000000E+000
   816.382044553757       0.000000000000000E+000
   816.455477505922       0.000000000000000E+000
   816.528910458088       0.000000000000000E+000
   816.602343410254       0.000000000000000E+000
   816.675776362419       0.000000000000000E+000
   816.749209314585       0.000000000000000E+000
   816.822642266750       0.000000000000000E+000
   816.896075218916       0.000000000000000E+000
   816.969508171082       0.000000000000000E+000
   817.042941123247       0.000000000000000E+000
   817.116374075413       0.000000000000000E+000
   817.189807027578       0.000000000000000E+000
   817.263239979744       0.000000000000000E+000
   817.336672931910       0.000000000000000E+000
   817.410105884075       0.000000000000000E+000
   817.483538836241       0.000000000000000E+000
   817.556971788406       0.000000000000000E+000
   817.630404740572       0.000000000000000E+000
   817.703837692738       0.000000000000000E+000
   817.777270644903       0.000000000000000E+000
   817.850703597069       0.000000000000000E+000
   817.924136549234       0.000000000000000E+000
   817.997569501400       0.000000000000000E+000
   818.071002453566       0.000000000000000E+000
   818.144435405731       0.000000000000000E+000
   818.217868357897       0.000000000000000E+000
   818.291301310062       0.000000000000000E+000
   818.364734262228       0.000000000000000E+000
   818.438167214394       0.000000000000000E+000
   818.511600166559       0.000000000000000E+000
   818.585033118725       0.000000000000000E+000
   818.658466070890       0.000000000000000E+000
   818.731899023056       0.000000000000000E+000
   818.805331975222       0.000000000000000E+000
   818.878764927387       0.000000000000000E+000
   818.952197879553       0.000000000000000E+000
   819.025630831718       0.000000000000000E+000
   819.099063783884       0.000000000000000E+000
   819.172496736050       0.000000000000000E+000
   819.245929688215       0.000000000000000E+000
   819.319362640381       0.000000000000000E+000
   819.392795592546       0.000000000000000E+000
   819.466228544712       0.000000000000000E+000
   819.539661496878       0.000000000000000E+000
   819.613094449043       0.000000000000000E+000
   819.686527401209       0.000000000000000E+000
   819.759960353374       0.000000000000000E+000
   819.833393305540       0.000000000000000E+000
   819.906826257706       0.000000000000000E+000
   819.980259209871       0.000000000000000E+000
   820.053692162037       0.000000000000000E+000
   820.127125114202       0.000000000000000E+000
   820.200558066368       0.000000000000000E+000
   820.273991018534       0.000000000000000E+000
   820.347423970699       0.000000000000000E+000
   820.420856922865       0.000000000000000E+000
   820.494289875031       0.000000000000000E+000
   820.567722827196       0.000000000000000E+000
   820.641155779362       0.000000000000000E+000
   820.714588731527       0.000000000000000E+000
   820.788021683693       0.000000000000000E+000
   820.861454635859       0.000000000000000E+000
   820.934887588024       0.000000000000000E+000
   821.008320540190       0.000000000000000E+000
   821.081753492355       0.000000000000000E+000
   821.155186444521       0.000000000000000E+000
   821.228619396687       0.000000000000000E+000
   821.302052348852       0.000000000000000E+000
   821.375485301018       0.000000000000000E+000
   821.448918253183       0.000000000000000E+000
   821.522351205349       0.000000000000000E+000
   821.595784157515       0.000000000000000E+000
   821.669217109680       0.000000000000000E+000
   821.742650061846       0.000000000000000E+000
   821.816083014011       0.000000000000000E+000
   821.889515966177       0.000000000000000E+000
   821.962948918343       0.000000000000000E+000
   822.036381870508       0.000000000000000E+000
   822.109814822674       0.000000000000000E+000
   822.183247774839       0.000000000000000E+000
   822.256680727005       0.000000000000000E+000
   822.330113679171       0.000000000000000E+000
   822.403546631336       0.000000000000000E+000
   822.476979583502       0.000000000000000E+000
   822.550412535667       0.000000000000000E+000
   822.623845487833       0.000000000000000E+000
   822.697278439999       0.000000000000000E+000
   822.770711392164       0.000000000000000E+000
   822.844144344330       0.000000000000000E+000
   822.917577296495       0.000000000000000E+000
   822.991010248661       0.000000000000000E+000
   823.064443200827       0.000000000000000E+000
   823.137876152992       0.000000000000000E+000
   823.211309105158       0.000000000000000E+000
   823.284742057323       0.000000000000000E+000
   823.358175009489       0.000000000000000E+000
   823.431607961655       0.000000000000000E+000
   823.505040913820       0.000000000000000E+000
   823.578473865986       0.000000000000000E+000
   823.651906818151       0.000000000000000E+000
   823.725339770317       0.000000000000000E+000
   823.798772722483       0.000000000000000E+000
   823.872205674648       0.000000000000000E+000
   823.945638626814       0.000000000000000E+000
   824.019071578979       0.000000000000000E+000
   824.092504531145       0.000000000000000E+000
   824.165937483311       0.000000000000000E+000
   824.239370435476       0.000000000000000E+000
   824.312803387642       0.000000000000000E+000
   824.386236339808       0.000000000000000E+000
   824.459669291973       0.000000000000000E+000
   824.533102244139       0.000000000000000E+000
   824.606535196304       0.000000000000000E+000
   824.679968148470       0.000000000000000E+000
   824.753401100636       0.000000000000000E+000
   824.826834052801       0.000000000000000E+000
   824.900267004967       0.000000000000000E+000
   824.973699957132       0.000000000000000E+000
   825.047132909298       0.000000000000000E+000
   825.120565861464       0.000000000000000E+000
   825.193998813629       0.000000000000000E+000
   825.267431765795       0.000000000000000E+000
   825.340864717960       0.000000000000000E+000
   825.414297670126       0.000000000000000E+000
   825.487730622292       0.000000000000000E+000
   825.561163574457       0.000000000000000E+000
   825.634596526623       0.000000000000000E+000
   825.708029478788       0.000000000000000E+000
   825.781462430954       0.000000000000000E+000
   825.854895383120       0.000000000000000E+000
   825.928328335285       0.000000000000000E+000
   826.001761287451       0.000000000000000E+000
   826.075194239616       0.000000000000000E+000
   826.148627191782       0.000000000000000E+000
   826.222060143948       0.000000000000000E+000
   826.295493096113       0.000000000000000E+000
   826.368926048279       0.000000000000000E+000
   826.442359000444       0.000000000000000E+000
   826.515791952610       0.000000000000000E+000
   826.589224904776       0.000000000000000E+000
   826.662657856941       0.000000000000000E+000
   826.736090809107       0.000000000000000E+000
   826.809523761272       0.000000000000000E+000
   826.882956713438       0.000000000000000E+000
   826.956389665604       0.000000000000000E+000
   827.029822617769       0.000000000000000E+000
   827.103255569935       0.000000000000000E+000
   827.176688522100       0.000000000000000E+000
   827.250121474266       0.000000000000000E+000
   827.323554426432       0.000000000000000E+000
   827.396987378597       0.000000000000000E+000
   827.470420330763       0.000000000000000E+000
   827.543853282928       0.000000000000000E+000
   827.617286235094       0.000000000000000E+000
   827.690719187260       0.000000000000000E+000
   827.764152139425       0.000000000000000E+000
   827.837585091591       0.000000000000000E+000
   827.911018043756       0.000000000000000E+000
   827.984450995922       0.000000000000000E+000
   828.057883948088       0.000000000000000E+000
   828.131316900253       0.000000000000000E+000
   828.204749852419       0.000000000000000E+000
   828.278182804585       0.000000000000000E+000
   828.351615756750       0.000000000000000E+000
   828.425048708916       0.000000000000000E+000
   828.498481661081       0.000000000000000E+000
   828.571914613247       0.000000000000000E+000
   828.645347565413       0.000000000000000E+000
   828.718780517578       0.000000000000000E+000
   828.792213469744       0.000000000000000E+000
   828.865646421909       0.000000000000000E+000
   828.939079374075       0.000000000000000E+000
   829.012512326241       0.000000000000000E+000
   829.085945278406       0.000000000000000E+000
   829.159378230572       0.000000000000000E+000
   829.232811182737       0.000000000000000E+000
   829.306244134903       0.000000000000000E+000
   829.379677087069       0.000000000000000E+000
   829.453110039234       0.000000000000000E+000
   829.526542991400       0.000000000000000E+000
   829.599975943565       0.000000000000000E+000
   829.673408895731       0.000000000000000E+000
   829.746841847897       0.000000000000000E+000
   829.820274800062       0.000000000000000E+000
   829.893707752228       0.000000000000000E+000
   829.967140704393       0.000000000000000E+000
   830.040573656559       0.000000000000000E+000
   830.114006608725       0.000000000000000E+000
   830.187439560890       0.000000000000000E+000
   830.260872513056       0.000000000000000E+000
   830.334305465221       0.000000000000000E+000
   830.407738417387       0.000000000000000E+000
   830.481171369553       0.000000000000000E+000
   830.554604321718       0.000000000000000E+000
   830.628037273884       0.000000000000000E+000
   830.701470226049       0.000000000000000E+000
   830.774903178215       0.000000000000000E+000
   830.848336130381       0.000000000000000E+000
   830.921769082546       0.000000000000000E+000
   830.995202034712       0.000000000000000E+000
   831.068634986877       0.000000000000000E+000
   831.142067939043       0.000000000000000E+000
   831.215500891209       0.000000000000000E+000
   831.288933843374       0.000000000000000E+000
   831.362366795540       0.000000000000000E+000
   831.435799747705       0.000000000000000E+000
   831.509232699871       0.000000000000000E+000
   831.582665652037       0.000000000000000E+000
   831.656098604202       0.000000000000000E+000
   831.729531556368       0.000000000000000E+000
   831.802964508533       0.000000000000000E+000
   831.876397460699       0.000000000000000E+000
   831.949830412865       0.000000000000000E+000
   832.023263365030       0.000000000000000E+000
   832.096696317196       0.000000000000000E+000
   832.170129269361       0.000000000000000E+000
   832.243562221527       0.000000000000000E+000
   832.316995173693       0.000000000000000E+000
   832.390428125858       0.000000000000000E+000
   832.463861078024       0.000000000000000E+000
   832.537294030190       0.000000000000000E+000
   832.610726982355       0.000000000000000E+000
   832.684159934521       0.000000000000000E+000
   832.757592886686       0.000000000000000E+000
   832.831025838852       0.000000000000000E+000
   832.904458791018       0.000000000000000E+000
   832.977891743183       0.000000000000000E+000
   833.051324695349       0.000000000000000E+000
   833.124757647514       0.000000000000000E+000
   833.198190599680       0.000000000000000E+000
   833.271623551846       0.000000000000000E+000
   833.345056504011       0.000000000000000E+000
   833.418489456177       0.000000000000000E+000
   833.491922408342       0.000000000000000E+000
   833.565355360508       0.000000000000000E+000
   833.638788312674       0.000000000000000E+000
   833.712221264839       0.000000000000000E+000
   833.785654217005       0.000000000000000E+000
   833.859087169170       0.000000000000000E+000
   833.932520121336       0.000000000000000E+000
   834.005953073502       0.000000000000000E+000
   834.079386025667       0.000000000000000E+000
   834.152818977833       0.000000000000000E+000
   834.226251929998       0.000000000000000E+000
   834.299684882164       0.000000000000000E+000
   834.373117834330       0.000000000000000E+000
   834.446550786495       0.000000000000000E+000
   834.519983738661       0.000000000000000E+000
   834.593416690826       0.000000000000000E+000
   834.666849642992       0.000000000000000E+000
   834.740282595158       0.000000000000000E+000
   834.813715547323       0.000000000000000E+000
   834.887148499489       0.000000000000000E+000
   834.960581451654       0.000000000000000E+000
   835.034014403820       0.000000000000000E+000
   835.107447355986       0.000000000000000E+000
   835.180880308151       0.000000000000000E+000
   835.254313260317       0.000000000000000E+000
   835.327746212482       0.000000000000000E+000
   835.401179164648       0.000000000000000E+000
   835.474612116814       0.000000000000000E+000
   835.548045068979       0.000000000000000E+000
   835.621478021145       0.000000000000000E+000
   835.694910973310       0.000000000000000E+000
   835.768343925476       0.000000000000000E+000
   835.841776877642       0.000000000000000E+000
   835.915209829807       0.000000000000000E+000
   835.988642781973       0.000000000000000E+000
   836.062075734138       0.000000000000000E+000
   836.135508686304       0.000000000000000E+000
   836.208941638470       0.000000000000000E+000
   836.282374590635       0.000000000000000E+000
   836.355807542801       0.000000000000000E+000
   836.429240494967       0.000000000000000E+000
   836.502673447132       0.000000000000000E+000
   836.576106399298       0.000000000000000E+000
   836.649539351463       0.000000000000000E+000
   836.722972303629       0.000000000000000E+000
   836.796405255795       0.000000000000000E+000
   836.869838207960       0.000000000000000E+000
   836.943271160126       0.000000000000000E+000
   837.016704112291       0.000000000000000E+000
   837.090137064457       0.000000000000000E+000
   837.163570016623       0.000000000000000E+000
   837.237002968788       0.000000000000000E+000
   837.310435920954       0.000000000000000E+000
   837.383868873119       0.000000000000000E+000
   837.457301825285       0.000000000000000E+000
   837.530734777451       0.000000000000000E+000
   837.604167729616       0.000000000000000E+000
   837.677600681782       0.000000000000000E+000
   837.751033633947       0.000000000000000E+000
   837.824466586113       0.000000000000000E+000
   837.897899538279       0.000000000000000E+000
   837.971332490444       0.000000000000000E+000
   838.044765442610       0.000000000000000E+000
   838.118198394775       0.000000000000000E+000
   838.191631346941       0.000000000000000E+000
   838.265064299107       0.000000000000000E+000
   838.338497251272       0.000000000000000E+000
   838.411930203438       0.000000000000000E+000
   838.485363155603       0.000000000000000E+000
   838.558796107769       0.000000000000000E+000
   838.632229059935       0.000000000000000E+000
   838.705662012100       0.000000000000000E+000
   838.779094964266       0.000000000000000E+000
   838.852527916431       0.000000000000000E+000
   838.925960868597       0.000000000000000E+000
   838.999393820763       0.000000000000000E+000
   839.072826772928       0.000000000000000E+000
   839.146259725094       0.000000000000000E+000
   839.219692677259       0.000000000000000E+000
   839.293125629425       0.000000000000000E+000
   839.366558581591       0.000000000000000E+000
   839.439991533756       0.000000000000000E+000
   839.513424485922       0.000000000000000E+000
   839.586857438087       0.000000000000000E+000
   839.660290390253       0.000000000000000E+000
   839.733723342419       0.000000000000000E+000
   839.807156294584       0.000000000000000E+000
   839.880589246750       0.000000000000000E+000
   839.954022198915       0.000000000000000E+000
   840.027455151081       0.000000000000000E+000
   840.100888103247       0.000000000000000E+000
   840.174321055412       0.000000000000000E+000
   840.247754007578       0.000000000000000E+000
   840.321186959743       0.000000000000000E+000
   840.394619911909       0.000000000000000E+000
   840.468052864075       0.000000000000000E+000
   840.541485816240       0.000000000000000E+000
   840.614918768406       0.000000000000000E+000
   840.688351720572       0.000000000000000E+000
   840.761784672737       0.000000000000000E+000
   840.835217624903       0.000000000000000E+000
   840.908650577068       0.000000000000000E+000
   840.982083529234       0.000000000000000E+000
   841.055516481400       0.000000000000000E+000
   841.128949433565       0.000000000000000E+000
   841.202382385731       0.000000000000000E+000
   841.275815337896       0.000000000000000E+000
   841.349248290062       0.000000000000000E+000
   841.422681242228       0.000000000000000E+000
   841.496114194393       0.000000000000000E+000
   841.569547146559       0.000000000000000E+000
   841.642980098724       0.000000000000000E+000
   841.716413050890       0.000000000000000E+000
   841.789846003056       0.000000000000000E+000
   841.863278955221       0.000000000000000E+000
   841.936711907387       0.000000000000000E+000
   842.010144859552       0.000000000000000E+000
   842.083577811718       0.000000000000000E+000
   842.157010763884       0.000000000000000E+000
   842.230443716049       0.000000000000000E+000
   842.303876668215       0.000000000000000E+000
   842.377309620380       0.000000000000000E+000
   842.450742572546       0.000000000000000E+000
   842.524175524712       0.000000000000000E+000
   842.597608476877       0.000000000000000E+000
   842.671041429043       0.000000000000000E+000
   842.744474381208       0.000000000000000E+000
   842.817907333374       0.000000000000000E+000
   842.891340285540       0.000000000000000E+000
   842.964773237705       0.000000000000000E+000
   843.038206189871       0.000000000000000E+000
   843.111639142036       0.000000000000000E+000
   843.185072094202       0.000000000000000E+000
   843.258505046368       0.000000000000000E+000
   843.331937998533       0.000000000000000E+000
   843.405370950699       0.000000000000000E+000
   843.478803902864       0.000000000000000E+000
   843.552236855030       0.000000000000000E+000
   843.625669807196       0.000000000000000E+000
   843.699102759361       0.000000000000000E+000
   843.772535711527       0.000000000000000E+000
   843.845968663692       0.000000000000000E+000
   843.919401615858       0.000000000000000E+000
   843.992834568024       0.000000000000000E+000
   844.066267520189       0.000000000000000E+000
   844.139700472355       0.000000000000000E+000
   844.213133424520       0.000000000000000E+000
   844.286566376686       0.000000000000000E+000
   844.359999328852       0.000000000000000E+000
   844.433432281017       0.000000000000000E+000
   844.506865233183       0.000000000000000E+000
   844.580298185349       0.000000000000000E+000
   844.653731137514       0.000000000000000E+000
   844.727164089680       0.000000000000000E+000
   844.800597041845       0.000000000000000E+000
   844.874029994011       0.000000000000000E+000
   844.947462946177       0.000000000000000E+000
   845.020895898342       0.000000000000000E+000
   845.094328850508       0.000000000000000E+000
   845.167761802673       0.000000000000000E+000
   845.241194754839       0.000000000000000E+000
   845.314627707005       0.000000000000000E+000
   845.388060659170       0.000000000000000E+000
   845.461493611336       0.000000000000000E+000
   845.534926563501       0.000000000000000E+000
   845.608359515667       0.000000000000000E+000
   845.681792467833       0.000000000000000E+000
   845.755225419998       0.000000000000000E+000
   845.828658372164       0.000000000000000E+000
   845.902091324329       0.000000000000000E+000
   845.975524276495       0.000000000000000E+000
   846.048957228661       0.000000000000000E+000
   846.122390180826       0.000000000000000E+000
   846.195823132992       0.000000000000000E+000
   846.269256085157       0.000000000000000E+000
   846.342689037323       0.000000000000000E+000
   846.416121989489       0.000000000000000E+000
   846.489554941654       0.000000000000000E+000
   846.562987893820       0.000000000000000E+000
   846.636420845985       0.000000000000000E+000
   846.709853798151       0.000000000000000E+000
   846.783286750317       0.000000000000000E+000
   846.856719702482       0.000000000000000E+000
   846.930152654648       0.000000000000000E+000
   847.003585606813       0.000000000000000E+000
   847.077018558979       0.000000000000000E+000
   847.150451511145       0.000000000000000E+000
   847.223884463310       0.000000000000000E+000
   847.297317415476       0.000000000000000E+000
   847.370750367641       0.000000000000000E+000
   847.444183319807       0.000000000000000E+000
   847.517616271973       0.000000000000000E+000
   847.591049224138       0.000000000000000E+000
   847.664482176304       0.000000000000000E+000
   847.737915128469       0.000000000000000E+000
   847.811348080635       0.000000000000000E+000
   847.884781032801       0.000000000000000E+000
   847.958213984966       0.000000000000000E+000
   848.031646937132       0.000000000000000E+000
   848.105079889297       0.000000000000000E+000
   848.178512841463       0.000000000000000E+000
   848.251945793629       0.000000000000000E+000
   848.325378745794       0.000000000000000E+000
   848.398811697960       0.000000000000000E+000
   848.472244650126       0.000000000000000E+000
   848.545677602291       0.000000000000000E+000
   848.619110554457       0.000000000000000E+000
   848.692543506622       0.000000000000000E+000
   848.765976458788       0.000000000000000E+000
   848.839409410954       0.000000000000000E+000
   848.912842363119       0.000000000000000E+000
   848.986275315285       0.000000000000000E+000
   849.059708267450       0.000000000000000E+000
   849.133141219616       0.000000000000000E+000
   849.206574171782       0.000000000000000E+000
   849.280007123947       0.000000000000000E+000
   849.353440076113       0.000000000000000E+000
   849.426873028278       0.000000000000000E+000
   849.500305980444       0.000000000000000E+000
   849.573738932610       0.000000000000000E+000
   849.647171884775       0.000000000000000E+000
   849.720604836941       0.000000000000000E+000
   849.794037789106       0.000000000000000E+000
   849.867470741272       0.000000000000000E+000
   849.940903693438       0.000000000000000E+000
   850.014336645603       0.000000000000000E+000
   850.087769597769       0.000000000000000E+000
   850.161202549934       0.000000000000000E+000
   850.234635502100       0.000000000000000E+000
   850.308068454266       0.000000000000000E+000
   850.381501406431       0.000000000000000E+000
   850.454934358597       0.000000000000000E+000
   850.528367310762       0.000000000000000E+000
   850.601800262928       0.000000000000000E+000
   850.675233215094       0.000000000000000E+000
   850.748666167259       0.000000000000000E+000
   850.822099119425       0.000000000000000E+000
   850.895532071590       0.000000000000000E+000
   850.968965023756       0.000000000000000E+000
   851.042397975922       0.000000000000000E+000
   851.115830928087       0.000000000000000E+000
   851.189263880253       0.000000000000000E+000
   851.262696832418       0.000000000000000E+000
   851.336129784584       0.000000000000000E+000
   851.409562736750       0.000000000000000E+000
   851.482995688915       0.000000000000000E+000
   851.556428641081       0.000000000000000E+000
   851.629861593246       0.000000000000000E+000
   851.703294545412       0.000000000000000E+000
   851.776727497578       0.000000000000000E+000
   851.850160449743       0.000000000000000E+000
   851.923593401909       0.000000000000000E+000
   851.997026354074       0.000000000000000E+000
   852.070459306240       0.000000000000000E+000
   852.143892258406       0.000000000000000E+000
   852.217325210571       0.000000000000000E+000
   852.290758162737       0.000000000000000E+000
   852.364191114902       0.000000000000000E+000
   852.437624067068       0.000000000000000E+000
   852.511057019234       0.000000000000000E+000
   852.584489971399       0.000000000000000E+000
   852.657922923565       0.000000000000000E+000
   852.731355875731       0.000000000000000E+000
   852.804788827896       0.000000000000000E+000
   852.878221780062       0.000000000000000E+000
   852.951654732227       0.000000000000000E+000
   853.025087684393       0.000000000000000E+000
   853.098520636559       0.000000000000000E+000
   853.171953588724       0.000000000000000E+000
   853.245386540890       0.000000000000000E+000
   853.318819493055       0.000000000000000E+000
   853.392252445221       0.000000000000000E+000
   853.465685397387       0.000000000000000E+000
   853.539118349552       0.000000000000000E+000
   853.612551301718       0.000000000000000E+000
   853.685984253883       0.000000000000000E+000
   853.759417206049       0.000000000000000E+000
   853.832850158215       0.000000000000000E+000
   853.906283110380       0.000000000000000E+000
   853.979716062546       0.000000000000000E+000
   854.053149014711       0.000000000000000E+000
   854.126581966877       0.000000000000000E+000
   854.200014919043       0.000000000000000E+000
   854.273447871208       0.000000000000000E+000
   854.346880823374       0.000000000000000E+000
   854.420313775539       0.000000000000000E+000
   854.493746727705       0.000000000000000E+000
   854.567179679871       0.000000000000000E+000
   854.640612632036       0.000000000000000E+000
   854.714045584202       0.000000000000000E+000
   854.787478536367       0.000000000000000E+000
   854.860911488533       0.000000000000000E+000
   854.934344440699       0.000000000000000E+000
   855.007777392864       0.000000000000000E+000
   855.081210345030       0.000000000000000E+000
   855.154643297195       0.000000000000000E+000
   855.228076249361       0.000000000000000E+000
   855.301509201527       0.000000000000000E+000
   855.374942153692       0.000000000000000E+000
   855.448375105858       0.000000000000000E+000
   855.521808058023       0.000000000000000E+000
   855.595241010189       0.000000000000000E+000
   855.668673962355       0.000000000000000E+000
   855.742106914520       0.000000000000000E+000
   855.815539866686       0.000000000000000E+000
   855.888972818851       0.000000000000000E+000
   855.962405771017       0.000000000000000E+000
   856.035838723183       0.000000000000000E+000
   856.109271675348       0.000000000000000E+000
   856.182704627514       0.000000000000000E+000
   856.256137579679       0.000000000000000E+000
   856.329570531845       0.000000000000000E+000
   856.403003484011       0.000000000000000E+000
   856.476436436176       0.000000000000000E+000
   856.549869388342       0.000000000000000E+000
   856.623302340508       0.000000000000000E+000
   856.696735292673       0.000000000000000E+000
   856.770168244839       0.000000000000000E+000
   856.843601197004       0.000000000000000E+000
   856.917034149170       0.000000000000000E+000
   856.990467101336       0.000000000000000E+000
   857.063900053501       0.000000000000000E+000
   857.137333005667       0.000000000000000E+000
   857.210765957832       0.000000000000000E+000
   857.284198909998       0.000000000000000E+000
   857.357631862164       0.000000000000000E+000
   857.431064814329       0.000000000000000E+000
   857.504497766495       0.000000000000000E+000
   857.577930718660       0.000000000000000E+000
   857.651363670826       0.000000000000000E+000
   857.724796622992       0.000000000000000E+000
   857.798229575157       0.000000000000000E+000
   857.871662527323       0.000000000000000E+000
   857.945095479488       0.000000000000000E+000
   858.018528431654       0.000000000000000E+000
   858.091961383820       0.000000000000000E+000
   858.165394335985       0.000000000000000E+000
   858.238827288151       0.000000000000000E+000
   858.312260240316       0.000000000000000E+000
   858.385693192482       0.000000000000000E+000
   858.459126144648       0.000000000000000E+000
   858.532559096813       0.000000000000000E+000
   858.605992048979       0.000000000000000E+000
   858.679425001144       0.000000000000000E+000
   858.752857953310       0.000000000000000E+000
   858.826290905476       0.000000000000000E+000
   858.899723857641       0.000000000000000E+000
   858.973156809807       0.000000000000000E+000
   859.046589761972       0.000000000000000E+000
   859.120022714138       0.000000000000000E+000
   859.193455666304       0.000000000000000E+000
   859.266888618469       0.000000000000000E+000
   859.340321570635       0.000000000000000E+000
   859.413754522800       0.000000000000000E+000
   859.487187474966       0.000000000000000E+000
   859.560620427132       0.000000000000000E+000
   859.634053379297       0.000000000000000E+000
   859.707486331463       0.000000000000000E+000
   859.780919283628       0.000000000000000E+000
   859.854352235794       0.000000000000000E+000
   859.927785187960       0.000000000000000E+000
   860.001218140125       0.000000000000000E+000
   860.074651092291       0.000000000000000E+000
   860.148084044456       0.000000000000000E+000
   860.221516996622       0.000000000000000E+000
   860.294949948788       0.000000000000000E+000
   860.368382900953       0.000000000000000E+000
   860.441815853119       0.000000000000000E+000
   860.515248805285       0.000000000000000E+000
   860.588681757450       0.000000000000000E+000
   860.662114709616       0.000000000000000E+000
   860.735547661781       0.000000000000000E+000
   860.808980613947       0.000000000000000E+000
   860.882413566113       0.000000000000000E+000
   860.955846518278       0.000000000000000E+000
   861.029279470444       0.000000000000000E+000
   861.102712422609       0.000000000000000E+000
   861.176145374775       0.000000000000000E+000
   861.249578326941       0.000000000000000E+000
   861.323011279106       0.000000000000000E+000
   861.396444231272       0.000000000000000E+000
   861.469877183437       0.000000000000000E+000
   861.543310135603       0.000000000000000E+000
   861.616743087769       0.000000000000000E+000
   861.690176039934       0.000000000000000E+000
   861.763608992100       0.000000000000000E+000
   861.837041944265       0.000000000000000E+000
   861.910474896431       0.000000000000000E+000
   861.983907848597       0.000000000000000E+000
   862.057340800762       0.000000000000000E+000
   862.130773752928       0.000000000000000E+000
   862.204206705093       0.000000000000000E+000
   862.277639657259       0.000000000000000E+000
   862.351072609425       0.000000000000000E+000
   862.424505561590       0.000000000000000E+000
   862.497938513756       0.000000000000000E+000
   862.571371465921       0.000000000000000E+000
   862.644804418087       0.000000000000000E+000
   862.718237370253       0.000000000000000E+000
   862.791670322418       0.000000000000000E+000
   862.865103274584       0.000000000000000E+000
   862.938536226749       0.000000000000000E+000
   863.011969178915       0.000000000000000E+000
   863.085402131081       0.000000000000000E+000
   863.158835083246       0.000000000000000E+000
   863.232268035412       0.000000000000000E+000
   863.305700987577       0.000000000000000E+000
   863.379133939743       0.000000000000000E+000
   863.452566891909       0.000000000000000E+000
   863.525999844074       0.000000000000000E+000
   863.599432796240       0.000000000000000E+000
   863.672865748405       0.000000000000000E+000
   863.746298700571       0.000000000000000E+000
   863.819731652737       0.000000000000000E+000
   863.893164604902       0.000000000000000E+000
   863.966597557068       0.000000000000000E+000
   864.040030509233       0.000000000000000E+000
   864.113463461399       0.000000000000000E+000
   864.186896413565       0.000000000000000E+000
   864.260329365730       0.000000000000000E+000
   864.333762317896       0.000000000000000E+000
   864.407195270061       0.000000000000000E+000
   864.480628222227       0.000000000000000E+000
   864.554061174393       0.000000000000000E+000
   864.627494126558       0.000000000000000E+000
   864.700927078724       0.000000000000000E+000
   864.774360030890       0.000000000000000E+000
   864.847792983055       0.000000000000000E+000
   864.921225935221       0.000000000000000E+000
   864.994658887386       0.000000000000000E+000
   865.068091839552       0.000000000000000E+000
   865.141524791718       0.000000000000000E+000
   865.214957743883       0.000000000000000E+000
   865.288390696049       0.000000000000000E+000
   865.361823648214       0.000000000000000E+000
   865.435256600380       0.000000000000000E+000
   865.508689552546       0.000000000000000E+000
   865.582122504711       0.000000000000000E+000
   865.655555456877       0.000000000000000E+000
   865.728988409042       0.000000000000000E+000
   865.802421361208       0.000000000000000E+000
   865.875854313374       0.000000000000000E+000
   865.949287265539       0.000000000000000E+000
   866.022720217705       0.000000000000000E+000
   866.096153169870       0.000000000000000E+000
   866.169586122036       0.000000000000000E+000
   866.243019074202       0.000000000000000E+000
   866.316452026367       0.000000000000000E+000
   866.389884978533       0.000000000000000E+000
   866.463317930698       0.000000000000000E+000
   866.536750882864       0.000000000000000E+000
   866.610183835030       0.000000000000000E+000
   866.683616787195       0.000000000000000E+000
   866.757049739361       0.000000000000000E+000
   866.830482691526       0.000000000000000E+000
   866.903915643692       0.000000000000000E+000
   866.977348595858       0.000000000000000E+000
   867.050781548023       0.000000000000000E+000
   867.124214500189       0.000000000000000E+000
   867.197647452354       0.000000000000000E+000
   867.271080404520       0.000000000000000E+000
   867.344513356686       0.000000000000000E+000
   867.417946308851       0.000000000000000E+000
   867.491379261017       0.000000000000000E+000
   867.564812213182       0.000000000000000E+000
   867.638245165348       0.000000000000000E+000
   867.711678117514       0.000000000000000E+000
   867.785111069679       0.000000000000000E+000
   867.858544021845       0.000000000000000E+000
   867.931976974010       0.000000000000000E+000
   868.005409926176       0.000000000000000E+000
   868.078842878342       0.000000000000000E+000
   868.152275830507       0.000000000000000E+000
   868.225708782673       0.000000000000000E+000
   868.299141734838       0.000000000000000E+000
   868.372574687004       0.000000000000000E+000
   868.446007639170       0.000000000000000E+000
   868.519440591335       0.000000000000000E+000
   868.592873543501       0.000000000000000E+000
   868.666306495667       0.000000000000000E+000
   868.739739447832       0.000000000000000E+000
   868.813172399998       0.000000000000000E+000
   868.886605352163       0.000000000000000E+000
   868.960038304329       0.000000000000000E+000
   869.033471256495       0.000000000000000E+000
   869.106904208660       0.000000000000000E+000
   869.180337160826       0.000000000000000E+000
   869.253770112991       0.000000000000000E+000
   869.327203065157       0.000000000000000E+000
   869.400636017323       0.000000000000000E+000
   869.474068969488       0.000000000000000E+000
   869.547501921654       0.000000000000000E+000
   869.620934873819       0.000000000000000E+000
   869.694367825985       0.000000000000000E+000
   869.767800778151       0.000000000000000E+000
   869.841233730316       0.000000000000000E+000
   869.914666682482       0.000000000000000E+000
   869.988099634647       0.000000000000000E+000
   870.061532586813       0.000000000000000E+000
   870.134965538979       0.000000000000000E+000
   870.208398491144       0.000000000000000E+000
   870.281831443310       0.000000000000000E+000
   870.355264395475       0.000000000000000E+000
   870.428697347641       0.000000000000000E+000
   870.502130299807       0.000000000000000E+000
   870.575563251972       0.000000000000000E+000
   870.648996204138       0.000000000000000E+000
   870.722429156303       0.000000000000000E+000
   870.795862108469       0.000000000000000E+000
   870.869295060635       0.000000000000000E+000
   870.942728012800       0.000000000000000E+000
   871.016160964966       0.000000000000000E+000
   871.089593917131       0.000000000000000E+000
   871.163026869297       0.000000000000000E+000
   871.236459821463       0.000000000000000E+000
   871.309892773628       0.000000000000000E+000
   871.383325725794       0.000000000000000E+000
   871.456758677959       0.000000000000000E+000
   871.530191630125       0.000000000000000E+000
   871.603624582291       0.000000000000000E+000
   871.677057534456       0.000000000000000E+000
   871.750490486622       0.000000000000000E+000
   871.823923438787       0.000000000000000E+000
   871.897356390953       0.000000000000000E+000
   871.970789343119       0.000000000000000E+000
   872.044222295284       0.000000000000000E+000
   872.117655247450       0.000000000000000E+000
   872.191088199615       0.000000000000000E+000
   872.264521151781       0.000000000000000E+000
   872.337954103947       0.000000000000000E+000
   872.411387056112       0.000000000000000E+000
   872.484820008278       0.000000000000000E+000
   872.558252960443       0.000000000000000E+000
   872.631685912609       0.000000000000000E+000
   872.705118864775       0.000000000000000E+000
   872.778551816940       0.000000000000000E+000
   872.851984769106       0.000000000000000E+000
   872.925417721272       0.000000000000000E+000
   872.998850673437       0.000000000000000E+000
   873.072283625603       0.000000000000000E+000
   873.145716577768       0.000000000000000E+000
   873.219149529934       0.000000000000000E+000
   873.292582482100       0.000000000000000E+000
   873.366015434265       0.000000000000000E+000
   873.439448386431       0.000000000000000E+000
