        1634
   753.523437500000       6.616814434528351E-002
   753.596870452166       6.662100553512573E-002
   753.670303404331       6.704711914062500E-002
   753.743736356497       6.744962930679321E-002
   753.817169308662       6.783395260572433E-002
   753.890602260828       6.820680201053619E-002
   753.964035212994       6.857493519783020E-002
   754.037468165159       6.894326210021973E-002
   754.110901117325       6.931404769420624E-002
   754.184334069490       6.968671828508377E-002
   754.257767021656       7.005837559700012E-002
   754.331199973822       7.042454928159714E-002
   754.404632925987       7.077982276678085E-002
   754.478065878153       7.111863791942596E-002
   754.551498830318       7.146935909986496E-002
   754.624931782484       7.183555513620377E-002
   754.698364734650       7.221483439207077E-002
   754.771797686815       7.261555641889572E-002
   754.845230638981       7.304518669843674E-002
   754.918663591146       7.350924611091614E-002
   754.992096543312       7.401010394096375E-002
   755.065529495478       7.454652339220047E-002
   755.138962447643       7.511398196220398E-002
   755.212395399809       7.570534199476242E-002
   755.285828351974       7.631092518568039E-002
   755.359261304140       7.691943645477295E-002
   755.432694256306       7.751777768135071E-002
   755.506127208471       7.809630781412125E-002
   755.579560160637       7.870368659496307E-002
   755.652993112803       7.929843664169312E-002
   755.726426064968       7.988042384386063E-002
   755.799859017134       8.045043051242828E-002
   755.873291969299       8.101115375757217E-002
   755.946724921465       8.156649023294449E-002
   756.020157873631       8.212208002805710E-002
   756.093590825796       8.268428593873978E-002
   756.167023777962       8.325890451669693E-002
   756.240456730127       8.384971320629120E-002
   756.313889682293       8.445741236209869E-002
   756.387322634459       8.507814258337021E-002
   756.460755586624       8.570386469364166E-002
   756.534188538790       8.635072410106659E-002
   756.607621490955       8.703755587339401E-002
   756.681054443121       8.773679286241531E-002
   756.754487395287       8.844356983900070E-002
   756.827920347452       8.915136009454727E-002
   756.901353299618       8.985252678394318E-002
   756.974786251783       9.053921699523926E-002
   757.048219203949       9.120365232229233E-002
   757.121652156115       9.183918684720993E-002
   757.195085108280       9.244028478860855E-002
   757.268518060446       9.300363808870316E-002
   757.341951012611       9.352783113718033E-002
   757.415383964777       9.401319175958633E-002
   757.488816916943       9.446090459823608E-002
   757.562249869108       9.492950141429901E-002
   757.635682821274       9.541339427232742E-002
   757.709115773439       9.591328352689743E-002
   757.782548725605       9.643243253231049E-002
   757.855981677771       9.696993231773376E-002
   757.929414629936       9.752131998538971E-002
   758.002847582102       9.808018058538437E-002
   758.076280534267       9.863938391208649E-002
   758.149713486433       9.919136762619019E-002
   758.223146438599       9.972979873418808E-002
   758.296579390764       0.100250147283077     
   758.370012342930       0.100750550627708     
   758.443445295095       0.101231321692467     
   758.516878247261       0.101708225905895     
   758.590311199427       0.102246493101120     
   758.663744151592       0.102827250957489     
   758.737177103758       0.103460721671581     
   758.810610055923       0.104151599109173     
   758.884043008089       0.104899063706398     
   758.957475960255       0.105696961283684     
   759.030908912420       0.106534764170647     
   759.104341864586       0.107398264110088     
   759.177774816751       0.108270585536957     
   759.251207768917       0.109133191406727     
   759.324640721083       0.109967216849327     
   759.398073673248       0.110754519701004     
   759.471506625414       0.111478202044964     
   759.544939577579       0.112183541059494     
   759.618372529745       0.112883143126965     
   759.691805481911       0.113558061420918     
   759.765238434076       0.114222161471844     
   759.838671386242       0.114891290664673     
   759.912104338408       0.115581169724464     
   759.985537290573       0.116304829716682     
   760.058970242739       0.117071002721786     
   760.132403194904       0.117881797254086     
   760.205836147070       0.118733100593090     
   760.279269099236       0.119614236056805     
   760.352702051401       0.120508827269077     
   760.426135003567       0.121396131813526     
   760.499567955732       0.122251935303211     
   760.573000907898       0.123157709836960     
   760.646433860064       0.124035380780697     
   760.719866812229       0.124877467751503     
   760.793299764395       0.125678747892380     
   760.866732716560       0.126435726881027     
   760.940165668726       0.127147465944290     
   761.013598620892       0.127817019820213     
   761.087031573057       0.128450497984886     
   761.160464525223       0.129057243466377     
   761.233897477388       0.129647180438042     
   761.307330429554       0.130228206515312     
   761.380763381720       0.130803555250168     
   761.454196333885       0.131370291113853     
   761.527629286051       0.131945729255676     
   761.601062238216       0.132565081119537     
   761.674495190382       0.133192643523216     
   761.747928142548       0.133823499083519     
   761.821361094713       0.134452417492867     
   761.894794046879       0.135075420141220     
   761.968226999044       0.135692074894905     
   762.041659951210       0.136306315660477     
   762.115092903376       0.136926889419556     
   762.188525855541       0.137564390897751     
   762.261958807707       0.138229101896286     
   762.335391759872       0.138927415013313     
   762.408824712038       0.139659598469734     
   762.482257664204       0.140419289469719     
   762.555690616369       0.141269519925117     
   762.629123568535       0.142189577221870     
   762.702556520700       0.143158480525017     
   762.775989472866       0.144170343875885     
   762.849422425032       0.145214840769768     
   762.922855377197       0.146278858184814     
   762.996288329363       0.147346392273903     
   763.069721281528       0.148400574922562     
   763.143154233694       0.149424180388451     
   763.216587185860       0.150402605533600     
   763.290020138025       0.151324376463890     
   763.363453090191       0.152184098958969     
   763.436886042356       0.152981266379356     
   763.510318994522       0.153734877705574     
   763.583751946688       0.154554545879364     
   763.657184898853       0.155389979481697     
   763.730617851019       0.156264021992683     
   763.804050803185       0.157191216945648     
   763.877483755350       0.158178642392159     
   763.950916707516       0.159225195646286     
   764.024349659681       0.160322651267052     
   764.097782611847       0.161457255482674     
   764.171215564013       0.162609860301018     
   764.244648516178       0.163757041096687     
   764.318081468344       0.164871737360954     
   764.391514420509       0.165923699736595     
   764.464947372675       0.166880816221237     
   764.538380324841       0.167782396078110     
   764.611813277006       0.168636709451675     
   764.685246229172       0.169392779469490     
   764.758679181337       0.170062854886055     
   764.832112133503       0.170665130019188     
   764.905545085669       0.171222805976868     
   764.978978037834       0.171758219599724     
   765.052410990000       0.172289445996284     
   765.125843942165       0.172827675938606     
   765.199276894331       0.173375383019447     
   765.272709846497       0.173927187919617     
   765.346142798662       0.174471348524094     
   765.419575750828       0.174991562962532     
   765.493008702993       0.175470039248466     
   765.566441655159       0.176024824380875     
   765.639874607325       0.176572784781456     
   765.713307559490       0.177120432257652     
   765.786740511656       0.177691146731377     
   765.860173463821       0.178309798240662     
   765.933606415987       0.179000556468964     
   766.007039368153       0.179783180356026     
   766.080472320318       0.180669263005257     
   766.153905272484       0.181660458445549     
   766.227338224649       0.182747974991798     
   766.300771176815       0.183913260698318     
   766.374204128981       0.185129344463348     
   766.447637081146       0.186363428831100     
   766.521070033312       0.187597900629044     
   766.594502985477       0.188853323459625     
   766.667935937643       0.190082564949989     
   766.741368889809       0.191276922821999     
   766.814801841974       0.192430317401886     
   766.888234794140       0.193540155887604     
   766.961667746305       0.194608479738235     
   767.035100698471       0.195643022656441     
   767.108533650637       0.196656882762909     
   767.181966602802       0.197667062282562     
   767.255399554968       0.198690935969353     
   767.328832507133       0.199741601943970     
   767.402265459299       0.200823515653610     
   767.475698411465       0.201929450035095     
   767.549131363630       0.203146815299988     
   767.622564315796       0.204445496201515     
   767.695997267962       0.205772519111633     
   767.769430220127       0.207114815711975     
   767.842863172293       0.208455115556717     
   767.916296124458       0.209774315357208     
   767.989729076624       0.211053147912025     
   768.063162028790       0.212273404002190     
   768.136594980955       0.213417872786522     
   768.210027933121       0.214472502470016     
   768.283460885286       0.215426996350288     
   768.356893837452       0.216276615858078     
   768.430326789618       0.217022314667702     
   768.503759741783       0.217678338289261     
   768.577192693949       0.218430444598198     
   768.650625646114       0.219151094555855     
   768.724058598280       0.219875618815422     
   768.797491550446       0.220628514885902     
   768.870924502611       0.221419960260391     
   768.944357454777       0.222247704863548     
   769.017790406942       0.223099142313004     
   769.091223359108       0.223954528570175     
   769.164656311274       0.224791720509529     
   769.238089263439       0.225590571761131     
   769.311522215605       0.226336330175400     
   769.384955167770       0.227021366357803     
   769.458388119936       0.227647110819817     
   769.531821072102       0.228265300393105     
   769.605254024267       0.228942230343819     
   769.678686976433       0.229681536555290     
   769.752119928598       0.230529487133026     
   769.825552880764       0.231521844863892     
   769.898985832930       0.232678875327110     
   769.972418785095       0.234003692865372     
   770.045851737261       0.235482186079025     
   770.119284689426       0.237084850668907     
   770.192717641592       0.238769218325615     
   770.266150593758       0.240483120083809     
   770.339583545923       0.242167979478836     
   770.413016498089       0.243763551115990     
   770.486449450254       0.245210632681847     
   770.559882402420       0.246632829308510     
   770.633315354586       0.247936755418777     
   770.706748306751       0.249101176857948     
   770.780181258917       0.250151485204697     
   770.853614211082       0.251124083995819     
   770.927047163248       0.252064794301987     
   771.000480115414       0.253022998571396     
   771.073913067579       0.254045188426971     
   771.147346019745       0.255168408155441     
   771.220778971910       0.256414502859116     
   771.294211924076       0.257785946130753     
   771.367644876242       0.259266227483749     
   771.441077828407       0.260819464921951     
   771.514510780573       0.262437701225281     
   771.587943732738       0.264208704233170     
   771.661376684904       0.265931963920593     
   771.734809637070       0.267578542232513     
   771.808242589235       0.269120067358017     
   771.881675541401       0.270531147718430     
   771.955108493567       0.271793484687805     
   772.028541445732       0.272898942232132     
   772.101974397898       0.273850202560425     
   772.175407350063       0.274661779403687     
   772.248840302229       0.275358408689499     
   772.322273254395       0.275972366333008     
   772.395706206560       0.276536792516708     
   772.469139158726       0.277079701423645     
   772.542572110891       0.277675688266754     
   772.616005063057       0.278367251157761     
   772.689438015223       0.279141187667847     
   772.762870967388       0.280000120401382     
   772.836303919554       0.280931621789932     
   772.909736871719       0.281912833452225     
   772.983169823885       0.282915383577347     
   773.056602776051       0.283910155296326     
   773.130035728216       0.284874260425568     
   773.203468680382       0.285792917013168     
   773.276901632547       0.286662936210632     
   773.350334584713       0.287489950656891     
   773.423767536879       0.288284122943878     
   773.497200489044       0.289053648710251     
   773.570633441210       0.290068387985229     
   773.644066393375       0.291186839342117     
   773.717499345541       0.292424589395523     
   773.790932297707       0.293791770935059     
   773.864365249872       0.295285493135452     
   773.937798202038       0.296892255544662     
   774.011231154203       0.298587888479233     
   774.084664106369       0.300339251756668     
   774.158097058535       0.302105993032455     
   774.231530010700       0.303842097520828     
   774.304962962866       0.305499911308289     
   774.378395915031       0.307033300399780     
   774.451828867197       0.308403313159943     
   774.525261819363       0.309671372175217     
   774.598694771528       0.310957312583923     
   774.672127723694       0.312155514955521     
   774.745560675859       0.313325822353363     
   774.818993628025       0.314528465270996     
   774.892426580191       0.315810978412628     
   774.965859532356       0.317205578088760     
   775.039292484522       0.318724125623703     
   775.112725436687       0.320361852645874     
   775.186158388853       0.322099089622498     
   775.259591341019       0.323905766010284     
   775.333024293184       0.325742363929749     
   775.406457245350       0.327561944723129     
   775.479890197515       0.329310864210129     
   775.553323149681       0.331021726131439     
   775.626756101847       0.332641750574112     
   775.700189054012       0.334129333496094     
   775.773622006178       0.335476428270340     
   775.847054958344       0.336683422327042     
   775.920487910509       0.337764322757721     
   775.993920862675       0.338741749525070     
   776.067353814840       0.339647382497787     
   776.140786767006       0.340510278940201     
   776.214219719172       0.341349393129349     
   776.287652671337       0.342164635658264     
   776.361085623503       0.342935264110565     
   776.434518575668       0.343623101711273     
   776.507951527834       0.344208449125290     
   776.581384480000       0.344909101724625     
   776.654817432165       0.345497399568558     
   776.728250384331       0.345983266830444     
   776.801683336496       0.346385568380356     
   776.875116288662       0.346728593111038     
   776.948549240828       0.347048282623291     
   777.021982192993       0.347388535737991     
   777.095415145159       0.347800821065903     
   777.168848097324       0.348339378833771     
   777.242281049490       0.349051952362061     
   777.315714001656       0.349968999624252     
   777.389146953821       0.351096570491791     
   777.462579905987       0.352410495281219     
   777.536012858152       0.354023754596710     
   777.609445810318       0.355908155441284     
   777.682878762484       0.357859402894974     
   777.756311714649       0.359830528497696     
   777.829744666815       0.361769050359726     
   777.903177618980       0.363628685474396     
   777.976610571146       0.365373402833939     
   778.050043523312       0.366982281208038     
   778.123476475477       0.368449598550797     
   778.196909427643       0.369786739349365     
   778.270342379808       0.371019333600998     
   778.343775331974       0.372187286615372     
   778.417208284140       0.373340427875519     
   778.490641236305       0.374531626701355     
   778.564074188471       0.375925689935684     
   778.637507140636       0.377553611993790     
   778.710940092802       0.379457116127014     
   778.784373044968       0.381654292345047     
   778.857805997133       0.384122431278229     
   778.931238949299       0.386804193258286     
   779.004671901464       0.389609307050705     
   779.078104853630       0.392427206039429     
   779.151537805796       0.395134389400482     
   779.224970757961       0.397607624530792     
   779.298403710127       0.399735152721405     
   779.371836662292       0.401424735784531     
   779.445269614458       0.402612417936325     
   779.518702566624       0.403327405452728     
   779.592135518789       0.403760641813278     
   779.665568470955       0.403845041990280     
   779.739001423120       0.403698652982712     
   779.812434375286       0.403450638055801     
   779.885867327452       0.403228700160980     
   779.959300279617       0.403143674135208     
   780.032733231783       0.403277873992920     
   780.106166183949       0.403672397136688     
   780.179599136114       0.404326319694519     
   780.253032088280       0.405197829008102     
   780.326465040445       0.406210929155350     
   780.399897992611       0.407268106937408     
   780.473330944777       0.408258378505707     
   780.546763896942       0.409322082996368     
   780.620196849108       0.410327970981598     
   780.693629801273       0.411149501800537     
   780.767062753439       0.411825418472290     
   780.840495705605       0.412425190210342     
   780.913928657770       0.413044273853302     
   780.987361609936       0.413790971040726     
   781.060794562101       0.414768606424332     
   781.134227514267       0.416060000658035     
   781.207660466433       0.417714685201645     
   781.281093418598       0.419742286205292     
   781.354526370764       0.422111660242081     
   781.427959322929       0.424751609563828     
   781.501392275095       0.427560001611710     
   781.574825227261       0.430659204721451     
   781.648258179426       0.433741033077240     
   781.721691131592       0.436703413724899     
   781.795124083757       0.439443439245224     
   781.868557035923       0.441868841648102     
   781.941989988089       0.443909168243408     
   782.015422940254       0.445525646209717     
   782.088855892420       0.446720600128174     
   782.162288844585       0.447538882493973     
   782.235721796751       0.448065608739853     
   782.309154748917       0.448414117097855     
   782.382587701082       0.448708713054657     
   782.456020653248       0.449064314365387     
   782.529453605413       0.449671685695648     
   782.602886557579       0.450715780258179     
   782.676319509745       0.452136993408203     
   782.749752461910       0.453961968421936     
   782.823185414076       0.456174135208130     
   782.896618366241       0.458717584609985     
   782.970051318407       0.461504846811295     
   783.043484270573       0.464425563812256     
   783.116917222738       0.467355668544769     
   783.190350174904       0.470169574022293     
   783.263783127069       0.472751289606094     
   783.337216079235       0.475004136562347     
   783.410649031401       0.476859748363495     
   783.484081983566       0.478281587362289     
   783.557514935732       0.479518055915833     
   783.630947887897       0.480539917945862     
   783.704380840063       0.481396704912186     
   783.777813792229       0.482193440198898     
   783.851246744394       0.483014076948166     
   783.924679696560       0.483914464712143     
   783.998112648726       0.484913647174835     
   784.071545600891       0.485996156930923     
   784.144978553057       0.487115442752838     
   784.218411505222       0.488200277090073     
   784.291844457388       0.489164620637894     
   784.365277409554       0.489921301603317     
   784.438710361719       0.490392833948135     
   784.512143313885       0.490593641996384     
   784.585576266050       0.490837156772614     
   784.659009218216       0.490900963544846     
   784.732442170382       0.490902811288834     
   784.805875122547       0.490961194038391     
   784.879308074713       0.491181284189224     
   784.952741026878       0.491641819477081     
   785.026173979044       0.492389678955078     
   785.099606931210       0.493443608283997     
   785.173039883375       0.494798630475998     
   785.246472835541       0.496434569358826     
   785.319905787706       0.498319178819656     
   785.393338739872       0.500404775142670     
   785.466771692038       0.502626061439514     
   785.540204644203       0.505140483379364     
   785.613637596369       0.507908284664154     
   785.687070548534       0.510707914829254     
   785.760503500700       0.513490855693817     
   785.833936452866       0.516208767890930     
   785.907369405031       0.518831372261047     
   785.980802357197       0.521351635456085     
   786.054235309362       0.523786067962646     
   786.127668261528       0.526164829730988     
   786.201101213694       0.528516232967377     
   786.274534165859       0.530850291252136     
   786.347967118025       0.533148527145386     
   786.421400070190       0.535359501838684     
   786.494833022356       0.537407279014587     
   786.568265974522       0.539470791816711     
   786.641698926687       0.541365146636963     
   786.715131878853       0.543063163757324     
   786.788564831018       0.544563710689545     
   786.861997783184       0.545870780944824     
   786.935430735350       0.546985089778900     
   787.008863687515       0.547904610633850     
   787.082296639681       0.548620939254761     
   787.155729591846       0.549124300479889     
   787.229162544012       0.549416184425354     
   787.302595496178       0.549514234066010     
   787.376028448343       0.549453139305115     
   787.449461400509       0.549281477928162     
   787.522894352674       0.549112379550934     
   787.596327304840       0.549127340316772     
   787.669760257006       0.549285173416138     
   787.743193209171       0.549631357192993     
   787.816626161337       0.550180673599243     
   787.890059113503       0.550919592380524     
   787.963492065668       0.551818668842316     
   788.036925017834       0.552846729755402     
   788.110357969999       0.553978025913239     
   788.183790922165       0.555193603038788     
   788.257223874331       0.556482136249542     
   788.330656826496       0.557838082313538     
   788.404089778662       0.559255421161652     
   788.477522730827       0.560726642608643     
   788.550955682993       0.562500298023224     
   788.624388635159       0.564516842365265     
   788.697821587324       0.566703379154205     
   788.771254539490       0.569050610065460     
   788.844687491655       0.571508824825287     
   788.918120443821       0.573994398117065     
   788.991553395987       0.576405107975006     
   789.064986348152       0.578634381294250     
   789.138419300318       0.580587089061737     
   789.211852252483       0.582191109657288     
   789.285285204649       0.583401203155518     
   789.358718156815       0.584201753139496     
   789.432151108980       0.584599494934082     
   789.505584061146       0.584659099578857     
   789.579017013311       0.584912598133087     
   789.652449965477       0.585071325302124     
   789.725882917643       0.585288643836975     
   789.799315869808       0.585716664791107     
   789.872748821974       0.586497187614441     
   789.946181774139       0.587753593921661     
   790.019614726305       0.589579343795776     
   790.093047678471       0.592028617858887     
   790.166480630636       0.595103919506073     
   790.239913582802       0.598764479160309     
   790.313346534967       0.602919936180115     
   790.386779487133       0.607446730136871     
   790.460212439299       0.612188994884491     
   790.533645391464       0.617213964462280     
   790.607078343630       0.622454762458801     
   790.680511295795       0.627534329891205     
   790.753944247961       0.632352054119110     
   790.827377200127       0.636819422245026     
   790.900810152292       0.640862882137299     
   790.974243104458       0.644433259963989     
   791.047676056623       0.647504210472107     
   791.121109008789       0.650062978267670     
   791.194541960955       0.652103602886200     
   791.267974913120       0.653613686561584     
   791.341407865286       0.654571533203125     
   791.414840817451       0.654935777187347     
   791.488273769617       0.654655098915100     
   791.561706721783       0.653869032859802     
   791.635139673948       0.652515053749084     
   791.708572626114       0.650639235973358     
   791.782005578279       0.648340284824371     
   791.855438530445       0.645737171173096     
   791.928871482611       0.642950534820557     
   792.002304434776       0.640098571777344     
   792.075737386942       0.637289285659790     
   792.149170339108       0.634629428386688     
   792.222603291273       0.632228791713715     
   792.296036243439       0.630207002162933     
   792.369469195604       0.628687500953674     
   792.442902147770       0.627782166004181     
   792.516335099936       0.627715826034546     
   792.589768052101       0.628956079483032     
   792.663201004267       0.631079494953156     
   792.736633956432       0.634098589420319     
   792.810066908598       0.637965977191925     
   792.883499860764       0.642585873603821     
   792.956932812929       0.647832870483398     
   793.030365765095       0.653562366962433     
   793.103798717260       0.659617602825165     
   793.177231669426       0.665832877159119     
   793.250664621592       0.672030270099640     
   793.324097573757       0.678023695945740     
   793.397530525923       0.683619976043701     
   793.470963478088       0.688631713390350     
   793.544396430254       0.693089783191681     
   793.617829382420       0.696884810924530     
   793.691262334585       0.699910283088684     
   793.764695286751       0.702210962772369     
   793.838128238916       0.703853368759155     
   793.911561191082       0.704906821250916     
   793.984994143248       0.705434560775757     
   794.058427095413       0.705486536026001     
   794.131860047579       0.705108821392059     
   794.205292999744       0.704350888729095     
   794.278725951910       0.703264057636261     
   794.352158904076       0.701904952526093     
   794.425591856241       0.700321853160858     
   794.499024808407       0.698543906211853     
   794.572457760572       0.697137475013733     
   794.645890712738       0.695736467838287     
   794.719323664904       0.694410979747772     
   794.792756617069       0.693225443363190     
   794.866189569235       0.692252993583679     
   794.939622521400       0.691587507724762     
   795.013055473566       0.691344738006592     
   795.086488425732       0.691658258438110     
   795.159921377897       0.692660570144653     
   795.233354330063       0.694459497928619     
   795.306787282228       0.697111606597900     
   795.380220234394       0.700603365898132     
   795.453653186560       0.704846203327179     
   795.527086138725       0.709893286228180     
   795.600519090891       0.715714812278748     
   795.673952043056       0.721790969371796     
   795.747384995222       0.727959394454956     
   795.820817947388       0.734049797058105     
   795.894250899553       0.739892899990082     
   795.967683851719       0.745334804058075     
   796.041116803885       0.750240623950958     
   796.114549756050       0.754494786262512     
   796.187982708216       0.758002221584320     
   796.261415660381       0.760684847831726     
   796.334848612547       0.762483716011047     
   796.408281564713       0.763361692428589     
   796.481714516878       0.763310372829437     
   796.555147469044       0.762384593486786     
   796.628580421209       0.760791420936584     
   796.702013373375       0.758743226528168     
   796.775446325541       0.756460785865784     
   796.848879277706       0.754151403903961     
   796.922312229872       0.751980304718018     
   796.995745182037       0.750055968761444     
   797.069178134203       0.748433053493500     
   797.142611086369       0.747125506401062     
   797.216044038534       0.746128797531128     
   797.289476990700       0.745441854000092     
   797.362909942865       0.745085299015045     
   797.436342895031       0.745110452175140     
   797.509775847197       0.745744347572327     
   797.583208799362       0.748033523559570     
   797.656641751528       0.751288414001465     
   797.730074703693       0.755710959434509     
   797.803507655859       0.761426270008087     
   797.876940608025       0.768479168415070     
   797.950373560190       0.776827216148376     
   798.023806512356       0.786346971988678     
   798.097239464521       0.796842932701111     
   798.170672416687       0.808047771453857     
   798.244105368853       0.819634377956390     
   798.317538321018       0.831216275691986     
   798.390971273184       0.842364788055420     
   798.464404225349       0.852626085281372     
   798.537837177515       0.861734151840210     
   798.611270129681       0.869296014308929     
   798.684703081846       0.874875485897064     
   798.758136034012       0.878291249275208     
   798.831568986177       0.879459023475647     
   798.905001938343       0.878402173519135     
   798.978434890509       0.875255048274994     
   799.051867842674       0.870250523090363     
   799.125300794840       0.863706409931183     
   799.198733747005       0.855991840362549     
   799.272166699171       0.847502231597900     
   799.345599651337       0.838609635829926     
   799.419032603502       0.829631805419922     
   799.492465555668       0.820792257785797     
   799.565898507833       0.812759101390839     
   799.639331459999       0.805287897586823     
   799.712764412165       0.798408210277557     
   799.786197364330       0.792182087898254     
   799.859630316496       0.786681354045868     
   799.933063268661       0.782027840614319     
   800.006496220827       0.778404831886292     
   800.079929172993       0.776050031185150     
   800.153362125158       0.775222718715668     
   800.226795077324       0.776161015033722     
   800.300228029490       0.779030382633209     
   800.373660981655       0.783885896205902     
   800.447093933821       0.790650844573975     
   800.520526885986       0.799311518669128     
   800.593959838152       0.809865355491638     
   800.667392790318       0.821515262126923     
   800.740825742483       0.833927750587463     
   800.814258694649       0.846709609031677     
   800.887691646814       0.859419763088226     
   800.961124598980       0.871583163738251     
   801.034557551146       0.882707715034485     
   801.107990503311       0.892312169075012     
   801.181423455477       0.899965584278107     
   801.254856407642       0.905335664749146     
   801.328289359808       0.908222615718842     
   801.401722311974       0.908587038516998     
   801.475155264139       0.906563580036163     
   801.548588216305       0.902389883995056     
   801.622021168470       0.896711289882660     
   801.695454120636       0.890133202075958     
   801.768887072802       0.883188724517822     
   801.842320024967       0.876328945159912     
   801.915752977133       0.869892299175262     
   801.989185929298       0.864083588123322     
   802.062618881464       0.858980655670166     
   802.136051833630       0.854563713073730     
   802.209484785795       0.850742936134338     
   802.282917737961       0.847386479377747     
   802.356350690126       0.844345688819885     
   802.429783642292       0.841483294963837     
   802.503216594458       0.838771522045135     
   802.576649546623       0.837719023227692     
   802.650082498789       0.837127327919006     
   802.723515450954       0.837334334850311     
   802.796948403120       0.838721334934235     
   802.870381355286       0.841669738292694     
   802.943814307451       0.846509099006653     
   803.017247259617       0.853458642959595     
   803.090680211782       0.862585365772247     
   803.164113163948       0.873781502246857     
   803.237546116114       0.886753618717194     
   803.310979068279       0.901038110256195     
   803.384412020445       0.916040241718292     
   803.457844972610       0.931064486503601     
   803.531277924776       0.945431649684906     
   803.604710876942       0.958384692668915     
   803.678143829107       0.969188034534454     
   803.751576781273       0.977304935455322     
   803.825009733438       0.982329964637756     
   803.898442685604       0.984041333198547     
   803.971875637770       0.982446253299713     
   804.045308589935       0.977806627750397     
   804.118741542101       0.970620930194855     
   804.192174494267       0.961585819721222     
   804.265607446432       0.951504409313202     
   804.339040398598       0.941186189651489     
   804.412473350763       0.931342184543610     
   804.485906302929       0.922488749027252     
   804.559339255095       0.915086567401886     
   804.632772207260       0.909401059150696     
   804.706205159426       0.905387938022614     
   804.779638111591       0.902881026268005     
   804.853071063757       0.901659250259399     
   804.926504015923       0.901507437229156     
   804.999936968088       0.902272164821625     
   805.073369920254       0.903875231742859     
   805.146802872419       0.906338691711426     
   805.220235824585       0.909777224063873     
   805.293668776751       0.914381206035614     
   805.367101728916       0.920387506484985     
   805.440534681082       0.928037226200104     
   805.513967633247       0.937772691249847     
   805.587400585413       0.950732529163361     
   805.660833537579       0.966093897819519     
   805.734266489744       0.983839690685272     
   805.807699441910        1.00374507904053     
   805.881132394075        1.02536690235138     
   805.954565346241        1.04804289340973     
   806.027998298407        1.07090425491333     
   806.101431250572        1.09292531013489     
   806.174864202738        1.11297798156738     
   806.248297154903        1.12991511821747     
   806.321730107069        1.14266431331635     
   806.395163059235        1.15031933784485     
   806.468596011400        1.15225279331207     
   806.542028963566        1.14832580089569     
   806.615461915731        1.13890361785889     
   806.688894867897        1.12466335296631     
   806.762327820063        1.10669493675232     
   806.835760772228        1.08632624149323     
   806.909193724394        1.06496322154999     
   806.982626676559        1.04391658306122     
   807.056059628725        1.02426052093506     
   807.129492580891        1.00675070285797     
   807.202925533056       0.991793990135193     
   807.276358485222       0.979462921619415     
   807.349791437387       0.969559073448181     
   807.423224389553       0.961694419384003     
   807.496657341719       0.955386996269226     
   807.570090293884       0.951933085918427     
   807.643523246050       0.949487030506134     
   807.716956198215       0.947952151298523     
   807.790389150381       0.947459936141968     
   807.863822102547       0.948265731334686     
   807.937255054712       0.950717031955719     
   808.010688006878       0.955191433429718     
   808.084120959044       0.962053239345551     
   808.157553911209       0.971588850021362     
   808.230986863375       0.983963131904602     
   808.304419815540       0.999183356761932     
   808.377852767706        1.01707243919373     
   808.451285719872        1.03724849224091     
   808.524718672037        1.05905711650848     
   808.598151624203        1.08150267601013     
   808.671584576368        1.10365533828735     
   808.745017528534        1.12440228462219     
   808.818450480700        1.14253747463226     
   808.891883432865        1.15686416625977     
   808.965316385031        1.16633951663971     
   809.038749337196        1.17020058631897     
   809.112182289362        1.16808056831360     
   809.185615241528        1.16008830070496     
   809.259048193693        1.14680516719818     
   809.332481145859        1.12922894954681     
   809.405914098024        1.10863411426544     
   809.479347050190        1.08640599250793     
   809.552780002356        1.06383717060089     
   809.626212954521        1.04251456260681     
   809.699645906687        1.02349317073822     
   809.773078858852        1.00744998455048     
   809.846511811018       0.994754910469055     
   809.919944763184       0.985497415065765     
   809.993377715349       0.979517698287964     
   810.066810667515       0.976461827754974     
   810.140243619680       0.975837230682373     
   810.213676571846       0.977093994617462     
   810.287109524012       0.979714632034302     
   810.360542476177       0.983281195163727     
   810.433975428343       0.987536847591400     
   810.507408380508       0.992634296417236     
   810.580841332674        1.00076782703400     
   810.654274284840        1.01021754741669     
   810.727707237005        1.02144217491150     
   810.801140189171        1.03482758998871     
   810.874573141336        1.05061340332031     
   810.948006093502        1.06885039806366     
   811.021439045668        1.08936738967896     
   811.094871997833        1.11174809932709     
   811.168304949999        1.13532447814941     
   811.241737902164        1.15918433666229     
   811.315170854330        1.18219125270844     
   811.388603806496        1.20303857326508     
   811.462036758661        1.22033584117889     
   811.535469710827        1.23256850242615     
   811.608902662992        1.23861527442932     
   811.682335615158        1.23803269863129     
   811.755768567324        1.23071789741516     
   811.829201519489        1.21715259552002     
   811.902634471655        1.19834518432617     
   811.976067423820        1.17571210861206     
   812.049500375986        1.15087699890137     
   812.122933328152        1.12546718120575     
   812.196366280317        1.10095357894897     
   812.269799232483        1.07852089405060     
   812.343232184649        1.05904066562653     
   812.416665136814        1.04305481910706     
   812.490098088980        1.03079879283905     
   812.563531041145        1.02367949485779     
   812.636963993311        1.02060580253601     
   812.710396945477        1.02116584777832     
   812.783829897642        1.02502715587616     
   812.857262849808        1.03178858757019     
   812.930695801973        1.04105246067047     
   813.004128754139        1.05250430107117     
   813.077561706305        1.06596100330353     
   813.150994658470        1.08139824867249     
   813.224427610636        1.09891986846924     
   813.297860562801        1.11870324611664     
   813.371293514967        1.14092206954956     
   813.444726467133        1.16566193103790     
   813.518159419298        1.19288134574890     
   813.591592371464        1.22224509716034     
   813.665025323629        1.25317883491516     
   813.738458275795        1.28500640392303     
   813.811891227961        1.31677913665771     
   813.885324180126        1.34728288650513     
   813.958757132292        1.37507164478302     
   814.032190084457        1.39854633808136     
   814.105623036623        1.41607093811035     
   814.179055988789        1.42614471912384     
   814.252488940954        1.42758989334106     
   814.325921893120        1.41976952552795     
   814.399354845285        1.40273475646973     
   814.472787797451        1.37727141380310     
   814.546220749617        1.34479129314423     
   814.619653701782        1.30761373043060     
   814.693086653948        1.26803541183472     
   814.766519606113        1.22820329666138     
   814.839952558279        1.18997907638550     
   814.913385510445        1.15483784675598     
   814.986818462610        1.12382769584656     
   815.060251414776        1.09759020805359     
   815.133684366941        1.07641017436981     
   815.207117319107        1.06027340888977     
   815.280550271273        1.04893636703491     
   815.353983223438        1.04197525978088     
   815.427416175604        1.03884196281433     
   815.500849127769        1.03895425796509     
   815.574282079935        1.04536008834839     
   815.647715032101        1.05377376079559     
   815.721147984266        1.06414330005646     
   815.794580936432        1.07651662826538     
   815.868013888597        1.09103691577911     
   815.941446840763        1.10789048671722     
   816.014879792929        1.12725627422333     
   816.088312745094        1.14922428131104     
   816.161745697260        1.17373776435852     
   816.235178649426        1.20054495334625     
   816.308611601591        1.22915685176849     
   816.382044553757        1.25884330272675     
   816.455477505922        1.28862333297729     
   816.528910458088        1.31668543815613     
   816.602343410254        1.34095346927643     
   816.675776362419        1.36071753501892     
   816.749209314585        1.37453043460846     
   816.822642266750        1.38112020492554     
   816.896075218916        1.37955296039581     
   816.969508171082        1.36941981315613     
   817.042941123247        1.35094964504242     
   817.116374075413        1.32502830028534     
   817.189807027578        1.29311406612396     
   817.263239979744        1.25704014301300     
   817.336672931910        1.21878349781036     
   817.410105884075        1.18024551868439     
   817.483538836241        1.14305913448334     
   817.556971788406        1.10887610912323     
   817.630404740572        1.07885622978210     
   817.703837692738        1.05362284183502     
   817.777270644903        1.03353297710419     
   817.850703597069        1.01867401599884     
   817.924136549234        1.00893449783325     
   817.997569501400        1.00404357910156     
   818.071002453566        1.00363111495972     
   818.144435405731        1.00725686550140     
   818.217868357897        1.01445102691650     
   818.291301310062        1.02475023269653     
   818.364734262228        1.03771913051605     
   818.438167214394        1.05298733711243     
   818.511600166559        1.07062673568726     
   818.585033118725        1.09214782714844     
   818.658466070890        1.11552500724792     
   818.731899023056        1.14074385166168     
   818.805331975222        1.16767668724060     
   818.878764927387        1.19602525234222     
   818.952197879553        1.22528386116028     
   819.025630831718        1.25471675395966     
   819.099063783884        1.28334844112396     
   819.172496736050        1.30997824668884     
   819.245929688215        1.33323037624359     
   819.319362640381        1.35164284706116     
   819.392795592546        1.36379969120026     
   819.466228544712        1.36848294734955     
   819.539661496878        1.36438918113708     
   819.613094449043        1.35133433341980     
   819.686527401209        1.33013975620270     
   819.759960353374        1.30185341835022     
   819.833393305540        1.26804339885712     
   819.906826257706        1.23060607910156     
   819.980259209871        1.19152605533600     
   820.053692162037        1.15266859531403     
   820.127125114202        1.11562883853912     
   820.200558066368        1.08164906501770     
   820.273991018534        1.05160105228424     
   820.347423970699        1.02601361274719     
   820.420856922865        1.00512325763702     
   820.494289875031       0.988937854766846     
   820.567722827196       0.979628026485443     
   820.641155779362       0.975144743919373     
   820.714588731527       0.975263178348541     
   820.788021683693       0.979915440082550     
   820.861454635859       0.989019513130188     
   820.934887588024        1.00250816345215     
   821.008320540190        1.02034497261047     
   821.081753492355        1.04255461692810     
   821.155186444521        1.06922471523285     
   821.228619396687        1.10050237178802     
   821.302052348852        1.13659012317657     
   821.375485301018        1.17769062519073     
   821.448918253183        1.22395253181458     
   821.522351205349        1.27521049976349     
   821.595784157515        1.33084630966187     
   821.669217109680        1.39061152935028     
   821.742650061846        1.45347452163696     
   821.816083014011        1.51778078079224     
   821.889515966177        1.58120632171631     
   821.962948918343        1.64078605175018     
   822.036381870508        1.69309091567993     
   822.109814822674        1.73457622528076     
   822.183247774839        1.76205027103424     
   822.256680727005        1.77322578430176     
   822.330113679171        1.76715767383575     
   822.403546631336        1.74448239803314     
   822.476979583502        1.70729470252991     
   822.550412535667        1.65864789485931     
   822.623845487833        1.60308265686035     
   822.697278439999        1.54462623596191     
   822.770711392164        1.48668706417084     
   822.844144344330        1.43200981616974     
   822.917577296495        1.38259863853455     
   822.991010248661        1.33976137638092     
   823.064443200827        1.30421423912048     
   823.137876152992        1.27620995044708     
   823.211309105158        1.25563490390778     
   823.284742057323        1.24212169647217     
   823.358175009489        1.23510265350342     
   823.431607961655        1.23389041423798     
   823.505040913820        1.23807311058044     
   823.578473865986        1.25134038925171     
   823.651906818151        1.26806175708771     
   823.725339770317        1.28802144527435     
   823.798772722483        1.31101560592651     
   823.872205674648        1.33684301376343     
   823.945638626814        1.36528503894806     
   824.019071578979        1.39606416225433     
   824.092504531145        1.42879676818848     
   824.165937483311        1.46294546127319     
   824.239370435476        1.49776864051819     
   824.312803387642        1.53229606151581     
   824.386236339808        1.56531929969788     
   824.459669291973        1.59541034698486     
   824.533102244139        1.62002861499786     
   824.606535196304        1.63682281970978     
   824.679968148470        1.64528846740723     
   824.753401100636        1.64425587654114     
   824.826834052801        1.63304042816162     
   824.900267004967        1.61161613464355     
   824.973699957132        1.58070802688599     
   825.047132909298        1.54174792766571     
   825.120565861464        1.49673652648926     
   825.193998813629        1.44798922538757     
   825.267431765795        1.39787149429321     
   825.340864717960        1.34855306148529     
   825.414297670126        1.30184531211853     
   825.487730622292        1.25912404060364     
   825.561163574457        1.22214293479919     
   825.634596526623        1.19130206108093     
   825.708029478788        1.16688311100006     
   825.781462430954        1.14900863170624     
   825.854895383120        1.13758385181427     
   825.928328335285        1.13232636451721     
   826.001761287451        1.13281536102295     
   826.075194239616        1.13852143287659     
   826.148627191782        1.14884936809540     
   826.222060143948        1.16319012641907     
   826.295493096113        1.18095266819000     
   826.368926048279        1.20161306858063     
   826.442359000444        1.22472286224365     
   826.515791952610        1.25033426284790     
   826.589224904776        1.27934038639069     
   826.662657856941        1.31002652645111     
   826.736090809107        1.34218454360962     
   826.809523761272        1.37543344497681     
   826.882956713438        1.40918755531311     
   826.956389665604        1.44261419773102     
   827.029822617769        1.47464072704315     
   827.103255569935        1.50396275520325     
   827.176688522100        1.52909827232361     
   827.250121474266        1.54847967624664     
   827.323554426432        1.56057620048523     
   827.396987378597        1.56408441066742     
   827.470420330763        1.55812716484070     
   827.543853282928        1.54209470748901     
   827.617286235094        1.51675355434418     
   827.690719187260        1.48368847370148     
   827.764152139425        1.44481766223907     
   827.837585091591        1.40242087841034     
   827.911018043756        1.35886764526367     
   827.984450995922        1.31634461879730     
   828.057883948088        1.27668571472168     
   828.131316900253        1.24127984046936     
   828.204749852419        1.21107411384583     
   828.278182804585        1.18660295009613     
   828.351615756750        1.16806709766388     
   828.425048708916        1.15536653995514     
   828.498481661081        1.14815902709961     
   828.571914613247        1.14903068542480     
   828.645347565413        1.15451967716217     
   828.718780517578        1.16412436962128     
   828.792213469744        1.17734813690186     
   828.865646421909        1.19370162487030     
   828.939079374075        1.21278071403503     
   829.012512326241        1.23432254791260     
   829.085945278406        1.25821602344513     
   829.159378230572        1.28446114063263     
   829.232811182737        1.31310212612152     
   829.306244134903        1.34413218498230     
   829.379677087069        1.37740027904510     
   829.453110039234        1.41254520416260     
   829.526542991400        1.44855809211731     
   829.599975943565        1.48398864269257     
   829.673408895731        1.51824474334717     
   829.746841847897        1.54991197586060     
   829.820274800062        1.57733917236328     
   829.893707752228        1.59875619411469     
   829.967140704393        1.61239445209503     
   830.040573656559        1.61671125888824     
   830.114006608725        1.61061584949493     
   830.187439560890        1.59369361400604     
   830.260872513056        1.56635951995850     
   830.334305465221        1.52987730503082     
   830.407738417387        1.48622786998749     
   830.481171369553        1.43783402442932     
   830.554604321718        1.38751137256622     
   830.628037273884        1.33813059329987     
   830.701470226049        1.29183125495911     
   830.774903178215        1.25025498867035     
   830.848336130381        1.21453022956848     
   830.921769082546        1.18529593944550     
   830.995202034712        1.16278028488159     
   831.068634986877        1.14686334133148     
   831.142067939043        1.13714265823364     
   831.215500891209        1.13297486305237     
   831.288933843374        1.13353562355042     
   831.362366795540        1.13789260387421     
   831.435799747705        1.14508867263794     
   831.509232699871        1.15473556518555     
   831.582665652037        1.16911017894745     
   831.656098604202        1.18468892574310     
   831.729531556368        1.20170748233795     
   831.802964508533        1.22055816650391     
   831.876397460699        1.24167585372925     
   831.949830412865        1.26543617248535     
   832.023263365030        1.29203987121582     
   832.096696317196        1.32143747806549     
   832.170129269361        1.35327243804932     
   832.243562221527        1.38684356212616     
   832.316995173693        1.42108094692230     
   832.390428125858        1.45455551147461     
   832.463861078024        1.48552000522614     
   832.537294030190        1.51137816905975     
   832.610726982355        1.52991771697998     
   832.684159934521        1.53990089893341     
   832.757592886686        1.54001784324646     
   832.831025838852        1.52968084812164     
   832.904458791018        1.50918662548065     
   832.977891743183        1.47971463203430     
   833.051324695349        1.44319260120392     
   833.124757647514        1.40202593803406     
   833.198190599680        1.35875797271729     
   833.271623551846        1.31577897071838     
   833.345056504011        1.27510273456573     
   833.418489456177        1.23825740814209     
   833.491922408342        1.20623910427094     
   833.565355360508        1.18044388294220     
   833.638788312674        1.16065251827240     
   833.712221264839        1.14666998386383     
   833.785654217005        1.13809180259705     
   833.859087169170        1.13428068161011     
   833.932520121336        1.13444137573242     
   834.005953073502        1.13772571086884     
   834.079386025667        1.14334750175476     
   834.152818977833        1.15067875385284     
   834.226251929998        1.15932679176331     
   834.299684882164        1.16916418075562     
   834.373117834330        1.18027567863464     
   834.446550786495        1.19288659095764     
   834.519983738661        1.20760381221771     
   834.593416690826        1.22529435157776     
   834.666849642992        1.24524176120758     
   834.740282595158        1.26744627952576     
   834.813715547323        1.29163229465485     
   834.887148499489        1.31722021102905     
   834.960581451654        1.34332835674286     
   835.034014403820        1.36878716945648     
   835.107447355986        1.39218842983246     
   835.180880308151        1.41196286678314     
   835.254313260317        1.42651546001434     
   835.327746212482        1.43439912796021     
   835.401179164648        1.43451333045959     
   835.474612116814        1.42627048492432     
   835.548045068979        1.40986931324005     
   835.621478021145        1.38621675968170     
   835.694910973310        1.35674607753754     
   835.768343925476        1.32335436344147     
   835.841776877642        1.28814220428467     
   835.915209829807        1.25317490100861     
   835.988642781973        1.22029232978821     
   836.062075734138        1.19095480442047     
   836.135508686304        1.16618359088898     
   836.208941638470        1.14652860164642     
   836.282374590635        1.13210606575012     
   836.355807542801        1.12263977527618     
   836.429240494967        1.11753594875336     
   836.502673447132        1.11607003211975     
   836.576106399298        1.11975729465485     
   836.649539351463        1.12514138221741     
   836.722972303629        1.13169479370117     
   836.796405255795        1.13905751705170     
   836.869838207960        1.14709830284119     
   836.943271160126        1.15591430664062     
   837.016704112291        1.16578984260559     
   837.090137064457        1.17713868618011     
   837.163570016623        1.19040668010712     
   837.237002968788        1.20597970485687     
   837.310435920954        1.22409653663635     
   837.383868873119        1.24477994441986     
   837.457301825285        1.26778340339661     
   837.530734777451        1.29219567775726     
   837.604167729616        1.31678211688995     
   837.677600681782        1.34089028835297     
   837.751033633947        1.36322927474976     
   837.824466586113        1.38237559795380     
   837.897899538279        1.39690899848938     
   837.971332490444        1.40556728839874     
   838.044765442610        1.40740871429443     
   838.118198394775        1.40192997455597     
   838.191631346941        1.38914716243744     
   838.265064299107        1.36962056159973     
   838.338497251272        1.34440803527832     
   838.411930203438        1.31495440006256     
   838.485363155603        1.28294026851654     
   838.558796107769        1.25039196014404     
   838.632229059935        1.21912276744843     
   838.705662012100        1.19056546688080     
   838.779094964266        1.16579437255859     
   838.852527916431        1.14545845985413     
   838.925960868597        1.12976837158203     
   838.999393820763        1.11855328083038     
   839.072826772928        1.11134171485901     
   839.146259725094        1.10745966434479     
   839.219692677259        1.10613858699799     
   839.293125629425        1.10661470890045     
   839.366558581591        1.10821485519409     
   839.439991533756        1.11041092872620     
   839.513424485922        1.11336100101471     
   839.586857438087        1.11863112449646     
   839.660290390253        1.12429726123810     
   839.733723342419        1.13088738918304     
   839.807156294584        1.13896512985229     
   839.880589246750        1.14903175830841     
   839.954022198915        1.16141951084137     
   840.027455151081        1.17622160911560     
   840.100888103247        1.19323396682739     
   840.174321055412        1.21193647384644     
   840.247754007578        1.23151302337646     
   840.321186959743        1.25090777873993     
   840.394619911909        1.26891446113586     
   840.468052864075        1.28428316116333     
   840.541485816240        1.29569423198700     
   840.614918768406        1.30196034908295     
   840.688351720572        1.30253815650940     
   840.761784672737        1.29720461368561     
   840.835217624903        1.28611493110657     
   840.908650577068        1.26980328559875     
   840.982083529234        1.24914574623108     
   841.055516481400        1.22529292106628     
   841.128949433565        1.19956529140472     
   841.202382385731        1.17332410812378     
   841.275815337896        1.14785051345825     
   841.349248290062        1.12421154975891     
   841.422681242228        1.10318756103516     
   841.496114194393        1.08521533012390     
   841.569547146559        1.07104015350342     
   841.642980098724        1.05999732017517     
   841.716413050890        1.05181682109833     
   841.789846003056        1.04611206054688     
   841.863278955221        1.04244089126587     
   841.936711907387        1.04035937786102     
   842.010144859552        1.03949165344238     
   842.083577811718        1.03957688808441     
   842.157010763884        1.04049849510193     
   842.230443716049        1.04230606555939     
   842.303876668215        1.04519331455231     
   842.377309620380        1.04944860935211     
   842.450742572546        1.05538153648376     
   842.524175524712        1.06349384784698     
   842.597608476877        1.07422256469727     
   842.671041429043        1.08709836006165     
   842.744474381208        1.10196959972382     
   842.817907333374        1.11844408512115     
   842.891340285540        1.13592314720154     
   842.964773237705        1.15365517139435     
   843.038206189871        1.17080235481262     
   843.111639142036        1.18649363517761     
   843.185072094202        1.19988036155701     
   843.258505046368        1.21018934249878     
   843.331937998533        1.21676278114319     
   843.405370950699        1.21912264823914     
   843.478803902864        1.21700143814087     
   843.552236855030        1.21064317226410     
   843.625669807196        1.20034313201904     
   843.699102759361        1.18666231632233     
   843.772535711527        1.17044687271118     
   843.845968663692        1.15266156196594     
   843.919401615858        1.13430643081665     
   843.992834568024        1.11631512641907     
   844.066267520189        1.09947240352631     
   844.139700472355        1.08435583114624     
   844.213133424520        1.07131111621857     
   844.286566376686        1.06045496463776     
   844.359999328852        1.05170214176178     
   844.433432281017        1.04480385780334     
   844.506865233183        1.03955054283142     
   844.580298185349        1.03687262535095     
   844.653731137514        1.03499758243561     
   844.727164089680        1.03379821777344     
   844.800597041845        1.03324067592621     
   844.874029994011        1.03339850902557     
   844.947462946177        1.03444790840149     
   845.020895898342        1.03663992881775     
   845.094328850508        1.04023933410645     
   845.167761802673        1.04545903205872     
   845.241194754839        1.05240178108215     
   845.314627707005        1.06101036071777     
   845.388060659170        1.07106101512909     
   845.461493611336        1.08216822147369     
   845.534926563501        1.09388768672943     
   845.608359515667        1.10557007789612     
   845.681792467833        1.11658418178558     
   845.755225419998        1.12638366222382     
   845.828658372164        1.13444280624390     
   845.902091324329        1.14029133319855     
   845.975524276495        1.14356970787048     
   846.048957228661        1.14407372474670     
   846.122390180826        1.14177203178406     
   846.195823132992        1.13681602478027     
   846.269256085157        1.12950348854065     
   846.342689037323        1.12024104595184     
   846.416121989489        1.10949325561523     
   846.489554941654        1.09773683547974     
   846.562987893820        1.08577764034271     
   846.636420845985        1.07400798797607     
   846.709853798151        1.06289386749268     
   846.783286750317        1.05287647247314     
   846.856719702482        1.04429769515991     
   846.930152654648        1.03737974166870     
   847.003585606813        1.03220045566559     
   847.077018558979        1.02868247032166     
   847.150451511145        1.02660429477692     
   847.223884463310        1.02563321590424     
   847.297317415476        1.02538120746613     
   847.370750367641        1.02545106410980     
   847.444183319807        1.02547895908356     
   847.517616271973        1.02552211284637     
   847.591049224138        1.02616536617279     
   847.664482176304        1.02638983726501     
   847.737915128469        1.02638065814972     
   847.811348080635        1.02638041973114     
   847.884781032801        1.02666103839874     
   847.958213984966        1.02749860286713     
   848.031646937132        1.02911520004272     
   848.105079889297        1.03164625167847     
   848.178512841463        1.03510189056396     
   848.251945793629        1.03934323787689     
   848.325378745794        1.04408037662506     
   848.398811697960        1.04890251159668     
   848.472244650126        1.05331838130951     
   848.545677602291        1.05709671974182     
   848.619110554457        1.05953025817871     
   848.692543506622        1.06017613410950     
   848.765976458788        1.05892634391785     
   848.839409410954        1.05579566955566     
   848.912842363119        1.05091416835785     
   848.986275315285        1.04450106620789     
   849.059708267450        1.03684031963348     
   849.133141219616        1.02827155590057     
   849.206574171782        1.01915431022644     
   849.280007123947        1.00986135005951     
   849.353440076113        1.00073742866516     
   849.426873028278       0.992077171802521     
   849.500305980444       0.984094083309174     
   849.573738932610       0.977176904678345     
   849.647171884775       0.971066474914551     
   849.720604836941       0.965750932693481     
   849.794037789106       0.961115062236786     
   849.867470741272       0.956976056098938     
   849.940903693438       0.953126847743988     
   850.014336645603       0.949380874633789     
   850.087769597769       0.945601463317871     
   850.161202549934       0.941724359989166     
   850.234635502100       0.937761604785919     
   850.308068454266       0.933804631233215     
   850.381501406431       0.930013000965118     
   850.454934358597       0.926594078540802     
   850.528367310762       0.924132347106934     
   850.601800262928       0.923090815544128     
   850.675233215094       0.923188626766205     
   850.748666167259       0.924601554870605     
   850.822099119425       0.927346348762512     
   850.895532071590       0.931282997131348     
   850.968965023756       0.936128854751587     
   851.042397975922       0.941495478153229     
   851.115830928087       0.946939885616302     
   851.189263880253       0.952010214328766     
   851.262696832418       0.956289350986481     
   851.336129784584       0.959433555603027     
   851.409562736750       0.961184024810791     
   851.482995688915       0.961379468441010     
   851.556428641081       0.960348963737488     
   851.629861593246       0.957854688167572     
   851.703294545412       0.954013764858246     
   851.776727497578       0.949133217334747     
   851.850160449743       0.943568050861359     
   851.923593401909       0.937691926956177     
   851.997026354074       0.931863665580750     
   852.070459306240       0.926386535167694     
   852.143892258406       0.921472907066345     
   852.217325210571       0.917229533195496     
   852.290758162737       0.913647294044495     
   852.364191114902       0.910615801811218     
   852.437624067068       0.907941162586212     
   852.511057019234       0.905481457710266     
   852.584489971399       0.903437912464142     
   852.657922923565       0.901015281677246     
   852.731355875731       0.898115992546082     
   852.804788827896       0.894687354564667     
   852.878221780062       0.890746414661407     
   852.951654732227       0.886394560337067     
   853.025087684393       0.881819725036621     
   853.098520636559       0.877291977405548     
   853.171953588724       0.873131453990936     
   853.245386540890       0.869673550128937     
   853.318819493055       0.867200434207916     
   853.392252445221       0.865899920463562     
   853.465685397387       0.865816056728363     
   853.539118349552       0.867031335830688     
   853.612551301718       0.869239151477814     
   853.685984253883       0.871988296508789     
   853.759417206049       0.874942660331726     
   853.832850158215       0.877730369567871     
   853.906283110380       0.879993796348572     
   853.979716062546       0.881428062915802     
   854.053149014711       0.881826162338257     
   854.126581966877       0.881084680557251     
   854.200014919043       0.879221260547638     
   854.273447871208       0.876368403434753     
   854.346880823374       0.872747302055359     
   854.420313775539       0.868641138076782     
   854.493746727705       0.864351272583008     
   854.567179679871       0.860599398612976     
   854.640612632036       0.857320725917816     
   854.714045584202       0.854679584503174     
   854.787478536367       0.852747440338135     
   854.860911488533       0.851469397544861     
   854.934344440699       0.850694477558136     
   855.007777392864       0.850211203098297     
   855.081210345030       0.849794030189514     
   855.154643297195       0.849238753318787     
   855.228076249361       0.848387122154236     
   855.301509201527       0.847136616706848     
   855.374942153692       0.845439851284027     
   855.448375105858       0.843294441699982     
   855.521808058023       0.840947389602661     
   855.595241010189       0.838738381862640     
   855.668673962355       0.836297571659088     
   855.742106914520       0.833820164203644     
   855.815539866686       0.831487178802490     
   855.888972818851       0.829463541507721     
   855.962405771017       0.827881872653961     
   856.035838723183       0.826828241348267     
   856.109271675348       0.826326370239258     
   856.182704627514       0.826318562030792     
   856.256137579679       0.826672911643982     
   856.329570531845       0.827190399169922     
   856.403003484011       0.827626347541809     
   856.476436436176       0.827725589275360     
   856.549869388342       0.827627778053284     
   856.623302340508       0.826916873455048     
   856.696735292673       0.825383543968201     
   856.770168244839       0.823073863983154     
   856.843601197004       0.820085287094116     
   856.917034149170       0.816564023494720     
   856.990467101336       0.812688946723938     
   857.063900053501       0.808660030364990     
   857.137333005667       0.804675042629242     
   857.210765957832       0.800908446311951     
   857.284198909998       0.797490358352661     
   857.357631862164       0.794487953186035     
   857.431064814329       0.791889011859894     
   857.504497766495       0.789635896682739     
   857.577930718660       0.788012742996216     
   857.651363670826       0.786321163177490     
   857.724796622992       0.784454882144928     
   857.798229575157       0.782308936119080     
   857.871662527323       0.779807627201080     
   857.945095479488       0.776916384696960     
   858.018528431654       0.773647487163544     
   858.091961383820       0.770061254501343     
   858.165394335985       0.766258776187897     
   858.238827288151       0.762374579906464     
   858.312260240316       0.758554935455322     
   858.385693192482       0.754949986934662     
   858.459126144648       0.751697719097137     
   858.532559096813       0.749109685420990     
   858.605992048979       0.747321486473083     
   858.679425001144       0.746198356151581     
   858.752857953310       0.745811700820923     
   858.826290905476       0.746152102947235     
   858.899723857641       0.747140645980835     
   858.973156809807       0.748635649681091     
   859.046589761972       0.750453293323517     
   859.120022714138       0.752386093139648     
   859.193455666304       0.754230320453644     
   859.266888618469       0.755807161331177     
   859.340321570635       0.756976068019867     
   859.413754522800       0.757639944553375     
   859.487187474966       0.757743954658508     
   859.560620427132       0.757657289505005     
   859.634053379297       0.757057785987854     
   859.707486331463       0.755958616733551     
   859.780919283628       0.754436373710632     
   859.854352235794       0.752546966075897     
   859.927785187960       0.750333786010742     
   860.001218140125       0.747838854789734     
   860.074651092291       0.745113492012024     
   860.148084044456       0.742220401763916     
   860.221516996622       0.739224314689636     
   860.294949948788       0.736176311969757     
   860.368382900953       0.733102977275848     
   860.441815853119       0.730002284049988     
   860.515248805285       0.726933598518372     
   860.588681757450       0.724061906337738     
   860.662114709616       0.721091687679291     
   860.735547661781       0.718105494976044     
   860.808980613947       0.715185523033142     
   860.882413566113       0.712401151657104     
   860.955846518278       0.709796786308289     
   861.029279470444       0.707381844520569     
   861.102712422609       0.705134510993958     
   861.176145374775       0.703010559082031     
   861.249578326941       0.700958669185638     
   861.323011279106       0.698932826519012     
   861.396444231272       0.696903884410858     
   861.469877183437       0.694850265979767     
   861.543310135603       0.693043529987335     
   861.616743087769       0.691344022750854     
   861.690176039934       0.689586818218231     
   861.763608992100       0.687800943851471     
   861.837041944265       0.685998380184174     
   861.910474896431       0.684173941612244     
   861.983907848597       0.682323038578033     
   862.057340800762       0.680442154407501     
   862.130773752928       0.678532540798187     
   862.204206705093       0.676595628261566     
   862.277639657259       0.674629569053650     
   862.351072609425       0.672623634338379     
   862.424505561590       0.670563638210297     
   862.497938513756       0.668431282043457     
   862.571371465921       0.666606426239014     
   862.644804418087       0.664717853069305     
   862.718237370253       0.662861526012421     
   862.791670322418       0.661138713359833     
   862.865103274584       0.659624516963959     
   862.938536226749       0.658358037471771     
   863.011969178915       0.657338917255402     
   863.085402131081       0.656530022621155     
   863.158835083246       0.655874967575073     
   863.232268035412       0.655308127403259     
   863.305700987577       0.654768943786621     
   863.379133939743       0.654204487800598     
   863.452566891909       0.653571665287018     
   863.525999844074       0.652937054634094     
   863.599432796240       0.652313709259033     
   863.672865748405       0.651500284671783     
   863.746298700571       0.650508463382721     
   863.819731652737       0.649334669113159     
   863.893164604902       0.647960186004639     
   863.966597557068       0.646369516849518     
   864.040030509233       0.644556522369385     
   864.113463461399       0.642534375190735     
   864.186896413565       0.640337526798248     
   864.260329365730       0.638014853000641     
   864.333762317896       0.635624170303345     
   864.407195270061       0.633216738700867     
   864.480628222227       0.630831718444824     
   864.554061174393       0.628805458545685     
   864.627494126558       0.626927912235260     
   864.700927078724       0.625150680541992     
   864.774360030890       0.623523771762848     
   864.847792983055       0.622057676315308     
   864.921225935221       0.620735704898834     
   864.994658887386       0.619505226612091     
   865.068091839552       0.618292689323425     
   865.141524791718       0.617012500762939     
   865.214957743883       0.615581929683685     
   865.288390696049       0.613932847976685     
   865.361823648214       0.612023591995239     
   865.435256600380       0.609837114810944     
   865.508689552546       0.607443451881409     
   865.582122504711       0.605210423469543     
   865.655555456877       0.602746605873108     
   865.728988409042       0.600176453590393     
   865.802421361208       0.597601830959320     
   865.875854313374       0.595096826553345     
   865.949287265539       0.592707216739655     
   866.022720217705       0.590451896190643     
   866.096153169870       0.588323235511780     
   866.169586122036       0.586292922496796     
   866.243019074202       0.584314346313477     
   866.316452026367       0.582332015037537     
   866.389884978533       0.580283343791962     
   866.463317930698       0.578110098838806     
   866.536750882864       0.575896799564362     
   866.610183835030       0.573576807975769     
   866.683616787195       0.571065187454224     
   866.757049739361       0.568460106849670     
   866.830482691526       0.565871596336365     
   866.903915643692       0.563408553600311     
   866.977348595858       0.561170041561127     
   867.050781548023       0.559233427047729     
   867.124214500189       0.557648897171021     
   867.197647452354       0.556433856487274     
   867.271080404520       0.555577397346497     
   867.344513356686       0.555034935474396     
   867.417946308851       0.554736912250519     
   867.491379261017       0.554586827754974     
   867.564812213182       0.554705798625946     
   867.638245165348       0.554796040058136     
   867.711678117514       0.554780066013336     
   867.785111069679       0.554607331752777     
   867.858544021845       0.554228365421295     
   867.931976974010       0.553598284721375     
   868.005409926176       0.552684307098389     
   868.078842878342       0.551470279693604     
   868.152275830507       0.549962043762207     
   868.225708782673       0.548187017440796     
   868.299141734838       0.546196579933167     
   868.372574687004       0.544055581092834     
   868.446007639170       0.541832506656647     
   868.519440591335       0.539677262306213     
   868.592873543501       0.537784814834595     
   868.666306495667       0.535947561264038     
   868.739739447832       0.534208118915558     
   868.813172399998       0.532576858997345     
   868.886605352163       0.531036317348480     
   868.960038304329       0.529554188251495     
   869.033471256495       0.528089225292206     
   869.106904208660       0.526596605777740     
   869.180337160826       0.525033652782440     
   869.253770112991       0.523362278938293     
   869.327203065157       0.521550297737122     
   869.400636017323       0.519575953483582     
   869.474068969488       0.517431199550629     
   869.547501921654       0.515334188938141     
   869.620934873819       0.513240814208984     
   869.694367825985       0.511140406131744     
   869.767800778151       0.509131491184235     
   869.841233730316       0.507282912731171     
   869.914666682482       0.505626201629639     
   869.988099634647       0.504149973392487     
   870.061532586813       0.502806365489960     
   870.134965538979       0.501525938510895     
   870.208398491144       0.500227928161621     
   870.281831443310       0.498840183019638     
   870.355264395475       0.497300535440445     
   870.428697347641       0.495565414428711     
   870.502130299807       0.493610888719559     
   870.575563251972       0.491776257753372     
   870.648996204138       0.489761084318161     
   870.722429156303       0.487634032964706     
   870.795862108469       0.485469877719879     
   870.869295060635       0.483349442481995     
   870.942728012800       0.481357485055923     
   871.016160964966       0.479568660259247     
   871.089593917131       0.478040575981140     
   871.163026869297       0.476799398660660     
   871.236459821463       0.475836187601089     
   871.309892773628       0.475110888481140     
   871.383325725794       0.474558949470520     
   871.456758677959       0.474107444286346     
   871.530191630125       0.473790436983109     
   871.603624582291       0.473606586456299     
   871.677057534456       0.473413079977036     
   871.750490486622       0.473227828741074     
   871.823923438787       0.473058372735977     
   871.897356390953       0.472892731428146     
   871.970789343119       0.472699940204620     
   872.044222295284       0.472428798675537     
   872.117655247450       0.472015798091888     
   872.191088199615       0.471392333507538     
   872.264521151781       0.470496803522110     
   872.337954103947       0.469280987977982     
   872.411387056112       0.467716693878174     
   872.484820008278       0.465799093246460     
   872.558252960443       0.463757187128067     
   872.631685912609       0.461511284112930     
   872.705118864775       0.459114283323288     
   872.778551816940       0.456670343875885     
   872.851984769106       0.454274743795395     
   872.925417721272       0.452006220817566     
   872.998850673437       0.449922680854797     
   873.072283625603       0.448054701089859     
   873.145716577768       0.446403235197067     
   873.219149529934       0.444936245679855     
   873.292582482100       0.443595021963120     
   873.366015434265       0.442300140857697     
   873.439448386431       0.440959513187408     
