         530
   754.762023925781       5.811941623687744E-002
   754.835551328957       5.845017731189728E-002
   754.909078732133       5.877676233649254E-002
   754.982606135309       5.912284553050995E-002
   755.056133538485       5.952234193682671E-002
   755.129660941660       6.001469120383263E-002
   755.203188344836       6.063922867178917E-002
   755.276715748012       6.142984703183174E-002
   755.350243151188       6.241068243980408E-002
   755.423770554364       6.359308958053589E-002
   755.497297957540       6.497378647327423E-002
   755.570825360715       6.661863625049591E-002
   755.644352763891       6.849577277898788E-002
   755.717880167067       7.056797295808792E-002
   755.791407570243       7.278843969106674E-002
   755.864934973419       7.510304450988770E-002
   755.938462376595       7.745575904846191E-002
   756.011989779770       7.979439944028854E-002
   756.085517182946       8.207572996616364E-002
   756.159044586122       8.426814526319504E-002
   756.232571989298       8.635102212429047E-002
   756.306099392474       8.831083029508591E-002
   756.379626795650       9.013493359088898E-002
   756.453154198825       9.180575609207153E-002
   756.526681602001       9.332449734210968E-002
   756.600209005177       9.472975134849548E-002
   756.673736408353       9.597502648830414E-002
   756.747263811529       9.704723209142685E-002
   756.820791214705       9.794830530881882E-002
   756.894318617880       9.869904816150665E-002
   756.967846021056       9.933780133724213E-002
   757.041373424232       9.991455078125000E-002
   757.114900827408       0.100482411682606     
   757.188428230584       0.101089872419834     
   757.261955633759       0.101774573326111     
   757.335483036935       0.102560043334961     
   757.409010440111       0.103454299271107     
   757.482537843287       0.104450032114983     
   757.556065246463       0.105597317218781     
   757.629592649639       0.106853775680065     
   757.703120052814       0.108166508376598     
   757.776647455990       0.109489686787128     
   757.850174859166       0.110770128667355     
   757.923702262342       0.111951738595963     
   757.997229665518       0.112981520593166     
   758.070757068694       0.113815538585186     
   758.144284471869       0.114424124360085     
   758.217811875045       0.114794500172138     
   758.291339278221       0.114930048584938     
   758.364866681397       0.114846952259541     
   758.438394084573       0.114568546414375     
   758.511921487749       0.114137254655361     
   758.585448890924       0.113647833466530     
   758.658976294100       0.113036893308163     
   758.732503697276       0.112326458096504     
   758.806031100452       0.111530974507332     
   758.879558503628       0.110658459365368     
   758.953085906804       0.109711930155754     
   759.026613309979       0.108691014349461     
   759.100140713155       0.107593193650246     
   759.173668116331       0.106415085494518     
   759.247195519507       0.105152949690819     
   759.320722922683       0.103803128004074     
   759.394250325859       0.102362021803856     
   759.467777729034       0.100826025009155     
   759.541305132210       9.922096133232117E-002
   759.614832535386       9.749366343021393E-002
   759.688359938562       9.561325609683990E-002
   759.761887341738       9.358470886945724E-002
   759.835414744914       9.141314029693604E-002
   759.908942148089       8.910585194826126E-002
   759.982469551265       8.667472004890442E-002
   760.055996954441       8.413890004158020E-002
   760.129524357617       8.152672648429871E-002
   760.203051760793       7.887609302997589E-002
   760.276579163969       7.623289525508881E-002
   760.350106567144       7.364739477634430E-002
   760.423633970320       7.116933166980743E-002
   760.497161373496       6.884290277957916E-002
   760.570688776672       6.671638041734695E-002
   760.644216179848       6.474938243627548E-002
   760.717743583024       6.296145915985107E-002
   760.791270986199       6.136208027601242E-002
   760.864798389375       5.995162203907967E-002
   760.938325792551       5.872497707605362E-002
   761.011853195727       5.767560005187988E-002
   761.085380598903       5.679892748594284E-002
   761.158908002079       5.609446391463280E-002
   761.232435405254       5.556598678231239E-002
   761.305962808430       5.521977320313454E-002
   761.379490211606       5.506143346428871E-002
   761.453017614782       5.509195476770401E-002
   761.526545017958       5.529990047216415E-002
   761.600072421134       5.563080683350563E-002
   761.673599824309       5.604964494705200E-002
   761.747127227485       5.651661381125450E-002
   761.820654630661       5.697928741574287E-002
   761.894182033837       5.737713351845741E-002
   761.967709437013       5.764873325824738E-002
   762.041236840189       5.774106085300446E-002
   762.114764243364       5.761887505650520E-002
   762.188291646540       5.727174878120422E-002
   762.261819049716       5.671634525060654E-002
   762.335346452892       5.599312856793404E-002
   762.408873856068       5.515829473733902E-002
   762.482401259243       5.427372828125954E-002
   762.555928662419       5.339001864194870E-002
   762.629456065595       5.255590379238129E-002
   762.702983468771       5.181060358881950E-002
   762.776510871947       5.117670446634293E-002
   762.850038275123       5.066328868269920E-002
   762.923565678298       5.026935040950775E-002
   762.997093081474       4.998817294836044E-002
   763.070620484650       4.981171712279320E-002
   763.144147887826       4.973419010639191E-002
   763.217675291002       4.975388199090958E-002
   763.291202694178       4.987283423542976E-002
   763.364730097353       5.009447783231735E-002
   763.438257500529       5.042004957795143E-002
   763.511784903705       5.084959790110588E-002
   763.585312306881       5.138872563838959E-002
   763.658839710057       5.199171975255013E-002
   763.732367113233       5.263018980622292E-002
   763.805894516408       5.326702818274498E-002
   763.879421919584       5.386098101735115E-002
   763.952949322760       5.437302216887474E-002
   764.026476725936       5.477331206202507E-002
   764.100004129112       5.504720658063889E-002
   764.173531532288       5.519860237836838E-002
   764.247058935463       5.524953827261925E-002
   764.320586338639       5.523630976676941E-002
   764.394113741815       5.520290508866310E-002
   764.467641144991       5.519363656640053E-002
   764.541168548167       5.525835230946541E-002
   764.614695951343       5.543555691838264E-002
   764.688223354518       5.573788285255432E-002
   764.761750757694       5.616861581802368E-002
   764.835278160870       5.671636015176773E-002
   764.908805564046       5.735794827342033E-002
   764.982332967222       5.806318297982216E-002
   765.055860370398       5.880078300833702E-002
   765.129387773573       5.954430252313614E-002
   765.202915176749       6.027638539671898E-002
   765.276442579925       6.098996102809906E-002
   765.349969983101       6.168576702475548E-002
   765.423497386277       6.236699223518372E-002
   765.497024789453       6.303280591964722E-002
   765.570552192628       6.367319822311401E-002
   765.644079595804       6.429743021726608E-002
   765.717606998980       6.487911939620972E-002
   765.791134402156       6.538490951061249E-002
   765.864661805332       6.578163802623749E-002
   765.938189208508       6.604389101266861E-002
   766.011716611683       6.616068631410599E-002
   766.085244014859       6.613966822624207E-002
   766.158771418035       6.600804626941681E-002
   766.232298821211       6.580965965986252E-002
   766.305826224387       6.559915095567703E-002
   766.379353627563       6.543453782796860E-002
   766.452881030738       6.537015736103058E-002
   766.526408433914       6.548072397708893E-002
   766.599935837090       6.586500257253647E-002
   766.673463240266       6.651864945888519E-002
   766.746990643442       6.745803356170654E-002
   766.820518046618       6.868477165699005E-002
   766.894045449793       7.018727064132690E-002
   766.967572852969       7.194267958402634E-002
   767.041100256145       7.391977310180664E-002
   767.114627659321       7.608199119567871E-002
   767.188155062497       7.839024066925049E-002
   767.261682465672       8.080472052097321E-002
   767.335209868848       8.328491449356079E-002
   767.408737272024       8.578804880380630E-002
   767.482264675200       8.826585859060287E-002
   767.555792078376       9.074750542640686E-002
   767.629319481552       9.312583506107330E-002
   767.702846884727       9.531069546937943E-002
   767.776374287903       9.723240137100220E-002
   767.849901691079       9.882465004920959E-002
   767.923429094255       0.100034609436989     
   767.996956497431       0.100832507014275     
   768.070483900607       0.101216681301594     
   768.144011303782       0.101211972534657     
   768.217538706958       0.100862957537174     
   768.291066110134       0.100223369896412     
   768.364593513310       9.934572875499725E-002
   768.438120916486       9.827396273612976E-002
   768.511648319662       9.704243391752243E-002
   768.585175722837       9.566850960254669E-002
   768.658703126013       9.413969516754150E-002
   768.732230529189       9.246138483285904E-002
   768.805757932365       9.063345938920975E-002
   768.879285335541       8.865251392126083E-002
   768.952812738717       8.651392161846161E-002
   769.026340141892       8.421455323696136E-002
   769.099867545068       8.175570517778397E-002
   769.173394948244       7.914584130048752E-002
   769.246922351420       7.640224695205688E-002
   769.320449754596       7.355129718780518E-002
   769.393977157772       7.062661647796631E-002
   769.467504560947       6.766646355390549E-002
   769.541031964123       6.474968791007996E-002
   769.614559367299       6.186825037002563E-002
   769.688086770475       5.902678892016411E-002
   769.761614173651       5.626916885375977E-002
   769.835141576827       5.363402515649796E-002
   769.908668980002       5.115384608507156E-002
   769.982196383178       4.885439202189445E-002
   770.055723786354       4.675452411174774E-002
   770.129251189530       4.486637562513351E-002
   770.202778592706       4.319605603814125E-002
   770.276305995882       4.174443334341049E-002
   770.349833399057       4.050786420702934E-002
   770.423360802233       3.947884961962700E-002
   770.496888205409       3.864623233675957E-002
   770.570415608585       3.798795863986015E-002
   770.643943011761       3.743343427777290E-002
   770.717470414937       3.696737810969353E-002
   770.790997818112       3.657176718115807E-002
   770.864525221288       3.622568026185036E-002
   770.938052624464       3.590699657797813E-002
   771.011580027640       3.559488803148270E-002
   771.085107430816       3.527278453111649E-002
   771.158634833992       3.493104130029678E-002
   771.232162237167       3.456868231296539E-002
   771.305689640343       3.419352695345879E-002
   771.379217043519       3.382068872451782E-002
   771.452744446695       3.346979245543480E-002
   771.526271849871       3.314722701907158E-002
   771.599799253047       3.284449875354767E-002
   771.673326656222       3.259679302573204E-002
   771.746854059398       3.241562843322754E-002
   771.820381462574       3.230623528361320E-002
   771.893908865750       3.226759657263756E-002
   771.967436268926       3.229321166872978E-002
   772.040963672101       3.237256780266762E-002
   772.114491075277       3.249321877956390E-002
   772.188018478453       3.264327347278595E-002
   772.261545881629       3.281372040510178E-002
   772.335073284805       3.299994021654129E-002
   772.408600687981       3.320185095071793E-002
   772.482128091156       3.342258557677269E-002
   772.555655494332       3.366987407207489E-002
   772.629182897508       3.394984081387520E-002
   772.702710300684       3.426285833120346E-002
   772.776237703860       3.460430353879929E-002
   772.849765107036       3.496416658163071E-002
   772.923292510211       3.532864153385162E-002
   772.996819913387       3.568283095955849E-002
   773.070347316563       3.601382672786713E-002
   773.143874719739       3.631348535418510E-002
   773.217402122915       3.657992184162140E-002
   773.290929526091       3.681734576821327E-002
   773.364456929266       3.703422099351883E-002
   773.437984332442       3.724045306444168E-002
   773.511511735618       3.744535520672798E-002
   773.585039138794       3.767352551221848E-002
   773.658566541970       3.793694823980331E-002
   773.732093945146       3.823907300829887E-002
   773.805621348321       3.858268260955811E-002
   773.879148751497       3.897241875529289E-002
   773.952676154673       3.941656276583672E-002
   774.026203557849       3.992760926485062E-002
   774.099730961025       4.052126035094261E-002
   774.173258364201       4.121427983045578E-002
   774.246785767376       4.202178120613098E-002
   774.320313170552       4.295460134744644E-002
   774.393840573728       4.401715844869614E-002
   774.467367976904       4.520601034164429E-002
   774.540895380080       4.651136696338654E-002
   774.614422783256       4.795839264988899E-002
   774.687950186431       4.953627288341522E-002
   774.761477589607       5.121866613626480E-002
   774.835004992783       5.297676101326942E-002
   774.908532395959       5.478215590119362E-002
   774.982059799135       5.660949274897575E-002
   775.055587202311       5.843834206461906E-002
   775.129114605486       6.025425717234612E-002
   775.202642008662       6.204882636666298E-002
   775.276169411838       6.381920725107193E-002
   775.349696815014       6.556710600852966E-002
   775.423224218190       6.729732453823090E-002
   775.496751621366       6.901591271162033E-002
   775.570279024541       7.080052793025970E-002
   775.643806427717       7.268586009740829E-002
   775.717333830893       7.467709481716156E-002
   775.790861234069       7.677331566810608E-002
   775.864388637245       7.896651327610016E-002
   775.937916040421       8.124379068613052E-002
   776.011443443596       8.359035104513168E-002
   776.084970846772       8.599239587783813E-002
   776.158498249948       8.843888342380524E-002
   776.232025653124       9.092111885547638E-002
   776.305553056300       9.343057125806808E-002
   776.379080459476       9.595561027526855E-002
   776.452607862651       9.847845137119293E-002
   776.526135265827       0.101026274263859     
   776.599662669003       0.103659063577652     
   776.673190072179       0.106275238096714     
   776.746717475355       0.108843758702278     
   776.820244878531       0.111330844461918     
   776.893772281706       0.113703332841396     
   776.967299684882       0.115932255983353     
   777.040827088058       0.117995195090771     
   777.114354491234       0.119877733290195     
   777.187881894410       0.121572606265545     
   777.261409297585       0.123077347874641     
   777.334936700761       0.124390870332718     
   777.408464103937       0.125509917736053     
   777.481991507113       0.126426234841347     
   777.555518910289       0.127200275659561     
   777.629046313465       0.127761766314507     
   777.702573716640       0.128069415688515     
   777.776101119816       0.128103077411652     
   777.849628522992       0.127841740846634     
   777.923155926168       0.127266824245453     
   777.996683329344       0.126365110278130     
   778.070210732520       0.125130489468575     
   778.143738135695       0.123563945293427     
   778.217265538871       0.121672801673412     
   778.290792942047       0.119468472898006     
   778.364320345223       0.116964861750603     
   778.437847748399       0.114176958799362     
   778.511375151575       0.111135065555573     
   778.584902554750       0.107880353927612     
   778.658429957926       0.104331277310848     
   778.731957361102       0.100524008274078     
   778.805484764278       9.650136530399323E-002
   778.879012167454       9.231477230787277E-002
   778.952539570630       8.802465349435806E-002
   779.026066973805       8.369914442300797E-002
   779.099594376981       7.941004633903503E-002
   779.173121780157       7.522784173488617E-002
   779.246649183333       7.121603935956955E-002
   779.320176586509       6.742650270462036E-002
   779.393703989685       6.389659643173218E-002
   779.467231392860       6.064806878566742E-002
   779.540758796036       5.770466104149818E-002
   779.614286199212       5.497673526406288E-002
   779.687813602388       5.242057889699936E-002
   779.761341005564       5.002268776297569E-002
   779.834868408740       4.776507616043091E-002
   779.908395811915       4.562905803322792E-002
   779.981923215091       4.359874501824379E-002
   780.055450618267       4.166383668780327E-002
   780.128978021443       3.982080891728401E-002
   780.202505424619       3.807275742292404E-002
   780.276032827795       3.642770648002625E-002
   780.349560230970       3.489644825458527E-002
   780.423087634146       3.349025174975395E-002
   780.496615037322       3.221918642520905E-002
   780.570142440498       3.103677742183208E-002
   780.643669843674       2.993054874241352E-002
   780.717197246850       2.890955284237862E-002
   780.790724650025       2.797947824001312E-002
   780.864252053201       2.714399807155132E-002
   780.937779456377       2.640514448285103E-002
   781.011306859553       2.576358616352081E-002
   781.084834262729       2.521873451769352E-002
   781.158361665905       2.476870268583298E-002
   781.231889069080       2.441005036234856E-002
   781.305416472256       2.413748949766159E-002
   781.378943875432       2.394343726336956E-002
   781.452471278608       2.381764911115170E-002
   781.525998681784       2.373288944363594E-002
   781.599526084960       2.364168502390385E-002
   781.673053488135       2.354380488395691E-002
   781.746580891311       2.342248708009720E-002
   781.820108294487       2.326260134577751E-002
   781.893635697663       2.305292524397373E-002
   781.967163100839       2.278808131814003E-002
   782.040690504014       2.246952056884766E-002
   782.114217907190       2.210525423288345E-002
   782.187745310366       2.170841209590435E-002
   782.261272713542       2.129508554935455E-002
   782.334800116718       2.088207378983498E-002
   782.408327519894       2.048502862453461E-002
   782.481854923069       2.011726796627045E-002
   782.555382326245       1.978301629424095E-002
   782.628909729421       1.949451118707657E-002
   782.702437132597       1.926025003194809E-002
   782.775964535773       1.908464729785919E-002
   782.849491938949       1.897041313350201E-002
   782.923019342124       1.891887746751308E-002
   782.996546745300       1.893015392124653E-002
   783.070074148476       1.900318264961243E-002
   783.143601551652       1.913557946681976E-002
   783.217128954828       1.932337507605553E-002
   783.290656358004       1.956062391400337E-002
   783.364183761179       1.983901858329773E-002
   783.437711164355       2.014754712581635E-002
   783.511238567531       2.046953886747360E-002
   783.584765970707       2.078210376203060E-002
   783.658293373883       2.108919247984886E-002
   783.731820777059       2.137441374361515E-002
   783.805348180234       2.162362262606621E-002
   783.878875583410       2.182711660861969E-002
   783.952402986586       2.198131196200848E-002
   784.025930389762       2.208940498530865E-002
   784.099457792938       2.216078713536263E-002
   784.172985196114       2.220939844846725E-002
   784.246512599289       2.225156687200069E-002
   784.320040002465       2.230383455753326E-002
   784.393567405641       2.238130196928978E-002
   784.467094808817       2.249659970402718E-002
   784.540622211993       2.265346236526966E-002
   784.614149615169       2.289761044085026E-002
   784.687677018344       2.325181476771832E-002
   784.761204421520       2.372157014906406E-002
   784.834731824696       2.431069687008858E-002
   784.908259227872       2.502150088548660E-002
   784.981786631048       2.585480175912380E-002
   785.055314034224       2.680972591042519E-002
   785.128841437399       2.788335643708706E-002
   785.202368840575       2.907018177211285E-002
   785.275896243751       3.036152385175228E-002
   785.349423646927       3.174494206905365E-002
   785.422951050103       3.320394828915596E-002
   785.496478453279       3.471812233328819E-002
   785.570005856454       3.634287416934967E-002
   785.643533259630       3.804304450750351E-002
   785.717060662806       3.980013355612755E-002
   785.790588065982       4.160042479634285E-002
   785.864115469158       4.343376681208611E-002
   785.937642872334       4.529352113604546E-002
   786.011170275509       4.717508703470230E-002
   786.084697678685       4.907346144318581E-002
   786.158225081861       5.098046734929085E-002
   786.231752485037       5.288282781839371E-002
   786.305279888213       5.476152896881104E-002
   786.378807291389       5.659260228276253E-002
   786.452334694564       5.834888666868210E-002
   786.525862097740       6.002171710133553E-002
   786.599389500916       6.162071228027344E-002
   786.672916904092       6.309808790683746E-002
   786.746444307268       6.443572789430618E-002
   786.819971710443       6.561776250600815E-002
   786.893499113619       6.663006544113159E-002
   786.967026516795       6.745962798595428E-002
   787.040553919971       6.809361279010773E-002
   787.114081323147       6.851862370967865E-002
   787.187608726323       6.872013956308365E-002
   787.261136129498       6.868209689855576E-002
   787.334663532674       6.838718056678772E-002
   787.408190935850       6.781789660453796E-002
   787.481718339026       6.695852428674698E-002
   787.555245742202       6.580567359924316E-002
   787.628773145378       6.434924155473709E-002
   787.702300548553       6.259764730930328E-002
   787.775827951729       6.057625636458397E-002
   787.849355354905       5.832479149103165E-002
   787.922882758081       5.589551478624344E-002
   787.996410161257       5.334926769137383E-002
   788.069937564433       5.075009912252426E-002
   788.143464967608       4.815984517335892E-002
   788.216992370784       4.563350230455399E-002
   788.290519773960       4.321628063917160E-002
   788.364047177136       4.094238579273224E-002
   788.437574580312       3.883520513772964E-002
   788.511101983488       3.692261874675751E-002
   788.584629386663       3.525538370013237E-002
   788.658156789839       3.374622017145157E-002
   788.731684193015       3.239924088120461E-002
   788.805211596191       3.121444769203663E-002
   788.878738999367       3.018826432526112E-002
   788.952266402543       2.931375801563263E-002
   789.025793805718       2.858048491179943E-002
   789.099321208894       2.797418460249901E-002
   789.172848612070       2.747636660933495E-002
   789.246376015246       2.706420607864857E-002
   789.319903418422       2.671095915138721E-002
   789.393430821598       2.638722583651543E-002
   789.466958224773       2.606325969099998E-002
   789.540485627949       2.569499239325523E-002
   789.614013031125       2.522850409150124E-002
   789.687540434301       2.465838938951492E-002
   789.761067837477       2.398678846657276E-002
   789.834595240653       2.322594635188580E-002
   789.908122643828       2.239600010216236E-002
   789.981650047004       2.152167633175850E-002
   790.055177450180       2.062881737947464E-002
   790.128704853356       1.974152401089668E-002
   790.202232256532       1.888030394911766E-002
   790.275759659708       1.806125044822693E-002
   790.349287062883       1.729602552950382E-002
   790.422814466059       1.659234985709190E-002
   790.496341869235       1.595472358167171E-002
   790.569869272411       1.535147614777088E-002
   790.643396675587       1.479967590421438E-002
   790.716924078763       1.429976988583803E-002
   790.790451481938       1.385006867349148E-002
   790.863978885114       1.344846095889807E-002
   790.937506288290       1.309263240545988E-002
   791.011033691466       1.278023049235344E-002
   791.084561094642       1.250896230340004E-002
   791.158088497818       1.227664854377508E-002
   791.231615900993       1.208126917481422E-002
   791.305143304169       1.192096527665854E-002
   791.378670707345       1.179405394941568E-002
   791.452198110521       1.169900875538588E-002
   791.525725513697       1.163616776466370E-002
   791.599252916873       1.160830259323120E-002
   791.672780320048       1.161408703774214E-002
   791.746307723224       1.165467407554388E-002
   791.819835126400       1.173118967562914E-002
   791.893362529576       1.184463500976562E-002
   791.966889932752       1.199575047940016E-002
   792.040417335927       1.218480523675680E-002
   792.113944739103       1.241132430732250E-002
   792.187472142279       1.267372723668814E-002
   792.260999545455       1.296891178935766E-002
   792.334526948631       1.329182647168636E-002
   792.408054351807       1.363513711839914E-002
   792.481581754982       1.398915424942970E-002
   792.555109158158       1.433450169861317E-002
   792.628636561334       1.467479579150677E-002
   792.702163964510       1.500334776937962E-002
   792.775691367686       1.531208585947752E-002
   792.849218770862       1.559740491211414E-002
   792.922746174037       1.586115919053555E-002
   792.996273577213       1.611045375466347E-002
   793.069800980389       1.635628193616867E-002
   793.143328383565       1.661143079400063E-002
   793.216855786741       1.688823103904724E-002
   793.290383189917       1.719666086137295E-002
   793.363910593092       1.754299737513065E-002
   793.437437996268       1.792901009321213E-002
   793.510965399444       1.835067383944988E-002
   793.584492802620       1.881572231650352E-002
   793.658020205796       1.933447085320950E-002
