        1634
   753.523437500000        1.00702786445618     
   753.596870452166        1.02481055259705     
   753.670303404331       0.999934852123260     
   753.743736356497       0.938805162906647     
   753.817169308662       0.855125725269318     
   753.890602260828       0.763382792472839     
   753.964035212994       0.674349486827850     
   754.037468165159       0.594057798385620     
   754.110901117325       0.524835467338562     
   754.184334069490       0.466783642768860     
   754.257767021656       0.418927043676376     
   754.331199973822       0.379912853240967     
   754.404632925987       0.348368436098099     
   754.478065878153       0.323056370019913     
   754.551498830318       0.303284674882889     
   754.624931782484       0.288851827383041     
   754.698364734650       0.279220491647720     
   754.771797686815       0.274041056632996     
   754.845230638981       0.273108303546906     
   754.918663591146       0.276324957609177     
   754.992096543312       0.283646404743195     
   755.065529495478       0.294985622167587     
   755.138962447643       0.310053676366806     
   755.212395399809       0.328121274709702     
   755.285828351974       0.347738415002823     
   755.359261304140       0.366572707891464     
   755.432694256306       0.381662964820862     
   755.506127208471       0.390474408864975     
   755.579560160637       0.393975108861923     
   755.652993112803       0.391764134168625     
   755.726426064968       0.386714935302734     
   755.799859017134       0.382222175598145     
   755.873291969299       0.381255298852921     
   755.946724921465       0.386000454425812     
   756.020157873631       0.397928476333618     
   756.093590825796       0.417972177267075     
   756.167023777962       0.446560323238373     
   756.240456730127       0.483315795660019     
   756.313889682293       0.526318073272705     
   756.387322634459       0.571098446846008     
   756.460755586624       0.610103011131287     
   756.534188538790       0.633673667907715     
   756.607621490955       0.634372055530548     
   756.681054443121       0.611094713211060     
   756.754487395287       0.569302558898926     
   756.827920347452       0.518000423908234     
   756.901353299618       0.465454936027527     
   756.974786251783       0.417023837566376     
   757.048219203949       0.375196516513824     
   757.121652156115       0.340546846389771     
   757.195085108280       0.312654197216034     
   757.268518060446       0.290696740150452     
   757.341951012611       0.273753762245178     
   757.415383964777       0.260932445526123     
   757.488816916943       0.251424789428711     
   757.562249869108       0.245683804154396     
   757.635682821274       0.243075951933861     
   757.709115773439       0.243410021066666     
   757.782548725605       0.246811106801033     
   757.855981677771       0.253508359193802     
   757.929414629936       0.263815969228745     
   758.002847582102       0.278141111135483     
   758.076280534267       0.296983331441879     
   758.149713486433       0.320898026227951     
   758.223146438599       0.350397467613220     
   758.296579390764       0.385771691799164     
   758.370012342930       0.426860481500626     
   758.443445295095       0.472910076379776     
   758.516878247261       0.522543787956238     
   758.590311199427       0.574341118335724     
   758.663744151592       0.627445220947266     
   758.737177103758       0.678575873374939     
   758.810610055923       0.721007168292999     
   758.884043008089       0.745080709457397     
   758.957475960255       0.742798924446106     
   759.030908912420       0.713620662689209     
   759.104341864586       0.665457308292389     
   759.177774816751       0.609782338142395     
   759.251207768917       0.556128799915314     
   759.324640721083       0.509939014911652     
   759.398073673248       0.473191112279892     
   759.471506625414       0.445824146270752     
   759.544939577579       0.428290516138077     
   759.618372529745       0.420359015464783     
   759.691805481911       0.420934110879898     
   759.765238434076       0.429872721433640     
   759.838671386242       0.447432786226273     
   759.912104338408       0.474348992109299     
   759.985537290573       0.511889934539795     
   760.058970242739       0.561820447444916     
   760.132403194904       0.626220583915710     
   760.205836147070       0.707095980644226     
   760.279269099236       0.805648207664490     
   760.352702051401       0.921045362949371     
   760.426135003567        1.04857122898102     
   760.499567955732        1.17713844776154     
   760.573000907898        1.28778386116028     
   760.646433860064        1.35419332981110     
   760.719866812229        1.35512208938599     
   760.793299764395        1.28921103477478     
   760.866732716560        1.17741656303406     
   760.940165668726        1.04903101921082     
   761.013598620892       0.927036464214325     
   761.087031573057       0.823597013950348     
   761.160464525223       0.742730557918549     
   761.233897477388       0.684302985668182     
   761.307330429554       0.646798491477966     
   761.380763381720       0.628725409507751     
   761.454196333885       0.629122018814087     
   761.527629286051       0.647932112216949     
   761.601062238216       0.685079872608185     
   761.674495190382       0.737539649009705     
   761.747928142548       0.798561871051788     
   761.821361094713       0.854986190795898     
   761.894794046879       0.889740169048309     
   761.968226999044       0.891483902931213     
   762.041659951210       0.863958895206451     
   762.115092903376       0.823528409004211     
   762.188525855541       0.788141965866089     
   762.261958807707       0.769833743572235     
   762.335391759872       0.773607909679413     
   762.408824712038       0.798103630542755     
   762.482257664204       0.834762215614319     
   762.555690616369       0.866840779781342     
   762.629123568535       0.873323619365692     
   762.702556520700       0.841520786285400     
   762.775989472866       0.776894986629486     
   762.849422425032       0.697321116924286     
   762.922855377197       0.619679450988770     
   762.996288329363       0.553264796733856     
   763.069721281528       0.500891804695129     
   763.143154233694       0.462047934532166     
   763.216587185860       0.435127496719360     
   763.290020138025       0.418493092060089     
   763.363453090191       0.410842776298523     
   763.436886042356       0.411270886659622     
   763.510318994522       0.419240295886993     
   763.583751946688       0.434773802757263     
   763.657184898853       0.457796216011047     
   763.730617851019       0.487901657819748     
   763.804050803185       0.523777008056641     
   763.877483755350       0.562527537345886     
   763.950916707516       0.599358797073364     
   764.024349659681       0.628384113311768     
   764.097782611847       0.644950211048126     
   764.171215564013       0.648269355297089     
   764.244648516178       0.641999840736389     
   764.318081468344       0.632119178771973     
   764.391514420509       0.624027132987976     
   764.464947372675       0.620826601982117     
   764.538380324841       0.623443007469177     
   764.611813277006       0.630745172500610     
   764.685246229172       0.639346063137054     
   764.758679181337       0.645530700683594     
   764.832112133503       0.646480262279510     
   764.905545085669       0.641656935214996     
   764.978978037834       0.633150756359100     
   765.052410990000       0.624651908874512     
   765.125843942165       0.619849801063538     
   765.199276894331       0.621255755424500     
   765.272709846497       0.629711627960205     
   765.346142798662       0.644326567649841     
   765.419575750828       0.662693023681641     
   765.493008702993       0.681567311286926     
   765.566441655159       0.699333250522614     
   765.639874607325       0.714820325374603     
   765.713307559490       0.729881167411804     
   765.786740511656       0.748112797737122     
   765.860173463821       0.773061156272888     
   765.933606415987       0.806681990623474     
   766.007039368153       0.848347783088684     
   766.080472320318       0.894419252872467     
   766.153905272484       0.938737809658051     
   766.227338224649       0.974675834178925     
   766.300771176815       0.998455524444580     
   766.374204128981        1.01160621643066     
   766.447637081146        1.02033603191376     
   766.521070033312        1.03254783153534     
   766.594502985477        1.05451965332031     
   766.667935937643        1.08744537830353     
   766.741368889809        1.12862145900726     
   766.814801841974        1.17164301872253     
   766.888234794140        1.20862817764282     
   766.961667746305        1.23330509662628     
   767.035100698471        1.24333107471466     
   767.108533650637        1.24058866500854     
   767.181966602802        1.22960114479065     
   767.255399554968        1.21506476402283     
   767.328832507133        1.20001542568207     
   767.402265459299        1.18611133098602     
   767.475698411465        1.17554104328156     
   767.549131363630        1.17201769351959     
   767.622564315796        1.17657577991486     
   767.695997267962        1.18550765514374     
   767.769430220127        1.19018089771271     
   767.842863172293        1.18227958679199     
   767.916296124458        1.16037511825562     
   767.989729076624        1.12949991226196     
   768.063162028790        1.09405076503754     
   768.136594980955        1.05309629440308     
   768.210027933121        1.00234067440033     
   768.283460885286       0.938282132148743     
   768.356893837452       0.861108183860779     
   768.430326789618       0.776245951652527     
   768.503759741783       0.692380785942078     
   768.577192693949       0.616691172122955     
   768.650625646114       0.552516579627991     
   768.724058598280       0.500347673892975     
   768.797491550446       0.459047615528107     
   768.870924502611       0.427003979682922     
   768.944357454777       0.402677983045578     
   769.017790406942       0.384787291288376     
   769.091223359108       0.372325479984283     
   769.164656311274       0.364526331424713     
   769.238089263439       0.360816717147827     
   769.311522215605       0.360774904489517     
   769.384955167770       0.364096581935883     
   769.458388119936       0.370565712451935     
   769.531821072102       0.381211936473846     
   769.605254024267       0.396721065044403     
   769.678686976433       0.416076779365540     
   769.752119928598       0.439764469861984     
   769.825552880764       0.468265563249588     
   769.898985832930       0.502027630805969     
   769.972418785095       0.541471183300018     
   770.045851737261       0.587088465690613     
   770.119284689426       0.639659464359283     
   770.192717641592       0.700501322746277     
   770.266150593758       0.771554529666901     
   770.339583545923       0.855139911174774     
   770.413016498089       0.953351378440857     
   770.486449450254        1.06711888313293     
   770.559882402420        1.19433617591858     
   770.633315354586        1.32957375049591     
   770.706748306751        1.46169173717499     
   770.780181258917        1.57366907596588     
   770.853614211082        1.64575660228729     
   770.927047163248        1.66221737861633     
   771.000480115414        1.61857748031616     
   771.073913067579        1.52394449710846     
   771.147346019745        1.39638209342957     
   771.220778971910        1.25523781776428     
   771.294211924076        1.11560356616974     
   771.367644876242       0.986652016639709     
   771.441077828407       0.872558593750000     
   771.514510780573       0.774128913879395     
   771.587943732738       0.690317928791046     
   771.661376684904       0.619978308677673     
   771.734809637070       0.561293900012970     
   771.808242589235       0.512536168098450     
   771.881675541401       0.472182989120483     
   771.955108493567       0.438949495553970     
   772.028541445732       0.411774188280106     
   772.101974397898       0.389781802892685     
   772.175407350063       0.372225701808929     
   772.248840302229       0.358409166336060     
   772.322273254395       0.347606420516968     
   772.395706206560       0.339064329862595     
   772.469139158726       0.332170188426971     
   772.542572110891       0.328069359064102     
   772.616005063057       0.326436549425125     
   772.689438015223       0.326761096715927     
   772.762870967388       0.329526305198669     
   772.836303919554       0.335121482610703     
   772.909736871719       0.343901723623276     
   772.983169823885       0.356247246265411     
   773.056602776051       0.372612118721008     
   773.130035728216       0.393573343753815     
   773.203468680382       0.419858962297440     
   773.276901632547       0.452330589294434     
   773.350334584713       0.491953015327454     
   773.423767536879       0.539830982685089     
   773.497200489044       0.597250938415527     
   773.570633441210       0.664533019065857     
   773.644066393375       0.742620706558228     
   773.717499345541       0.829820394515991     
   773.790932297707       0.920811057090759     
   773.864365249872        1.00558042526245     
   773.937798202038        1.07018208503723     
   774.011231154203        1.10081744194031     
   774.084664106369        1.09023118019104     
   774.158097058535        1.04183065891266     
   774.231530010700       0.967709243297577     
   774.304962962866       0.882475197315216     
   774.378395915031       0.797974467277527     
   774.451828867197       0.721440374851227     
   774.525261819363       0.656281650066376     
   774.598694771528       0.603517234325409     
   774.672127723694       0.562480926513672     
   774.745560675859       0.532052159309387     
   774.818993628025       0.510796248912811     
   774.892426580191       0.497019410133362     
   774.965859532356       0.488756537437439     
   775.039292484522       0.483895599842072     
   775.112725436687       0.480540305376053     
   775.186158388853       0.477494418621063     
   775.259591341019       0.474592030048370     
   775.333024293184       0.472669631242752     
   775.406457245350       0.473197817802429     
   775.479890197515       0.477805495262146     
   775.553323149681       0.488373428583145     
   775.626756101847       0.505808830261230     
   775.700189054012       0.531279504299164     
   775.773622006178       0.566205024719238     
   775.847054958344       0.612182497978210     
   775.920487910509       0.670973002910614     
   775.993920862675       0.744270443916321     
   776.067353814840       0.833074510097504     
   776.140786767006       0.936430752277374     
   776.214219719172        1.04940724372864     
   776.287652671337        1.16084849834442     
   776.361085623503        1.25289475917816     
   776.434518575668        1.30533790588379     
   776.507951527834        1.30521750450134     
   776.581384480000        1.25544297695160     
   776.654817432165        1.17201828956604     
   776.728250384331        1.07558989524841     
   776.801683336496       0.982602179050446     
   776.875116288662       0.902512490749359     
   776.948549240828       0.839094281196594     
   777.021982192993       0.792792677879333     
   777.095415145159       0.762621581554413     
   777.168848097324       0.747287750244141     
   777.242281049490       0.745684385299683     
   777.315714001656       0.757134318351746     
   777.389146953821       0.781683325767517     
   777.462579905987       0.820334851741791     
   777.536012858152       0.875663936138153     
   777.609445810318       0.950096368789673     
   777.682878762484        1.04709243774414     
   777.756311714649        1.17169106006622     
   777.829744666815        1.32915925979614     
   777.903177618980        1.52368664741516     
   777.976610571146        1.75539195537567     
   778.050043523312        2.01481127738953     
   778.123476475477        2.27566862106323     
   778.196909427643        2.49163436889648     
   778.270342379808        2.60798048973083     
   778.343775331974        2.59084749221802     
   778.417208284140        2.45130491256714     
   778.490641236305        2.23703432083130     
   778.564074188471        2.00309252738953     
   778.637507140636        1.78929662704468     
   778.710940092802        1.61439073085785     
   778.784373044968        1.48404204845428     
   778.857805997133        1.39771044254303     
   778.931238949299        1.35306227207184     
   779.004671901464        1.34814822673798     
   779.078104853630        1.38215196132660     
   779.151537805796        1.45513629913330     
   779.224970757961        1.56666469573975     
   779.298403710127        1.71274650096893     
   779.371836662292        1.88080143928528     
   779.445269614458        2.04473853111267     
   779.518702566624        2.17022633552551     
   779.592135518789        2.23324823379517     
   779.665568470955        2.22609138488770     
   779.739001423120        2.18153548240662     
   779.812434375286        2.14408493041992     
   779.885867327452        2.14992570877075     
   779.959300279617        2.22134304046631     
   780.032733231783        2.36889696121216     
   780.106166183949        2.59190392494202     
   780.179599136114        2.87433052062988     
   780.253032088280        3.18133640289307     
   780.326465040445        3.46666359901428     
   780.399897992611        3.68760514259338     
   780.473330944777        3.80402946472168     
   780.546763896942        3.76700472831726     
   780.620196849108        3.54731345176697     
   780.693629801273        3.17819809913635     
   780.767062753439        2.74206542968750     
   780.840495705605        2.31679654121399     
   780.913928657770        1.94497001171112     
   780.987361609936        1.63817203044891     
   781.060794562101        1.39183449745178     
   781.134227514267        1.19597518444061     
   781.207660466433        1.04033851623535     
   781.281093418598       0.916177451610565     
   781.354526370764       0.816548347473145     
   781.427959322929       0.736079752445221     
   781.501392275095       0.670673489570618     
   781.574825227261       0.619054317474365     
   781.648258179426       0.575385510921478     
   781.721691131592       0.537953317165375     
   781.795124083757       0.505443334579468     
   781.868557035923       0.476949334144592     
   781.941989988089       0.451953560113907     
   782.015422940254       0.430243849754333     
   782.088855892420       0.411786854267120     
   782.162288844585       0.396618872880936     
   782.235721796751       0.384792447090149     
   782.309154748917       0.376375317573547     
   782.382587701082       0.371453523635864     
   782.456020653248       0.370089858770370     
   782.529453605413       0.371811002492905     
   782.602886557579       0.375470489263535     
   782.676319509745       0.380422770977020     
   782.749752461910       0.384871810674667     
   782.823185414076       0.386596888303757     
   782.896618366241       0.384026408195496     
   782.970051318407       0.377270400524139     
   783.043484270573       0.367998063564301     
   783.116917222738       0.358313649892807     
   783.190350174904       0.349819242954254     
   783.263783127069       0.343385905027390     
   783.337216079235       0.339309960603714     
   783.410649031401       0.337517827749252     
   783.484081983566       0.337729066610336     
   783.557514935732       0.338861167430878     
   783.630947887897       0.341884106397629     
   783.704380840063       0.347026407718658     
   783.777813792229       0.354467809200287     
   783.851246744394       0.364512562751770     
   783.924679696560       0.377461791038513     
   783.998112648726       0.393585622310638     
   784.071545600891       0.413164138793945     
   784.144978553057       0.436536699533463     
   784.218411505222       0.464132606983185     
   784.291844457388       0.496484935283661     
   784.365277409554       0.534216046333313     
   784.438710361719       0.577977240085602     
   784.512143313885       0.628626227378845     
   784.585576266050       0.688941597938538     
   784.659009218216       0.757720947265625     
   784.732442170382       0.832919418811798     
   784.805875122547       0.910171985626221     
   784.879308074713       0.983184933662415     
   784.952741026878        1.04612350463867     
   785.026173979044        1.09716939926147     
   785.099606931210        1.14021122455597     
   785.173039883375        1.18293440341949     
   785.246472835541        1.23307323455811     
   785.319905787706        1.29530084133148     
   785.393338739872        1.36949431896210     
   785.466771692038        1.45019388198853     
   785.540204644203        1.52745532989502     
   785.613637596369        1.59346210956573     
   785.687070548534        1.64519715309143     
   785.760503500700        1.68794333934784     
   785.833936452866        1.73244321346283     
   785.907369405031        1.78731131553650     
   785.980802357197        1.85343563556671     
   786.054235309362        1.92275118827820     
   786.127668261528        1.98136627674103     
   786.201101213694        2.01645636558533     
   786.274534165859        2.02381134033203     
   786.347967118025        2.01044011116028     
   786.421400070190        1.98990213871002     
   786.494833022356        1.97441768646240     
   786.568265974522        1.97398126125336     
   786.641698926687        1.98759102821350     
   786.715131878853        2.00989818572998     
   786.788564831018        2.03786253929138     
   786.861997783184        2.07457137107849     
   786.935430735350        2.12767696380615     
   787.008863687515        2.20382189750671     
   787.082296639681        2.30407762527466     
   787.155729591846        2.42415714263916     
   787.229162544012        2.55949807167053     
   787.302595496178        2.71022796630859     
   787.376028448343        2.87901186943054     
   787.449461400509        3.06230926513672     
   787.522894352674        3.24875211715698     
   787.596327304840        3.42751169204712     
   787.669760257006        3.58963990211487     
   787.743193209171        3.74601650238037     
   787.816626161337        3.90456342697144     
   787.890059113503        4.05449676513672     
   787.963492065668        4.16397953033447     
   788.036925017834        4.19062852859497     
   788.110357969999        4.10814380645752     
   788.183790922165        3.93262839317322     
   788.257223874331        3.71237945556641     
   788.330656826496        3.49028825759888     
   788.404089778662        3.28216147422791     
   788.477522730827        3.08201813697815     
   788.550955682993        2.87724351882935     
   788.624388635159        2.66000795364380     
   788.697821587324        2.43227481842041     
   788.771254539490        2.20240902900696     
   788.844687491655        1.98034501075745     
   788.918120443821        1.77402889728546     
   788.991553395987        1.58810222148895     
   789.064986348152        1.42418968677521     
   789.138419300318        1.28181850910187     
   789.211852252483        1.15933680534363     
   789.285285204649        1.05458557605743     
   789.358718156815       0.965316355228424     
   789.432151108980       0.889411211013794     
   789.505584061146       0.825003147125244     
   789.579017013311       0.770300328731537     
   789.652449965477       0.723521828651428     
   789.725882917643       0.683771550655365     
   789.799315869808       0.650280833244324     
   789.872748821974       0.622389554977417     
   789.946181774139       0.599537312984467     
   790.019614726305       0.581261157989502     
   790.093047678471       0.567199289798737     
   790.166480630636       0.557083249092102     
   790.239913582802       0.550716161727905     
   790.313346534967       0.547943115234375     
   790.386779487133       0.548626363277435     
   790.460212439299       0.552625536918640     
   790.533645391464       0.561221480369568     
   790.607078343630       0.575375914573669     
   790.680511295795       0.594136774539948     
   790.753944247961       0.618181645870209     
   790.827377200127       0.648392379283905     
   790.900810152292       0.685899853706360     
   790.974243104458       0.732071518898010     
   791.047676056623       0.788436889648438     
   791.121109008789       0.856544315814972     
   791.194541960955       0.937702298164368     
   791.267974913120        1.03250372409821     
   791.341407865286        1.14001810550690     
   791.414840817451        1.25661015510559     
   791.488273769617        1.37462532520294     
   791.561706721783        1.48071050643921     
   791.635139673948        1.56001865863800     
   791.708572626114        1.59798967838287     
   791.782005578279        1.58673655986786     
   791.855438530445        1.52905213832855     
   791.928871482611        1.43701696395874     
   792.002304434776        1.32657229900360     
   792.075737386942        1.21207070350647     
   792.149170339108        1.10350990295410     
   792.222603291273        1.00638294219971     
   792.296036243439       0.922804713249207     
   792.369469195604       0.852805256843567     
   792.442902147770       0.795308530330658     
   792.516335099936       0.748963296413422     
   792.589768052101       0.713072299957275     
   792.663201004267       0.685629069805145     
   792.736633956432       0.665494680404663     
   792.810066908598       0.651983559131622     
   792.883499860764       0.644829988479614     
   792.956932812929       0.644042611122131     
   793.030365765095       0.649783253669739     
   793.103798717260       0.662338018417358     
   793.177231669426       0.682147741317749     
   793.250664621592       0.709863543510437     
   793.324097573757       0.746400833129883     
   793.397530525923       0.792986869812012     
   793.470963478088       0.851196408271790     
   793.544396430254       0.922791600227356     
   793.617829382420        1.01047003269196     
   793.691262334585        1.11677682399750     
   793.764695286751        1.24354135990143     
   793.838128238916        1.39103817939758     
   793.911561191082        1.55628716945648     
   793.984994143248        1.73080062866211     
   794.058427095413        1.89862751960754     
   794.131860047579        2.03670215606689     
   794.205292999744        2.12005662918091     
   794.278725951910        2.13188481330872     
   794.352158904076        2.07253718376160     
   794.425591856241        1.95958220958710     
   794.499024808407        1.81866681575775     
   794.572457760572        1.67615640163422     
   794.645890712738        1.54667222499847     
   794.719323664904        1.43847227096558     
   794.792756617069        1.35446608066559     
   794.866189569235        1.29475998878479     
   794.939622521400        1.25851511955261     
   795.013055473566        1.24494934082031     
   795.086488425732        1.25375270843506     
   795.159921377897        1.28528606891632     
   795.233354330063        1.34074258804321     
   795.306787282228        1.42230165004730     
   795.380220234394        1.53325021266937     
   795.453653186560        1.67802524566650     
   795.527086138725        1.86345458030701     
   795.600519090891        2.09573507308960     
   795.673952043056        2.37783408164978     
   795.747384995222        2.71245455741882     
   795.820817947388        3.09491896629333     
   795.894250899553        3.50594568252563     
   795.967683851719        3.90314292907715     
   796.041116803885        4.21964597702026     
   796.114549756050        4.38215827941895     
   796.187982708216        4.34760665893555     
   796.261415660381        4.13098239898682     
   796.334848612547        3.79598999023438     
   796.408281564713        3.41870594024658     
   796.481714516878        3.05783033370972     
   796.555147469044        2.74607563018799     
   796.628580421209        2.49686002731323     
   796.702013373375        2.31268048286438     
   796.775446325541        2.19144868850708     
   796.848879277706        2.13034582138062     
   796.922312229872        2.12745070457458     
   796.995745182037        2.18186831474304     
   797.069178134203        2.29244995117188     
   797.142611086369        2.45474100112915     
   797.216044038534        2.65573215484619     
   797.289476990700        2.86755990982056     
   797.362909942865        3.04585075378418     
   797.436342895031        3.14241647720337     
   797.509775847197        3.13325786590576     
   797.583208799362        3.03868818283081     
   797.656641751528        2.90254020690918     
   797.730074703693        2.77861404418945     
   797.803507655859        2.70500850677490     
   797.876940608025        2.70018982887268     
   797.950373560190        2.76432657241821     
   798.023806512356        2.87762594223022     
   798.097239464521        2.99627733230591     
   798.170672416687        3.05693054199219     
   798.244105368853        3.00253939628601     
   798.317538321018        2.81858372688293     
   798.390971273184        2.54183864593506     
   798.464404225349        2.23081970214844     
   798.537837177515        1.93430376052856     
   798.611270129681        1.67297077178955     
   798.684703081846        1.45171594619751     
   798.758136034012        1.26890420913696     
   798.831568986177        1.11915016174316     
   798.905001938343       0.996253788471222     
   798.978434890509       0.894516944885254     
   799.051867842674       0.809376537799835     
   799.125300794840       0.737651884555817     
   799.198733747005       0.677366375923157     
   799.272166699171       0.627263963222504     
   799.345599651337       0.586333513259888     
   799.419032603502       0.553503572940826     
   799.492465555668       0.527478873729706     
   799.565898507833       0.505538821220398     
   799.639331459999       0.483751624822617     
   799.712764412165       0.461195886135101     
   799.786197364330       0.437742322683334     
   799.859630316496       0.414042562246323     
   799.933063268661       0.391095519065857     
   800.006496220827       0.369763612747192     
   800.079929172993       0.350564748048782     
   800.153362125158       0.333707928657532     
   800.226795077324       0.319210350513458     
   800.300228029490       0.306998133659363     
   800.373660981655       0.296967476606369     
   800.447093933821       0.289015024900436     
   800.520526885986       0.282510280609131     
   800.593959838152       0.275813102722168     
   800.667392790318       0.269861072301865     
   800.740825742483       0.264617383480072     
   800.814258694649       0.260052710771561     
   800.887691646814       0.256143033504486     
   800.961124598980       0.252870708703995     
   801.034557551146       0.250227928161621     
   801.107990503311       0.248219996690750     
   801.181423455477       0.246860384941101     
   801.254856407642       0.246152788400650     
   801.328289359808       0.246060267090797     
   801.401722311974       0.246470049023628     
   801.475155264139       0.247171849012375     
   801.548588216305       0.247684642672539     
   801.622021168470       0.247721344232559     
   801.695454120636       0.247231721878052     
   801.768887072802       0.246300488710403     
   801.842320024967       0.245176389813423     
   801.915752977133       0.244144320487976     
   801.989185929298       0.243418738245964     
   802.062618881464       0.243112832307816     
   802.136051833630       0.243270114064217     
   802.209484785795       0.243912801146507     
   802.282917737961       0.245065718889236     
   802.356350690126       0.246746584773064     
   802.429783642292       0.248944863677025     
   802.503216594458       0.251609504222870     
   802.576649546623       0.254571050405502     
   802.650082498789       0.258102595806122     
   802.723515450954       0.262164801359177     
   802.796948403120       0.266662657260895     
   802.870381355286       0.271451354026794     
   802.943814307451       0.276419013738632     
   803.017247259617       0.281550824642181     
   803.090680211782       0.286882311105728     
   803.164113163948       0.292421489953995     
   803.237546116114       0.298156738281250     
   803.310979068279       0.304134398698807     
   803.384412020445       0.310518831014633     
   803.457844972610       0.317571073770523     
   803.531277924776       0.325091361999512     
   803.604710876942       0.333795964717865     
   803.678143829107       0.344735532999039     
   803.751576781273       0.358058661222458     
   803.825009733438       0.373940527439117     
   803.898442685604       0.392600148916245     
   803.971875637770       0.414292037487030     
   804.045308589935       0.439257591962814     
   804.118741542101       0.467600733041763     
   804.192174494267       0.499042183160782     
   804.265607446432       0.532553255558014     
   804.339040398598       0.566066324710846     
   804.412473350763       0.596776306629181     
   804.485906302929       0.622427761554718     
   804.559339255095       0.644134163856506     
   804.632772207260       0.665495276451111     
   804.706205159426       0.689623117446899     
   804.779638111591       0.719058096408844     
   804.853071063757       0.755283415317535     
   804.926504015923       0.799063920974731     
   804.999936968088       0.850978255271912     
   805.073369920254       0.911803364753723     
   805.146802872419       0.982640802860260     
   805.220235824585        1.06483495235443     
   805.293668776751        1.15976357460022     
   805.367101728916        1.26852393150330     
   805.440534681082        1.39149808883667     
   805.513967633247        1.52838861942291     
   805.587400585413        1.68045914173126     
   805.660833537579        1.84340906143188     
   805.734266489744        2.01380634307861     
   805.807699441910        2.18956756591797     
   805.881132394075        2.37088727951050     
   805.954565346241        2.55896615982056     
   806.027998298407        2.75256013870239     
   806.101431250572        2.94451332092285     
   806.174864202738        3.12140250205994     
   806.248297154903        3.26825928688049     
   806.321730107069        3.37670493125916     
   806.395163059235        3.45065355300903     
   806.468596011400        3.50425791740417     
   806.542028963566        3.55578064918518     
   806.615461915731        3.61633110046387     
   806.688894867897        3.68703937530518     
   806.762327820063        3.76794314384460     
   806.835760772228        3.86340308189392     
   806.909193724394        3.98294997215271     
   806.982626676559        4.13505601882935     
   807.056059628725        4.32047843933105     
   807.129492580891        4.53244209289551     
   807.202925533056        4.76259851455688     
   807.276358485222        5.00250625610352     
   807.349791437387        5.23461437225342     
   807.423224389553        5.42529630661011     
   807.496657341719        5.53764295578003     
   807.570090293884        5.55675935745239     
   807.643523246050        5.48353242874146     
   807.716956198215        5.32110929489136     
   807.790389150381        5.06113338470459     
   807.863822102547        4.69795703887939     
   807.937255054712        4.24900579452515     
   808.010688006878        3.75945854187012     
   808.084120959044        3.28264617919922     
   808.157553911209        2.85626673698425     
   808.230986863375        2.49594783782959     
   808.304419815540        2.20184564590454     
   808.377852767706        1.96669173240662     
   808.451285719872        1.78099858760834     
   808.524718672037        1.63956761360168     
   808.598151624203        1.53572332859039     
   808.671584576368        1.45579171180725     
   808.745017528534        1.39685285091400     
   808.818450480700        1.35699272155762     
   808.891883432865        1.33512008190155     
   808.965316385031        1.33075952529907     
   809.038749337196        1.34382033348083     
   809.112182289362        1.37432241439819     
   809.185615241528        1.42204391956329     
   809.259048193693        1.48601663112640     
   809.332481145859        1.56384205818176     
   809.405914098024        1.65089583396912     
   809.479347050190        1.73969018459320     
   809.552780002356        1.81629586219788     
   809.626212954521        1.86902821063995     
   809.699645906687        1.88917696475983     
   809.773078858852        1.87208414077759     
   809.846511811018        1.82012188434601     
   809.919944763184        1.74177968502045     
   809.993377715349        1.64850306510925     
   810.066810667515        1.55118286609650     
   810.140243619680        1.45777642726898     
   810.213676571846        1.37239706516266     
   810.287109524012        1.29574513435364     
   810.360542476177        1.22681999206543     
   810.433975428343        1.16506910324097     
   810.507408380508        1.11115086078644     
   810.580841332674        1.06634235382080     
   810.654274284840        1.03101551532745     
   810.727707237005        1.00493764877319     
   810.801140189171       0.987689018249512     
   810.874573141336       0.978986024856567     
   810.948006093502       0.978761553764343     
   811.021439045668       0.987133145332336     
   811.094871997833        1.00437951087952     
   811.168304949999        1.03095901012421     
   811.241737902164        1.06754958629608     
   811.315170854330        1.11509180068970     
   811.388603806496        1.17482376098633     
   811.462036758661        1.24829196929932     
   811.535469710827        1.33696639537811     
   811.608902662992        1.44335806369781     
   811.682335615158        1.57006573677063     
   811.755768567324        1.71856033802032     
   811.829201519489        1.88895094394684     
   811.902634471655        2.07887005805969     
   811.976067423820        2.28207015991211     
   812.049500375986        2.48693990707397     
   812.122933328152        2.67567014694214     
   812.196366280317        2.82566666603088     
   812.269799232483        2.91485857963562     
   812.343232184649        2.92994165420532     
   812.416665136814        2.87271738052368     
   812.490098088980        2.75953650474548     
   812.563531041145        2.61774539947510     
   812.636963993311        2.46980977058411     
   812.710396945477        2.33291316032410     
   812.783829897642        2.21772861480713     
   812.857262849808        2.12943553924561     
   812.930695801973        2.06978607177734     
   813.004128754139        2.03883028030396     
   813.077561706305        2.03609514236450     
   813.150994658470        2.06142139434814     
   813.224427610636        2.11560249328613     
   813.297860562801        2.20067954063416     
   813.371293514967        2.31989431381226     
   813.444726467133        2.47754907608032     
   813.518159419298        2.67902159690857     
   813.591592371464        2.93106532096863     
   813.665025323629        3.24080967903137     
   813.738458275795        3.61473512649536     
   813.811891227961        4.05587005615234     
   813.885324180126        4.55923986434937     
   813.958757132292        5.10513162612915     
   814.032190084457        5.65181970596313     
   814.105623036623        6.13310575485229     
   814.179055988789        6.46911382675171     
   814.252488940954        6.59401655197144     
   814.325921893120        6.48784828186035     
   814.399354845285        6.18752956390381     
   814.472787797451        5.76699829101562     
   814.546220749617        5.30712366104126     
   814.619653701782        4.87473630905151     
   814.693086653948        4.50656747817993     
   814.766519606113        4.22000741958618     
   814.839952558279        4.02074718475342     
   814.913385510445        3.90896749496460     
   814.986818462610        3.88314771652222     
   815.060251414776        3.94178414344788     
   815.133684366941        4.08337402343750     
   815.207117319107        4.30461692810059     
   815.280550271273        4.59658384323120     
   815.353983223438        4.93900775909424     
   815.427416175604        5.29497814178467     
   815.500849127769        5.61245489120483     
   815.574282079935        5.87093973159790     
   815.647715032101        6.01859664916992     
   815.721147984266        6.07696962356567     
   815.794580936432        6.10444259643555     
   815.868013888597        6.17087554931641     
   815.941446840763        6.33557224273682     
   816.014879792929        6.63810968399048     
   816.088312745094        7.09644651412964     
   816.161745697260        7.70416402816772     
   816.235178649426        8.42480850219727     
   816.308611601591        9.18947219848633     
   816.382044553757        9.90647697448730     
   816.455477505922        10.4794740676880     
   816.528910458088        10.8130044937134     
   816.602343410254        10.8145761489868     
   816.675776362419        10.4298467636108     
   816.749209314585        9.68385314941406     
   816.822642266750        8.69427013397217     
   816.896075218916        7.61590194702148     
   816.969508171082        6.57493305206299     
   817.042941123247        5.64246273040771     
   817.116374075413        4.84299612045288     
   817.189807027578        4.17352294921875     
   817.263239979744        3.61889863014221     
   817.336672931910        3.16076850891113     
   817.410105884075        2.78171825408936     
   817.483538836241        2.46678066253662     
   817.556971788406        2.21048521995544     
   817.630404740572        1.99314117431641     
   817.703837692738        1.80570542812347     
   817.777270644903        1.64320731163025     
   817.850703597069        1.50173497200012     
   817.924136549234        1.37820363044739     
   817.997569501400        1.27017223834991     
   818.071002453566        1.17570269107819     
   818.144435405731        1.09325063228607     
   818.217868357897        1.02158153057098     
   818.291301310062       0.959706485271454     
   818.364734262228       0.906824529170990     
   818.438167214394       0.862268269062042     
   818.511600166559       0.825265109539032     
   818.585033118725       0.791801035404205     
   818.658466070890       0.760486483573914     
   818.731899023056       0.730878949165344     
   818.805331975222       0.702448487281799     
   818.878764927387       0.674818038940430     
   818.952197879553       0.648005127906799     
   819.025630831718       0.622440397739410     
   819.099063783884       0.598738908767700     
   819.172496736050       0.577434241771698     
   819.245929688215       0.558834373950958     
   819.319362640381       0.542979538440704     
   819.392795592546       0.529631555080414     
   819.466228544712       0.518284678459167     
   819.539661496878       0.507165610790253     
   819.613094449043       0.494864970445633     
   819.686527401209       0.481913357973099     
   819.759960353374       0.468679904937744     
   819.833393305540       0.455760955810547     
   819.906826257706       0.443688511848450     
   819.980259209871       0.432801455259323     
   820.053692162037       0.423266768455505     
   820.127125114202       0.415146261453629     
   820.200558066368       0.408453613519669     
   820.273991018534       0.403181582689285     
   820.347423970699       0.399302691221237     
   820.420856922865       0.396744340658188     
   820.494289875031       0.395341783761978     
   820.567722827196       0.394280672073364     
   820.641155779362       0.393307745456696     
   820.714588731527       0.391944438219070     
   820.788021683693       0.389828145503998     
   820.861454635859       0.386905848979950     
   820.934887588024       0.383391648530960     
   821.008320540190       0.379574090242386     
   821.081753492355       0.375680744647980     
   821.155186444521       0.371884733438492     
   821.228619396687       0.368364989757538     
   821.302052348852       0.365313678979874     
   821.375485301018       0.362889081239700     
   821.448918253183       0.361174643039703     
   821.522351205349       0.360188931226730     
   821.595784157515       0.359949260950089     
   821.669217109680       0.360405534505844     
   821.742650061846       0.361545324325562     
   821.816083014011       0.363390356302261     
   821.889515966177       0.365989953279495     
   821.962948918343       0.369403719902039     
   822.036381870508       0.373692274093628     
   822.109814822674       0.378921598196030     
   822.183247774839       0.385168761014938     
   822.256680727005       0.392503082752228     
   822.330113679171       0.400935232639313     
   822.403546631336       0.410341978073120     
   822.476979583502       0.420397102832794     
   822.550412535667       0.430403500795364     
   822.623845487833       0.439816117286682     
   822.697278439999       0.447953015565872     
   822.770711392164       0.454337775707245     
   822.844144344330       0.459010571241379     
   822.917577296495       0.462426304817200     
   822.991010248661       0.465069621801376     
   823.064443200827       0.467122524976730     
   823.137876152992       0.468475431203842     
   823.211309105158       0.469079881906509     
   823.284742057323       0.469294041395187     
   823.358175009489       0.469822466373444     
   823.431607961655       0.471343040466309     
   823.505040913820       0.474181324243546     
   823.578473865986       0.478023976087570     
   823.651906818151       0.484104931354523     
   823.725339770317       0.492302298545837     
   823.798772722483       0.502485096454620     
   823.872205674648       0.514538288116455     
   823.945638626814       0.528369367122650     
   824.019071578979       0.543908894062042     
   824.092504531145       0.561108410358429     
   824.165937483311       0.579936921596527     
   824.239370435476       0.600380122661591     
   824.312803387642       0.622439026832581     
   824.386236339808       0.646130323410034     
   824.459669291973       0.671484053134918     
   824.533102244139       0.697892010211945     
   824.606535196304       0.727315545082092     
   824.679968148470       0.761518359184265     
   824.753401100636       0.800713956356049     
   824.826834052801       0.845056235790253     
   824.900267004967       0.894560694694519     
   824.973699957132       0.949038922786713     
   825.047132909298        1.00815141201019     
   825.120565861464        1.07167994976044     
   825.193998813629        1.13990044593811     
   825.267431765795        1.21370971202850     
   825.340864717960        1.29436552524567     
   825.414297670126        1.38314688205719     
   825.487730622292        1.48123919963837     
   825.561163574457        1.59179997444153     
   825.634596526623        1.72145009040833     
   825.708029478788        1.87300252914429     
   825.781462430954        2.04945635795593     
   825.854895383120        2.25399279594421     
   825.928328335285        2.48963642120361     
   826.001761287451        2.75870800018311     
   826.075194239616        3.06196546554565     
   826.148627191782        3.39745593070984     
   826.222060143948        3.75934934616089     
   826.295493096113        4.13748884201050     
   826.368926048279        4.51870918273926     
   826.442359000444        4.89043807983398     
   826.515791952610        5.24853134155273     
   826.589224904776        5.60758733749390     
   826.662657856941        5.96784257888794     
   826.736090809107        6.34030342102051     
   826.809523761272        6.73511600494385     
   826.882956713438        7.16251564025879     
   826.956389665604        7.63476324081421     
   827.029822617769        8.16457939147949     
   827.103255569935        8.76016998291016     
   827.176688522100        9.42175769805908     
   827.250121474266        10.1414833068848     
   827.323554426432        10.9015674591064     
   827.396987378597        11.6690073013306     
   827.470420330763        12.3973588943481     
   827.543853282928        13.0445909500122     
   827.617286235094        13.5661897659302     
   827.690719187260        13.9001674652100     
   827.764152139425        13.9431276321411     
   827.837585091591        13.5707616806030     
   827.911018043756        12.7246770858765     
   827.984450995922        11.4905910491943     
   828.057883948088        10.0687751770020     
   828.131316900253        8.66238594055176     
   828.204749852419        7.39926719665527     
   828.278182804585        6.32746076583862     
   828.351615756750        5.44523763656616     
   828.425048708916        4.72933101654053     
   828.498481661081        4.15128707885742     
   828.571914613247        3.69416737556458     
   828.645347565413        3.31720423698425     
   828.718780517578        3.00481629371643     
   828.792213469744        2.74491238594055     
   828.865646421909        2.52801108360291     
   828.939079374075        2.34677410125732     
   829.012512326241        2.19565224647522     
   829.085945278406        2.07054018974304     
   829.159378230572        1.96840238571167     
   829.232811182737        1.88692069053650     
   829.306244134903        1.82425951957703     
   829.379677087069        1.77896237373352     
   829.453110039234        1.74991679191589     
   829.526542991400        1.73660206794739     
   829.599975943565        1.73648822307587     
   829.673408895731        1.74899959564209     
   829.746841847897        1.77557897567749     
   829.820274800062        1.81777989864349     
   829.893707752228        1.87723183631897     
   829.967140704393        1.95550549030304     
   830.040573656559        2.05381703376770     
   830.114006608725        2.17247533798218     
   830.187439560890        2.31001877784729     
   830.260872513056        2.46217989921570     
   830.334305465221        2.62113428115845     
   830.407738417387        2.77560877799988     
   830.481171369553        2.91191816329956     
   830.554604321718        3.00674128532410     
   830.628037273884        3.05680251121521     
   830.701470226049        3.05925774574280     
   830.774903178215        3.01640677452087     
   830.848336130381        2.93879246711731     
   830.921769082546        2.84157586097717     
   830.995202034712        2.74002003669739     
   831.068634986877        2.64634418487549     
   831.142067939043        2.56865191459656     
   831.215500891209        2.51139163970947     
   831.288933843374        2.47640824317932     
   831.362366795540        2.46393799781799     
   831.435799747705        2.47330331802368     
   831.509232699871        2.50582289695740     
   831.582665652037        2.58315038681030     
   831.656098604202        2.69583296775818     
   831.729531556368        2.84696602821350     
   831.802964508533        3.04050779342651     
   831.876397460699        3.28125333786011     
   831.949830412865        3.57459163665771     
   832.023263365030        3.92589044570923     
   832.096696317196        4.33923959732056     
   832.170129269361        4.81519794464111     
   832.243562221527        5.34719276428223     
   832.316995173693        5.91662693023682     
   832.390428125858        6.48785877227783     
   832.463861078024        7.00630140304565     
   832.537294030190        7.40687513351440     
   832.610726982355        7.63003730773926     
   832.684159934521        7.64003801345825     
   832.757592886686        7.44578027725220     
   832.831025838852        7.09602880477905     
   832.904458791018        6.65943336486816     
   832.977891743183        6.20221424102783     
   833.051324695349        5.77485704421997     
   833.124757647514        5.40938186645508     
   833.198190599680        5.12289953231812     
   833.271623551846        4.92282867431641     
   833.345056504011        4.81127977371216     
   833.418489456177        4.78779649734497     
   833.491922408342        4.85036325454712     
   833.565355360508        5.00386619567871     
   833.638788312674        5.23697090148926     
   833.712221264839        5.53319454193115     
   833.785654217005        5.86422300338745     
   833.859087169170        6.18714332580566     
   833.932520121336        6.44996023178101     
   834.005953073502        6.60738754272461     
   834.079386025667        6.64112186431885     
   834.152818977833        6.57039403915405     
   834.226251929998        6.44358158111572     
   834.299684882164        6.31761217117310     
   834.373117834330        6.23940086364746     
   834.446550786495        6.23596429824829     
   834.519983738661        6.31119346618652     
   834.593416690826        6.44144058227539     
   834.666849642992        6.57223939895630     
   834.740282595158        6.63322925567627     
   834.813715547323        6.55647468566895     
   834.887148499489        6.30616807937622     
   834.960581451654        5.89598131179810     
   835.034014403820        5.37915992736816     
   835.107447355986        4.82083082199097     
   835.180880308151        4.27430772781372     
   835.254313260317        3.77220082283020     
   835.327746212482        3.32880759239197     
   835.401179164648        2.94639754295349     
   835.474612116814        2.62089443206787     
   835.548045068979        2.34720492362976     
   835.621478021145        2.11431407928467     
   835.694910973310        1.91468453407288     
   835.768343925476        1.74310433864594     
   835.841776877642        1.59520077705383     
   835.915209829807        1.46737873554230     
   835.988642781973        1.35670149326324     
   836.062075734138        1.26075387001038     
   836.135508686304        1.17751538753510     
   836.208941638470        1.10526823997498     
   836.282374590635        1.04257845878601     
   836.355807542801       0.988349795341492     
   836.429240494967       0.941865980625153     
   836.502673447132       0.902734458446503     
   836.576106399298       0.869831502437592     
   836.649539351463       0.839518189430237     
   836.722972303629       0.810733735561371     
   836.796405255795       0.781961739063263     
   836.869838207960       0.752143681049347     
   836.943271160126       0.721470177173615     
   837.016704112291       0.691174924373627     
   837.090137064457       0.662760615348816     
   837.163570016623       0.637479066848755     
   837.237002968788       0.616192817687988     
   837.310435920954       0.599374115467072     
   837.383868873119       0.587036788463593     
   837.457301825285       0.578482329845428     
   837.530734777451       0.571129024028778     
   837.604167729616       0.560872197151184     
   837.677600681782       0.546194612979889     
   837.751033633947       0.527070760726929     
   837.824466586113       0.505592286586761     
   837.897899538279       0.484209537506104     
   837.971332490444       0.464456647634506     
   838.044765442610       0.446884959936142     
   838.118198394775       0.431480050086975     
   838.191631346941       0.418011546134949     
   838.265064299107       0.406212717294693     
   838.338497251272       0.395848244428635     
   838.411930203438       0.386729538440704     
   838.485363155603       0.378711432218552     
   838.558796107769       0.371394097805023     
   838.632229059935       0.364605218172073     
   838.705662012100       0.358323544263840     
   838.779094964266       0.352504342794418     
   838.852527916431       0.347113400697708     
   838.925960868597       0.342125028371811     
   838.999393820763       0.337519377470016     
   839.072826772928       0.333280950784683     
   839.146259725094       0.329397469758987     
   839.219692677259       0.325858891010284     
   839.293125629425       0.322656989097595     
   839.366558581591       0.319785207509995     
   839.439991533756       0.317238152027130     
   839.513424485922       0.314984470605850     
   839.586857438087       0.312868624925613     
   839.660290390253       0.310967803001404     
   839.733723342419       0.309282064437866     
   839.807156294584       0.307811319828033     
   839.880589246750       0.306555598974228     
   839.954022198915       0.305514931678772     
   840.027455151081       0.304689258337021     
   840.100888103247       0.304078638553619     
   840.174321055412       0.303683072328568     
   840.247754007578       0.303502589464188     
   840.321186959743       0.303537160158157     
   840.394619911909       0.303786873817444     
   840.468052864075       0.304251581430435     
   840.541485816240       0.304888874292374     
   840.614918768406       0.305752992630005     
   840.688351720572       0.306897401809692     
   840.761784672737       0.308333456516266     
   840.835217624903       0.310074836015701     
   840.908650577068       0.312138438224792     
   840.982083529234       0.314544618129730     
   841.055516481400       0.317318230867386     
   841.128949433565       0.320489346981049     
   841.202382385731       0.324094861745834     
   841.275815337896       0.328179895877838     
   841.349248290062       0.332799166440964     
   841.422681242228       0.338019698858261     
   841.496114194393       0.343922674655914     
   841.569547146559       0.350814908742905     
   841.642980098724       0.358798146247864     
   841.716413050890       0.368023991584778     
   841.789846003056       0.378655582666397     
   841.863278955221       0.390831828117371     
   841.936711907387       0.404613614082336     
   842.010144859552       0.419895946979523     
   842.083577811718       0.436288058757782     
   842.157010763884       0.453007519245148     
   842.230443716049       0.468900859355927     
   842.303876668215       0.482721954584122     
   842.377309620380       0.493630856275558     
   842.450742572546       0.501562416553497     
   842.524175524712       0.507072806358337     
   842.597608476877       0.510975599288940     
   842.671041429043       0.513704061508179     
   842.744474381208       0.515198409557343     
   842.817907333374       0.515350759029388     
   842.891340285540       0.514297068119049     
   842.964773237705       0.512435197830200     
   843.038206189871       0.510277092456818     
   843.111639142036       0.508355498313904     
   843.185072094202       0.507211446762085     
   843.258505046368       0.507359981536865     
   843.331937998533       0.509203255176544     
   843.405370950699       0.512962698936462     
   843.478803902864       0.518677234649658     
   843.552236855030       0.526152610778809     
   843.625669807196       0.535604715347290     
   843.699102759361       0.546785652637482     
   843.772535711527       0.559200048446655     
   843.845968663692       0.572265386581421     
   843.919401615858       0.585471451282501     
   843.992834568024       0.598585247993469     
   844.066267520189       0.611751139163971     
   844.139700472355       0.625405073165894     
   844.213133424520       0.640065073966980     
   844.286566376686       0.656145036220551     
   844.359999328852       0.673856794834137     
   844.433432281017       0.693179965019226     
   844.506865233183       0.713575422763824     
   844.580298185349       0.733375370502472     
   844.653731137514       0.756031811237335     
   844.727164089680       0.781301140785217     
   844.800597041845       0.809249460697174     
   844.874029994011       0.840196371078491     
   844.947462946177       0.874538302421570     
   845.020895898342       0.912600755691528     
   845.094328850508       0.954589962959290     
   845.167761802673        1.00061213970184     
   845.241194754839        1.05071377754211     
   845.314627707005        1.10491347312927     
   845.388060659170        1.16321825981140     
   845.461493611336        1.22562575340271     
   845.534926563501        1.28781890869141     
   845.608359515667        1.35735511779785     
   845.681792467833        1.44213593006134     
   845.755225419998        1.54251933097839     
   845.828658372164        1.65882873535156     
   845.902091324329        1.79142069816589     
   845.975524276495        1.94085741043091     
   846.048957228661        2.10814094543457     
   846.122390180826        2.29489994049072     
   846.195823132992        2.50340843200684     
   846.269256085157        2.73643302917480     
   846.342689037323        2.99701404571533     
   846.416121989489        3.28824424743652     
   846.489554941654        3.61302518844604     
   846.562987893820        4.01141834259033     
   846.636420845985        4.47672128677368     
   846.709853798151        5.01073551177979     
   846.783286750317        5.61841392517090     
   846.856719702482        6.30229139328003     
   846.930152654648        7.06219863891602     
   847.003585606813        7.89569330215454     
   847.077018558979        8.79854965209961     
   847.150451511145        9.76375389099121     
   847.223884463310        10.7779779434204     
   847.297317415476        11.8163032531738     
   847.370750367641        12.8370361328125     
   847.444183319807        13.7783660888672     
   847.517616271973        14.5602664947510     
   847.591049224138        15.0962238311768     
   847.664482176304        15.3105659484863     
   847.737915128469        15.1513195037842     
   847.811348080635        14.5998992919922     
   847.884781032801        13.6856412887573     
   847.958213984966        12.4971857070923     
   848.031646937132        11.1675710678101     
   848.105079889297        9.83237457275391     
   848.178512841463        8.59116840362549     
   848.251945793629        7.49555301666260     
   848.325378745794        6.55898237228394     
   848.398811697960        5.77272319793701     
   848.472244650126        5.11846637725830     
   848.545677602291        4.57990026473999     
   848.619110554457        4.13411903381348     
   848.692543506622        3.76255631446838     
   848.765976458788        3.45238471031189     
   848.839409410954        3.19310140609741     
   848.912842363119        2.97618341445923     
   848.986275315285        2.79479026794434     
   849.059708267450        2.64351820945740     
   849.133141219616        2.51819443702698     
   849.206574171782        2.41563987731934     
   849.280007123947        2.33341765403748     
   849.353440076113        2.26960301399231     
   849.426873028278        2.22260236740112     
   849.500305980444        2.19106340408325     
   849.573738932610        2.17934656143188     
   849.647171884775        2.17852330207825     
   849.720604836941        2.18904399871826     
   849.794037789106        2.21137857437134     
   849.867470741272        2.24608492851257     
   849.940903693438        2.29388403892517     
   850.014336645603        2.35574150085449     
   850.087769597769        2.43297863006592     
   850.161202549934        2.52742767333984     
   850.234635502100        2.64155149459839     
   850.308068454266        2.77844429016113     
   850.381501406431        2.94170045852661     
   850.454934358597        3.13524055480957     
   850.528367310762        3.35867476463318     
   850.601800262928        3.61503696441650     
   850.675233215094        3.91571879386902     
   850.748666167259        4.26312446594238     
   850.822099119425        4.65717506408691     
   850.895532071590        5.09332799911499     
   850.968965023756        5.55999708175659     
   851.042397975922        6.03599596023560     
   851.115830928087        6.48936271667480     
   851.189263880253        6.87966442108154     
   851.262696832418        7.16544866561890     
   851.336129784584        7.31579637527466     
   851.409562736750        7.32106447219849     
   851.482995688915        7.19650459289551     
   851.556428641081        6.97495412826538     
   851.629861593246        6.71720266342163     
   851.703294545412        6.46684551239014     
   851.776727497578        6.25606775283813     
   851.850160449743        6.10694217681885     
   851.923593401909        6.03291559219360     
   851.997026354074        6.04127216339111     
   852.070459306240        6.13527774810791     
   852.143892258406        6.31544351577759     
   852.217325210571        6.57962131500244     
   852.290758162737        6.92191219329834     
   852.364191114902        7.33043432235718     
   852.437624067068        7.78446292877197     
   852.511057019234        8.26228809356689     
   852.584489971399        8.78057861328125     
   852.657922923565        9.25495338439941     
   852.731355875731        9.66198921203613     
   852.804788827896        10.0018768310547     
   852.878221780062        10.3031244277954     
   852.951654732227        10.6154575347900     
   853.025087684393        10.9954233169556     
   853.098520636559        11.4923419952393     
   853.171953588724        12.1385412216187     
   853.245386540890        12.9430818557739     
   853.318819493055        13.8869552612305     
   853.392252445221        14.9199113845825     
   853.465685397387        15.9616947174072     
   853.539118349552        16.9051437377930     
   853.612551301718        17.6354522705078     
   853.685984253883        18.0478515625000     
   853.759417206049        18.0535240173340     
   853.832850158215        17.6065006256104     
   853.906283110380        16.7287349700928     
   853.979716062546        15.5141601562500     
   854.053149014711        14.1006116867065     
   854.126581966877        12.6267251968384     
   854.200014919043        11.1998910903931     
   854.273447871208        9.88601112365723     
   854.346880823374        8.71510601043701     
   854.420313775539        7.69274711608887     
   854.493746727705        6.81064510345459     
   854.567179679871        6.05544662475586     
   854.640612632036        5.40729856491089     
   854.714045584202        4.85042858123779     
   854.787478536367        4.37084531784058     
   854.860911488533        3.95645618438721     
   854.934344440699        3.59704017639160     
   855.007777392864        3.28407049179077     
   855.081210345030        3.01047968864441     
   855.154643297195        2.77042531967163     
   855.228076249361        2.55907845497131     
   855.301509201527        2.37244224548340     
   855.374942153692        2.20719861984253     
   855.448375105858        2.06058597564697     
   855.521808058023        1.93344295024872     
   855.595241010189        1.82314395904541     
   855.668673962355        1.71911489963531     
   855.742106914520        1.62135732173920     
   855.815539866686        1.52987420558929     
   855.888972818851        1.44466805458069     
   855.962405771017        1.36574292182922     
   856.035838723183        1.29310357570648     
   856.109271675348        1.22675633430481     
   856.182704627514        1.16670954227448     
   856.256137579679        1.11297297477722     
   856.329570531845        1.06555902957916     
   856.403003484011        1.02448487281799     
   856.476436436176       0.989770770072937     
   856.549869388342       0.956093013286591     
   856.623302340508       0.922472596168518     
   856.696735292673       0.890749692916870     
   856.770168244839       0.860982418060303     
   856.843601197004       0.833242952823639     
   856.917034149170       0.807615041732788     
   856.990467101336       0.784184873104095     
   857.063900053501       0.763010442256927     
   857.137333005667       0.744059860706329     
   857.210765957832       0.727100610733032     
   857.284198909998       0.711583912372589     
   857.357631862164       0.696660757064819     
   857.431064814329       0.681514561176300     
   857.504497766495       0.665778934955597     
   857.577930718660       0.647850930690765     
   857.651363670826       0.629740059375763     
   857.724796622992       0.612163722515106     
   857.798229575157       0.595502436161041     
   857.871662527323       0.579876899719238     
   857.945095479488       0.565290629863739     
   858.018528431654       0.551716864109039     
   858.091961383820       0.539125442504883     
   858.165394335985       0.527482748031616     
   858.238827288151       0.516751825809479     
   858.312260240316       0.506895661354065     
   858.385693192482       0.497880727052689     
   858.459126144648       0.489679604768753     
   858.532559096813       0.482156932353973     
   858.605992048979       0.475015014410019     
   858.679425001144       0.468303203582764     
   858.752857953310       0.462030470371246     
   858.826290905476       0.456207007169724     
   858.899723857641       0.450842231512070     
   858.973156809807       0.445940107107162     
   859.046589761972       0.441489607095718     
   859.120022714138       0.437451690435410     
   859.193455666304       0.433743625879288     
   859.266888618469       0.430236458778381     
   859.340321570635       0.426783025264740     
   859.413754522800       0.423281520605087     
   859.487187474966       0.419733941555023     
   859.560620427132       0.416072070598602     
   859.634053379297       0.412480235099792     
   859.707486331463       0.409113407135010     
   859.780919283628       0.406051516532898     
   859.854352235794       0.403329640626907     
   859.927785187960       0.400952965021133     
   860.001218140125       0.398911505937576     
   860.074651092291       0.397189944982529     
   860.148084044456       0.395774185657501     
   860.221516996622       0.394653618335724     
   860.294949948788       0.393820226192474     
   860.368382900953       0.393267393112183     
   860.441815853119       0.392989188432693     
   860.515248805285       0.392968058586121     
   860.588681757450       0.393187969923019     
   860.662114709616       0.393712371587753     
   860.735547661781       0.394548773765564     
   860.808980613947       0.395706623792648     
   860.882413566113       0.397198170423508     
   860.955846518278       0.399039030075073     
   861.029279470444       0.401250034570694     
   861.102712422609       0.403858184814453     
   861.176145374775       0.406898528337479     
   861.249578326941       0.410414814949036     
   861.323011279106       0.414457410573959     
   861.396444231272       0.419074058532715     
   861.469877183437       0.424284428358078     
   861.543310135603       0.430169701576233     
   861.616743087769       0.436612695455551     
   861.690176039934       0.443143665790558     
   861.763608992100       0.449262559413910     
   861.837041944265       0.454701423645020     
   861.910474896431       0.459680348634720     
   861.983907848597       0.464768499135971     
   862.057340800762       0.470533281564713     
   862.130773752928       0.477345615625381     
   862.204206705093       0.485388100147247     
   862.277639657259       0.494728446006775     
   862.351072609425       0.505371093750000     
   862.424505561590       0.517275393009186     
   862.497938513756       0.530348122119904     
   862.571371465921       0.544286012649536     
   862.644804418087       0.559226393699646     
   862.718237370253       0.574750900268555     
   862.791670322418       0.590260088443756     
   862.865103274584       0.604988694190979     
   862.938536226749       0.618079602718353     
   863.011969178915       0.628754556179047     
   863.085402131081       0.636574089527130     
   863.158835083246       0.641673922538757     
   863.232268035412       0.644806802272797     
   863.305700987577       0.647098660469055     
   863.379133939743       0.649664700031281     
   863.452566891909       0.653331696987152     
   863.525999844074       0.658347487449646     
   863.599432796240       0.665176749229431     
   863.672865748405       0.674445390701294     
   863.746298700571       0.686067104339600     
   863.819731652737       0.699920594692230     
   863.893164604902       0.715884625911713     
   863.966597557068       0.733864486217499     
   864.040030509233       0.753810822963715     
   864.113463461399       0.775716602802277     
   864.186896413565       0.799576282501221     
   864.260329365730       0.825301408767700     
   864.333762317896       0.852610468864441     
   864.407195270061       0.880974888801575     
   864.480628222227       0.909800767898560     
   864.554061174393       0.937271952629089     
   864.627494126558       0.966999769210815     
   864.700927078724        1.00053822994232     
   864.774360030890        1.03842902183533     
   864.847792983055        1.08096504211426     
   864.921225935221        1.12824249267578     
   864.994658887386        1.18024182319641     
   865.068091839552        1.23685944080353     
   865.141524791718        1.29789793491364     
   865.214957743883        1.36303484439850     
   865.288390696049        1.43181300163269     
   865.361823648214        1.50368905067444     
   865.435256600380        1.57816708087921     
   865.508689552546        1.65209829807281     
   865.582122504711        1.71585178375244     
   865.655555456877        1.79830050468445     
   865.728988409042        1.89998197555542     
   865.802421361208        2.02140116691589     
   865.875854313374        2.16293621063232     
   865.949287265539        2.32482457160950     
   866.022720217705        2.50718736648560     
   866.096153169870        2.71007037162781     
   866.169586122036        2.93346571922302     
   866.243019074202        3.17732381820679     
   866.316452026367        3.44155311584473     
   866.389884978533        3.72599577903748     
   866.463317930698        4.03041028976440     
   866.536750882864        4.38729667663574     
   866.610183835030        4.82423782348633     
   866.683616787195        5.32612323760986     
   866.757049739361        5.90490484237671     
   866.830482691526        6.57497882843018     
   866.903915643692        7.35330533981323     
   866.977348595858        8.25921249389648     
   867.050781548023        9.31371116638184     
   867.124214500189        10.5380735397339     
   867.197647452354        11.9513416290283     
   867.271080404520        13.5664176940918     
   867.344513356686        15.3845720291138     
   867.417946308851        17.3886489868164     
   867.491379261017        19.5354976654053     
   867.564812213182        21.7482814788818     
   867.638245165348        23.9120330810547     
   867.711678117514        25.8701972961426     
   867.785111069679        27.4290676116943     
   867.858544021845        28.3745136260986     
   867.931976974010        28.5149288177490     
   868.005409926176        27.7542018890381     
   868.078842878342        26.1583042144775     
   868.152275830507        23.9537296295166     
   868.225708782673        21.4439544677734     
   868.299141734838        18.9048500061035     
   868.372574687004        16.5246295928955     
   868.446007639170        14.3992071151733     
   868.519440591335        12.5566129684448     
   868.592873543501        10.9858722686768     
   868.666306495667        9.65864181518555     
   868.739739447832        8.54027271270752     
   868.813172399998        7.59712219238281     
   868.886605352163        6.79935550689697     
   868.960038304329        6.12181854248047     
   869.033471256495        5.54388904571533     
   869.106904208660        5.04888772964478     
   869.180337160826        4.62333440780640     
   869.253770112991        4.25626850128174     
   869.327203065157        3.93870615959167     
   869.400636017323        3.66324257850647     
   869.474068969488        3.42377042770386     
   869.547501921654        3.22875523567200     
   869.620934873819        3.06003546714783     
   869.694367825985        2.90810012817383     
   869.767800778151        2.77293539047241     
   869.841233730316        2.65451192855835     
   869.914666682482        2.55278778076172     
   869.988099634647        2.46772050857544     
   870.061532586813        2.39927077293396     
   870.134965538979        2.34740233421326     
   870.208398491144        2.31208372116089     
   870.281831443310        2.29328870773315     
   870.355264395475        2.29099583625793     
   870.428697347641        2.30518722534180     
   870.502130299807        2.33545804023743     
   870.575563251972        2.37054228782654     
   870.648996204138        2.42579913139343     
   870.722429156303        2.50292420387268     
   870.795862108469        2.60385823249817     
   870.869295060635        2.73076939582825     
   870.942728012800        2.88598275184631     
   871.016160964966        3.07182192802429     
   871.089593917131        3.29030346870422     
   871.163026869297        3.54259562492371     
   871.236459821463        3.82815814018250     
   871.309892773628        4.14348936080933     
   871.383325725794        4.48057603836060     
   871.456758677959        4.82545804977417     
   871.530191630125        5.16695547103882     
   871.603624582291        5.49263095855713     
   871.677057534456        5.77094745635986     
   871.750490486622        5.98807811737061     
   871.823923438787        6.14360094070435     
   871.897356390953        6.25183963775635     
   871.970789343119        6.33742284774780     
   872.044222295284        6.42723464965820     
   872.117655247450        6.54219627380371     
   872.191088199615        6.69103240966797     
   872.264521151781        6.86648368835449     
   872.337954103947        7.04411697387695     
   872.411387056112        7.18482732772827     
   872.484820008278        7.24273777008057     
   872.558252960443        7.17745971679688     
   872.631685912609        6.97010374069214     
   872.705118864775        6.62907361984253     
   872.778551816940        6.18602895736694     
   872.851984769106        5.68389558792114     
   872.925417721272        5.16400766372681     
   872.998850673437        4.65818643569946     
   873.072283625603        4.18659734725952     
   873.145716577768        3.75935316085815     
   873.219149529934        3.37943530082703     
   873.292582482100        3.04547095298767     
   873.366015434265        2.75380992889404     
   873.439448386431        2.49987268447876     
