         530
   754.762023925781       0.274482280015945     
   754.835551328957       0.272992610931396     
   754.909078732133       0.275671362876892     
   754.982606135309       0.282471090555191     
   755.056133538485       0.293317407369614     
   755.129660941660       0.307958096265793     
   755.203188344836       0.325732797384262     
   755.276715748012       0.345290869474411     
   755.350243151188       0.364399373531342     
   755.423770554364       0.380128592252731     
   755.497297957540       0.389663606882095     
   755.570825360715       0.393900781869888     
   755.644352763891       0.392236590385437     
   755.717880167067       0.387337595224380     
   755.791407570243       0.382609277963638     
   755.864934973419       0.381111204624176     
   755.938462376595       0.385129928588867     
   756.011989779770       0.396213561296463     
   756.085517182946       0.415353119373322     
   756.159044586122       0.443042039871216     
   756.232571989298       0.479018181562424     
   756.306099392474       0.521568059921265     
   756.379626795650       0.566522240638733     
   756.453154198825       0.606608033180237     
   756.526681602001       0.632243633270264     
   756.600209005177       0.635425209999084     
   756.673736408353       0.614378154277802     
   756.747263811529       0.573987483978271     
   756.820791214705       0.523148536682129     
   756.894318617880       0.470371216535568     
   756.967846021056       0.421339839696884     
   757.041373424232       0.378791630268097     
   757.114900827408       0.343439817428589     
   757.188428230584       0.314924508333206     
   757.261955633759       0.292441397905350     
   757.335483036935       0.275068044662476     
   757.409010440111       0.261903136968613     
   757.482537843287       0.252126097679138     
   757.556065246463       0.246037513017654     
   757.629592649639       0.243181094527245     
   757.703120052814       0.243270248174667     
   757.776647455990       0.246419593691826     
   757.850174859166       0.252851933240891     
   757.923702262342       0.262875914573669     
   757.997229665518       0.276892453432083     
   758.070757068694       0.295396625995636     
   758.144284471869       0.318944305181503     
   758.217811875045       0.348058015108109     
   758.291339278221       0.383052974939346     
   758.364866681397       0.423807621002197     
   758.438394084573       0.469607204198837     
   758.511921487749       0.519137322902679     
   758.585448890924       0.570848822593689     
   758.658976294100       0.624006748199463     
   758.732503697276       0.675489723682404     
   758.806031100452       0.718792974948883     
   758.879558503628       0.744312286376953     
   758.953085906804       0.743731737136841     
   759.026613309979       0.715956807136536     
   759.100140713155       0.668523311614990     
   759.173668116331       0.612913310527802     
   759.247195519507       0.558899164199829     
   759.320722922683       0.512171149253845     
   759.394250325859       0.474867105484009     
   759.467777729034       0.447000950574875     
   759.541305132210       0.428911298513412     
   759.614832535386       0.420543521642685     
   759.688359938562       0.420720517635345     
   759.761887341738       0.429280728101730     
   759.835414744914       0.446463078260422     
   759.908942148089       0.472981899976730     
   759.982469551265       0.510087370872498     
   760.055996954441       0.559532225131989     
   760.129524357617       0.623397409915924     
   760.203051760793       0.703710138797760     
   760.276579163969       0.801726818084717     
   760.350106567144       0.916716814041138     
   760.423633970320        1.04412543773651     
   760.497161373496        1.17308866977692     
   760.570688776672        1.28483343124390     
   760.644216179848        1.35307645797729     
   760.717743583024        1.35608768463135     
   760.791270986199        1.29178047180176     
   760.864798389375        1.18069779872894     
   760.938325792551        1.05224275588989     
   761.011853195727       0.929749727249146     
   761.085380598903       0.825679183006287     
   761.158908002079       0.744207561016083     
   761.232435405254       0.685256659984589     
   761.305962808430       0.647315382957458     
   761.379490211606       0.628879487514496     
   761.453017614782       0.628972768783569     
   761.526545017958       0.647513449192047     
   761.600072421134       0.684468507766724     
   761.673599824309       0.736828684806824     
   761.747127227485       0.797891378402710     
   761.820654630661       0.854519844055176     
   761.894182033837       0.889580309391022     
   761.967709437013       0.891588091850281     
   762.041236840189       0.864173114299774     
   762.114764243364       0.823709785938263     
   762.188291646540       0.788232088088989     
   762.261819049716       0.769848167896271     
   762.335346452892       0.773598730564117     
   762.408873856068       0.798125445842743     
   762.482401259243       0.834836006164551     
   762.555928662419       0.866913914680481     
   762.629456065595       0.873268961906433     
   762.702983468771       0.841225981712341     
   762.776510871947       0.776359438896179     
   762.850038275123       0.696643173694611     
   762.923565678298       0.618974566459656     
   762.997093081474       0.552613735198975     
   763.070620484650       0.500337123870850     
   763.144147887826       0.461608022451401     
   763.217675291002       0.434809565544128     
   763.291202694178       0.418301641941071     
   763.364730097353       0.410783290863037     
   763.438257500529       0.411351680755615     
   763.511784903705       0.419476449489594     
   763.585312306881       0.435185700654984     
   763.658839710057       0.458399325609207     
   763.732367113233       0.488697081804276     
   763.805894516408       0.524730920791626     
   763.879421919584       0.563549220561981     
   763.952949322760       0.600294232368469     
   764.026476725936       0.629054129123688     
   764.100004129112       0.645236492156982     
   764.173531532288       0.648189365863800     
   764.247058935463       0.641699075698853     
   764.320586338639       0.631788671016693     
   764.394113741815       0.623820304870605     
   764.467641144991       0.620815992355347     
   764.541168548167       0.623654842376709     
   764.614695951343       0.631082475185394     
   764.688223354518       0.639667987823486     
   764.761750757694       0.645688235759735     
   764.835278160870       0.646385014057159     
   764.908805564046       0.641333520412445     
   764.982332967222       0.632731974124908     
   765.055860370398       0.624318301677704     
   765.129387773573       0.619761466979980     
   765.202915176749       0.621509194374084     
   765.276442579925       0.630320727825165     
   765.349969983101       0.645217418670654     
   765.423497386277       0.663717567920685     
   765.497024789453       0.682552695274353     
   765.570552192628       0.700255751609802     
   765.644079595804       0.715664744377136     
   765.717606998980       0.730823040008545     
   765.791134402156       0.749387085437775     
   765.864661805332       0.774859428405762     
   765.938189208508       0.809069156646729     
   766.011716611683       0.851205646991730     
   766.085244014859       0.897427797317505     
   766.158771418035       0.941442906856537     
   766.232298821211       0.976679265499115     
   766.305826224387       0.999650895595551     
   766.379353627563        1.01227283477783     
   766.452881030738        1.02099716663361     
   766.526408433914        1.03378891944885     
   766.599935837090        1.05658745765686     
   766.673463240266        1.09031903743744     
   766.746990643442        1.13194811344147     
   766.820518046618        1.17483735084534     
   766.894045449793        1.21108841896057     
   766.967572852969        1.23465287685394     
   767.041100256145        1.24353575706482     
   767.114627659321        1.23992002010345     
   767.188155062497        1.22845685482025     
   767.261682465672        1.21376907825470     
   767.335209868848        1.19874048233032     
   767.408737272024        1.18500232696533     
   767.482264675200        1.17486929893494     
   767.555792078376        1.17211627960205     
   767.629319481552        1.17731726169586     
   767.702846884727        1.18627834320068     
   767.776374287903        1.19005906581879     
   767.849901691079        1.18073856830597     
   767.923429094255        1.15766847133636     
   767.996956497431        1.12618494033813     
   768.070483900607        1.09027361869812     
   768.144011303782        1.04849135875702     
   768.217538706958       0.996433734893799     
   768.291066110134       0.930849075317383     
   768.364593513310       0.852432429790497     
   768.438120916486       0.767142534255981     
   768.511648319662       0.683776259422302     
   768.585175722837       0.609126448631287     
   768.658703126013       0.546202480792999     
   768.732230529189       0.495242625474930     
   768.805757932365       0.455008387565613     
   768.879285335541       0.423871517181396     
   768.952812738717       0.400311648845673     
   769.026340141892       0.383073747158051     
   769.099867545068       0.371177941560745     
   769.173394948244       0.363880038261414     
   769.246922351420       0.360624641180038     
   769.320449754596       0.361004173755646     
   769.393977157772       0.364725381135941     
   769.467504560947       0.371580421924591     
   769.541031964123       0.382962375879288     
   769.614559367299       0.398951053619385     
   769.688086770475       0.418856889009476     
   769.761614173651       0.443168550729752     
   769.835141576827       0.472366452217102     
   769.908668980002       0.506894469261169     
   769.982196383178       0.547175943851471     
   770.055723786354       0.593728840351105     
   770.129251189530       0.647395133972168     
   770.202778592706       0.709582507610321     
   770.276305995882       0.782314002513885     
   770.349833399057       0.867931544780731     
   770.423360802233       0.968438327312469     
   770.496888205409        1.08450829982758     
   770.570415608585        1.21343207359314     
   770.643943011761        1.34923183917999     
   770.717470414937        1.47976231575012     
   770.790997818112        1.58725416660309     
   770.864525221288        1.65198338031769     
   770.938052624464        1.65942871570587     
   771.011580027640        1.60716462135315     
   771.085107430816        1.50612413883209     
   771.158634833992        1.37512397766113     
   771.232162237167        1.23319375514984     
   771.305689640343        1.09458780288696     
   771.379217043519       0.967633008956909     
   771.452744446695       0.855890750885010     
   771.526271849871       0.759727478027344     
   771.599799253047       0.678097248077393     
   771.673326656222       0.609682142734528     
   771.746854059398       0.552659511566162     
   771.820381462574       0.505322992801666     
   771.893908865750       0.466183573007584     
   771.967436268926       0.433990120887756     
   772.040963672101       0.407711297273636     
   772.114491075277       0.386495083570480     
   772.188018478453       0.369606435298920     
   772.261545881629       0.356345623731613     
   772.335073284805       0.345975220203400     
   772.408600687981       0.337747067213058     
   772.482128091156       0.331096619367599     
   772.555655494332       0.327659964561462     
   772.629182897508       0.326335191726685     
   772.702710300684       0.327067911624908     
   772.776237703860       0.330323606729507     
   772.849765107036       0.336481928825378     
   772.923292510211       0.345900177955627     
   772.996819913387       0.358969688415527     
   773.070347316563       0.376165956258774     
   773.143874719739       0.398095399141312     
   773.217402122915       0.425516664981842     
   773.290929526091       0.459315657615662     
   773.364456929266       0.500482141971588     
   773.437984332442       0.550160884857178     
   773.511511735618       0.609536826610565     
   773.585039138794       0.679012835025787     
   773.658566541970       0.759224712848663     
   773.732093945146       0.847850799560547     
   773.805621348321       0.938669919967651     
   773.879148751497        1.02069187164307     
   773.952676154673        1.07950413227081     
   774.026203557849        1.10205686092377     
   774.099730961025        1.08308088779449     
   774.173258364201        1.02814638614655     
   774.246785767376       0.950459897518158     
   774.320313170552       0.864440441131592     
   774.393840573728       0.781055867671967     
   774.467367976904       0.706633508205414     
   774.540895380080       0.644026815891266     
   774.614422783256       0.593772709369659     
   774.687950186431       0.555073201656342     
   774.761477589607       0.526720464229584     
   774.835004992783       0.507218658924103     
   774.908532395959       0.494807988405228     
   774.982059799135       0.487464785575867     
   775.055587202311       0.483077347278595     
   775.129114605486       0.479856789112091     
   775.202642008662       0.476814836263657     
   775.276169411838       0.474026501178741     
   775.349696815014       0.472515434026718     
   775.423224218190       0.473833620548248     
   775.496751621366       0.479599118232727     
   775.570279024541       0.491756349802017     
   775.643806427717       0.510956704616547     
   775.717333830893       0.538532137870789     
   775.790861234069       0.575942873954773     
   775.864388637245       0.624837636947632     
   775.937916040421       0.687000632286072     
   776.011443443596       0.764043331146240     
   776.084970846772       0.856645762920380     
   776.158498249948       0.963103771209717     
   776.232025653124        1.07714903354645     
   776.305553056300        1.18586564064026     
   776.379080459476        1.27011287212372     
   776.452607862651        1.31037962436676     
   776.526135265827        1.29709124565125     
   776.599662669003        1.23701059818268     
   776.673190072179        1.14835500717163     
   776.746717475355        1.05139148235321     
   776.820244878531       0.960911631584167     
   776.893772281706       0.884763360023499     
   776.967299684882       0.825670123100281     
   777.040827088058       0.783563256263733     
   777.114354491234       0.757296681404114     
   777.187881894410       0.745590806007385     
   777.261409297585       0.747423171997070     
   777.334936700761       0.762271761894226     
   777.408464103937       0.790419995784760     
   777.481991507113       0.833136796951294     
   777.555518910289       0.893494129180908     
   777.629046313465       0.973580777645111     
   777.702573716640        1.07758080959320     
   777.776101119816        1.21068108081818     
   777.849628522992        1.37806022167206     
   777.923155926168        1.58320939540863     
   777.996683329344        1.82429456710815     
   778.070210732520        2.08792304992676     
   778.143738135695        2.34210753440857     
   778.217265538871        2.53598046302795     
   778.290792942047        2.61704897880554     
   778.364320345223        2.56253314018250     
   778.437847748399        2.39616465568542     
   778.511375151575        2.17076301574707     
   778.584902554750        1.93926668167114     
   778.658429957926        1.73507440090179     
   778.731957361102        1.57248783111572     
   778.805484764278        1.45480811595917     
   778.879012167454        1.38064026832581     
   778.952539570630        1.34760475158691     
   779.026066973805        1.35404479503632     
   779.099594376981        1.39946687221527     
   779.173121780157        1.48399198055267     
   779.246649183333        1.60654401779175     
   779.320176586509        1.76117253303528     
   779.393703989685        1.93160688877106     
   779.467231392860        2.08749341964722     
   779.540758796036        2.19726991653442     
   779.614286199212        2.23748636245728     
   779.687813602388        2.21449732780457     
   779.761341005564        2.16745615005493     
   779.834868408740        2.13998675346375     
   779.908395811915        2.16416740417480     
   779.981923215091        2.25847554206848     
   780.055450618267        2.43021774291992     
   780.128978021443        2.67454051971436     
   780.202505424619        2.96954679489136     
   780.276032827795        3.27522182464600     
   780.349560230970        3.54489779472351     
   780.423087634146        3.73778963088989     
   780.496615037322        3.81143593788147     
   780.570142440498        3.71670603752136     
   780.643669843674        3.44215130805969     
   780.717197246850        3.04122614860535     
   780.790724650025        2.60102510452271     
   780.864252053201        2.18961381912231     
   780.937779456377        1.83821427822113     
   781.011306859553        1.55164515972137     
   781.084834262729        1.32267904281616     
   781.158361665905        1.14085161685944     
   781.231889069080       0.996269106864929     
   781.305416472256       0.880753159523010     
   781.378943875432       0.787891268730164     
   781.452471278608       0.712737023830414     
   781.525998681784       0.652368009090424     
   781.599526084960       0.603571414947510     
   781.673053488135       0.562122762203217     
   781.746580891311       0.526436567306519     
   781.820108294487       0.495331645011902     
   781.893635697663       0.468035310506821     
   781.967163100839       0.444145381450653     
   782.040690504014       0.423524767160416     
   782.114217907190       0.406173944473267     
   782.187745310366       0.392137616872787     
   782.261272713542       0.381472796201706     
   782.334800116718       0.374254673719406     
   782.408327519894       0.370569914579391     
   782.481854923069       0.370449244976044     
   782.555382326245       0.372876614332199     
   782.628909729421       0.377153873443604     
   782.702437132597       0.382177025079727     
   782.775964535773       0.385909050703049     
   782.849491938949       0.386205404996872     
   782.923019342124       0.382016330957413     
   782.996546745300       0.374101608991623     
   783.070074148476       0.364438921213150     
   783.143601551652       0.355028629302979     
   783.217128954828       0.347208648920059     
   783.290656358004       0.341618567705154     
   783.364183761179       0.338398128747940     
   783.437711164355       0.337381303310394     
   783.511238567531       0.338061600923538     
   783.584765970707       0.339737445116043     
   783.658293373883       0.343546330928802     
   783.731820777059       0.349522739648819     
   783.805348180234       0.357911944389343     
   783.878875583410       0.369028985500336     
   783.952402986586       0.383161723613739     
   784.025930389762       0.400579214096069     
   784.099457792938       0.421580106019974     
   784.172985196114       0.446536600589752     
   784.246512599289       0.475918978452682     
   784.320040002465       0.510300159454346     
   784.393567405641       0.550327003002167     
   784.467094808817       0.596630811691284     
   784.540622211993       0.650961756706238     
   784.614149615169       0.714764833450317     
   784.687677018344       0.786500036716461     
   784.761204421520       0.863253116607666     
   784.834731824696       0.939740538597107     
   784.908259227872        1.00942623615265     
   784.981786631048        1.06764245033264     
   785.055314034224        1.11482548713684     
   785.128841437399        1.15678727626801     
   785.202368840575        1.20171570777893     
   785.275896243751        1.25644350051880     
   785.349423646927        1.32387506961823     
   785.422951050103        1.40173077583313     
   785.496478453279        1.48256087303162     
   785.570005856454        1.55591392517090     
   785.643533259630        1.61614680290222     
   785.717060662806        1.66317534446716     
   785.790588065982        1.70534455776215     
   785.864115469158        1.75347769260406     
   785.937642872334        1.81347906589508     
   786.011170275509        1.88243615627289     
   786.084697678685        1.94921588897705     
   786.158225081861        1.99932718276978     
   786.231752485037        2.02273058891296     
   786.305279888213        2.02001738548279     
   786.378807291389        2.00187063217163     
   786.452334694564        1.98226618766785     
   786.525862097740        1.97220754623413     
   786.599389500916        1.97833049297333     
   786.672916904092        1.99630284309387     
   786.746444307268        2.02110290527344     
   786.819971710443        2.05209755897522     
   786.893499113619        2.09486603736877     
   786.967026516795        2.15739989280701     
   787.040553919971        2.24429702758789     
   787.114081323147        2.35395479202271     
   787.187608726323        2.48115968704224     
   787.261136129498        2.62305426597595     
   787.334663532674        2.78167653083801     
   787.408190935850        2.95813465118408     
   787.481718339026        3.14396166801453     
   787.555245742202        3.32977890968323     
   787.628773145378        3.50073742866516     
   787.702300548553        3.65887022018433     
   787.775827951729        3.81632709503174     
   787.849355354905        3.97391462326050     
   787.922882758081        4.11093425750732     
   787.996410161257        4.18850803375244     
   788.069937564433        4.16718482971191     
   788.143464967608        4.03797721862793     
   788.216992370784        3.83548903465271     
   788.290519773960        3.61029219627380     
   788.364047177136        3.39394545555115     
   788.437574580312        3.19067358970642     
   788.511101983488        2.98965930938721     
   788.584629386663        2.77925944328308     
   788.658156789839        2.55617618560791     
   788.731684193015        2.32592415809631     
   788.805211596191        2.09819841384888     
   788.878738999367        1.88235545158386     
   788.952266402543        1.68487834930420     
   789.025793805718        1.50892508029938     
   789.099321208894        1.35502231121063     
   789.172848612070        1.22204172611237     
   789.246376015246        1.10801899433136     
   789.319903418422        1.01070678234100     
   789.393430821598       0.927890896797180     
   789.466958224773       0.857546925544739     
   789.540485627949       0.797953009605408     
   789.614013031125       0.747076928615570     
   789.687540434301       0.703700184822083     
   789.761067837477       0.666986525058746     
   789.834595240653       0.636218845844269     
   789.908122643828       0.610783219337463     
   789.981650047004       0.590163230895996     
   790.055177450180       0.573943555355072     
   790.128704853356       0.561807930469513     
   790.202232256532       0.553525328636169     
   790.275759659708       0.548922240734100     
   790.349287062883       0.547854185104370     
   790.422814466059       0.550183653831482     
   790.496341869235       0.555763781070709     
   790.569869272411       0.567664444446564     
   790.643396675587       0.584040701389313     
   790.716924078763       0.605349957942963     
   790.790451481938       0.632365643978119     
   790.863978885114       0.666094958782196     
   790.937506288290       0.707796752452850     
   791.011033691466       0.758938252925873     
   791.084561094642       0.821087419986725     
   791.158088497818       0.895721197128296     
   791.231615900993       0.983869612216949     
   791.305143304169        1.08548235893250     
   791.378670707345        1.19841980934143     
   791.452198110521        1.31713771820068     
   791.525725513697        1.43113064765930     
   791.599252916873        1.52560114860535     
   791.672780320048        1.58536982536316     
   791.746307723224        1.59844076633453     
   791.819835126400        1.56222081184387     
   791.893362529576        1.48482072353363     
   791.966889932752        1.38114309310913     
   792.040417335927        1.26690518856049     
   792.113944739103        1.15440273284912     
   792.187472142279        1.05122649669647     
   792.260999545455       0.960954785346985     
   792.334526948631       0.884471237659454     
   792.408054351807       0.821128249168396     
   792.481581754982       0.769524753093719     
   792.555109158158       0.728875219821930     
   792.628636561334       0.697576224803925     
   792.702163964510       0.674090385437012     
   792.775691367686       0.657508909702301     
   792.849218770862       0.647382378578186     
   792.922746174037       0.643609642982483     
   792.996273577213       0.646291136741638     
   793.069800980389       0.655654549598694     
   793.143328383565       0.672064244747162     
   793.216855786741       0.696069419384003     
   793.290383189917       0.728460133075714     
   793.363910593092       0.770318984985352     
   793.437437996268       0.823064088821411     
   793.510965399444       0.888412833213806     
   793.584492802620       0.968494474887848     
   793.658020205796        1.06620717048645     
