        1634
   753.523437500000        20.3209400177002     
   753.596870452166        19.1550922393799     
   753.670303404331        18.1786880493164     
   753.743736356497        17.3765811920166     
   753.817169308662        16.7365474700928     
   753.890602260828        16.2496643066406     
   753.964035212994        15.9102382659912     
   754.037468165159        15.7152614593506     
   754.110901117325        15.6636390686035     
   754.184334069490        15.7553195953369     
   754.257767021656        15.9902639389038     
   754.331199973822        16.3670864105225     
   754.404632925987        16.8811340332031     
   754.478065878153        17.5219192504883     
   754.551498830318        18.2829284667969     
   754.624931782484        19.1224250793457     
   754.698364734650        19.9900474548340     
   754.771797686815        20.8242378234863     
   754.845230638981        21.5492782592773     
   754.918663591146        22.0856628417969     
   754.992096543312        22.3673076629639     
   755.065529495478        22.3602886199951     
   755.138962447643        22.0739555358887     
   755.212395399809        21.5579357147217     
   755.285828351974        20.8865871429443     
   755.359261304140        20.1390056610107     
   755.432694256306        19.3829021453857     
   755.506127208471        18.6675415039062     
   755.579560160637        18.0344295501709     
   755.652993112803        17.4924793243408     
   755.726426064968        17.0511264801025     
   755.799859017134        16.7167339324951     
   755.873291969299        16.4951114654541     
   755.946724921465        16.3918476104736     
   756.020157873631        16.4117088317871     
   756.093590825796        16.5585365295410     
   756.167023777962        16.8363513946533     
   756.240456730127        17.2514457702637     
   756.313889682293        17.8144664764404     
   756.387322634459        18.5412406921387     
   756.460755586624        19.4518775939941     
   756.534188538790        20.5769786834717     
   756.607621490955        21.9318904876709     
   756.681054443121        23.5223979949951     
   756.754487395287        25.3567314147949     
   756.827920347452        27.4261264801025     
   756.901353299618        29.6959342956543     
   756.974786251783        32.0948333740234     
   757.048219203949        34.5039596557617     
   757.121652156115        36.7516708374023     
   757.195085108280        38.6230659484863     
   757.268518060446        39.8928718566895     
   757.341951012611        40.3802032470703     
   757.415383964777        40.0053672790527     
   757.488816916943        38.8186607360840     
   757.562249869108        36.9650878906250     
   757.635682821274        34.6855583190918     
   757.709115773439        32.2085304260254     
   757.782548725605        29.7186927795410     
   757.855981677771        27.3442745208740     
   757.929414629936        25.1600704193115     
   758.002847582102        23.1997489929199     
   758.076280534267        21.4701519012451     
   758.149713486433        19.9633541107178     
   758.223146438599        18.6648540496826     
   758.296579390764        17.5580463409424     
   758.370012342930        16.6260318756104     
   758.443445295095        15.8520765304565     
   758.516878247261        15.2516870498657     
   758.590311199427        14.8641605377197     
   758.663744151592        14.5701055526733     
   758.737177103758        14.3754205703735     
   758.810610055923        14.2872228622437     
   758.884043008089        14.3135843276978     
   758.957475960255        14.4625053405762     
   759.030908912420        14.7402086257935     
   759.104341864586        15.1490106582642     
   759.177774816751        15.6846923828125     
   759.251207768917        16.3334579467773     
   759.324640721083        17.0686511993408     
   759.398073673248        17.8479251861572     
   759.471506625414        18.6125812530518     
   759.544939577579        19.2461853027344     
   759.618372529745        19.6790256500244     
   759.691805481911        19.8812446594238     
   759.765238434076        19.8311328887939     
   759.838671386242        19.5477104187012     
   759.912104338408        19.0831508636475     
   759.985537290573        18.5049610137939     
   760.058970242739        17.8778553009033     
   760.132403194904        17.2529239654541     
   760.205836147070        16.6650085449219     
   760.279269099236        16.1351795196533     
   760.352702051401        15.6746263504028     
   760.426135003567        15.2879829406738     
   760.499567955732        14.9757957458496     
   760.573000907898        14.7874765396118     
   760.646433860064        14.6960897445679     
   760.719866812229        14.7087926864624     
   760.793299764395        14.8346900939941     
   760.866732716560        15.0836524963379     
   760.940165668726        15.4652938842773     
   761.013598620892        15.9888105392456     
   761.087031573057        16.6638050079346     
   761.160464525223        17.5017280578613     
   761.233897477388        18.5167675018311     
   761.307330429554        19.7249202728271     
   761.380763381720        21.1405620574951     
   761.454196333885        22.7706222534180     
   761.527629286051        24.6099033355713     
   761.601062238216        26.6253108978271     
   761.674495190382        28.7446517944336     
   761.747928142548        30.8572883605957     
   761.821361094713        32.8035583496094     
   761.894794046879        34.3855552673340     
   761.968226999044        35.4004821777344     
   762.041659951210        35.6935806274414     
   762.115092903376        35.2094116210938     
   762.188525855541        34.0131759643555     
   762.261958807707        32.2678756713867     
   762.335391759872        30.1813507080078     
   762.408824712038        27.9522647857666     
   762.482257664204        25.7361927032471     
   762.555690616369        23.6376533508301     
   762.629123568535        21.7136573791504     
   762.702556520700        19.9893264770508     
   762.775989472866        18.4699592590332     
   762.849422425032        17.1495380401611     
   762.922855377197        16.0162467956543     
   762.996288329363        15.0558109283447     
   763.069721281528        14.2536773681641     
   763.143154233694        13.5965614318848     
   763.216587185860        13.0733499526978     
   763.290020138025        12.6753206253052     
   763.363453090191        12.3958082199097     
   763.436886042356        12.2297315597534     
   763.510318994522        12.1803255081177     
   763.583751946688        12.2683038711548     
   763.657184898853        12.4432363510132     
   763.730617851019        12.7088174819946     
   763.804050803185        13.0661468505859     
   763.877483755350        13.5112047195435     
   763.950916707516        14.0316534042358     
   764.024349659681        14.6035289764404     
   764.097782611847        15.1886234283447     
   764.171215564013        15.7342472076416     
   764.244648516178        16.1777477264404     
   764.318081468344        16.4578113555908     
   764.391514420509        16.5310993194580     
   764.464947372675        16.3872795104980     
   764.538380324841        16.0307445526123     
   764.611813277006        15.5258502960205     
   764.685246229172        14.9615526199341     
   764.758679181337        14.3966207504272     
   764.832112133503        13.8729524612427     
   764.905545085669        13.4142131805420     
   764.978978037834        13.0298280715942     
   765.052410990000        12.7208404541016     
   765.125843942165        12.4850339889526     
   765.199276894331        12.3200788497925     
   765.272709846497        12.2246294021606     
   765.346142798662        12.1978549957275     
   765.419575750828        12.2384166717529     
   765.493008702993        12.3438625335693     
   765.566441655159        12.6079435348511     
   765.639874607325        12.9702825546265     
   765.713307559490        13.4360456466675     
   765.786740511656        14.0215539932251     
   765.860173463821        14.7437658309937     
   765.933606415987        15.6186542510986     
   766.007039368153        16.6597652435303     
   766.080472320318        17.8768043518066     
   766.153905272484        19.2731437683105     
   766.227338224649        20.8408241271973     
   766.300771176815        22.5523014068604     
   766.374204128981        24.3494300842285     
   766.447637081146        26.1326808929443     
   766.521070033312        27.7512969970703     
   766.594502985477        29.0131568908691     
   766.667935937643        29.7505741119385     
   766.741368889809        29.8364391326904     
   766.814801841974        29.2410888671875     
   766.888234794140        28.0449333190918     
   766.961667746305        26.4094467163086     
   767.035100698471        24.5249710083008     
   767.108533650637        22.5636539459229     
   767.181966602802        20.6539878845215     
   767.255399554968        18.8766651153564     
   767.328832507133        17.2727108001709     
   767.402265459299        15.8551969528198     
   767.475698411465        14.6198701858521     
   767.549131363630        13.5623512268066     
   767.622564315796        12.6647853851318     
   767.695997267962        11.9082889556885     
   767.769430220127        11.2796125411987     
   767.842863172293        10.7676763534546     
   767.916296124458        10.3634309768677     
   767.989729076624        10.0595445632935     
   768.063162028790        9.85028457641602     
   768.136594980955        9.73160266876221     
   768.210027933121        9.70109558105469     
   768.283460885286        9.75756549835205     
   768.356893837452        9.90005207061768     
   768.430326789618        10.1265048980713     
   768.503759741783        10.4328804016113     
   768.577192693949        10.8172788619995     
   768.650625646114        11.2520093917847     
   768.724058598280        11.7154178619385     
   768.797491550446        12.1744155883789     
   768.870924502611        12.5843009948730     
   768.944357454777        12.8930711746216     
   769.017790406942        13.0518913269043     
   769.091223359108        13.0295848846436     
   769.164656311274        12.8243751525879     
   769.238089263439        12.4654779434204     
   769.311522215605        12.0032558441162     
   769.384955167770        11.4939718246460     
   769.458388119936        10.9870986938477     
   769.531821072102        10.5217332839966     
   769.605254024267        10.1232814788818     
   769.678686976433        9.80242538452148     
   769.752119928598        9.56453514099121     
   769.825552880764        9.40886497497559     
   769.898985832930        9.33066177368164     
   769.972418785095        9.32335090637207     
   770.045851737261        9.38095664978027     
   770.119284689426        9.50044727325439     
   770.192717641592        9.68335342407227     
   770.266150593758        9.93599700927734     
   770.339583545923        10.2683544158936     
   770.413016498089        10.6921548843384     
   770.486449450254        11.2191438674927     
   770.559882402420        11.8673181533813     
   770.633315354586        12.6346139907837     
   770.706748306751        13.5284786224365     
   770.780181258917        14.5555038452148     
   770.853614211082        15.7159795761108     
   770.927047163248        16.9990520477295     
   771.000480115414        18.3762416839600     
   771.073913067579        19.7935523986816     
   771.147346019745        21.1638126373291     
   771.220778971910        22.3646144866943     
   771.294211924076        23.2504062652588     
   771.367644876242        23.6839694976807     
   771.441077828407        23.5796737670898     
   771.514510780573        22.9344654083252     
   771.587943732738        21.8273906707764     
   771.661376684904        20.4090137481689     
   771.734809637070        18.8335571289062     
   771.808242589235        17.2330894470215     
   771.881675541401        15.7020778656006     
   771.955108493567        14.2974128723145     
   772.028541445732        13.0462474822998     
   772.101974397898        11.9554042816162     
   772.175407350063        11.0193700790405     
   772.248840302229        10.2260198593140     
   772.322273254395        9.56028366088867     
   772.395706206560        9.00633525848389     
   772.469139158726        8.54886531829834     
   772.542572110891        8.22103214263916     
   772.616005063057        7.97860193252563     
   772.689438015223        7.78299713134766     
   772.762870967388        7.63819694519043     
   772.836303919554        7.54933261871338     
   772.909736871719        7.52190685272217     
   772.983169823885        7.56083345413208     
   773.056602776051        7.66952228546143     
   773.130035728216        7.84904956817627     
   773.203468680382        8.09726810455322     
   773.276901632547        8.40769195556641     
   773.350334584713        8.76792144775391     
   773.423767536879        9.15768718719482     
   773.497200489044        9.54728603363037     
   773.570633441210        9.84646701812744     
   773.644066393375        10.0469818115234     
   773.717499345541        10.1127147674561     
   773.790932297707        10.0235309600830     
   773.864365249872        9.78543853759766     
   773.937798202038        9.42925834655762     
   774.011231154203        9.00025749206543     
   774.084664106369        8.54518222808838     
   774.158097058535        8.10292148590088     
   774.231530010700        7.70077896118164     
   774.304962962866        7.35497808456421     
   774.378395915031        7.07311677932739     
   774.451828867197        6.85693645477295     
   774.525261819363        6.71204853057861     
   774.598694771528        6.64717483520508     
   774.672127723694        6.64930057525635     
   774.745560675859        6.71736335754395     
   774.818993628025        6.85022544860840     
   774.892426580191        7.04664850234985     
   774.965859532356        7.30545949935913     
   775.039292484522        7.62623786926270     
   775.112725436687        8.01057529449463     
   775.186158388853        8.46346950531006     
   775.259591341019        8.99386215209961     
   775.333024293184        9.61351490020752     
   775.406457245350        10.3341808319092     
   775.479890197515        11.1637258529663     
   775.553323149681        12.1013021469116     
   775.626756101847        13.1321649551392     
   775.700189054012        14.2263584136963     
   775.773622006178        15.3309364318848     
   775.847054958344        16.3657493591309     
   775.920487910509        17.2258129119873     
   775.993920862675        17.7962265014648     
   776.067353814840        17.9809284210205     
   776.140786767006        17.7355651855469     
   776.214219719172        17.0859813690186     
   776.287652671337        16.1197853088379     
   776.361085623503        14.9562501907349     
   776.434518575668        13.7126884460449     
   776.507951527834        12.4823541641235     
   776.581384480000        11.3278636932373     
   776.654817432165        10.2822599411011     
   776.728250384331        9.35912322998047     
   776.801683336496        8.55893993377686     
   776.875116288662        7.87502336502075     
   776.948549240828        7.29752016067505     
   777.021982192993        6.81583309173584     
   777.095415145159        6.41993236541748     
   777.168848097324        6.10095977783203     
   777.242281049490        5.85141754150391     
   777.315714001656        5.66511678695679     
   777.389146953821        5.53697443008423     
   777.462579905987        5.46281337738037     
   777.536012858152        5.45093488693237     
   777.609445810318        5.49041080474854     
   777.682878762484        5.56706333160400     
   777.756311714649        5.68266153335571     
   777.829744666815        5.83853340148926     
   777.903177618980        6.03434324264526     
   777.976610571146        6.26630687713623     
   778.050043523312        6.52510499954224     
   778.123476475477        6.79386329650879     
   778.196909427643        7.04703474044800     
   778.270342379808        7.25174093246460     
   778.343775331974        7.37323760986328     
   778.417208284140        7.38443279266357     
   778.490641236305        7.27573394775391     
   778.564074188471        7.03994512557983     
   778.637507140636        6.72367620468140     
   778.710940092802        6.36739683151245     
   778.784373044968        6.00632047653198     
   778.857805997133        5.66731357574463     
   778.931238949299        5.36749601364136     
   779.004671901464        5.11570501327515     
   779.078104853630        4.91493892669678     
   779.151537805796        4.76465606689453     
   779.224970757961        4.66249656677246     
   779.298403710127        4.60540008544922     
   779.371836662292        4.59025621414185     
   779.445269614458        4.61423873901367     
   779.518702566624        4.68614721298218     
   779.592135518789        4.83049678802490     
   779.665568470955        5.02073669433594     
   779.739001423120        5.26235914230347     
   779.812434375286        5.56111860275269     
   779.885867327452        5.92261171340942     
   779.959300279617        6.35171270370483     
   780.032733231783        6.85191774368286     
   780.106166183949        7.42474222183228     
   780.179599136114        8.06912517547607     
   780.253032088280        8.78040027618408     
   780.326465040445        9.54789733886719     
   780.399897992611        10.3502855300903     
   780.473330944777        11.1491947174072     
   780.546763896942        11.8766384124756     
   780.620196849108        12.4531726837158     
   780.693629801273        12.7978687286377     
   780.767062753439        12.8464851379395     
   780.840495705605        12.5797109603882     
   780.913928657770        12.0317964553833     
   780.987361609936        11.2776260375977     
   781.060794562101        10.4072608947754     
   781.134227514267        9.50257492065430     
   781.207660466433        8.62457275390625     
   781.281093418598        7.81119680404663     
   781.354526370764        7.08125066757202     
   781.427959322929        6.44020462036133     
   781.501392275095        5.88555622100830     
   781.574825227261        5.41635417938232     
   781.648258179426        5.01974391937256     
   781.721691131592        4.68817329406738     
   781.795124083757        4.41473007202148     
   781.868557035923        4.19350624084473     
   781.941989988089        4.01972389221191     
   782.015422940254        3.88971829414368     
   782.088855892420        3.80084800720215     
   782.162288844585        3.75134921073914     
   782.235721796751        3.74012827873230     
   782.309154748917        3.76647377014160     
   782.382587701082        3.82967042922974     
   782.456020653248        3.92851495742798     
   782.529453605413        4.06188440322876     
   782.602886557579        4.22393560409546     
   782.676319509745        4.40620183944702     
   782.749752461910        4.59930849075317     
   782.823185414076        4.78887224197388     
   782.896618366241        4.95510625839233     
   782.970051318407        5.07447910308838     
   783.043484270573        5.12451553344727     
   783.116917222738        5.09091234207153     
   783.190350174904        4.97346735000610     
   783.263783127069        4.78680086135864     
   783.337216079235        4.55516767501831     
   783.410649031401        4.30470275878906     
   783.484081983566        4.05731105804443     
   783.557514935732        3.82688283920288     
   783.630947887897        3.62287020683289     
   783.704380840063        3.45005154609680     
   783.777813792229        3.31003022193909     
   783.851246744394        3.20290565490723     
   783.924679696560        3.12815046310425     
   783.998112648726        3.08513641357422     
   784.071545600891        3.07346463203430     
   784.144978553057        3.09317779541016     
   784.218411505222        3.14490222930908     
   784.291844457388        3.22993874549866     
   784.365277409554        3.35029935836792     
   784.438710361719        3.50868344306946     
   784.512143313885        3.70944762229919     
   784.585576266050        3.95919036865234     
   784.659009218216        4.25588512420654     
   784.732442170382        4.60351991653442     
   784.805875122547        5.00466823577881     
   784.879308074713        5.45941591262817     
   784.952741026878        5.96374988555908     
   785.026173979044        6.50698137283325     
   785.099606931210        7.06806421279907     
   785.173039883375        7.61182737350464     
   785.246472835541        8.08790302276611     
   785.319905787706        8.43636989593506     
   785.393338739872        8.60202312469482     
   785.466771692038        8.55316352844238     
   785.540204644203        8.29231166839600     
   785.613637596369        7.85933732986450     
   785.687070548534        7.31572103500366     
   785.760503500700        6.72266292572021     
   785.833936452866        6.12991285324097     
   785.907369405031        5.57093715667725     
   785.980802357197        5.06400012969971     
   786.054235309362        4.61585807800293     
   786.127668261528        4.22580623626709     
   786.201101213694        3.88912820816040     
   786.274534165859        3.59965968132019     
   786.347967118025        3.35142827033997     
   786.421400070190        3.13941693305969     
   786.494833022356        2.95963907241821     
   786.568265974522        2.83420944213867     
   786.641698926687        2.72911429405212     
   786.715131878853        2.64363789558411     
   786.788564831018        2.57920908927917     
   786.861997783184        2.53713393211365     
   786.935430735350        2.51859593391418     
   787.008863687515        2.52458167076111     
   787.082296639681        2.55573010444641     
   787.155729591846        2.61208868026733     
   787.229162544012        2.69277334213257     
   787.302595496178        2.79547905921936     
   787.376028448343        2.91576886177063     
   787.449461400509        3.04620099067688     
   787.522894352674        3.17000102996826     
   787.596327304840        3.26216173171997     
   787.669760257006        3.31772446632385     
   787.743193209171        3.32421660423279     
   787.816626161337        3.27669429779053     
   787.890059113503        3.17988181114197     
   787.963492065668        3.04638099670410     
   788.036925017834        2.89219808578491     
   788.110357969999        2.73236894607544     
   788.183790922165        2.57850456237793     
   788.257223874331        2.43830823898315     
   788.330656826496        2.31614947319031     
   788.404089778662        2.21392369270325     
   788.477522730827        2.13184332847595     
   788.550955682993        2.07228660583496     
   788.624388635159        2.03414177894592     
   788.697821587324        2.01570081710815     
   788.771254539490        2.01651501655579     
   788.844687491655        2.03644442558289     
   788.918120443821        2.07583761215210     
   788.991553395987        2.13565731048584     
   789.064986348152        2.21751451492310     
   789.138419300318        2.32357239723206     
   789.211852252483        2.45635008811951     
   789.285285204649        2.61845874786377     
   789.358718156815        2.81230950355530     
   789.432151108980        3.03977942466736     
   789.505584061146        3.30190229415894     
   789.579017013311        3.59895634651184     
   789.652449965477        3.92556428909302     
   789.725882917643        4.27286767959595     
   789.799315869808        4.62367773056030     
   789.872748821974        4.95036697387695     
   789.946181774139        5.21614217758179     
   790.019614726305        5.38203001022339     
   790.093047678471        5.41882896423340     
   790.166480630636        5.31853294372559     
   790.239913582802        5.09785032272339     
   790.313346534967        4.79127168655396     
   790.386779487133        4.43854331970215     
   790.460212439299        4.07394361495972     
   790.533645391464        3.72173070907593     
   790.607078343630        3.39563202857971     
   790.680511295795        3.10110163688660     
   790.753944247961        2.83945846557617     
   790.827377200127        2.60977792739868     
   790.900810152292        2.41033029556274     
   790.974243104458        2.23921799659729     
   791.047676056623        2.09453988075256     
   791.121109008789        1.97438061237335     
   791.194541960955        1.87680840492249     
   791.267974913120        1.79989647865295     
   791.341407865286        1.74175345897675     
   791.414840817451        1.70056188106537     
   791.488273769617        1.67464745044708     
   791.561706721783        1.66834604740143     
   791.635139673948        1.67300975322723     
   791.708572626114        1.68763327598572     
   791.782005578279        1.71276617050171     
   791.855438530445        1.74876880645752     
   791.928871482611        1.79535949230194     
   792.002304434776        1.85108542442322     
   792.075737386942        1.91273713111877     
   792.149170339108        1.97481834888458     
   792.222603291273        2.02940559387207     
   792.296036243439        2.06694173812866     
   792.369469195604        2.07836556434631     
   792.442902147770        2.05813336372375     
   792.516335099936        2.00567507743835     
   792.589768052101        1.92490959167480     
   792.663201004267        1.82888376712799     
   792.736633956432        1.72794544696808     
   792.810066908598        1.63047814369202     
   792.883499860764        1.54201924800873     
   792.956932812929        1.46552050113678     
   793.030365765095        1.40208852291107     
   793.103798717260        1.35170936584473     
   793.177231669426        1.31375348567963     
   793.250664621592        1.28727853298187     
   793.324097573757        1.27123391628265     
   793.397530525923        1.26463103294373     
   793.470963478088        1.26668298244476     
   793.544396430254        1.28380715847015     
   793.617829382420        1.31518399715424     
   793.691262334585        1.35814988613129     
   793.764695286751        1.41446518898010     
   793.838128238916        1.48591566085815     
   793.911561191082        1.57421028614044     
   793.984994143248        1.68087196350098     
   794.058427095413        1.80711460113525     
   794.131860047579        1.95370852947235     
   794.205292999744        2.12073612213135     
   794.278725951910        2.30702877044678     
   794.352158904076        2.50898861885071     
   794.425591856241        2.71879529953003     
   794.499024808407        2.92260384559631     
   794.572457760572        3.09662985801697     
   794.645890712738        3.21929311752319     
   794.719323664904        3.26917505264282     
   794.792756617069        3.23535108566284     
   794.866189569235        3.12221169471741     
   794.939622521400        2.94769334793091     
   795.013055473566        2.73628473281860     
   795.086488425732        2.51143455505371     
   795.159921377897        2.29090905189514     
   795.233354330063        2.08567118644714     
   795.306787282228        1.90099549293518     
   795.380220234394        1.73835957050323     
   795.453653186560        1.59718441963196     
   795.527086138725        1.47642469406128     
   795.600519090891        1.37479305267334     
   795.673952043056        1.29000282287598     
   795.747384995222        1.22040247917175     
   795.820817947388        1.16428565979004     
   795.894250899553        1.11991178989410     
   795.967683851719        1.08559429645538     
   796.041116803885        1.05987000465393     
   796.114549756050        1.04171335697174     
   796.187982708216        1.03067636489868     
   796.261415660381        1.02683889865875     
   796.334848612547        1.03056645393372     
   796.408281564713        1.04220235347748     
   796.481714516878        1.06181406974792     
   796.555147469044        1.09036827087402     
   796.628580421209        1.12503612041473     
   796.702013373375        1.16359376907349     
   796.775446325541        1.20317041873932     
   796.848879277706        1.23939430713654     
   796.922312229872        1.26655650138855     
   796.995745182037        1.27860629558563     
   797.069178134203        1.27099251747131     
   797.142611086369        1.24253535270691     
   797.216044038534        1.19607663154602     
   797.289476990700        1.13738918304443     
   797.362909942865        1.07311666011810     
   797.436342895031        1.00899028778076     
   797.509775847197       0.949280560016632     
   797.583208799362       0.897858142852783     
   797.656641751528       0.853868961334229     
   797.730074703693       0.817574620246887     
   797.803507655859       0.788841724395752     
   797.876940608025       0.767435133457184     
   797.950373560190       0.753175914287567     
   798.023806512356       0.746000468730927     
   798.097239464521       0.745966553688049     
   798.170672416687       0.753248572349548     
   798.244105368853       0.768133342266083     
   798.317538321018       0.791013658046722     
   798.390971273184       0.822366416454315     
   798.464404225349       0.862709581851959     
   798.537837177515       0.913058161735535     
   798.611270129681       0.973230779170990     
   798.684703081846        1.04298305511475     
   798.758136034012        1.12262964248657     
   798.831568986177        1.21233844757080     
   798.905001938343        1.31192195415497     
   798.978434890509        1.42022240161896     
   799.051867842674        1.53405320644379     
   799.125300794840        1.64699459075928     
   799.198733747005        1.74875473976135     
   799.272166699171        1.82607030868530     
   799.345599651337        1.86580646038055     
   799.419032603502        1.85951554775238     
   799.492465555668        1.80701911449432     
   799.565898507833        1.71612548828125     
   799.639331459999        1.60051643848419     
   799.712764412165        1.47404420375824     
   799.786197364330        1.34776890277863     
   799.859630316496        1.22887241840363     
   799.933063268661        1.12105250358582     
   800.006496220827        1.02552735805511     
   800.079929172993       0.942039132118225     
   800.153362125158       0.869621753692627     
   800.226795077324       0.807113349437714     
   800.300228029490       0.753438949584961     
   800.373660981655       0.707703292369843     
   800.447093933821       0.669163703918457     
   800.520526885986       0.638945519924164     
   800.593959838152       0.618083417415619     
   800.667392790318       0.601451098918915     
   800.740825742483       0.589339137077332     
   800.814258694649       0.581987023353577     
   800.887691646814       0.579576313495636     
   800.961124598980       0.582209289073944     
   801.034557551146       0.589880526065826     
   801.107990503311       0.602447032928467     
   801.181423455477       0.619584083557129     
   801.254856407642       0.640702426433563     
   801.328289359808       0.664805710315704     
   801.401722311974       0.690299212932587     
   801.475155264139       0.714832186698914     
   801.548588216305       0.732234537601471     
   801.622021168470       0.739921450614929     
   801.695454120636       0.736701250076294     
   801.768887072802       0.721693992614746     
   801.842320024967       0.696288168430328     
   801.915752977133       0.663703799247742     
   801.989185929298       0.627865314483643     
   802.062618881464       0.592289686203003     
   802.136051833630       0.559473872184753     
   802.209484785795       0.530804455280304     
   802.282917737961       0.506760835647583     
   802.356350690126       0.487207084894180     
   802.429783642292       0.471667677164078     
   802.503216594458       0.459576994180679     
   802.576649546623       0.450896590948105     
   802.650082498789       0.445198059082031     
   802.723515450954       0.442603886127472     
   802.796948403120       0.443413496017456     
   802.870381355286       0.448014080524445     
   802.943814307451       0.456811964511871     
   803.017247259617       0.470195412635803     
   803.090680211782       0.488517373800278     
   803.164113163948       0.512080907821655     
   803.237546116114       0.541128456592560     
   803.310979068279       0.575848817825317     
   803.384412020445       0.616409659385681     
   803.457844972610       0.662979602813721     
   803.531277924776       0.715727508068085     
   803.604710876942       0.774193167686462     
   803.678143829107       0.836844623088837     
   803.751576781273       0.900564610958099     
   803.825009733438       0.959947764873505     
   803.898442685604        1.00756633281708     
   803.971875637770        1.03549587726593     
   804.045308589935        1.03790307044983     
   804.118741542101        1.01344656944275     
   804.192174494267       0.965888798236847     
   804.265607446432       0.902493357658386     
   804.339040398598       0.831386983394623     
   804.412473350763       0.759436786174774     
   804.485906302929       0.691330134868622     
   804.559339255095       0.630170643329620     
   804.632772207260       0.576468229293823     
   804.706205159426       0.530031323432922     
   804.779638111591       0.490228325128555     
   804.853071063757       0.456205964088440     
   804.926504015923       0.427125096321106     
   804.999936968088       0.402298182249069     
   805.073369920254       0.381233870983124     
   805.146802872419       0.363608419895172     
   805.220235824585       0.349204659461975     
   805.293668776751       0.337858349084854     
   805.367101728916       0.329429686069489     
   805.440534681082       0.323793023824692     
   805.513967633247       0.321102589368820     
   805.587400585413       0.321695864200592     
   805.660833537579       0.324074983596802     
   805.734266489744       0.328227251768112     
   805.807699441910       0.334118187427521     
   805.881132394075       0.341669976711273     
   805.954565346241       0.350678801536560     
   806.027998298407       0.360670655965805     
   806.101431250572       0.370739400386810     
   806.174864202738       0.379469394683838     
   806.248297154903       0.385089933872223     
   806.321730107069       0.385943174362183     
   806.395163059235       0.381123721599579     
   806.468596011400       0.370906621217728     
   806.542028963566       0.356765776872635     
   806.615461915731       0.340644955635071     
   806.688894867897       0.324287325143814     
   806.762327820063       0.309002846479416     
   806.835760772228       0.295500636100769     
   806.909193724394       0.283992499113083     
   806.982626676559       0.274384945631027     
   807.056059628725       0.266477167606354     
   807.129492580891       0.260101884603500     
   807.202925533056       0.255182713270187     
   807.276358485222       0.251722067594528     
   807.349791437387       0.249763816595078     
   807.423224389553       0.249360650777817     
   807.496657341719       0.250551819801331     
   807.570090293884       0.255346566438675     
   807.643523246050       0.262387067079544     
   807.716956198215       0.271798968315125     
   807.790389150381       0.283730119466782     
   807.863822102547       0.298261433839798     
   807.937255054712       0.315428465604782     
   808.010688006878       0.335269957780838     
   808.084120959044       0.357873111963272     
   808.157553911209       0.383345395326614     
   808.230986863375       0.411643505096436     
   808.304419815540       0.442245811223984     
   808.377852767706       0.473747283220291     
   808.451285719872       0.503557085990906     
   808.524718672037       0.527759611606598     
   808.598151624203       0.541982471942902     
   808.671584576368       0.543441891670227     
   808.745017528534       0.531179010868073     
   808.818450480700       0.506895601749420     
   808.891883432865       0.474230766296387     
   808.965316385031       0.437403500080109     
   809.038749337196       0.400056272745132     
   809.112182289362       0.364720284938812     
   809.185615241528       0.332818835973740     
   809.259048193693       0.304928421974182     
   809.332481145859       0.281074732542038     
   809.405914098024       0.260964334011078     
   809.479347050190       0.244135349988937     
   809.552780002356       0.230095922946930     
   809.626212954521       0.218290448188782     
   809.699645906687       0.208256170153618     
   809.773078858852       0.199667006731033     
   809.846511811018       0.192341908812523     
   809.919944763184       0.186226680874825     
   809.993377715349       0.181341111660004     
   810.066810667515       0.177718967199326     
   810.140243619680       0.175367683172226     
   810.213676571846       0.174257650971413     
   810.287109524012       0.174336865544319     
   810.360542476177       0.175553753972054     
   810.433975428343       0.177866339683533     
   810.507408380508       0.181261554360390     
   810.580841332674       0.185847133398056     
   810.654274284840       0.190931931138039     
   810.727707237005       0.196046620607376     
   810.801140189171       0.200446546077728     
   810.874573141336       0.203188836574554     
   810.948006093502       0.203371703624725     
   811.021439045668       0.200468465685844     
   811.094871997833       0.194563999772072     
   811.168304949999       0.186325356364250     
   811.241737902164       0.176731333136559     
   811.315170854330       0.166749134659767     
   811.388603806496       0.157125368714333     
   811.462036758661       0.148328199982643     
   811.535469710827       0.141119807958603     
   811.608902662992       0.135697096586227     
   811.682335615158       0.131526723504066     
   811.755768567324       0.128574073314667     
   811.829201519489       0.126788333058357     
   811.902634471655       0.126118898391724     
   811.976067423820       0.126525565981865     
   812.049500375986       0.127985998988152     
   812.122933328152       0.130500197410583     
   812.196366280317       0.134086206555367     
   812.269799232483       0.138763934373856     
   812.343232184649       0.144530922174454     
   812.416665136814       0.151345893740654     
   812.490098088980       0.159139499068260     
   812.563531041145       0.167968511581421     
   812.636963993311       0.177682697772980     
   812.710396945477       0.188429638743401     
   812.783829897642       0.200446963310242     
   812.857262849808       0.213890790939331     
   812.930695801973       0.228624820709229     
   813.004128754139       0.244002088904381     
   813.077561706305       0.258716881275177     
   813.150994658470       0.270851224660873     
   813.224427610636       0.278247922658920     
   813.297860562801       0.279200106859207     
   813.371293514967       0.273149967193604     
   813.444726467133       0.260938614606857     
   813.518159419298       0.244454875588417     
   813.591592371464       0.225929632782936     
   813.665025323629       0.207104504108429     
   813.738458275795       0.189216300845146     
   813.811891227961       0.172936499118805     
   813.885324180126       0.158531427383423     
   813.958757132292       0.146029204130173     
   814.032190084457       0.135336801409721     
   814.105623036623       0.126302644610405     
   814.179055988789       0.118745349347591     
   814.252488940954       0.112466931343079     
   814.325921893120       0.107263900339603     
   814.399354845285       0.102941192686558     
   814.472787797451       9.933007508516312E-002
   814.546220749617       9.675218164920807E-002
   814.619653701782       9.480327367782593E-002
   814.693086653948       9.322135150432587E-002
   814.766519606113       9.205574542284012E-002
   814.839952558279       9.135018289089203E-002
   814.913385510445       9.114409983158112E-002
   814.986818462610       9.147502481937408E-002
   815.060251414776       9.237314760684967E-002
   815.133684366941       9.384442865848541E-002
   815.207117319107       9.584306180477142E-002
   815.280550271273       9.823506325483322E-002
   815.353983223438       0.100761592388153     
   815.427416175604       0.103027038276196     
   815.500849127769       0.104536369442940     
   815.574282079935       0.103892073035240     
   815.647715032101       0.101770035922527     
   815.721147984266       9.825174510478973E-002
   815.794580936432       9.370581805706024E-002
   815.868013888597       8.864273130893707E-002
   815.941446840763       8.355160057544708E-002
   816.014879792929       7.880076020956039E-002
   816.088312745094       7.461565732955933E-002
   816.161745697260       7.110371440649033E-002
   816.235178649426       6.829265505075455E-002
   816.308611601591       6.616387516260147E-002
   816.382044553757       6.467486172914505E-002
   816.455477505922       6.377205252647400E-002
   816.528910458088       6.336345523595810E-002
   816.602343410254       6.337315589189529E-002
   816.675776362419       6.382378190755844E-002
   816.749209314585       6.470149010419846E-002
   816.822642266750       6.600461155176163E-002
   816.896075218916       6.774260103702545E-002
   816.969508171082       6.993256509304047E-002
   817.042941123247       7.259798049926758E-002
   817.116374075413       7.577341049909592E-002
   817.189807027578       7.951518893241882E-002
   817.263239979744       8.390881121158600E-002
   817.336672931910       8.905995637178421E-002
   817.410105884075       9.505923092365265E-002
   817.483538836241       0.101921446621418     
   817.556971788406       0.109522685408592     
   817.630404740572       0.117443606257439     
   817.703837692738       0.125000774860382     
   817.777270644903       0.131252259016037     
   817.850703597069       0.135173976421356     
   817.924136549234       0.135984629392624     
   817.997569501400       0.133457049727440     
   818.071002453566       0.128005877137184     
   818.144435405731       0.120487451553345     
   818.217868357897       0.111866988241673     
   818.291301310062       0.102960549294949     
   818.364734262228       9.433762729167938E-002
   818.438167214394       8.634020388126373E-002
   818.511600166559       7.917443662881851E-002
   818.585033118725       7.305072993040085E-002
   818.658466070890       6.779614090919495E-002
   818.731899023056       6.336333602666855E-002
   818.805331975222       5.968234688043594E-002
   818.878764927387       5.667324736714363E-002
   818.952197879553       5.425281077623367E-002
   819.025630831718       5.233764648437500E-002
   819.099063783884       5.084667727351189E-002
   819.172496736050       4.970490559935570E-002
   819.245929688215       4.884792491793633E-002
   819.319362640381       4.822510480880737E-002
   819.392795592546       4.779969155788422E-002
   819.466228544712       4.754731804132462E-002
   819.539661496878       4.756802320480347E-002
   819.613094449043       4.777024686336517E-002
   819.686527401209       4.806240648031235E-002
   819.759960353374       4.847492277622223E-002
   819.833393305540       4.902084171772003E-002
   819.906826257706       4.967058449983597E-002
   819.980259209871       5.032850429415703E-002
   820.053692162037       5.082551017403603E-002
   820.127125114202       5.094468593597412E-002
   820.200558066368       5.048559978604317E-002
   820.273991018534       4.934471473097801E-002
   820.347423970699       4.756340384483337E-002
   820.420856922865       4.530972242355347E-002
   820.494289875031       4.280916228890419E-002
   820.567722827196       4.056528955698013E-002
   820.641155779362       3.851670399308205E-002
   820.714588731527       3.673381730914116E-002
   820.788021683693       3.525714576244354E-002
   820.861454635859       3.409112244844437E-002
   820.934887588024       3.321789950132370E-002
   821.008320540190       3.260762989521027E-002
   821.081753492355       3.222636878490448E-002
   821.155186444521       3.204280138015747E-002
   821.228619396687       3.203286603093147E-002
   821.302052348852       3.218036517500877E-002
   821.375485301018       3.247307986021042E-002
   821.448918253183       3.289713710546494E-002
   821.522351205349       3.351116925477982E-002
   821.595784157515       3.445015847682953E-002
   821.669217109680       3.557384759187698E-002
   821.742650061846       3.690630570054054E-002
   821.816083014011       3.848587721586227E-002
   821.889515966177       4.036488384008408E-002
   821.962948918343       4.259944707155228E-002
   822.036381870508       4.522915557026863E-002
   822.109814822674       4.824819043278694E-002
   822.183247774839       5.157001316547394E-002
   822.256680727005       5.499149486422539E-002
   822.330113679171       5.817319080233574E-002
   822.403546631336       6.066654622554779E-002
   822.476979583502       6.201378628611565E-002
   822.550412535667       6.181341782212257E-002
   822.623845487833       6.008332967758179E-002
   822.697278439999       5.712401121854782E-002
   822.770711392164       5.337415263056755E-002
   822.844144344330       4.929499328136444E-002
   822.917577296495       4.525738582015038E-002
   822.991010248661       4.150274023413658E-002
   823.064443200827       3.815692290663719E-002
   823.137876152992       3.526416048407555E-002
   823.211309105158       3.282011300325394E-002
   823.284742057323       3.079584240913391E-002
   823.358175009489       2.915272675454617E-002
   823.431607961655       2.785000577569008E-002
   823.505040913820       2.684646472334862E-002
   823.578473865986       2.608603797852993E-002
   823.651906818151       2.554419264197350E-002
   823.725339770317       2.518000826239586E-002
   823.798772722483       2.494760602712631E-002
   823.872205674648       2.479747124016285E-002
   823.945638626814       2.468170970678329E-002
   824.019071578979       2.456322312355042E-002
   824.092504531145       2.442585863173008E-002
   824.165937483311       2.427950501441956E-002
   824.239370435476       2.415536344051361E-002
   824.312803387642       2.409305982291698E-002
   824.386236339808       2.412540651857853E-002
   824.459669291973       2.426525391638279E-002
   824.533102244139       2.452917955815792E-002
   824.606535196304       2.484917826950550E-002
   824.679968148470       2.509132213890553E-002
   824.753401100636       2.515576779842377E-002
   824.826834052801       2.495876699686050E-002
   824.900267004967       2.446660026907921E-002
   824.973699957132       2.370979264378548E-002
   825.047132909298       2.276745252311230E-002
   825.120565861464       2.173343673348427E-002
   825.193998813629       2.068623900413513E-002
   825.267431765795       1.967494562268257E-002
   825.340864717960       1.872084662318230E-002
   825.414297670126       1.782762445509434E-002
   825.487730622292       1.699279248714447E-002
   825.561163574457       1.644816249608994E-002
   825.634596526623       1.603551395237446E-002
   825.708029478788       1.571783237159252E-002
   825.781462430954       1.550136972218752E-002
   825.854895383120       1.538957282900810E-002
   825.928328335285       1.538297068327665E-002
   826.001761287451       1.547980867326260E-002
   826.075194239616       1.567702926695347E-002
   826.148627191782       1.597149856388569E-002
   826.222060143948       1.636177487671375E-002
   826.295493096113       1.685072481632233E-002
   826.368926048279       1.744826510548592E-002
   826.442359000444       1.817223988473415E-002
   826.515791952610       1.904889196157455E-002
   826.589224904776       2.009752206504345E-002
   826.662657856941       2.130874618887901E-002
   826.736090809107       2.266691811382771E-002
   826.809523761272       2.411563321948051E-002
   826.882956713438       2.554495632648468E-002
   826.956389665604       2.678979746997356E-002
   827.029822617769       2.765214629471302E-002
   827.103255569935       2.795306779444218E-002
   827.176688522100       2.759847231209278E-002
   827.250121474266       2.662021480500698E-002
   827.323554426432       2.516254596412182E-002
   827.396987378597       2.342353947460651E-002
   827.470420330763       2.159139327704906E-002
   827.543853282928       1.984770037233829E-002
   827.617286235094       1.826710812747478E-002
   827.690719187260       1.686341315507889E-002
   827.764152139425       1.564730145037174E-002
   827.837585091591       1.461213734000921E-002
   827.911018043756       1.374292094260454E-002
   827.984450995922       1.302144769579172E-002
   828.057883948088       1.242888160049915E-002
   828.131316900253       1.194679457694292E-002
   828.204749852419       1.155758183449507E-002
   828.278182804585       1.124487724155188E-002
   828.351615756750       1.099424995481968E-002
   828.425048708916       1.079399511218071E-002
   828.498481661081       1.063569169491529E-002
   828.571914613247       1.054385304450989E-002
   828.645347565413       1.047226600348949E-002
   828.718780517578       1.042598206549883E-002
   828.792213469744       1.041225157678127E-002
   828.865646421909       1.043878402560949E-002
   828.939079374075       1.051240134984255E-002
   829.012512326241       1.063661836087704E-002
   829.085945278406       1.080803666263819E-002
   829.159378230572       1.101239491254091E-002
   829.232811182737       1.122232712805271E-002
   829.306244134903       1.139962021261454E-002
   829.379677087069       1.150411181151867E-002
   829.453110039234       1.150735467672348E-002
   829.526542991400       1.134374830871820E-002
   829.599975943565       1.099241618067026E-002
   829.673408895731       1.059264969080687E-002
   829.746841847897       1.017264369875193E-002
   829.820274800062       9.751077741384506E-003
   829.893707752228       9.338060393929482E-003
   829.967140704393       8.940959349274635E-003
   830.040573656559       8.569151163101196E-003
   830.114006608725       8.234520442783833E-003
   830.187439560890       7.948792539536953E-003
   830.260872513056       7.720714434981346E-003
   830.334305465221       7.554849144071341E-003
   830.407738417387       7.451906800270081E-003
   830.481171369553       7.409777026623487E-003
   830.554604321718       7.412096951156855E-003
   830.628037273884       7.452900987118483E-003
   830.701470226049       7.534543517976999E-003
   830.774903178215       7.656735368072987E-003
   830.848336130381       7.820021361112595E-003
   830.921769082546       8.026992902159691E-003
   830.995202034712       8.282795548439026E-003
   831.068634986877       8.594081737101078E-003
   831.142067939043       8.966600522398949E-003
   831.215500891209       9.402282536029816E-003
   831.288933843374       9.896336123347282E-003
   831.362366795540       1.043384149670601E-002
   831.435799747705       1.098522450774908E-002
   831.509232699871       1.150256488472223E-002
   831.582665652037       1.191882230341434E-002
   831.656098604202       1.215091254562140E-002
   831.729531556368       1.214090455323458E-002
   831.802964508533       1.187196560204029E-002
   831.876397460699       1.137734204530716E-002
   831.949830412865       1.072661764919758E-002
   832.023263365030       9.999621659517288E-003
   832.096696317196       9.264430031180382E-003
   832.170129269361       8.567619137465954E-003
   832.243562221527       7.934815250337124E-003
   832.316995173693       7.375984452664852E-003
   832.390428125858       6.891167722642422E-003
   832.463861078024       6.474833004176617E-003
   832.537294030190       6.140688434243202E-003
   832.610726982355       5.880538374185562E-003
   832.684159934521       5.663934629410505E-003
   832.757592886686       5.481516476720572E-003
   832.831025838852       5.325209815055132E-003
   832.904458791018       5.189153365790844E-003
   832.977891743183       5.070012528449297E-003
   833.051324695349       4.966454580426216E-003
   833.124757647514       4.878250416368246E-003
   833.198190599680       4.805693402886391E-003
   833.271623551846       4.749510437250137E-003
   833.345056504011       4.710969049483538E-003
   833.418489456177       4.691749345511198E-003
   833.491922408342       4.693473689258099E-003
   833.565355360508       4.737112205475569E-003
   833.638788312674       4.793442320078611E-003
   833.712221264839       4.855241626501083E-003
   833.785654217005       4.913625307381153E-003
   833.859087169170       4.954779986292124E-003
   833.932520121336       4.962050821632147E-003
   834.005953073502       4.920633975416422E-003
   834.079386025667       4.823113325983286E-003
   834.152818977833       4.672411363571882E-003
   834.226251929998       4.480092786252499E-003
   834.299684882164       4.261493217200041E-003
   834.373117834330       4.031043499708176E-003
   834.446550786495       3.799794474616647E-003
   834.519983738661       3.600147319957614E-003
   834.593416690826       3.483322914689779E-003
   834.666849642992       3.386985976248980E-003
   834.740282595158       3.311841748654842E-003
   834.813715547323       3.257720964029431E-003
   834.887148499489       3.224086249247193E-003
   834.960581451654       3.210387891158462E-003
   835.034014403820       3.216257086023688E-003
   835.107447355986       3.241521306335926E-003
   835.180880308151       3.286055987700820E-003
   835.254313260317       3.349595237523317E-003
   835.327746212482       3.431678051128983E-003
   835.401179164648       3.531788242980838E-003
   835.474612116814       3.649526508525014E-003
   835.548045068979       3.786646295338869E-003
   835.621478021145       3.939537331461906E-003
   835.694910973310       4.105073865503073E-003
   835.768343925476       4.280683584511280E-003
   835.841776877642       4.463488701730967E-003
   835.915209829807       4.650424234569073E-003
   835.988642781973       4.836498294025660E-003
   836.062075734138       5.011336412280798E-003
   836.135508686304       5.156396422535181E-003
   836.208941638470       5.246334709227085E-003
   836.282374590635       5.256225820630789E-003
   836.355807542801       5.172141827642918E-003
   836.429240494967       4.998494405299425E-003
   836.502673447132       4.756009206175804E-003
   836.576106399298       4.454706795513630E-003
   836.649539351463       4.146606661379337E-003
   836.722972303629       3.853396512567997E-003
   836.796405255795       3.588151885196567E-003
   836.869838207960       3.356741741299629E-003
   836.943271160126       3.160001011565328E-003
   837.016704112291       2.995570190250874E-003
   837.090137064457       2.859161002561450E-003
   837.163570016623       2.745439531281590E-003
   837.237002968788       2.648863475769758E-003
   837.310435920954       2.564618829637766E-003
   837.383868873119       2.489452715963125E-003
   837.457301825285       2.421956742182374E-003
   837.530734777451       2.362592145800591E-003
   837.604167729616       2.308174502104521E-003
   837.677600681782       2.258035587146878E-003
   837.751033633947       2.213522791862488E-003
   837.824466586113       2.175602130591869E-003
   837.897899538279       2.145174425095320E-003
   837.971332490444       2.123264828696847E-003
   838.044765442610       2.110948087647557E-003
   838.118198394775       2.109019085764885E-003
   838.191631346941       2.117528114467859E-003
   838.265064299107       2.135276328772306E-003
   838.338497251272       2.159356838092208E-003
   838.411930203438       2.184920012950897E-003
   838.485363155603       2.205544384196401E-003
   838.558796107769       2.222456736490130E-003
   838.632229059935       2.218665089458227E-003
   838.705662012100       2.190202940255404E-003
   838.779094964266       2.139549469575286E-003
   838.852527916431       2.071822294965386E-003
   838.925960868597       1.993068726733327E-003
   838.999393820763       1.908879843540490E-003
   839.072826772928       1.823609229177237E-003
   839.146259725094       1.740131177939475E-003
   839.219692677259       1.659970148466527E-003
   839.293125629425       1.583628007210791E-003
   839.366558581591       1.510953647084534E-003
   839.439991533756       1.441457890905440E-003
   839.513424485922       1.383399474434555E-003
   839.586857438087       1.370141864754260E-003
   839.660290390253       1.363788847811520E-003
   839.733723342419       1.363955438137054E-003
   839.807156294584       1.370201469399035E-003
   839.880589246750       1.382107264362276E-003
   839.954022198915       1.399445696733892E-003
   840.027455151081       1.422352856025100E-003
   840.100888103247       1.451382995583117E-003
   840.174321055412       1.487399335019290E-003
   840.247754007578       1.531371031887829E-003
   840.321186959743       1.584162469953299E-003
   840.394619911909       1.646271673962474E-003
   840.468052864075       1.717360806651413E-003
   840.541485816240       1.796878525055945E-003
   840.614918768406       1.879121293313801E-003
   840.688351720572       1.955103594809771E-003
   840.761784672737       2.014422090724111E-003
   840.835217624903       2.046216046437621E-003
   840.908650577068       2.042925218120217E-003
   840.982083529234       2.003589412197471E-003
   841.055516481400       1.934404950588942E-003
   841.128949433565       1.846131286583841E-003
   841.202382385731       1.750244759023190E-003
   841.275815337896       1.656060572713614E-003
   841.349248290062       1.569620333611965E-003
   841.422681242228       1.493855612352490E-003
   841.496114194393       1.429228694178164E-003
   841.569547146559       1.385962939821184E-003
   841.642980098724       1.350981765426695E-003
   841.716413050890       1.320118433795869E-003
   841.789846003056       1.289740321226418E-003
   841.863278955221       1.257083378732204E-003
   841.936711907387       1.221048529259861E-003
   842.010144859552       1.182324253022671E-003
   842.083577811718       1.142758061178029E-003
   842.157010763884       1.104440074414015E-003
   842.230443716049       1.069041085429490E-003
   842.303876668215       1.037604175508022E-003
   842.377309620380       1.010658685117960E-003
   842.450742572546       9.884493192657828E-004
   842.524175524712       9.721816750243306E-004
   842.597608476877       9.626587270759046E-004
   842.671041429043       9.577146265655756E-004
   842.744474381208       9.573673596605659E-004
   842.817907333374       9.612326393835247E-004
   842.891340285540       9.683237294666469E-004
   842.964773237705       9.768959134817123E-004
   843.038206189871       9.844743181020021E-004
   843.111639142036       9.882095037028193E-004
   843.185072094202       9.855634998530149E-004
   843.258505046368       9.750527096912265E-004
   843.331937998533       9.566411026753485E-004
   843.405370950699       9.316126815974712E-004
   843.478803902864       9.020901052281260E-004
   843.552236855030       8.551283972337842E-004
   843.625669807196       8.039848180487752E-004
   843.699102759361       7.569380104541779E-004
   843.772535711527       7.150999736040831E-004
   843.845968663692       6.790508632548153E-004
   843.919401615858       6.490072119049728E-004
   843.992834568024       6.249793805181980E-004
   844.066267520189       6.068790680728853E-004
   844.139700472355       5.945691373199224E-004
   844.213133424520       5.878765368834138E-004
   844.286566376686       5.865935818292201E-004
   844.359999328852       5.904923891648650E-004
   844.433432281017       5.993618979118764E-004
   844.506865233183       6.122324266470969E-004
   844.580298185349       6.202303920872509E-004
   844.653731137514       6.300772656686604E-004
   844.727164089680       6.418474949896336E-004
   844.800597041845       6.555611034855247E-004
   844.874029994011       6.712411413900554E-004
   844.947462946177       6.889797514304519E-004
   845.020895898342       7.088658167049289E-004
   845.094328850508       7.306765764951706E-004
   845.167761802673       7.534070755355060E-004
   845.241194754839       7.748824427835643E-004
   845.314627707005       7.917730254121125E-004
   845.388060659170       8.002772228792310E-004
   845.461493611336       7.974076434038579E-004
   845.534926563501       7.792450487613678E-004
   845.608359515667       7.473916630260646E-004
   845.681792467833       7.087739068083465E-004
   845.755225419998       6.673806929029524E-004
   845.828658372164       6.265973788686097E-004
   845.902091324329       5.887243896722794E-004
   845.975524276495       5.550079513341188E-004
   846.048957228661       5.258984165266156E-004
   846.122390180826       5.013279151171446E-004
   846.195823132992       4.809210659004748E-004
   846.269256085157       4.641358391381800E-004
   846.342689037323       4.503665550146252E-004
   846.416121989489       4.390380054246634E-004
   846.489554941654       4.296900006011128E-004
   846.562987893820       4.216202942188829E-004
   846.636420845985       4.139404045417905E-004
   846.709853798151       4.068286216352135E-004
   846.783286750317       4.005083756055683E-004
   846.856719702482       3.952019033022225E-004
   846.930152654648       3.911349922418594E-004
   847.003585606813       3.885427431669086E-004
   847.077018558979       3.876626433338970E-004
   847.150451511145       3.887168131768703E-004
   847.223884463310       3.918843285646290E-004
   847.297317415476       3.972619306296110E-004
   847.370750367641       4.048048867844045E-004
   847.444183319807       4.142450343351811E-004
   847.517616271973       4.254157538525760E-004
   847.591049224138       4.373587144073099E-004
   847.664482176304       4.469458363018930E-004
   847.737915128469       4.527933197095990E-004
   847.811348080635       4.536734486464411E-004
   847.884781032801       4.488064732868224E-004
   847.958213984966       4.380704485811293E-004
   848.031646937132       4.220680275466293E-004
   848.105079889297       4.019893240183592E-004
   848.178512841463       3.792891511693597E-004
   848.251945793629       3.553229616954923E-004
   848.325378745794       3.311092441435903E-004
   848.398811697960       3.072686376981437E-004
   848.472244650126       2.840860106516629E-004
   848.545677602291       2.690249530132860E-004
   848.619110554457       2.599427825771272E-004
   848.692543506622       2.523946459405124E-004
   848.765976458788       2.462065313011408E-004
   848.839409410954       2.411897585261613E-004
   848.912842363119       2.371596347074956E-004
   848.986275315285       2.339547936571762E-004
   849.059708267450       2.314474841114134E-004
   849.133141219616       2.295282320119441E-004
   849.206574171782       2.280605549458414E-004
   849.280007123947       2.268257521791384E-004
   849.353440076113       2.254955470561981E-004
   849.426873028278       2.236702712252736E-004
   849.500305980444       2.209911617683247E-004
   849.573738932610       2.175064873881638E-004
   849.647171884775       2.129660133505240E-004
   849.720604836941       2.076836972264573E-004
   849.794037789106       2.020623942371458E-004
   849.867470741272       1.964711700566113E-004
   849.940903693438       1.911794533953071E-004
   850.014336645603       1.863492507254705E-004
   850.087769597769       1.820588367991149E-004
   850.161202549934       1.783330953912809E-004
   850.234635502100       1.751686795614660E-004
   850.308068454266       1.725502079352736E-004
   850.381501406431       1.704589521978050E-004
   850.454934358597       1.688744669081643E-004
   850.528367310762       1.667807810008526E-004
   850.601800262928       1.637073728488758E-004
   850.675233215094       1.612246269360185E-004
   850.748666167259       1.592148910276592E-004
   850.822099119425       1.575004862388596E-004
   850.895532071590       1.558521180413663E-004
   850.968965023756       1.540317607577890E-004
   851.042397975922       1.518660865258425E-004
   851.115830928087       1.493134477641433E-004
   851.189263880253       1.464790984755382E-004
   851.262696832418       1.435656595276669E-004
   851.336129784584       1.407961244694889E-004
   851.409562736750       1.383543421979994E-004
   851.482995688915       1.363617629976943E-004
   851.556428641081       1.340738963335752E-004
   851.629861593246       1.318189897574484E-004
   851.703294545412       1.298103015869856E-004
   851.776727497578       1.280394208151847E-004
   851.850160449743       1.264933816855773E-004
   851.923593401909       1.251586945727468E-004
   851.997026354074       1.240227575181052E-004
   852.070459306240       1.230731722898781E-004
   852.143892258406       1.222950086230412E-004
   852.217325210571       1.216661912621930E-004
   852.290758162737       1.211511189467274E-004
   852.364191114902       1.206947345053777E-004
   852.437624067068       1.202207422466017E-004
   852.511057019234       1.188602473121136E-004
   852.584489971399       1.132357283495367E-004
   852.657922923565       1.079513094737194E-004
   852.731355875731       1.030296334647574E-004
   852.804788827896       9.854153177002445E-005
   852.878221780062       9.458140266360715E-005
   852.951654732227       9.124127245740965E-005
   853.025087684393       8.859606168698519E-005
   853.098520636559       8.670135866850615E-005
   853.171953588724       8.559822163078934E-005
   853.245386540890       8.531998173566535E-005
   853.318819493055       8.589749631937593E-005
   853.392252445221       8.736217569094151E-005
   853.465685397387       8.974570664577186E-005
   853.539118349552       9.216748730977997E-005
   853.612551301718       9.432114893570542E-005
   853.685984253883       9.685591794550419E-005
   853.759417206049       9.969960956368595E-005
   853.832850158215       1.026917379931547E-004
   853.906283110380       1.055576867656782E-004
   853.979716062546       1.079134308383800E-004
   854.053149014711       1.093303144443780E-004
   854.126581966877       1.094627659767866E-004
   854.200014919043       1.081845257431269E-004
   854.273447871208       1.056444598361850E-004
   854.346880823374       1.021995340124704E-004
   854.420313775539       9.827534813666716E-005
   854.493746727705       9.424310701433569E-005
   854.567179679871       9.077812137547880E-005
   854.640612632036       8.759696356719360E-005
   854.714045584202       8.472665649605915E-005
   854.787478536367       8.218273433158174E-005
   854.860911488533       7.995306077646092E-005
   854.934344440699       7.801431638654321E-005
   855.007777392864       7.634101348230615E-005
   855.081210345030       7.490935968235135E-005
   855.154643297195       7.369691593339667E-005
   855.228076249361       7.267874752869830E-005
   855.301509201527       7.182006083894521E-005
   855.374942153692       7.106539123924449E-005
   855.448375105858       7.032678695395589E-005
   855.521808058023       6.987180677242577E-005
   855.595241010189       7.011990237515420E-005
   855.668673962355       7.000723417149857E-005
   855.742106914520       6.943666085135192E-005
   855.815539866686       6.840207061031833E-005
   855.888972818851       6.699196092085913E-005
   855.962405771017       6.535221473313868E-005
   856.035838723183       6.363504508044571E-005
   856.109271675348       6.196302274474874E-005
   856.182704627514       6.041709639248438E-005
   856.256137579679       5.904146382817999E-005
   856.329570531845       5.785482062492520E-005
   856.403003484011       5.686104123014957E-005
   856.476436436176       5.605693149846047E-005
   856.549869388342       5.535220407182351E-005
   856.623302340508       5.478561797644943E-005
   856.696735292673       5.439028609544039E-005
   856.770168244839       5.415635678218678E-005
   856.843601197004       5.406666969065554E-005
   856.917034149170       5.409065852290951E-005
   856.990467101336       5.417779175331816E-005
   857.063900053501       5.425454583019018E-005
   857.137333005667       5.423089896794409E-005
   857.210765957832       5.402063106885180E-005
   857.284198909998       5.357027112040669E-005
   857.357631862164       5.288055035634898E-005
   857.431064814329       5.200469968258403E-005
   857.504497766495       5.087036333861761E-005
   857.577930718660       4.747082130052149E-005
   857.651363670826       4.434987204149365E-005
   857.724796622992       4.154943962930702E-005
   857.798229575157       3.909106453647837E-005
   857.871662527323       3.698240107041784E-005
   857.945095479488       3.522315091686323E-005
   858.018528431654       3.380929410923272E-005
   858.091961383820       3.273561742389575E-005
   858.165394335985       3.199700222467072E-005
   858.238827288151       3.158878098474815E-005
   858.312260240316       3.150632255710661E-005
   858.385693192482       3.174396624672227E-005
   858.459126144648       3.229319554520771E-005
   858.532559096813       3.275551716797054E-005
   858.605992048979       3.281006866018288E-005
   858.679425001144       3.283672776888125E-005
   858.752857953310       3.280653618276119E-005
   858.826290905476       3.269483931944706E-005
   858.899723857641       3.249148721806705E-005
   858.973156809807       3.220654616598040E-005
   859.046589761972       3.186720277881250E-005
   859.120022714138       3.150835254928097E-005
   859.193455666304       3.116323932772502E-005
   859.266888618469       3.085848584305495E-005
   859.340321570635       3.061356619582511E-005
   859.413754522800       3.044278309971560E-005
   859.487187474966       3.035771442227997E-005
   859.560620427132       3.012304478033911E-005
   859.634053379297       3.000178912770934E-005
   859.707486331463       3.006317274412140E-005
   859.780919283628       3.031813685083762E-005
   859.854352235794       3.077380824834108E-005
   859.927785187960       3.142793502775021E-005
   860.001218140125       3.226009357604198E-005
   860.074651092291       3.322025440866128E-005
   860.148084044456       3.421795554459095E-005
   860.221516996622       3.512024341034703E-005
   860.294949948788       3.576937888283283E-005
   860.368382900953       3.602517244871706E-005
   860.441815853119       3.581743294489570E-005
   860.515248805285       3.515740900184028E-005
   860.588681757450       3.407518306630664E-005
   860.662114709616       3.277922951383516E-005
   860.735547661781       3.141648994642310E-005
   860.808980613947       3.009565443790052E-005
   860.882413566113       2.888265953515656E-005
   860.955846518278       2.780928298307117E-005
   861.029279470444       2.688500353542622E-005
   861.102712422609       2.610707269923296E-005
   861.176145374775       2.546735595387872E-005
   861.249578326941       2.495629814802669E-005
   861.323011279106       2.456481161061674E-005
   861.396444231272       2.428455991321243E-005
   861.469877183437       2.410698289168067E-005
   861.543310135603       2.425913226034027E-005
   861.616743087769       2.455982576066162E-005
   861.690176039934       2.479815520928241E-005
   861.763608992100       2.493859938113019E-005
   861.837041944265       2.493158899596892E-005
   861.910474896431       2.472215965099167E-005
   861.983907848597       2.426662649668287E-005
   862.057340800762       2.355001743126195E-005
   862.130773752928       2.259277971461415E-005
   862.204206705093       2.144170684914570E-005
   862.277639657259       2.015185600612313E-005
   862.351072609425       1.877088288892992E-005
   862.424505561590       1.733181852614507E-005
   862.497938513756       1.585314385010861E-005
   862.571371465921       1.542992686154321E-005
   862.644804418087       1.509857611381449E-005
   862.718237370253       1.482831703469856E-005
   862.791670322418       1.461719512008131E-005
   862.865103274584       1.446302121621557E-005
   862.938536226749       1.436368529539322E-005
   863.011969178915       1.431678720109630E-005
   863.085402131081       1.431859800504753E-005
   863.158835083246       1.436231104889885E-005
   863.232268035412       1.443571090931073E-005
   863.305700987577       1.451893876946997E-005
   863.379133939743       1.458396764064673E-005
   863.452566891909       1.459799113945337E-005
   863.525999844074       1.455110214010347E-005
   863.599432796240       1.443016844859812E-005
   863.672865748405       1.419900945620611E-005
   863.746298700571       1.388103373756167E-005
   863.819731652737       1.350761613139184E-005
   863.893164604902       1.310818697675131E-005
   863.966597557068       1.270460506930249E-005
   864.040030509233       1.231017358804820E-005
   864.113463461399       1.193134085042402E-005
   864.186896413565       1.157005681307055E-005
   864.260329365730       1.122579760703957E-005
   864.333762317896       1.089693705580430E-005
   864.407195270061       1.058155521604931E-005
   864.480628222227       1.027782036544522E-005
   864.554061174393       1.008841263683280E-005
   864.627494126558       9.968444828700740E-006
   864.700927078724       9.881933692668099E-006
   864.774360030890       9.825511369854212E-006
   864.847792983055       9.793795470613986E-006
   864.921225935221       9.778710591490380E-006
   864.994658887386       9.769602911546826E-006
   865.068091839552       9.754912753123790E-006
   865.141524791718       9.725398740556557E-006
   865.214957743883       9.677549314801581E-006
   865.288390696049       9.614900591259357E-006
   865.361823648214       9.546241017233115E-006
   865.435256600380       9.482066161581315E-006
   865.508689552546       9.427814802620560E-006
   865.582122504711       9.366056474391371E-006
   865.655555456877       9.329426575277466E-006
   865.728988409042       9.322410733147990E-006
   865.802421361208       9.348688763566315E-006
   865.875854313374       9.411809514858760E-006
   865.949287265539       9.515563760942314E-006
   866.022720217705       9.664039680501446E-006
   866.096153169870       9.861299076874275E-006
   866.169586122036       1.011046970234020E-005
   866.243019074202       1.041205905494280E-005
   866.316452026367       1.076118496712297E-005
   866.389884978533       1.114374936150853E-005
   866.463317930698       1.153232551587280E-005
   866.536750882864       1.168273047369439E-005
   866.610183835030       1.157369297288824E-005
   866.683616787195       1.136422361014411E-005
   866.757049739361       1.102098121918971E-005
   866.830482691526       1.054443600878585E-005
   866.903915643692       9.968798622139730E-006
   866.977348595858       9.347631021228153E-006
   867.050781548023       8.735386472835671E-006
   867.124214500189       8.174966751539614E-006
   867.197647452354       7.693978659517597E-006
   867.271080404520       7.306804491236107E-006
   867.344513356686       7.018722499196883E-006
   867.417946308851       6.829740414104890E-006
   867.491379261017       6.737350304319989E-006
   867.564812213182       6.573657174158143E-006
   867.638245165348       6.436786406993633E-006
   867.711678117514       6.343013865262037E-006
   867.785111069679       6.289357770583592E-006
   867.858544021845       6.272218342928682E-006
   867.931976974010       6.286257757892599E-006
   868.005409926176       6.322917670331663E-006
   868.078842878342       6.369044967868831E-006
   868.152275830507       6.406633019651053E-006
   868.225708782673       6.415063580789138E-006
   868.299141734838       6.376367309712805E-006
   868.372574687004       6.281604328250978E-006
   868.446007639170       6.134363502496853E-006
   868.519440591335       5.960114776826231E-006
   868.592873543501       5.790795057691867E-006
   868.666306495667       5.608424089587061E-006
   868.739739447832       5.426054030976957E-006
   868.813172399998       5.251557468000101E-006
   868.886605352163       5.088759280624799E-006
   868.960038304329       4.938894562656060E-006
   869.033471256495       4.801823251909809E-006
   869.106904208660       4.676842308981577E-006
   869.180337160826       4.563151833281154E-006
   869.253770112991       4.460045602172613E-006
   869.327203065157       4.366901521279942E-006
   869.400636017323       4.282969712221529E-006
   869.474068969488       4.206945504847681E-006
   869.547501921654       4.203850949124899E-006
   869.620934873819       4.242227078066207E-006
   869.694367825985       4.279196218703873E-006
   869.767800778151       4.305130460124929E-006
   869.841233730316       4.309045834816061E-006
   869.914666682482       4.281816472939681E-006
   869.988099634647       4.219768470647978E-006
   870.061532586813       4.126329258724581E-006
   870.134965538979       4.010483280580956E-006
   870.208398491144       3.883212229993660E-006
   870.281831443310       3.754232011488057E-006
   870.355264395475       3.630383616837207E-006
   870.428697347641       3.515561047606752E-006
   870.502130299807       3.412113755985047E-006
   870.575563251972       3.336250756547088E-006
   870.648996204138       3.256722266087309E-006
   870.722429156303       3.172603555867681E-006
   870.795862108469       3.082880539295729E-006
   870.869295060635       2.986581421282608E-006
   870.942728012800       2.882833086914616E-006
   871.016160964966       2.770879746094579E-006
   871.089593917131       2.650081114552449E-006
   871.163026869297       2.519900363040506E-006
   871.236459821463       2.379891384407529E-006
   871.309892773628       2.229683332188870E-006
   871.383325725794       2.068968115054304E-006
   871.456758677959       1.897489710245281E-006
   871.530191630125       1.784251367098477E-006
   871.603624582291       1.766404466252425E-006
   871.677057534456       1.747877831803635E-006
   871.750490486622       1.728671463752107E-006
   871.823923438787       1.708785362097842E-006
   871.897356390953       1.688219413154002E-006
   871.970789343119       1.666973616920586E-006
   872.044222295284       1.645048087084433E-006
   872.117655247450       1.622442823645542E-006
   872.191088199615       1.599157826603914E-006
   872.264521151781       1.575192982272711E-006
   872.337954103947       1.550548404338770E-006
   872.411387056112       1.525223979115253E-006
   872.484820008278       1.499219933975837E-006
   872.558252960443       1.479788011238270E-006
   872.631685912609       1.462846512367832E-006
   872.705118864775       1.446652845515928E-006
   872.778551816940       1.431207238056231E-006
   872.851984769106       1.416509462615068E-006
   872.925417721272       1.402559632879274E-006
   872.998850673437       1.389357635162014E-006
   873.072283625603       1.376903583150124E-006
   873.145716577768       1.365197476843605E-006
   873.219149529934       1.354239316242456E-006
   873.292582482100       1.344028987659840E-006
   873.366015434265       1.334566604782594E-006
   873.439448386431       1.325852167610719E-006
