         530
   754.762023925781       2.967005684695323E-006
   754.835551328957       2.998435093104490E-006
   754.909078732133       3.028127139259595E-006
   754.982606135309       3.056081595786964E-006
   755.056133538485       3.082298690060270E-006
   755.129660941660       3.106777967332164E-006
   755.203188344836       3.129520109723671E-006
   755.276715748012       3.150524662487442E-006
   755.350243151188       3.169791625623475E-006
   755.423770554364       3.187321226505446E-006
   755.497297957540       3.203113237759680E-006
   755.570825360715       3.222253326384816E-006
   755.644352763891       3.242582351958845E-006
   755.717880167067       3.263957978560938E-006
   755.791407570243       3.286379751443746E-006
   755.864934973419       3.309847897980944E-006
   755.938462376595       3.334362418172532E-006
   756.011989779770       3.359923084644834E-006
   756.085517182946       3.386530124771525E-006
   756.159044586122       3.414183538552606E-006
   756.232571989298       3.442883325988078E-006
   756.306099392474       3.472629259704263E-006
   756.379626795650       3.503421794448514E-006
   756.453154198825       3.535260475473478E-006
   756.526681602001       3.579464646463748E-006
   756.600209005177       3.641485363914398E-006
   756.673736408353       3.699997478179284E-006
   756.747263811529       3.755000761884730E-006
   756.820791214705       3.806495442404412E-006
   756.894318617880       3.854481292364653E-006
   756.967846021056       3.898958311765455E-006
   757.041373424232       3.939926500606816E-006
   757.114900827408       3.977386313636089E-006
   757.188428230584       4.011337296105921E-006
   757.261955633759       4.041779448016314E-006
   757.335483036935       4.068712769367266E-006
   757.409010440111       4.092137260158779E-006
   757.482537843287       4.112053375138203E-006
   757.556065246463       4.139540124015184E-006
   757.629592649639       4.170432021055603E-006
   757.703120052814       4.201744559395593E-006
   757.776647455990       4.233477739035152E-006
   757.850174859166       4.265632014721632E-006
   757.923702262342       4.298207386455033E-006
   757.997229665518       4.331203854235355E-006
   758.070757068694       4.364620963315247E-006
   758.144284471869       4.398459168442059E-006
   758.217811875045       4.432718014868442E-006
   758.291339278221       4.467397957341745E-006
   758.364866681397       4.502498995861970E-006
   758.438394084573       4.538020675681764E-006
   758.511921487749       4.572914804157335E-006
   758.585448890924       4.604014065989759E-006
   758.658976294100       4.637598976842128E-006
   758.732503697276       4.673669081967091E-006
   758.806031100452       4.712224836112000E-006
   758.879558503628       4.753266239276854E-006
   758.953085906804       4.796793291461654E-006
   759.026613309979       4.842805992666399E-006
   759.100140713155       4.891303888143739E-006
   759.173668116331       4.942287432641024E-006
   759.247195519507       4.995756626158254E-006
   759.320722922683       5.051711468695430E-006
   759.394250325859       5.110151505505200E-006
   759.467777729034       5.171077191334916E-006
   759.541305132210       5.269232588034356E-006
   759.614832535386       5.391987087932648E-006
   759.688359938562       5.510837581823580E-006
   759.761887341738       5.625783614959801E-006
   759.835414744914       5.736825642088661E-006
   759.908942148089       5.843963663210161E-006
   759.982469551265       5.947197678324301E-006
   760.055996954441       6.046527232683729E-006
   760.129524357617       6.141953235783149E-006
   760.203051760793       6.233474778127857E-006
   760.276579163969       6.321091859717853E-006
   760.350106567144       6.404805390047841E-006
   760.423633970320       6.484614459623117E-006
   760.497161373496       6.560519523191033E-006
   760.570688776672       6.711314654239686E-006
   760.644216179848       6.856629170215456E-006
   760.717743583024       6.993205715843942E-006
   760.791270986199       7.121044291125145E-006
   760.864798389375       7.240144896059064E-006
   760.938325792551       7.350507075898349E-006
   761.011853195727       7.452131285390351E-006
   761.085380598903       7.545017069787718E-006
   761.158908002079       7.629165338585153E-006
   761.232435405254       7.704575182287954E-006
   761.305962808430       7.771246600896120E-006
   761.379490211606       7.829180503904354E-006
   761.453017614782       7.878375981817953E-006
   761.526545017958       7.955887667776551E-006
   761.600072421134       8.092665666481480E-006
   761.673599824309       8.224265002354514E-006
   761.747127227485       8.350685675395653E-006
   761.820654630661       8.471929504594300E-006
   761.894182033837       8.587994670961052E-006
   761.967709437013       8.698882083990611E-006
   762.041236840189       8.804591743682977E-006
   762.114764243364       8.905122740543447E-006
   762.188291646540       9.000476893561427E-006
   762.261819049716       9.090652383747511E-006
   762.335346452892       9.175649211101700E-006
   762.408873856068       9.255469194613397E-006
   762.482401259243       9.330110515293200E-006
   762.555928662419       9.455634426558390E-006
   762.629456065595       9.595793017069809E-006
   762.702983468771       9.733239494380541E-006
   762.776510871947       9.867974767985288E-006
   762.850038275123       9.999997928389348E-006
   762.923565678298       1.012931079458212E-005
   762.997093081474       1.025591245706892E-005
   763.070620484650       1.037980291584972E-005
   763.144147887826       1.050098126142984E-005
   763.217675291002       1.061944931279868E-005
   763.291202694178       1.073520525096683E-005
   763.364730097353       1.084824998542899E-005
   763.438257500529       1.095858351618517E-005
   763.511784903705       1.108421474782517E-005
   763.585312306881       1.129997781390557E-005
   763.658839710057       1.151043397840112E-005
   763.732367113233       1.171558051282773E-005
   763.805894516408       1.191541923617478E-005
   763.879421919584       1.210994832945289E-005
   763.952949322760       1.229916961165145E-005
   764.026476725936       1.248308308277046E-005
   764.100004129112       1.266168692382053E-005
   764.173531532288       1.283498295379104E-005
   764.247058935463       1.300297026318731E-005
   764.320586338639       1.316564885200933E-005
   764.394113741815       1.332301962975180E-005
   764.467641144991       1.347508077742532E-005
   764.541168548167       1.364608033327386E-005
   764.614695951343       1.384056122333277E-005
   764.688223354518       1.404221256962046E-005
   764.761750757694       1.425103437213693E-005
   764.835278160870       1.446702572138747E-005
   764.908805564046       1.469018752686679E-005
   764.982332967222       1.492052069806959E-005
   765.055860370398       1.515802250651177E-005
   765.129387773573       1.540269477118272E-005
   765.202915176749       1.565453749208245E-005
   765.276442579925       1.591355066921096E-005
   765.349969983101       1.617973430256825E-005
   765.423497386277       1.645308839215431E-005
   765.497024789453       1.673361293796916E-005
   765.570552192628       1.698410778772086E-005
   765.644079595804       1.724350840959232E-005
   765.717606998980       1.751345007505734E-005
   765.791134402156       1.779393278411590E-005
   765.864661805332       1.808495471777860E-005
   765.938189208508       1.838651769503485E-005
   766.011716611683       1.869861989689525E-005
   766.085244014859       1.902126496133860E-005
   766.158771418035       1.935444925038610E-005
   766.232298821211       1.969817276403774E-005
   766.305826224387       2.005243914027233E-005
   766.379353627563       2.041724474111106E-005
   766.452881030738       2.079259138554335E-005
   766.526408433914       2.116999348800164E-005
   766.599935837090       2.155442416551523E-005
   766.673463240266       2.196651075792033E-005
   766.746990643442       2.240625326521695E-005
   766.820518046618       2.287365350639448E-005
   766.894045449793       2.336870784347411E-005
   766.967572852969       2.389141991443466E-005
   767.041100256145       2.444178608129732E-005
   767.114627659321       2.501980998204090E-005
   767.188155062497       2.562548797868658E-005
   767.261682465672       2.625882370921317E-005
   767.335209868848       2.691981353564188E-005
   767.408737272024       2.760846291494090E-005
   767.482264675200       2.832476457115263E-005
   767.555792078376       2.900344043155201E-005
   767.629319481552       2.972231413878035E-005
   767.702846884727       3.050669693038799E-005
   767.776374287903       3.135658698738553E-005
   767.849901691079       3.227198612876236E-005
   767.923429094255       3.325289435451850E-005
   767.996956497431       3.429930802667513E-005
   768.070483900607       3.541123442118987E-005
   768.144011303782       3.658866626210511E-005
   768.217538706958       3.783160718739964E-005
   768.291066110134       3.914005719707347E-005
   768.364593513310       4.051401629112661E-005
   768.438120916486       4.195348083158024E-005
   768.511648319662       4.340784653322771E-005
   768.585175722837       4.477418406167999E-005
   768.658703126013       4.640510087483563E-005
   768.732230529189       4.830059697269462E-005
   768.805757932365       5.046067235525697E-005
   768.879285335541       5.288532702252269E-005
   768.952812738717       5.557455733651295E-005
   769.026340141892       5.852837057318538E-005
   769.099867545068       6.174675945658237E-005
   769.173394948244       6.522972398670390E-005
   769.246922351420       6.897727871546522E-005
   769.320449754596       7.298940181499347E-005
   769.393977157772       7.726610783720389E-005
   769.467504560947       8.180738950613886E-005
   769.541031964123       8.685106149641797E-005
   769.614559367299       9.271343151340261E-005
   769.688086770475       9.939333540387452E-005
   769.761614173651       1.070054568117484E-004
   769.835141576827       1.156864818767644E-004
   769.908668980002       1.255988318007439E-004
   769.982196383178       1.369339588563889E-004
   770.055723786354       1.499144127592444E-004
   770.129251189530       1.647928002057597E-004
   770.202778592706       1.818446180550382E-004
   770.276305995882       2.013490593526512E-004
   770.349833399057       2.235503779957071E-004
   770.423360802233       2.485885052010417E-004
   770.496888205409       2.763893571682274E-004
   770.570415608585       3.069126396439970E-004
   770.643943011761       3.390840138308704E-004
   770.717470414937       3.713619953487068E-004
   770.790997818112       4.016848979517817E-004
   770.864525221288       4.278123378753662E-004
   770.938052624464       4.478895280044526E-004
   771.011580027640       4.609567113220692E-004
   771.085107430816       4.671016067732126E-004
   771.158634833992       4.671943606808782E-004
   771.232162237167       4.624718567356467E-004
   771.305689640343       4.542878596112132E-004
   771.379217043519       4.440800112206489E-004
   771.452744446695       4.333399119786918E-004
   771.526271849871       4.235143715050071E-004
   771.599799253047       4.156195791438222E-004
   771.673326656222       4.096844641026109E-004
   771.746854059398       4.051765718031675E-004
   771.820381462574       4.010918200947344E-004
   771.893908865750       3.964111383538693E-004
   771.967436268926       3.905675257556140E-004
   772.040963672101       3.836670948658139E-004
   772.114491075277       3.763252752833068E-004
   772.188018478453       3.692361351568252E-004
   772.261545881629       3.627426049206406E-004
   772.335073284805       3.566300438251346E-004
   772.408600687981       3.502251929603517E-004
   772.482128091156       3.427512710914016E-004
   772.555655494332       3.340909606777132E-004
   772.629182897508       3.241705126129091E-004
   772.702710300684       3.137055318802595E-004
   772.776237703860       3.038063587155193E-004
   772.849765107036       2.955259988084435E-004
   772.923292510211       2.896260994020849E-004
   772.996819913387       2.864743000827730E-004
   773.070347316563       2.860175154637545E-004
   773.143874719739       2.877803053706884E-004
   773.217402122915       2.908832684624940E-004
   773.290929526091       2.941314014606178E-004
   773.364456929266       2.962335129268467E-004
   773.437984332442       2.961491700261831E-004
   773.511511735618       2.936723467428237E-004
   773.585039138794       2.902029082179070E-004
   773.658566541970       2.854999329429120E-004
   773.732093945146       2.808913704939187E-004
   773.805621348321       2.776142500806600E-004
   773.879148751497       2.766351681202650E-004
   773.952676154673       2.786039258353412E-004
   774.026203557849       2.838686923496425E-004
   774.099730961025       2.924827567767352E-004
   774.173258364201       3.041637246496975E-004
   774.246785767376       3.182003565598279E-004
   774.320313170552       3.333431959617883E-004
   774.393840573728       3.477673744782805E-004
   774.467367976904       3.592359717004001E-004
   774.540895380080       3.657807828858495E-004
   774.614422783256       3.655919863376766E-004
   774.687950186431       3.582309291232377E-004
   774.761477589607       3.448444185778499E-004
   774.835004992783       3.274600603617728E-004
   774.908532395959       3.083266492467374E-004
   774.982059799135       2.893848868552595E-004
   775.055587202311       2.720301563385874E-004
   775.129114605486       2.571177319623530E-004
   775.202642008662       2.450858592055738E-004
   775.276169411838       2.360956277698278E-004
   775.349696815014       2.301381318829954E-004
   775.423224218190       2.270934637635946E-004
   775.496751621366       2.267418894916773E-004
   775.570279024541       2.282131172250956E-004
   775.643806427717       2.314697921974584E-004
   775.717333830893       2.357503835810348E-004
   775.790861234069       2.400093217147514E-004
   775.864388637245       2.430423337500542E-004
   775.937916040421       2.437341026961803E-004
   776.011443443596       2.413861075183377E-004
   776.084970846772       2.359523787163198E-004
   776.158498249948       2.280273183714598E-004
   776.232025653124       2.185920602642000E-004
   776.305553056300       2.086837193928659E-004
   776.379080459476       1.991539902519435E-004
   776.452607862651       1.905755925690755E-004
   776.526135265827       1.833707210607827E-004
   776.599662669003       1.778931473381817E-004
   776.673190072179       1.740797451930121E-004
   776.746717475355       1.719572755973786E-004
   776.820244878531       1.715277030598372E-004
   776.893772281706       1.727850030874833E-004
   776.967299684882       1.757154386723414E-004
   777.040827088058       1.802812475943938E-004
   777.114354491234       1.863866345956922E-004
   777.187881894410       1.938246132340282E-004
   777.261409297585       2.022098342422396E-004
   777.334936700761       2.109161869157106E-004
   777.408464103937       2.190607483498752E-004
   777.481991507113       2.255901636090130E-004
   777.555518910289       2.297890023328364E-004
   777.629046313465       2.307686663698405E-004
   777.702573716640       2.284068177687004E-004
   777.776101119816       2.232878177892417E-004
   777.849628522992       2.163873286917806E-004
   777.923155926168       2.087685279548168E-004
   777.996683329344       2.013449848163873E-004
   778.070210732520       1.947776472661644E-004
   778.143738135695       1.894812448881567E-004
   778.217265538871       1.856840972322971E-004
   778.290792942047       1.834973809309304E-004
   778.364320345223       1.829726534197107E-004
   778.437847748399       1.841423509176821E-004
   778.511375151575       1.870297710411251E-004
   778.584902554750       1.916246837936342E-004
   778.658429957926       1.980989181902260E-004
   778.731957361102       2.065593143925071E-004
   778.805484764278       2.171203232137486E-004
   778.879012167454       2.298742183484137E-004
   778.952539570630       2.448393206577748E-004
   779.026066973805       2.618777216412127E-004
   779.099594376981       2.805810654535890E-004
   779.173121780157       3.001375589519739E-004
   779.246649183333       3.192303702235222E-004
   779.320176586509       3.360603004693985E-004
   779.393703989685       3.485989291220903E-004
   779.467231392860       3.550928086042404E-004
   779.540758796036       3.545869549270719E-004
   779.614286199212       3.475353878457099E-004
   779.687813602388       3.354145446792245E-004
   779.761341005564       3.201785439159721E-004
   779.834868408740       3.037670103367418E-004
   779.908395811915       2.877225342672318E-004
   779.981923215091       2.730669802986085E-004
   780.055450618267       2.603559114504606E-004
   780.128978021443       2.498045796528459E-004
   780.202505424619       2.414134505670518E-004
   780.276032827795       2.350652648601681E-004
   780.349560230970       2.305896632606164E-004
   780.423087634146       2.278015599586070E-004
   780.496615037322       2.265222137793899E-004
   780.570142440498       2.274005237268284E-004
   780.643669843674       2.298760955454782E-004
   780.717197246850       2.339905768167228E-004
   780.790724650025       2.398289216216654E-004
   780.864252053201       2.474825887475163E-004
   780.937779456377       2.570427313912660E-004
   781.011306859553       2.685865038074553E-004
   781.084834262729       2.821530797518790E-004
   781.158361665905       2.977048279717565E-004
   781.231889069080       3.150722768623382E-004
   781.305416472256       3.338884562253952E-004
   781.378943875432       3.535351715981960E-004
   781.452471278608       3.731453616637737E-004
   781.525998681784       3.918954753316939E-004
   781.599526084960       4.098101053386927E-004
   781.673053488135       4.266283649485558E-004
   781.746580891311       4.427314852364361E-004
   781.820108294487       4.591078322846442E-004
   781.893635697663       4.771191743202507E-004
   781.967163100839       4.982143873348832E-004
   782.040690504014       5.237269797362387E-004
   782.114217907190       5.547931650653481E-004
   782.187745310366       5.923482240177691E-004
   782.261272713542       6.371322087943554E-004
   782.334800116718       6.896485574543476E-004
   782.408327519894       7.500357460230589E-004
   782.481854923069       8.178348070941865E-004
   782.555382326245       8.928083116188645E-004
   782.628909729421       9.729005978442729E-004
   782.702437132597       1.054196385666728E-003
   782.775964535773       1.131964148953557E-003
   782.849491938949       1.201334758661687E-003
   782.923019342124       1.258551143109798E-003
   782.996546745300       1.301973708905280E-003
   783.070074148476       1.332249958068132E-003
   783.143601551652       1.351599697954953E-003
   783.217128954828       1.362813287414610E-003
   783.290656358004       1.368611352518201E-003
   783.364183761179       1.371459569782019E-003
   783.437711164355       1.373394974507391E-003
   783.511238567531       1.375710126012564E-003
   783.584765970707       1.379477325826883E-003
   783.658293373883       1.382214133627713E-003
   783.731820777059       1.380753936246037E-003
   783.805348180234       1.371787395328283E-003
   783.878875583410       1.353041501715779E-003
   783.952402986586       1.324083306826651E-003
   784.025930389762       1.286474056541920E-003
   784.099457792938       1.243249513208866E-003
   784.172985196114       1.197946025058627E-003
   784.246512599289       1.153538236394525E-003
   784.320040002465       1.111637102440000E-003
   784.393567405641       1.072197454050183E-003
   784.467094808817       1.033842912875116E-003
   784.540622211993       9.962043259292841E-004
   784.614149615169       9.581141057424247E-004
   784.687677018344       9.187698597088456E-004
   784.761204421520       8.797521004453301E-004
   784.834731824696       8.433223702013493E-004
   784.908259227872       8.117086254060268E-004
   784.981786631048       7.865838124416769E-004
   785.055314034224       7.688266923651099E-004
   785.128841437399       7.584621198475361E-004
   785.202368840575       7.546537090092897E-004
   785.275896243751       7.557048229500651E-004
   785.349423646927       7.591343601234257E-004
   785.422951050103       7.619626121595502E-004
   785.496478453279       7.613059133291245E-004
   785.570005856454       7.571626920253038E-004
   785.643533259630       7.475434103980660E-004
   785.717060662806       7.338290452025831E-004
   785.790588065982       7.185821887105703E-004
   785.864115469158       7.046803948469460E-004
   785.937642872334       6.946920766495168E-004
   786.011170275509       6.905774353072047E-004
   786.084697678685       6.936464924365282E-004
   786.158225081861       7.046184036880732E-004
   786.231752485037       7.236488163471222E-004
   786.305279888213       7.502473890781403E-004
   786.378807291389       7.830704562366009E-004
   786.452334694564       8.196390699595213E-004
   786.525862097740       8.562161820009351E-004
   786.599389500916       8.877119398675859E-004
   786.672916904092       9.085336932912469E-004
   786.746444307268       9.142745984718204E-004
   786.819971710443       9.029695647768676E-004
   786.893499113619       8.758345502428710E-004
   786.967026516795       8.367662085220218E-004
   787.040553919971       7.909401319921017E-004
   787.114081323147       7.433497812598944E-004
   787.187608726323       6.979085155762732E-004
   787.261136129498       6.572091951966286E-004
   787.334663532674       6.227060221135616E-004
   787.408190935850       5.950430640950799E-004
   787.481718339026       5.743606016039848E-004
   787.555245742202       5.601923912763596E-004
   787.628773145378       5.524546140804887E-004
   787.702300548553       5.507831810973585E-004
   787.775827951729       5.544747691601515E-004
   787.849355354905       5.624687764793634E-004
   787.922882758081       5.732018034905195E-004
   787.996410161257       5.845300620421767E-004
   788.069937564433       5.938466638326645E-004
   788.143464967608       5.985004827380180E-004
   788.216992370784       5.964671727269888E-004
   788.290519773960       5.869883461855352E-004
   788.364047177136       5.707994569092989E-004
   788.437574580312       5.497913807630539E-004
   788.511101983488       5.263839848339558E-004
   788.584629386663       5.030371248722076E-004
   788.658156789839       4.811865510419011E-004
   788.731684193015       4.620194085873663E-004
   788.805211596191       4.462135548237711E-004
   788.878738999367       4.340971063356847E-004
   788.952266402543       4.257937544025481E-004
   789.025793805718       4.213296342641115E-004
   789.099321208894       4.207000310998410E-004
   789.172848612070       4.239008703734726E-004
   789.246376015246       4.309301439207047E-004
   789.319903418422       4.417599411681294E-004
   789.393430821598       4.562739050015807E-004
   789.466958224773       4.741656011901796E-004
   789.540485627949       4.949358990415931E-004
   789.614013031125       5.173181998543441E-004
   789.687540434301       5.395292537286878E-004
   789.761067837477       5.593906971625984E-004
   789.834595240653       5.744995432905853E-004
   789.908122643828       5.828448920510709E-004
   789.981650047004       5.834896583110094E-004
   790.055177450180       5.769383278675377E-004
   790.128704853356       5.649536615237594E-004
   790.202232256532       5.499437102116644E-004
   790.275759659708       5.342866061255336E-004
   790.349287062883       5.198901053518057E-004
   790.422814466059       5.080520058982074E-004
   790.496341869235       4.995260969735682E-004
   790.569869272411       4.957322380505502E-004
   790.643396675587       4.963793326169252E-004
   790.716924078763       5.015878705307841E-004
   790.790451481938       5.114750238135457E-004
   790.863978885114       5.261360784061253E-004
   790.937506288290       5.456293583847582E-004
   791.011033691466       5.699270404875278E-004
   791.084561094642       5.988422781229019E-004
   791.158088497818       6.319578969851136E-004
   791.231615900993       6.686031701974571E-004
   791.305143304169       7.079230854287744E-004
   791.378670707345       7.490288699045777E-004
   791.452198110521       7.911068969406188E-004
   791.525725513697       8.332604193128645E-004
   791.599252916873       8.742732461541891E-004
   791.672780320048       9.120755130425096E-004
   791.746307723224       9.433310478925705E-004
   791.819835126400       9.640516946092248E-004
   791.893362529576       9.707770077511668E-004
   791.966889932752       9.619470220059156E-004
   792.040417335927       9.386684978380799E-004
   792.113944739103       9.043834870681167E-004
   792.187472142279       8.636941201984882E-004
   792.260999545455       8.210701635107398E-004
   792.334526948631       7.800158928148448E-004
   792.408054351807       7.428185781463981E-004
   792.481581754982       7.106899283826351E-004
   792.555109158158       6.831961218267679E-004
   792.628636561334       6.618693005293608E-004
   792.702163964510       6.469100480899215E-004
   792.775691367686       6.379763945005834E-004
   792.849218770862       6.347015150822699E-004
   792.922746174037       6.367448368109763E-004
   792.996273577213       6.438182899728417E-004
   793.069800980389       6.556983571499586E-004
   793.143328383565       6.722281686961651E-004
   793.216855786741       6.933170370757580E-004
   793.290383189917       7.189349853433669E-004
   793.363910593092       7.491048309020698E-004
   793.437437996268       7.838868768885732E-004
   793.510965399444       8.237239671871066E-004
   793.584492802620       8.720654877834022E-004
   793.658020205796       9.284591069445014E-004
