        1634
   753.523437500000       0.000000000000000E+000
   753.596870452166       0.000000000000000E+000
   753.670303404331       0.000000000000000E+000
   753.743736356497       0.000000000000000E+000
   753.817169308662       0.000000000000000E+000
   753.890602260828       0.000000000000000E+000
   753.964035212994       0.000000000000000E+000
   754.037468165159       0.000000000000000E+000
   754.110901117325       0.000000000000000E+000
   754.184334069490       0.000000000000000E+000
   754.257767021656       0.000000000000000E+000
   754.331199973822       0.000000000000000E+000
   754.404632925987       0.000000000000000E+000
   754.478065878153       0.000000000000000E+000
   754.551498830318       0.000000000000000E+000
   754.624931782484       0.000000000000000E+000
   754.698364734650       0.000000000000000E+000
   754.771797686815       0.000000000000000E+000
   754.845230638981       0.000000000000000E+000
   754.918663591146       0.000000000000000E+000
   754.992096543312       0.000000000000000E+000
   755.065529495478       0.000000000000000E+000
   755.138962447643       0.000000000000000E+000
   755.212395399809       0.000000000000000E+000
   755.285828351974       0.000000000000000E+000
   755.359261304140       0.000000000000000E+000
   755.432694256306       0.000000000000000E+000
   755.506127208471       0.000000000000000E+000
   755.579560160637       0.000000000000000E+000
   755.652993112803       0.000000000000000E+000
   755.726426064968       0.000000000000000E+000
   755.799859017134       0.000000000000000E+000
   755.873291969299       0.000000000000000E+000
   755.946724921465       0.000000000000000E+000
   756.020157873631       0.000000000000000E+000
   756.093590825796       0.000000000000000E+000
   756.167023777962       0.000000000000000E+000
   756.240456730127       0.000000000000000E+000
   756.313889682293       0.000000000000000E+000
   756.387322634459       0.000000000000000E+000
   756.460755586624       0.000000000000000E+000
   756.534188538790       0.000000000000000E+000
   756.607621490955       0.000000000000000E+000
   756.681054443121       0.000000000000000E+000
   756.754487395287       0.000000000000000E+000
   756.827920347452       0.000000000000000E+000
   756.901353299618       0.000000000000000E+000
   756.974786251783       0.000000000000000E+000
   757.048219203949       0.000000000000000E+000
   757.121652156115       0.000000000000000E+000
   757.195085108280       0.000000000000000E+000
   757.268518060446       0.000000000000000E+000
   757.341951012611       0.000000000000000E+000
   757.415383964777       0.000000000000000E+000
   757.488816916943       0.000000000000000E+000
   757.562249869108       0.000000000000000E+000
   757.635682821274       0.000000000000000E+000
   757.709115773439       0.000000000000000E+000
   757.782548725605       0.000000000000000E+000
   757.855981677771       0.000000000000000E+000
   757.929414629936       0.000000000000000E+000
   758.002847582102       0.000000000000000E+000
   758.076280534267       0.000000000000000E+000
   758.149713486433       0.000000000000000E+000
   758.223146438599       0.000000000000000E+000
   758.296579390764       0.000000000000000E+000
   758.370012342930       0.000000000000000E+000
   758.443445295095       0.000000000000000E+000
   758.516878247261       0.000000000000000E+000
   758.590311199427       0.000000000000000E+000
   758.663744151592       0.000000000000000E+000
   758.737177103758       0.000000000000000E+000
   758.810610055923       0.000000000000000E+000
   758.884043008089       0.000000000000000E+000
   758.957475960255       0.000000000000000E+000
   759.030908912420       0.000000000000000E+000
   759.104341864586       0.000000000000000E+000
   759.177774816751       0.000000000000000E+000
   759.251207768917       0.000000000000000E+000
   759.324640721083       0.000000000000000E+000
   759.398073673248       0.000000000000000E+000
   759.471506625414       0.000000000000000E+000
   759.544939577579       0.000000000000000E+000
   759.618372529745       0.000000000000000E+000
   759.691805481911       0.000000000000000E+000
   759.765238434076       0.000000000000000E+000
   759.838671386242       0.000000000000000E+000
   759.912104338408       0.000000000000000E+000
   759.985537290573       0.000000000000000E+000
   760.058970242739       0.000000000000000E+000
   760.132403194904       0.000000000000000E+000
   760.205836147070       0.000000000000000E+000
   760.279269099236       0.000000000000000E+000
   760.352702051401       0.000000000000000E+000
   760.426135003567       0.000000000000000E+000
   760.499567955732       0.000000000000000E+000
   760.573000907898       0.000000000000000E+000
   760.646433860064       0.000000000000000E+000
   760.719866812229       0.000000000000000E+000
   760.793299764395       0.000000000000000E+000
   760.866732716560       0.000000000000000E+000
   760.940165668726       0.000000000000000E+000
   761.013598620892       0.000000000000000E+000
   761.087031573057       0.000000000000000E+000
   761.160464525223       0.000000000000000E+000
   761.233897477388       0.000000000000000E+000
   761.307330429554       0.000000000000000E+000
   761.380763381720       0.000000000000000E+000
   761.454196333885       0.000000000000000E+000
   761.527629286051       0.000000000000000E+000
   761.601062238216       0.000000000000000E+000
   761.674495190382       0.000000000000000E+000
   761.747928142548       0.000000000000000E+000
   761.821361094713       0.000000000000000E+000
   761.894794046879       0.000000000000000E+000
   761.968226999044       0.000000000000000E+000
   762.041659951210       0.000000000000000E+000
   762.115092903376       0.000000000000000E+000
   762.188525855541       0.000000000000000E+000
   762.261958807707       0.000000000000000E+000
   762.335391759872       0.000000000000000E+000
   762.408824712038       0.000000000000000E+000
   762.482257664204       0.000000000000000E+000
   762.555690616369       0.000000000000000E+000
   762.629123568535       0.000000000000000E+000
   762.702556520700       0.000000000000000E+000
   762.775989472866       0.000000000000000E+000
   762.849422425032       0.000000000000000E+000
   762.922855377197       0.000000000000000E+000
   762.996288329363       0.000000000000000E+000
   763.069721281528       0.000000000000000E+000
   763.143154233694       0.000000000000000E+000
   763.216587185860       0.000000000000000E+000
   763.290020138025       0.000000000000000E+000
   763.363453090191       0.000000000000000E+000
   763.436886042356       0.000000000000000E+000
   763.510318994522       0.000000000000000E+000
   763.583751946688       0.000000000000000E+000
   763.657184898853       0.000000000000000E+000
   763.730617851019       0.000000000000000E+000
   763.804050803185       0.000000000000000E+000
   763.877483755350       0.000000000000000E+000
   763.950916707516       0.000000000000000E+000
   764.024349659681       0.000000000000000E+000
   764.097782611847       0.000000000000000E+000
   764.171215564013       0.000000000000000E+000
   764.244648516178       0.000000000000000E+000
   764.318081468344       0.000000000000000E+000
   764.391514420509       0.000000000000000E+000
   764.464947372675       0.000000000000000E+000
   764.538380324841       0.000000000000000E+000
   764.611813277006       0.000000000000000E+000
   764.685246229172       0.000000000000000E+000
   764.758679181337       0.000000000000000E+000
   764.832112133503       0.000000000000000E+000
   764.905545085669       0.000000000000000E+000
   764.978978037834       0.000000000000000E+000
   765.052410990000       0.000000000000000E+000
   765.125843942165       0.000000000000000E+000
   765.199276894331       0.000000000000000E+000
   765.272709846497       0.000000000000000E+000
   765.346142798662       0.000000000000000E+000
   765.419575750828       0.000000000000000E+000
   765.493008702993       0.000000000000000E+000
   765.566441655159       0.000000000000000E+000
   765.639874607325       0.000000000000000E+000
   765.713307559490       0.000000000000000E+000
   765.786740511656       0.000000000000000E+000
   765.860173463821       0.000000000000000E+000
   765.933606415987       0.000000000000000E+000
   766.007039368153       0.000000000000000E+000
   766.080472320318       0.000000000000000E+000
   766.153905272484       0.000000000000000E+000
   766.227338224649       0.000000000000000E+000
   766.300771176815       0.000000000000000E+000
   766.374204128981       0.000000000000000E+000
   766.447637081146       0.000000000000000E+000
   766.521070033312       0.000000000000000E+000
   766.594502985477       0.000000000000000E+000
   766.667935937643       0.000000000000000E+000
   766.741368889809       0.000000000000000E+000
   766.814801841974       0.000000000000000E+000
   766.888234794140       0.000000000000000E+000
   766.961667746305       0.000000000000000E+000
   767.035100698471       0.000000000000000E+000
   767.108533650637       0.000000000000000E+000
   767.181966602802       0.000000000000000E+000
   767.255399554968       0.000000000000000E+000
   767.328832507133       0.000000000000000E+000
   767.402265459299       0.000000000000000E+000
   767.475698411465       0.000000000000000E+000
   767.549131363630       0.000000000000000E+000
   767.622564315796       0.000000000000000E+000
   767.695997267962       0.000000000000000E+000
   767.769430220127       0.000000000000000E+000
   767.842863172293       0.000000000000000E+000
   767.916296124458       0.000000000000000E+000
   767.989729076624       0.000000000000000E+000
   768.063162028790       0.000000000000000E+000
   768.136594980955       0.000000000000000E+000
   768.210027933121       0.000000000000000E+000
   768.283460885286       0.000000000000000E+000
   768.356893837452       0.000000000000000E+000
   768.430326789618       0.000000000000000E+000
   768.503759741783       0.000000000000000E+000
   768.577192693949       0.000000000000000E+000
   768.650625646114       0.000000000000000E+000
   768.724058598280       0.000000000000000E+000
   768.797491550446       0.000000000000000E+000
   768.870924502611       0.000000000000000E+000
   768.944357454777       0.000000000000000E+000
   769.017790406942       0.000000000000000E+000
   769.091223359108       0.000000000000000E+000
   769.164656311274       0.000000000000000E+000
   769.238089263439       0.000000000000000E+000
   769.311522215605       0.000000000000000E+000
   769.384955167770       0.000000000000000E+000
   769.458388119936       0.000000000000000E+000
   769.531821072102       0.000000000000000E+000
   769.605254024267       0.000000000000000E+000
   769.678686976433       0.000000000000000E+000
   769.752119928598       0.000000000000000E+000
   769.825552880764       0.000000000000000E+000
   769.898985832930       0.000000000000000E+000
   769.972418785095       0.000000000000000E+000
   770.045851737261       0.000000000000000E+000
   770.119284689426       0.000000000000000E+000
   770.192717641592       0.000000000000000E+000
   770.266150593758       0.000000000000000E+000
   770.339583545923       0.000000000000000E+000
   770.413016498089       0.000000000000000E+000
   770.486449450254       0.000000000000000E+000
   770.559882402420       0.000000000000000E+000
   770.633315354586       0.000000000000000E+000
   770.706748306751       0.000000000000000E+000
   770.780181258917       0.000000000000000E+000
   770.853614211082       0.000000000000000E+000
   770.927047163248       0.000000000000000E+000
   771.000480115414       0.000000000000000E+000
   771.073913067579       0.000000000000000E+000
   771.147346019745       0.000000000000000E+000
   771.220778971910       0.000000000000000E+000
   771.294211924076       0.000000000000000E+000
   771.367644876242       0.000000000000000E+000
   771.441077828407       0.000000000000000E+000
   771.514510780573       0.000000000000000E+000
   771.587943732738       0.000000000000000E+000
   771.661376684904       0.000000000000000E+000
   771.734809637070       0.000000000000000E+000
   771.808242589235       0.000000000000000E+000
   771.881675541401       0.000000000000000E+000
   771.955108493567       0.000000000000000E+000
   772.028541445732       0.000000000000000E+000
   772.101974397898       0.000000000000000E+000
   772.175407350063       0.000000000000000E+000
   772.248840302229       0.000000000000000E+000
   772.322273254395       0.000000000000000E+000
   772.395706206560       0.000000000000000E+000
   772.469139158726       0.000000000000000E+000
   772.542572110891       0.000000000000000E+000
   772.616005063057       0.000000000000000E+000
   772.689438015223       0.000000000000000E+000
   772.762870967388       0.000000000000000E+000
   772.836303919554       0.000000000000000E+000
   772.909736871719       0.000000000000000E+000
   772.983169823885       0.000000000000000E+000
   773.056602776051       0.000000000000000E+000
   773.130035728216       0.000000000000000E+000
   773.203468680382       0.000000000000000E+000
   773.276901632547       0.000000000000000E+000
   773.350334584713       0.000000000000000E+000
   773.423767536879       0.000000000000000E+000
   773.497200489044       0.000000000000000E+000
   773.570633441210       0.000000000000000E+000
   773.644066393375       0.000000000000000E+000
   773.717499345541       0.000000000000000E+000
   773.790932297707       0.000000000000000E+000
   773.864365249872       0.000000000000000E+000
   773.937798202038       0.000000000000000E+000
   774.011231154203       0.000000000000000E+000
   774.084664106369       0.000000000000000E+000
   774.158097058535       0.000000000000000E+000
   774.231530010700       0.000000000000000E+000
   774.304962962866       0.000000000000000E+000
   774.378395915031       0.000000000000000E+000
   774.451828867197       0.000000000000000E+000
   774.525261819363       0.000000000000000E+000
   774.598694771528       0.000000000000000E+000
   774.672127723694       0.000000000000000E+000
   774.745560675859       0.000000000000000E+000
   774.818993628025       0.000000000000000E+000
   774.892426580191       0.000000000000000E+000
   774.965859532356       0.000000000000000E+000
   775.039292484522       0.000000000000000E+000
   775.112725436687       0.000000000000000E+000
   775.186158388853       0.000000000000000E+000
   775.259591341019       0.000000000000000E+000
   775.333024293184       0.000000000000000E+000
   775.406457245350       0.000000000000000E+000
   775.479890197515       0.000000000000000E+000
   775.553323149681       0.000000000000000E+000
   775.626756101847       0.000000000000000E+000
   775.700189054012       0.000000000000000E+000
   775.773622006178       0.000000000000000E+000
   775.847054958344       0.000000000000000E+000
   775.920487910509       0.000000000000000E+000
   775.993920862675       0.000000000000000E+000
   776.067353814840       0.000000000000000E+000
   776.140786767006       0.000000000000000E+000
   776.214219719172       0.000000000000000E+000
   776.287652671337       0.000000000000000E+000
   776.361085623503       0.000000000000000E+000
   776.434518575668       0.000000000000000E+000
   776.507951527834       0.000000000000000E+000
   776.581384480000       0.000000000000000E+000
   776.654817432165       0.000000000000000E+000
   776.728250384331       0.000000000000000E+000
   776.801683336496       0.000000000000000E+000
   776.875116288662       0.000000000000000E+000
   776.948549240828       0.000000000000000E+000
   777.021982192993       0.000000000000000E+000
   777.095415145159       0.000000000000000E+000
   777.168848097324       0.000000000000000E+000
   777.242281049490       0.000000000000000E+000
   777.315714001656       0.000000000000000E+000
   777.389146953821       0.000000000000000E+000
   777.462579905987       0.000000000000000E+000
   777.536012858152       0.000000000000000E+000
   777.609445810318       0.000000000000000E+000
   777.682878762484       0.000000000000000E+000
   777.756311714649       0.000000000000000E+000
   777.829744666815       0.000000000000000E+000
   777.903177618980       0.000000000000000E+000
   777.976610571146       0.000000000000000E+000
   778.050043523312       0.000000000000000E+000
   778.123476475477       0.000000000000000E+000
   778.196909427643       0.000000000000000E+000
   778.270342379808       0.000000000000000E+000
   778.343775331974       0.000000000000000E+000
   778.417208284140       0.000000000000000E+000
   778.490641236305       0.000000000000000E+000
   778.564074188471       0.000000000000000E+000
   778.637507140636       0.000000000000000E+000
   778.710940092802       0.000000000000000E+000
   778.784373044968       0.000000000000000E+000
   778.857805997133       0.000000000000000E+000
   778.931238949299       0.000000000000000E+000
   779.004671901464       2.057892803375688E-015
   779.078104853630       3.940953263053583E-014
   779.151537805796       8.617419115525965E-014
   779.224970757961       1.423519098821616E-013
   779.298403710127       2.079426583180555E-013
   779.371836662292       2.829463551477784E-013
   779.445269614458       3.673630681339662E-013
   779.518702566624       4.368694262683187E-013
   779.592135518789       4.387122989110009E-013
   779.665568470955       4.405674230382323E-013
   779.739001423120       4.424348257550670E-013
   779.812434375286       4.443144799564508E-013
   779.885867327452       4.462064127474380E-013
   779.959300279617       4.481105970229743E-013
   780.032733231783       4.500270598881140E-013
   780.106166183949       4.519557742378028E-013
   780.179599136114       4.538967671770949E-013
   780.253032088280       4.558500387059905E-013
   780.326465040445       4.578155346143808E-013
   780.399897992611       4.597933362174289E-013
   780.473330944777       4.617833350949174E-013
   780.546763896942       4.637859649277154E-013
   780.620196849108       4.658020930775608E-013
   780.693629801273       4.678320448051054E-013
   780.767062753439       4.698758201103492E-013
   780.840495705605       4.719333647831836E-013
   780.913928657770       4.740047330337172E-013
   780.987361609936       4.760899248619499E-013
   781.060794562101       4.781888860577732E-013
   781.134227514267       4.803016708312957E-013
   781.207660466433       4.824282249724088E-013
   781.281093418598       4.845686026912210E-013
   781.354526370764       4.867228039877325E-013
   781.427959322929       4.888907746518345E-013
   781.501392275095       4.910726231037443E-013
   781.574825227261       4.932689456546568E-013
   781.648258179426       4.954808265067445E-013
   781.721691131592       4.977083198701160E-013
   781.795124083757       4.999513715346626E-013
   781.868557035923       5.022100357104931E-013
   781.941989988089       5.044843123976073E-013
   782.015422940254       5.067740931757880E-013
   782.088855892420       5.090795406753612E-013
   782.162288844585       5.114005464761096E-013
   782.235721796751       5.137371105780331E-013
   782.309154748917       5.160892871912404E-013
   782.382587701082       5.184570221056228E-013
   782.456020653248       5.208404237413977E-013
   782.529453605413       5.232393836783478E-013
   782.602886557579       5.256555282197317E-013
   782.676319509745       5.280892910464186E-013
   782.749752461910       5.305407263685169E-013
   782.823185414076       5.330098883961354E-013
   782.896618366241       5.354966687090568E-013
   782.970051318407       5.380011215173897E-013
   783.043484270573       5.405232468211341E-013
   783.116917222738       5.430630446202900E-013
   783.190350174904       5.456204607047488E-013
   783.263783127069       5.481956034947277E-013
   783.337216079235       5.507884187801182E-013
   783.410649031401       5.533988523508115E-013
   783.484081983566       5.560270126270250E-013
   783.557514935732       5.586732790795190E-013
   783.630947887897       5.613395490620954E-013
   783.704380840063       5.640258767848627E-013
   783.777813792229       5.667323706680383E-013
   783.851246744394       5.694589222914048E-013
   783.924679696560       5.722056400751796E-013
   783.998112648726       5.749724155991454E-013
   784.071545600891       5.777593572835193E-013
   784.144978553057       5.805663567080843E-013
   784.218411505222       5.833935222930575E-013
   784.291844457388       5.862407998283303E-013
   784.365277409554       5.891081351037941E-013
   784.438710361719       5.919956365396661E-013
   784.512143313885       5.949031957157291E-013
   784.585576266050       5.978323847251332E-013
   784.659009218216       6.007845588205940E-013
   784.732442170382       6.037597180021115E-013
   784.805875122547       6.067578622696856E-013
   784.879308074713       6.097789916233165E-013
   784.952741026878       6.128231602731127E-013
   785.026173979044       6.158902597988569E-013
   785.099606931210       6.189803444106579E-013
   785.173039883375       6.220934683186241E-013
   785.246472835541       6.252295231025384E-013
   785.319905787706       6.283886171826181E-013
   785.393338739872       6.315706421386458E-013
   785.466771692038       6.347757063908388E-013
   785.540204644203       6.380039725695230E-013
   785.613637596369       6.412580427599124E-013
   785.687070548534       6.445385132732018E-013
   785.760503500700       6.478453841093912E-013
   785.833936452866       6.511786552684806E-013
   785.907369405031       6.545383267504701E-013
   785.980802357197       6.579243443452509E-013
   786.054235309362       6.613367622629318E-013
   786.127668261528       6.647755805035127E-013
   786.201101213694       6.682407990669936E-013
   786.274534165859       6.717323637432659E-013
   786.347967118025       6.752503829525469E-013
   786.421400070190       6.787947482746193E-013
   786.494833022356       6.823655139195917E-013
   786.568265974522       6.859639809300710E-013
   786.641698926687       6.895928056013800E-013
   786.715131878853       6.932520963537359E-013
   786.788564831018       6.969418531871385E-013
   786.861997783184       7.006620218914794E-013
   786.935430735350       7.044127108869758E-013
   787.008863687515       7.081938117534103E-013
   787.082296639681       7.120053787008918E-013
   787.155729591846       7.158474117294200E-013
   787.229162544012       7.197199108389951E-013
   787.302595496178       7.236228218195084E-013
   787.376028448343       7.275562530911772E-013
   787.449461400509       7.315200962337842E-013
   787.522894352674       7.355144054574381E-013
   787.596327304840       7.395424333686562E-013
   787.669760257006       7.436057520605888E-013
   787.743193209171       7.477044157433443E-013
   787.816626161337       7.518384786270316E-013
   787.890059113503       7.560078865015418E-013
   787.963492065668       7.602126393668751E-013
   788.036925017834       7.644527372230314E-013
   788.110357969999       7.687281800700108E-013
   788.183790922165       7.730389679078131E-013
   788.257223874331       7.773851007364385E-013
   788.330656826496       7.817666327659956E-013
   788.404089778662       7.861834555762670E-013
   788.477522730827       7.906356775874701E-013
   788.550955682993       7.951237866905825E-013
   788.624388635159       7.996526617953803E-013
   788.697821587324       8.042227907928412E-013
   788.771254539490       8.088341736829652E-013
   788.844687491655       8.134868104657522E-013
   788.918120443821       8.181807011412023E-013
   788.991553395987       8.229158457093155E-013
   789.064986348152       8.276921899599832E-013
   789.138419300318       8.325097881033139E-013
   789.211852252483       8.373686943494163E-013
   789.285285204649       8.422688002780732E-013
   789.358718156815       8.472101058892845E-013
   789.432151108980       8.521927196032675E-013
   789.505584061146       8.572165329998049E-013
   789.579017013311       8.622844734247626E-013
   789.652449965477       8.674008776868303E-013
   789.725882917643       8.725656373657908E-013
   789.799315869808       8.777789150919701E-013
   789.872748821974       8.830406024451509E-013
   789.946181774139       8.883506994253332E-013
   790.019614726305       8.937092602426255E-013
   790.093047678471       8.991162306869194E-013
   790.166480630636       9.045716649683233E-013
   790.239913582802       9.100755088767287E-013
   790.313346534967       9.156278166222442E-013
   790.386779487133       9.212285882048699E-013
   790.460212439299       9.268777152043883E-013
   790.533645391464       9.325754144612342E-013
   790.607078343630       9.383282996086595E-013
   790.680511295795       9.441383222105748E-013
   790.753944247961       9.500056991074146E-013
   790.827377200127       9.559303218789617E-013
   790.900810152292       9.619120821049987E-013
   790.974243104458       9.679511966259602E-013
   791.047676056623       9.740475570216289E-013
   791.121109008789       9.802011632920049E-013
   791.194541960955       9.864119070168709E-013
   791.267974913120       9.926800050366613E-013
   791.341407865286       9.990053489311590E-013
   791.414840817451       1.005387830280147E-012
   791.488273769617       1.011827665924059E-012
   791.561706721783       1.018326807426806E-012
   791.635139673948       1.024893711565333E-012
   791.708572626114       1.031528703600293E-012
   791.782005578279       1.038232000372119E-012
   791.855438530445       1.045003385040377E-012
   791.928871482611       1.051842857605068E-012
   792.002304434776       1.058750634906624E-012
   792.075737386942       1.065726500104613E-012
   792.149170339108       1.072770561619252E-012
   792.222603291273       1.079882819450539E-012
   792.296036243439       1.087063165178259E-012
   792.369469195604       1.094311815642846E-012
   792.442902147770       1.101628554003864E-012
   792.516335099936       1.109013163420880E-012
   792.589768052101       1.116473341729318E-012
   792.663201004267       1.124015377301779E-012
   792.736633956432       1.131639270138263E-012
   792.810066908598       1.139345020238769E-012
   792.883499860764       1.147132519183081E-012
   792.956932812929       1.155001766971198E-012
   793.030365765095       1.162952980443555E-012
   793.103798717260       1.170985942759717E-012
   793.177231669426       1.179100653919685E-012
   793.250664621592       1.187297330763892E-012
   793.324097573757       1.195575756451905E-012
   793.397530525923       1.203935930983724E-012
   793.470963478088       1.212377962779565E-012
   793.544396430254       1.220902936041601E-012
   793.617829382420       1.229524186456554E-012
   793.691262334585       1.238244424529855E-012
   793.764695286751       1.247063758681721E-012
   793.838128238916       1.255982188912153E-012
   793.911561191082       1.264999715221149E-012
   793.984994143248       1.274116229188493E-012
   794.058427095413       1.283331947654620E-012
   794.131860047579       1.292646545358878E-012
   794.205292999744       1.302060347561917E-012
   794.278725951910       1.311573245843523E-012
   794.352158904076       1.321185131783476E-012
   794.425591856241       1.330896113801994E-012
   794.499024808407       1.340706083478860E-012
   794.572457760572       1.350621112346240E-012
   794.645890712738       1.360657246596286E-012
   794.719323664904       1.370814594649217E-012
   794.792756617069       1.381092939664597E-012
   794.866189569235       1.391492498482860E-012
   794.939622521400       1.402013162683791E-012
   795.013055473566       1.412654932267388E-012
   795.086488425732       1.423417807233651E-012
   795.159921377897       1.434301787582581E-012
   795.233354330063       1.445306981734396E-012
   795.306787282228       1.456433172848659E-012
   795.380220234394       1.467680577765806E-012
   795.453653186560       1.479049088065620E-012
   795.527086138725       1.490537944806580E-012
   795.600519090891       1.502166880468225E-012
   795.673952043056       1.513945436029673E-012
   795.747384995222       1.525873611490924E-012
   795.820817947388       1.537951515272196E-012
   795.894250899553       1.550179038953270E-012
   795.967683851719       1.562556290954364E-012
   796.041116803885       1.575083162855262E-012
   796.114549756050       1.587759654655962E-012
   796.187982708216       1.600585766356466E-012
   796.261415660381       1.613561606376990E-012
   796.334848612547       1.626687066297317E-012
   796.408281564713       1.639962146117446E-012
   796.481714516878       1.653386845837379E-012
   796.555147469044       1.666964960164719E-012
   796.628580421209       1.680726738340077E-012
   796.702013373375       1.694675649810407E-012
   796.775446325541       1.708811586155490E-012
   796.848879277706       1.723134655795544E-012
   796.922312229872       1.737644858730569E-012
   796.995745182037       1.752342194960566E-012
   797.069178134203       1.767226556065316E-012
   797.142611086369       1.782298050465037E-012
   797.216044038534       1.797556678159729E-012
   797.289476990700       1.813002330729174E-012
   797.362909942865       1.828635116593591E-012
   797.436342895031       1.844455144173196E-012
   797.509775847197       1.860461004005165E-012
   797.583208799362       1.876674163292513E-012
   797.656641751528       1.893124546015201E-012
   797.730074703693       1.909811718492360E-012
   797.803507655859       1.926735897564424E-012
   797.876940608025       1.943897083231394E-012
   797.950373560190       1.961295275493269E-012
   798.023806512356       1.978930474350049E-012
   798.097239464521       1.996802896642169E-012
   798.170672416687       2.014912108688760E-012
   798.244105368853       2.033258327330256E-012
   798.317538321018       2.051841552566658E-012
   798.390971273184       2.070661784397965E-012
   798.464404225349       2.089719239664611E-012
   798.537837177515       2.109013051004860E-012
   798.611270129681       2.128595260122990E-012
   798.684703081846       2.148482346892022E-012
   798.758136034012       2.168674094471523E-012
   798.831568986177       2.189170936542362E-012
   798.905001938343       2.209972222583234E-012
   798.978434890509       2.231078603115444E-012
   799.051867842674       2.252489644458122E-012
   799.125300794840       2.274205563451703E-012
   799.198733747005       2.296226143255753E-012
   799.272166699171       2.318551600710705E-012
   799.345599651337       2.341181935816561E-012
   799.419032603502       2.364117148573319E-012
   799.492465555668       2.387357022140546E-012
   799.565898507833       2.410915217465615E-012
   799.639331459999       2.434869146583640E-012
   799.712764412165       2.459221628420272E-012
   799.786197364330       2.483972662975509E-012
   799.859630316496       2.509122250249352E-012
   799.933063268661       2.534670607082234E-012
   800.006496220827       2.560617516633723E-012
   800.079929172993       2.586962978903817E-012
   800.153362125158       2.613706993892517E-012
   800.226795077324       2.640849778440257E-012
   800.300228029490       2.668391115706603E-012
   800.373660981655       2.696331005691555E-012
   800.447093933821       2.724669448395112E-012
   800.520526885986       2.753400589125543E-012
   800.593959838152       2.782599671513619E-012
   800.667392790318       2.812330012966213E-012
   800.740825742483       2.842592047164194E-012
   800.814258694649       2.873385557267127E-012
   800.887691646814       2.904710543275013E-012
   800.961124598980       2.936567222028286E-012
   801.034557551146       2.968955159846076E-012
   801.107990503311       3.001874573568819E-012
   801.181423455477       3.035325463196514E-012
   801.254856407642       3.069307828729162E-012
   801.328289359808       3.103821887007197E-012
   801.401722311974       3.138867204349749E-012
   801.475155264139       3.174443997597254E-012
   801.548588216305       3.210553134111449E-012
   801.622021168470       3.247354425292559E-012
   801.695454120636       3.284880397205758E-012
   801.768887072802       3.323130833010612E-012
   801.842320024967       3.362106166387990E-012
   801.915752977133       3.401805963657023E-012
   801.989185929298       3.442230441658145E-012
   802.062618881464       3.483379383550922E-012
   802.136051833630       3.525253223016223E-012
   802.209484785795       3.567851743213613E-012
   802.282917737961       3.611174727302657E-012
   802.356350690126       3.655222392123791E-012
   802.429783642292       3.699994737677015E-012
   802.503216594458       3.745487427153638E-012
   802.576649546623       3.791763344279664E-012
   802.650082498789       3.839053640958268E-012
   802.723515450954       3.887358317189449E-012
   802.796948403120       3.936677372973207E-012
   802.870381355286       3.987010374628674E-012
   802.943814307451       4.038358189517588E-012
   803.017247259617       4.090719516597341E-012
   803.090680211782       4.144095656910540E-012
   803.164113163948       4.198485743095448E-012
   803.237546116114       4.253890208832933E-012
   803.310979068279       4.310309054122996E-012
   803.384412020445       4.367742278965636E-012
   803.457844972610       4.426189449679985E-012
   803.531277924776       4.485617606519998E-012
   803.604710876942       4.546334229221793E-012
   803.678143829107       4.608514958537313E-012
   803.751576781273       4.672159794466557E-012
   803.825009733438       4.737268737009526E-012
   803.898442685604       4.803841786166219E-012
   803.971875637770       4.871879375617505E-012
   804.045308589935       4.941380638001647E-012
   804.118741542101       5.012346006999513E-012
   804.192174494267       5.084775482611104E-012
   804.265607446432       5.158669498517288E-012
   804.339040398598       5.234027187356327E-012
   804.412473350763       5.310848982809091E-012
   804.485906302929       5.389134884875579E-012
   804.559339255095       5.468870582087115E-012
   804.632772207260       5.550726545067164E-012
   804.706205159426       5.634775198520847E-012
   804.779638111591       5.721017409809903E-012
   804.853071063757       5.809453178934332E-012
   804.926504015923       5.900082072213264E-012
   804.999936968088       5.992904523327569E-012
   805.073369920254       6.087920098596378E-012
   805.146802872419       6.185128798019690E-012
   805.220235824585       6.284531055278375E-012
   805.293668776751       6.386126436691564E-012
   805.367101728916       6.489915375940125E-012
   805.440534681082       6.595897439343190E-012
   805.513967633247       6.703982421280008E-012
   805.587400585413       6.814618747769119E-012
   805.660833537579       6.928695030911092E-012
   805.734266489744       7.046210403344189E-012
   805.807699441910       7.167165298749278E-012
   805.881132394075       7.291559717126361E-012
   805.954565346241       7.419393224794568E-012
   806.027998298407       7.550666689115637E-012
   806.101431250572       7.685379242727830E-012
   806.174864202738       7.823531752992885E-012
   806.248297154903       7.965123352549064E-012
   806.321730107069       8.110154041396367E-012
   806.395163059235       8.258624686896532E-012
   806.468596011400       8.410534421687821E-012
   806.542028963566       8.565558852480226E-012
   806.615461915731       8.725567143819113E-012
   806.688894867897       8.891286144840915E-012
   806.762327820063       9.062716722907371E-012
   806.835760772228       9.239858010656743E-012
   806.909193724394       9.422711742812506E-012
   806.982626676559       9.611276184651185E-012
   807.056059628725       9.805551336172780E-012
   807.129492580891       1.000553893210077E-011
   807.202925533056       1.021123723771167E-011
   807.276358485222       1.042264712036722E-011
   807.349791437387       1.063976858006743E-011
   807.423224389553       1.086260074945056E-011
   807.496657341719       1.109114449587834E-011
   807.570090293884       1.132481608490110E-011
   807.643523246050       1.156856988676624E-011
   807.716956198215       1.182253774045794E-011
   807.790389150381       1.208671877861445E-011
   807.863822102547       1.236111300123577E-011
   807.937255054712       1.264572040832190E-011
   808.010688006878       1.294054186723459E-011
   808.084120959044       1.324557651061209E-011
   808.157553911209       1.356082433845440E-011
   808.230986863375       1.388628535076153E-011
   808.304419815540       1.422196041489521E-011
   808.377852767706       1.456784866349370E-011
   808.451285719872       1.492394922919527E-011
   808.524718672037       1.528842850928580E-011
   808.598151624203       1.566616107673280E-011
   808.671584576368       1.606407021292888E-011
   808.745017528534       1.648215591787405E-011
   808.818450480700       1.692042166101526E-011
   808.891883432865       1.737886397290556E-011
   808.965316385031       1.785748458826841E-011
   809.038749337196       1.835628350710383E-011
   809.112182289362       1.887525899468834E-011
   809.185615241528       1.941441452046888E-011
   809.259048193693       1.997374661499851E-011
   809.332481145859       2.055325527827723E-011
   809.405914098024       2.115294397975198E-011
   809.479347050190       2.177280924997582E-011
   809.552780002356       2.240359286975746E-011
   809.626212954521       2.307305561888295E-011
   809.699645906687       2.378843823314103E-011
   809.773078858852       2.454973897780821E-011
   809.846511811018       2.535695958760797E-011
   809.919944763184       2.621009832781684E-011
   809.993377715349       2.710915693315830E-011
   810.066810667515       2.805413540363233E-011
   810.140243619680       2.904503373923895E-011
   810.213676571846       3.008185020525467E-011
   810.287109524012       3.116458480167950E-011
   810.360542476177       3.229324099796038E-011
   810.433975428343       3.346781532465037E-011
   810.507408380508       3.467963069492264E-011
   810.580841332674       3.590622243976327E-011
   810.654274284840       3.726264782843991E-011
   810.727707237005       3.874890339150561E-011
   810.801140189171       4.036499259840731E-011
   810.874573141336       4.211091891859198E-011
   810.948006093502       4.398667541316570E-011
   811.021439045668       4.599226555157543E-011
   811.094871997833       4.812768239492726E-011
   811.168304949999       5.039293982100901E-011
   811.241737902164       5.278803089092676E-011
   811.315170854330       5.531294866578662E-011
   811.388603806496       5.796770702337639E-011
   811.462036758661       6.075229208590827E-011
   811.535469710827       6.343284925103276E-011
   811.608902662992       6.629417848014185E-011
   811.682335615158       6.969158583558510E-011
   811.755768567324       7.362508519515032E-011
   811.829201519489       7.809466961994360E-011
   811.902634471655       8.310033910996495E-011
   811.976067423820       8.864209366521436E-011
   812.049500375986       9.471992634679793E-011
   812.122933328152       1.013338579713974E-010
   812.196366280317       1.084838607834371E-010
   812.269799232483       1.161699555995988E-010
   812.343232184649       1.243921354809885E-010
   812.416665136814       1.331504073665002E-010
   812.490098088980       1.424447504394522E-010
   812.563531041145       1.537212579449942E-010
   812.636963993311       1.666112803277997E-010
   812.710396945477       1.811932964779217E-010
   812.783829897642       1.977768365746257E-010
   812.857262849808       2.167457463508882E-010
   812.930695801973       2.385804054316765E-010
   813.004128754139       2.638885776562461E-010
   813.077561706305       2.934479048644079E-010
   813.150994658470       3.282669414073069E-010
   813.224427610636       3.696713490874970E-010
   813.297860562801       4.194330716078554E-010
   813.371293514967       4.799621811102384E-010
   813.444726467133       5.546048620352906E-010
   813.518159419298       6.481153391746375E-010
   813.591592371464       7.674327284767912E-010
   813.665025323629       9.230046171815331E-010
   813.738458275795       1.131155058509137E-009
   813.811891227961       1.418545614306765E-009
   813.885324180126       1.831153229048255E-009
   813.958757132292       2.453856229323037E-009
   814.032190084457       3.457798714023852E-009
   814.105623036623       5.231703070762705E-009
   814.179055988789       8.822646613282359E-009
   814.252488940954       1.791837433984256E-008
   814.325921893120       5.395271784891520E-008
   814.399354845285       6.504012048935692E-007
   814.472787797451       2.095056856887823E-007
   814.546220749617       3.536324300057458E-008
   814.619653701782       1.387962189625114E-008
   814.693086653948       7.348617270253044E-009
   814.766519606113       4.537750175614974E-009
   814.839952558279       3.077601284928733E-009
   814.913385510445       2.223482953311873E-009
   814.986818462610       1.681173977807759E-009
   815.060251414776       1.315509812194193E-009
   815.133684366941       1.057348208988174E-009
   815.207117319107       8.683388452723761E-010
   815.280550271273       7.258222356476551E-010
   815.353983223438       6.157133136674986E-010
   815.427416175604       5.288826598892626E-010
   815.500849127769       4.593797009455614E-010
   815.574282079935       4.136608278137999E-010
   815.647715032101       3.712793128496372E-010
   815.721147984266       3.322351838086490E-010
   815.794580936432       2.965284129352597E-010
   815.868013888597       2.641590279850448E-010
   815.941446840763       2.351269734468531E-010
   816.014879792929       2.094323325874115E-010
   816.088312745094       1.870750221399931E-010
   816.161745697260       1.680551253713247E-010
   816.235178649426       1.523725590146796E-010
   816.308611601591       1.400273508256333E-010
   816.382044553757       1.310195285597615E-010
   816.455477505922       1.253490922170641E-010
   816.528910458088       1.205054250830173E-010
   816.602343410254       1.130978435903707E-010
   816.675776362419       1.061074422770147E-010
   816.749209314585       9.953421420405562E-011
   816.822642266750       9.337818018817501E-011
   816.896075218916       8.763932635158511E-011
   816.969508171082       8.231765269428593E-011
   817.042941123247       7.741315921627745E-011
   817.116374075413       7.292584591755968E-011
   817.189807027578       6.885571973702653E-011
   817.263239979744       6.520277373578409E-011
   817.336672931910       6.196701485272627E-011
   817.410105884075       5.914842921006525E-011
   817.483538836241       5.674702374669494E-011
   817.556971788406       5.434356090128212E-011
   817.630404740572       5.196239272198255E-011
   817.703837692738       4.969009925748225E-011
   817.777270644903       4.752667703833424E-011
   817.850703597069       4.547212606453854E-011
   817.924136549234       4.352644633609515E-011
   817.997569501400       4.168964479189796E-011
   818.071002453566       3.996171449305308E-011
   818.144435405731       3.834265543956050E-011
   818.217868357897       3.683247110086718E-011
   818.291301310062       3.543115800752616E-011
   818.364734262228       3.413871962898440E-011
   818.438167214394       3.295515249579495E-011
   818.511600166559       3.186834823809548E-011
   818.585033118725       3.078598487249451E-011
   818.658466070890       2.974370402752946E-011
   818.731899023056       2.874150223375338E-011
   818.805331975222       2.777938122588974E-011
   818.878764927387       2.685734100393855E-011
   818.952197879553       2.597538156789980E-011
   819.025630831718       2.513350465249697E-011
   819.099063783884       2.433170678828311E-011
   819.172496736050       2.356998970998170E-011
   819.245929688215       2.284835515231620E-011
   819.319362640381       2.216679964583967E-011
   819.392795592546       2.152532492527559E-011
   819.466228544712       2.092393099062395E-011
   819.539661496878       2.034948251572466E-011
   819.613094449043       1.978697414251052E-011
   819.686527401209       1.924252597540477E-011
   819.759960353374       1.871613627968394E-011
   819.833393305540       1.820780852479498E-011
   819.906826257706       1.771753924129094E-011
   819.980259209871       1.724533016389529E-011
   820.053692162037       1.679117955788456E-011
   820.127125114202       1.635509089270570E-011
   820.200558066368       1.593706069891176E-011
   820.273991018534       1.553709071122622E-011
   820.347423970699       1.515518092964907E-011
   820.420856922865       1.479133135418031E-011
   820.494289875031       1.444554025009648E-011
   820.567722827196       1.410844791688293E-011
   820.641155779362       1.378020614284381E-011
   820.714588731527       1.346126335399767E-011
   820.788021683693       1.315162215242971E-011
   820.861454635859       1.285128080341646E-011
   820.934887588024       1.256023930695793E-011
   821.008320540190       1.227849853041585E-011
   821.081753492355       1.200605847379022E-011
   821.155186444521       1.174291913708103E-011
   821.228619396687       1.148907878556482E-011
   821.302052348852       1.124454002132680E-011
   821.375485301018       1.100930110964349E-011
   821.448918253183       1.078336205051489E-011
   821.522351205349       1.056580083841352E-011
   821.595784157515       1.035279847960702E-011
   821.669217109680       1.014506360863532E-011
   821.742650061846       9.942595358136685E-012
   821.816083014011       9.745393728111118E-012
   821.889515966177       9.553458718558616E-012
   821.962948918343       9.366790329479180E-012
   822.036381870508       9.185389428234547E-012
   822.109814822674       9.009254280101242E-012
   822.183247774839       8.838385752441003E-012
   822.256680727005       8.672784712615567E-012
   822.330113679171       8.512449425901458E-012
   822.403546631336       8.357380759660415E-012
   822.476979583502       8.207579581254176E-012
   822.550412535667       8.061812502291321E-012
   822.623845487833       7.919009198387172E-012
   822.697278439999       7.779408194019677E-012
   822.770711392164       7.643009489188834E-012
   822.844144344330       7.509813083894645E-012
   822.917577296495       7.379818978137109E-012
   822.991010248661       7.253026738235357E-012
   823.064443200827       7.129437231551128E-012
   823.137876152992       7.009049590722682E-012
   823.211309105158       6.891864683111759E-012
   823.284742057323       6.777881641356620E-012
   823.358175009489       6.667101332819003E-012
   823.431607961655       6.559522890137170E-012
   823.505040913820       6.455107715713782E-012
   823.578473865986       6.352747321247687E-012
   823.651906818151       6.252444742504970E-012
   823.725339770317       6.154199545804762E-012
   823.798772722483       6.058011731147062E-012
   823.872205674648       5.963882165893608E-012
   823.945638626814       5.871809549001794E-012
   824.019071578979       5.781794747833358E-012
   824.092504531145       5.693837762388299E-012
   824.165937483311       5.607938158985748E-012
   824.239370435476       5.524096371306575E-012
   824.312803387642       5.442311965669910E-012
   824.386236339808       5.362585375756623E-012
   824.459669291973       5.284915734204976E-012
   824.533102244139       5.209107884623920E-012
   824.606535196304       5.134626231140249E-012
   824.679968148470       5.061526718586062E-012
   824.753401100636       4.989808913280491E-012
   824.826834052801       4.919472815223536E-012
   824.900267004967       4.850518858096065E-012
   824.973699957132       4.782946608217209E-012
   825.047132909298       4.716756499267838E-012
   825.120565861464       4.651948097567082E-012
   825.193998813629       4.588521403114942E-012
   825.267431765795       4.526476849592287E-012
   825.340864717960       4.465814003318247E-012
   825.414297670126       4.406533297973692E-012
   825.487730622292       4.348634299877752E-012
   825.561163574457       4.291837718550795E-012
   825.634596526623       4.235981357347818E-012
   825.708029478788       4.181087333993139E-012
   825.781462430954       4.127155648486758E-012
   825.854895383120       4.074185867147806E-012
   825.928328335285       4.022178423657152E-012
   826.001761287451       3.971132884333928E-012
   826.075194239616       3.921049682859001E-012
   826.148627191782       3.871928819232373E-012
   826.222060143948       3.823769859773174E-012
   826.295493096113       3.776572804481404E-012
   826.368926048279       3.730338520718801E-012
   826.442359000444       3.685065707442758E-012
   826.515791952610       3.640729211162874E-012
   826.589224904776       3.597090941082071E-012
   826.662657856941       3.554143090944706E-012
   826.736090809107       3.511885660750780E-012
   826.809523761272       3.470318433659858E-012
   826.882956713438       3.429441843352810E-012
   826.956389665604       3.389255456148765E-012
   827.029822617769       3.349759488888160E-012
   827.103255569935       3.310953941570993E-012
   827.176688522100       3.272838597356831E-012
   827.250121474266       3.235413673086107E-012
   827.323554426432       3.198679385599257E-012
   827.396987378597       3.162635084374976E-012
   827.470420330763       3.127281419934569E-012
   827.543853282928       3.092550521222037E-012
   827.617286235094       3.058318138668414E-012
   827.690719187260       3.024593813252818E-012
   827.764152139425       2.991377978656118E-012
   827.837585091591       2.958670201197444E-012
   827.911018043756       2.926470697717232E-012
   827.984450995922       2.894779251375046E-012
   828.057883948088       2.863596295851756E-012
   828.131316900253       2.832921397466492E-012
   828.204749852419       2.802754773059690E-012
   828.278182804585       2.773096205790915E-012
   828.351615756750       2.743945912500600E-012
   828.425048708916       2.715303893188747E-012
   828.498481661081       2.687170147855356E-012
   828.571914613247       2.659446230943163E-012
   828.645347565413       2.632103953195686E-012
   828.718780517578       2.605144181974661E-012
   828.792213469744       2.578566700439655E-012
   828.865646421909       2.552371508590667E-012
   828.939079374075       2.526558606427698E-012
   829.012512326241       2.501128210791181E-012
   829.085945278406       2.476079888000249E-012
   829.159378230572       2.451414071735769E-012
   829.232811182737       2.427130545157308E-012
   829.306244134903       2.403229525105299E-012
   829.379677087069       2.379710794739309E-012
   829.453110039234       2.356574354059338E-012
   829.526542991400       2.333804807394535E-012
   829.599975943565       2.311330597401517E-012
   829.673408895731       2.289149555675940E-012
   829.746841847897       2.267261682217803E-012
   829.820274800062       2.245666977027105E-012
   829.893707752228       2.224365440103848E-012
   829.967140704393       2.203356854607597E-012
   830.040573656559       2.182641654219220E-012
   830.114006608725       2.162219405257848E-012
   830.187439560890       2.142090324563917E-012
   830.260872513056       2.122254412137425E-012
   830.334305465221       2.102711451137940E-012
   830.407738417387       2.083461875246329E-012
   830.481171369553       2.064505250781723E-012
   830.554604321718       2.045811003242859E-012
   830.628037273884       2.027342703436741E-012
   830.701470226049       2.009103170289017E-012
   830.774903178215       1.991092186959253E-012
   830.848336130381       1.973309536607015E-012
   830.921769082546       1.955755436072737E-012
   830.995202034712       1.938429885356419E-012
   831.068634986877       1.921332884458060E-012
   831.142067939043       1.904464216537227E-012
   831.215500891209       1.887824098434354E-012
   831.288933843374       1.871412530149441E-012
   831.362366795540       1.855229511682488E-012
   831.435799747705       1.839275043033495E-012
   831.509232699871       1.823547172638551E-012
   831.582665652037       1.808007411320534E-012
   831.656098604202       1.792648386504669E-012
   831.729531556368       1.777470098190959E-012
   831.802964508533       1.762472654799618E-012
   831.876397460699       1.747655947910431E-012
   831.949830412865       1.733019869103181E-012
   832.023263365030       1.718564635218300E-012
   832.096696317196       1.704290137835573E-012
   832.170129269361       1.690196376955000E-012
   832.243562221527       1.676283352576580E-012
   832.316995173693       1.662551064700313E-012
   832.390428125858       1.648999513326199E-012
   832.463861078024       1.635628698454239E-012
   832.537294030190       1.622429621206400E-012
   832.610726982355       1.609375501789023E-012
   832.684159934521       1.596466123361673E-012
   832.757592886686       1.583701702764784E-012
   832.831025838852       1.571082023157921E-012
   832.904458791018       1.558607301381520E-012
   832.977891743183       1.546277320595146E-012
   833.051324695349       1.534092189219016E-012
   833.124757647514       1.522051907253130E-012
   833.198190599680       1.510156474697488E-012
   833.271623551846       1.498405891552090E-012
   833.345056504011       1.486800049396719E-012
   833.418489456177       1.475339165071810E-012
   833.491922408342       1.464023130157144E-012
   833.565355360508       1.452835247939266E-012
   833.638788312674       1.441764351135799E-012
   833.712221264839       1.430810873427613E-012
   833.785654217005       1.419974814814706E-012
   833.859087169170       1.409256175297080E-012
   833.932520121336       1.398654954874734E-012
   834.005953073502       1.388171045127451E-012
   834.079386025667       1.377804662895665E-012
   834.152818977833       1.367555699759160E-012
   834.226251929998       1.357424047297717E-012
   834.299684882164       1.347409813931555E-012
   834.373117834330       1.337513108080890E-012
   834.446550786495       1.327733712905288E-012
   834.519983738661       1.318069568420621E-012
   834.593416690826       1.308504086333651E-012
   834.666849642992       1.299034772979379E-012
   834.740282595158       1.289661628357808E-012
   834.813715547323       1.280384760889153E-012
   834.887148499489       1.271203953732980E-012
   834.960581451654       1.262119315309507E-012
   835.034014403820       1.253130845618733E-012
   835.107447355986       1.244238653080876E-012
   835.180880308151       1.235442520855501E-012
   835.254313260317       1.226742665783043E-012
   835.327746212482       1.218138871023067E-012
   835.401179164648       1.209631353416007E-012
   835.474612116814       1.201220004541648E-012
   835.548045068979       1.192899078128473E-012
   835.621478021145       1.184657515314325E-012
   835.694910973310       1.176495424519419E-012
   835.768343925476       1.168413022584192E-012
   835.841776877642       1.160410092668207E-012
   835.915209829807       1.152486634771466E-012
   835.988642781973       1.144642865734402E-012
   836.062075734138       1.136878568716582E-012
   836.135508686304       1.129193852138222E-012
   836.208941638470       1.121588715999322E-012
   836.282374590635       1.114063051879666E-012
   836.355807542801       1.106616968199470E-012
   836.429240494967       1.099250464958734E-012
   836.502673447132       1.091963433737242E-012
   836.576106399298       1.084746441976092E-012
   836.649539351463       1.077595803387899E-012
   836.722972303629       1.070511517972661E-012
   836.796405255795       1.063493477310162E-012
   836.869838207960       1.056541898240837E-012
   836.943271160126       1.049656563924251E-012
   837.016704112291       1.042837582780620E-012
   837.090137064457       1.036084954809946E-012
   837.163570016623       1.029398680012228E-012
   837.237002968788       1.022778758387466E-012
   837.310435920954       1.016225081515443E-012
   837.383868873119       1.009737866236593E-012
   837.457301825285       1.003316895710482E-012
   837.530734777451       9.969606520540686E-013
   837.604167729616       9.906608953308416E-013
   837.677600681782       9.844168665992803E-013
   837.751033633947       9.782286742796020E-013
   837.824466586113       9.720962099515895E-013
   837.897899538279       9.660195820354600E-013
   837.971332490444       9.599987905312135E-013
   838.044765442610       9.540337270186328E-013
   838.118198394775       9.481244999179350E-013
   838.191631346941       9.422710008089030E-013
   838.265064299107       9.364733381117540E-013
   838.338497251272       9.307315118264881E-013
   838.411930203438       9.250454135328878E-013
   838.485363155603       9.194150432309534E-013
   838.558796107769       9.138364977928637E-013
   838.632229059935       9.083050067290599E-013
   838.705662012100       9.028208410900851E-013
   838.779094964266       8.973839466658307E-013
   838.852527916431       8.919942692461880E-013
   838.925960868597       8.866518630412656E-013
   838.999393820763       8.813566738409551E-013
   839.072826772928       8.761087558553649E-013
   839.146259725094       8.709080548743864E-013
   839.219692677259       8.657546251081283E-013
   839.293125629425       8.606484123464819E-013
   839.366558581591       8.555894707995559E-013
   839.439991533756       8.505778004673503E-013
   839.513424485922       8.456131302993219E-013
   839.586857438087       8.406900392846084E-013
   839.660290390253       8.358071721704941E-013
   839.733723342419       8.309645831670875E-013
   839.807156294584       8.261623264844975E-013
   839.880589246750       8.214002937025067E-013
   839.954022198915       8.166785390312237E-013
   840.027455151081       8.119970082605399E-013
   840.100888103247       8.073558098106726E-013
   840.174321055412       8.027548894715131E-013
   840.247754007578       7.981941930329528E-013
   840.321186959743       7.936738289152090E-013
   840.394619911909       7.891936886980644E-013
   840.468052864075       7.847538265916276E-013
   840.541485816240       7.803527789229658E-013
   840.614918768406       7.759864257238236E-013
   840.688351720572       7.716546585739836E-013
   840.761784672737       7.673573690532287E-013
   840.835217624903       7.630946655817761E-013
   840.908650577068       7.588665481596257E-013
   840.982083529234       7.546729083665604E-013
   841.055516481400       7.505139088329060E-013
   841.128949433565       7.463893869283367E-013
   841.202382385731       7.422994510730696E-013
   841.275815337896       7.382440470569962E-013
   841.349248290062       7.342232290902251E-013
   841.422681242228       7.302368887525390E-013
   841.496114194393       7.262851886742638E-013
   841.569547146559       7.223652557196425E-013
   841.642980098724       7.184749756944386E-013
   841.716413050890       7.146145112289781E-013
   841.789846003056       7.107838623232610E-013
   841.863278955221       7.069829747671785E-013
   841.936711907387       7.032118485607308E-013
   842.010144859552       6.994705921241351E-013
   842.083577811718       6.957590970371741E-013
   842.157010763884       6.920773632998478E-013
   842.230443716049       6.884254451222649E-013
   842.303876668215       6.848033425044253E-013
   842.377309620380       6.812110554463291E-013
   842.450742572546       6.776485297378676E-013
   842.524175524712       6.741153316981718E-013
   842.597608476877       6.706085339813761E-013
   842.671041429043       6.671275944863941E-013
   842.744474381208       6.636724590031173E-013
   842.817907333374       6.602431817416543E-013
   842.891340285540       6.568397627020051E-013
   842.964773237705       6.534622018841696E-013
   843.038206189871       6.501104450780393E-013
   843.111639142036       6.467845464937227E-013
   843.185072094202       6.434844519211114E-013
   843.258505046368       6.402102155703138E-013
   843.331937998533       6.369618374413299E-013
   843.405370950699       6.337392633240513E-013
   843.478803902864       6.305426016386950E-013
   843.552236855030       6.273706055527628E-013
   843.625669807196       6.242211066619097E-013
   843.699102759361       6.210940507560270E-013
   843.772535711527       6.179895462553320E-013
   843.845968663692       6.149075931598247E-013
   843.919401615858       6.118481372593965E-013
   843.992834568024       6.088112327641559E-013
   844.066267520189       6.057968254639945E-013
   844.139700472355       6.028049153589121E-013
   844.213133424520       5.998355566590174E-013
   844.286566376686       5.968886951542018E-013
   844.359999328852       5.939643850545739E-013
   844.433432281017       5.910625721500251E-013
   844.506865233183       5.881832022304467E-013
   844.580298185349       5.853243237319283E-013
   844.653731137514       5.824851777129492E-013
   844.727164089680       5.796657099634006E-013
   844.800597041845       5.768660289034999E-013
   844.874029994011       5.740860261130298E-013
   844.947462946177       5.713257558020990E-013
   845.020895898342       5.685851637605988E-013
   845.094328850508       5.658643584087464E-013
   845.167761802673       5.631632313263246E-013
   845.241194754839       5.604818367234421E-013
   845.314627707005       5.578201746000988E-013
   845.388060659170       5.551781907461861E-013
   845.461493611336       5.525559393718127E-013
   845.534926563501       5.499529867961095E-013
   845.608359515667       5.473674356652747E-013
   845.681792467833       5.447992859793083E-013
   845.755225419998       5.422484293179930E-013
   845.828658372164       5.397148656813289E-013
   845.902091324329       5.371987034895331E-013
   845.975524276495       5.346998343223885E-013
   846.048957228661       5.322183666001123E-013
   846.122390180826       5.297541919024873E-013
   846.195823132992       5.273073102295134E-013
   846.269256085157       5.248778300014079E-013
   846.342689037323       5.224656427979535E-013
   846.416121989489       5.200708028292589E-013
   846.489554941654       5.176933100953240E-013
   846.562987893820       5.153321346040851E-013
   846.636420845985       5.129863005735869E-013
   846.709853798151       5.106556995836120E-013
   846.783286750317       5.083404400543778E-013
   846.856719702482       5.060404677757757E-013
   846.930152654648       5.037558369579143E-013
   847.003585606813       5.014864391805762E-013
   847.077018558979       4.992323828639789E-013
   847.150451511145       4.969935595879049E-013
   847.223884463310       4.947700777725716E-013
   847.297317415476       4.925618832078704E-013
   847.370750367641       4.903689758938012E-013
   847.444183319807       4.881913558303641E-013
   847.517616271973       4.860289145973418E-013
   847.591049224138       4.838804053622359E-013
   847.664482176304       4.817454486542860E-013
   847.737915128469       4.796239902633836E-013
   847.811348080635       4.775161386097460E-013
   847.884781032801       4.754218394832643E-013
   847.958213984966       4.733411470940474E-013
   848.031646937132       4.712739530218779E-013
   848.105079889297       4.692203114768645E-013
   848.178512841463       4.671802224590071E-013
   848.251945793629       4.651537401784145E-013
   848.325378745794       4.631407562148693E-013
   848.398811697960       4.611413789885888E-013
   848.472244650126       4.591555542894643E-013
   848.545677602291       4.751395674476577E-013
   848.619110554457       4.944784815982817E-013
   848.692543506622       5.044975396641116E-013
   848.765976458788       5.051967416451475E-013
   848.839409410954       4.965760333312808E-013
   848.912842363119       4.786354689326200E-013
   848.986275315285       4.513749942390566E-013
   849.059708267450       4.147946905657535E-013
   849.133141219616       3.688944494924934E-013
   849.206574171782       3.136743252293850E-013
   849.280007123947       2.491344261966455E-013
   849.353440076113       1.752745897639491E-013
   849.426873028278       9.209481593129565E-014
   849.500305980444       0.000000000000000E+000
   849.573738932610       0.000000000000000E+000
   849.647171884775       0.000000000000000E+000
   849.720604836941       0.000000000000000E+000
   849.794037789106       0.000000000000000E+000
   849.867470741272       0.000000000000000E+000
   849.940903693438       0.000000000000000E+000
   850.014336645603       0.000000000000000E+000
   850.087769597769       0.000000000000000E+000
   850.161202549934       0.000000000000000E+000
   850.234635502100       0.000000000000000E+000
   850.308068454266       0.000000000000000E+000
   850.381501406431       0.000000000000000E+000
   850.454934358597       0.000000000000000E+000
   850.528367310762       0.000000000000000E+000
   850.601800262928       0.000000000000000E+000
   850.675233215094       0.000000000000000E+000
   850.748666167259       0.000000000000000E+000
   850.822099119425       0.000000000000000E+000
   850.895532071590       0.000000000000000E+000
   850.968965023756       0.000000000000000E+000
   851.042397975922       0.000000000000000E+000
   851.115830928087       0.000000000000000E+000
   851.189263880253       0.000000000000000E+000
   851.262696832418       0.000000000000000E+000
   851.336129784584       0.000000000000000E+000
   851.409562736750       0.000000000000000E+000
   851.482995688915       0.000000000000000E+000
   851.556428641081       0.000000000000000E+000
   851.629861593246       0.000000000000000E+000
   851.703294545412       0.000000000000000E+000
   851.776727497578       0.000000000000000E+000
   851.850160449743       0.000000000000000E+000
   851.923593401909       0.000000000000000E+000
   851.997026354074       0.000000000000000E+000
   852.070459306240       0.000000000000000E+000
   852.143892258406       0.000000000000000E+000
   852.217325210571       0.000000000000000E+000
   852.290758162737       0.000000000000000E+000
   852.364191114902       0.000000000000000E+000
   852.437624067068       0.000000000000000E+000
   852.511057019234       0.000000000000000E+000
   852.584489971399       0.000000000000000E+000
   852.657922923565       0.000000000000000E+000
   852.731355875731       0.000000000000000E+000
   852.804788827896       0.000000000000000E+000
   852.878221780062       0.000000000000000E+000
   852.951654732227       0.000000000000000E+000
   853.025087684393       0.000000000000000E+000
   853.098520636559       0.000000000000000E+000
   853.171953588724       0.000000000000000E+000
   853.245386540890       0.000000000000000E+000
   853.318819493055       0.000000000000000E+000
   853.392252445221       0.000000000000000E+000
   853.465685397387       0.000000000000000E+000
   853.539118349552       0.000000000000000E+000
   853.612551301718       0.000000000000000E+000
   853.685984253883       0.000000000000000E+000
   853.759417206049       0.000000000000000E+000
   853.832850158215       0.000000000000000E+000
   853.906283110380       0.000000000000000E+000
   853.979716062546       0.000000000000000E+000
   854.053149014711       0.000000000000000E+000
   854.126581966877       0.000000000000000E+000
   854.200014919043       0.000000000000000E+000
   854.273447871208       0.000000000000000E+000
   854.346880823374       0.000000000000000E+000
   854.420313775539       0.000000000000000E+000
   854.493746727705       0.000000000000000E+000
   854.567179679871       0.000000000000000E+000
   854.640612632036       0.000000000000000E+000
   854.714045584202       0.000000000000000E+000
   854.787478536367       0.000000000000000E+000
   854.860911488533       0.000000000000000E+000
   854.934344440699       0.000000000000000E+000
   855.007777392864       0.000000000000000E+000
   855.081210345030       0.000000000000000E+000
   855.154643297195       0.000000000000000E+000
   855.228076249361       0.000000000000000E+000
   855.301509201527       0.000000000000000E+000
   855.374942153692       0.000000000000000E+000
   855.448375105858       0.000000000000000E+000
   855.521808058023       0.000000000000000E+000
   855.595241010189       0.000000000000000E+000
   855.668673962355       0.000000000000000E+000
   855.742106914520       0.000000000000000E+000
   855.815539866686       0.000000000000000E+000
   855.888972818851       0.000000000000000E+000
   855.962405771017       0.000000000000000E+000
   856.035838723183       0.000000000000000E+000
   856.109271675348       0.000000000000000E+000
   856.182704627514       0.000000000000000E+000
   856.256137579679       0.000000000000000E+000
   856.329570531845       0.000000000000000E+000
   856.403003484011       0.000000000000000E+000
   856.476436436176       0.000000000000000E+000
   856.549869388342       0.000000000000000E+000
   856.623302340508       0.000000000000000E+000
   856.696735292673       0.000000000000000E+000
   856.770168244839       0.000000000000000E+000
   856.843601197004       0.000000000000000E+000
   856.917034149170       0.000000000000000E+000
   856.990467101336       0.000000000000000E+000
   857.063900053501       0.000000000000000E+000
   857.137333005667       0.000000000000000E+000
   857.210765957832       0.000000000000000E+000
   857.284198909998       0.000000000000000E+000
   857.357631862164       0.000000000000000E+000
   857.431064814329       0.000000000000000E+000
   857.504497766495       0.000000000000000E+000
   857.577930718660       0.000000000000000E+000
   857.651363670826       0.000000000000000E+000
   857.724796622992       0.000000000000000E+000
   857.798229575157       0.000000000000000E+000
   857.871662527323       0.000000000000000E+000
   857.945095479488       0.000000000000000E+000
   858.018528431654       0.000000000000000E+000
   858.091961383820       0.000000000000000E+000
   858.165394335985       0.000000000000000E+000
   858.238827288151       0.000000000000000E+000
   858.312260240316       0.000000000000000E+000
   858.385693192482       0.000000000000000E+000
   858.459126144648       0.000000000000000E+000
   858.532559096813       0.000000000000000E+000
   858.605992048979       0.000000000000000E+000
   858.679425001144       0.000000000000000E+000
   858.752857953310       0.000000000000000E+000
   858.826290905476       0.000000000000000E+000
   858.899723857641       0.000000000000000E+000
   858.973156809807       0.000000000000000E+000
   859.046589761972       0.000000000000000E+000
   859.120022714138       0.000000000000000E+000
   859.193455666304       0.000000000000000E+000
   859.266888618469       0.000000000000000E+000
   859.340321570635       0.000000000000000E+000
   859.413754522800       0.000000000000000E+000
   859.487187474966       0.000000000000000E+000
   859.560620427132       0.000000000000000E+000
   859.634053379297       0.000000000000000E+000
   859.707486331463       0.000000000000000E+000
   859.780919283628       0.000000000000000E+000
   859.854352235794       0.000000000000000E+000
   859.927785187960       0.000000000000000E+000
   860.001218140125       0.000000000000000E+000
   860.074651092291       0.000000000000000E+000
   860.148084044456       0.000000000000000E+000
   860.221516996622       0.000000000000000E+000
   860.294949948788       0.000000000000000E+000
   860.368382900953       0.000000000000000E+000
   860.441815853119       0.000000000000000E+000
   860.515248805285       0.000000000000000E+000
   860.588681757450       0.000000000000000E+000
   860.662114709616       0.000000000000000E+000
   860.735547661781       0.000000000000000E+000
   860.808980613947       0.000000000000000E+000
   860.882413566113       0.000000000000000E+000
   860.955846518278       0.000000000000000E+000
   861.029279470444       0.000000000000000E+000
   861.102712422609       0.000000000000000E+000
   861.176145374775       0.000000000000000E+000
   861.249578326941       0.000000000000000E+000
   861.323011279106       0.000000000000000E+000
   861.396444231272       0.000000000000000E+000
   861.469877183437       0.000000000000000E+000
   861.543310135603       0.000000000000000E+000
   861.616743087769       0.000000000000000E+000
   861.690176039934       0.000000000000000E+000
   861.763608992100       0.000000000000000E+000
   861.837041944265       0.000000000000000E+000
   861.910474896431       0.000000000000000E+000
   861.983907848597       0.000000000000000E+000
   862.057340800762       0.000000000000000E+000
   862.130773752928       0.000000000000000E+000
   862.204206705093       0.000000000000000E+000
   862.277639657259       0.000000000000000E+000
   862.351072609425       0.000000000000000E+000
   862.424505561590       0.000000000000000E+000
   862.497938513756       0.000000000000000E+000
   862.571371465921       0.000000000000000E+000
   862.644804418087       0.000000000000000E+000
   862.718237370253       0.000000000000000E+000
   862.791670322418       0.000000000000000E+000
   862.865103274584       0.000000000000000E+000
   862.938536226749       0.000000000000000E+000
   863.011969178915       0.000000000000000E+000
   863.085402131081       0.000000000000000E+000
   863.158835083246       0.000000000000000E+000
   863.232268035412       0.000000000000000E+000
   863.305700987577       0.000000000000000E+000
   863.379133939743       0.000000000000000E+000
   863.452566891909       0.000000000000000E+000
   863.525999844074       0.000000000000000E+000
   863.599432796240       0.000000000000000E+000
   863.672865748405       0.000000000000000E+000
   863.746298700571       0.000000000000000E+000
   863.819731652737       0.000000000000000E+000
   863.893164604902       0.000000000000000E+000
   863.966597557068       0.000000000000000E+000
   864.040030509233       0.000000000000000E+000
   864.113463461399       0.000000000000000E+000
   864.186896413565       0.000000000000000E+000
   864.260329365730       0.000000000000000E+000
   864.333762317896       0.000000000000000E+000
   864.407195270061       0.000000000000000E+000
   864.480628222227       0.000000000000000E+000
   864.554061174393       0.000000000000000E+000
   864.627494126558       0.000000000000000E+000
   864.700927078724       0.000000000000000E+000
   864.774360030890       0.000000000000000E+000
   864.847792983055       0.000000000000000E+000
   864.921225935221       0.000000000000000E+000
   864.994658887386       0.000000000000000E+000
   865.068091839552       0.000000000000000E+000
   865.141524791718       0.000000000000000E+000
   865.214957743883       0.000000000000000E+000
   865.288390696049       0.000000000000000E+000
   865.361823648214       0.000000000000000E+000
   865.435256600380       0.000000000000000E+000
   865.508689552546       0.000000000000000E+000
   865.582122504711       0.000000000000000E+000
   865.655555456877       0.000000000000000E+000
   865.728988409042       0.000000000000000E+000
   865.802421361208       0.000000000000000E+000
   865.875854313374       0.000000000000000E+000
   865.949287265539       0.000000000000000E+000
   866.022720217705       0.000000000000000E+000
   866.096153169870       0.000000000000000E+000
   866.169586122036       0.000000000000000E+000
   866.243019074202       0.000000000000000E+000
   866.316452026367       0.000000000000000E+000
   866.389884978533       0.000000000000000E+000
   866.463317930698       0.000000000000000E+000
   866.536750882864       0.000000000000000E+000
   866.610183835030       0.000000000000000E+000
   866.683616787195       0.000000000000000E+000
   866.757049739361       0.000000000000000E+000
   866.830482691526       0.000000000000000E+000
   866.903915643692       0.000000000000000E+000
   866.977348595858       0.000000000000000E+000
   867.050781548023       0.000000000000000E+000
   867.124214500189       0.000000000000000E+000
   867.197647452354       0.000000000000000E+000
   867.271080404520       0.000000000000000E+000
   867.344513356686       0.000000000000000E+000
   867.417946308851       0.000000000000000E+000
   867.491379261017       0.000000000000000E+000
   867.564812213182       0.000000000000000E+000
   867.638245165348       0.000000000000000E+000
   867.711678117514       0.000000000000000E+000
   867.785111069679       0.000000000000000E+000
   867.858544021845       0.000000000000000E+000
   867.931976974010       0.000000000000000E+000
   868.005409926176       0.000000000000000E+000
   868.078842878342       0.000000000000000E+000
   868.152275830507       0.000000000000000E+000
   868.225708782673       0.000000000000000E+000
   868.299141734838       0.000000000000000E+000
   868.372574687004       0.000000000000000E+000
   868.446007639170       0.000000000000000E+000
   868.519440591335       0.000000000000000E+000
   868.592873543501       0.000000000000000E+000
   868.666306495667       0.000000000000000E+000
   868.739739447832       0.000000000000000E+000
   868.813172399998       0.000000000000000E+000
   868.886605352163       0.000000000000000E+000
   868.960038304329       0.000000000000000E+000
   869.033471256495       0.000000000000000E+000
   869.106904208660       0.000000000000000E+000
   869.180337160826       0.000000000000000E+000
   869.253770112991       0.000000000000000E+000
   869.327203065157       0.000000000000000E+000
   869.400636017323       0.000000000000000E+000
   869.474068969488       0.000000000000000E+000
   869.547501921654       0.000000000000000E+000
   869.620934873819       0.000000000000000E+000
   869.694367825985       0.000000000000000E+000
   869.767800778151       0.000000000000000E+000
   869.841233730316       0.000000000000000E+000
   869.914666682482       0.000000000000000E+000
   869.988099634647       0.000000000000000E+000
   870.061532586813       0.000000000000000E+000
   870.134965538979       0.000000000000000E+000
   870.208398491144       0.000000000000000E+000
   870.281831443310       0.000000000000000E+000
   870.355264395475       0.000000000000000E+000
   870.428697347641       0.000000000000000E+000
   870.502130299807       0.000000000000000E+000
   870.575563251972       0.000000000000000E+000
   870.648996204138       0.000000000000000E+000
   870.722429156303       0.000000000000000E+000
   870.795862108469       0.000000000000000E+000
   870.869295060635       0.000000000000000E+000
   870.942728012800       0.000000000000000E+000
   871.016160964966       0.000000000000000E+000
   871.089593917131       0.000000000000000E+000
   871.163026869297       0.000000000000000E+000
   871.236459821463       0.000000000000000E+000
   871.309892773628       0.000000000000000E+000
   871.383325725794       0.000000000000000E+000
   871.456758677959       0.000000000000000E+000
   871.530191630125       0.000000000000000E+000
   871.603624582291       0.000000000000000E+000
   871.677057534456       0.000000000000000E+000
   871.750490486622       0.000000000000000E+000
   871.823923438787       0.000000000000000E+000
   871.897356390953       0.000000000000000E+000
   871.970789343119       0.000000000000000E+000
   872.044222295284       0.000000000000000E+000
   872.117655247450       0.000000000000000E+000
   872.191088199615       0.000000000000000E+000
   872.264521151781       0.000000000000000E+000
   872.337954103947       0.000000000000000E+000
   872.411387056112       0.000000000000000E+000
   872.484820008278       0.000000000000000E+000
   872.558252960443       0.000000000000000E+000
   872.631685912609       0.000000000000000E+000
   872.705118864775       0.000000000000000E+000
   872.778551816940       0.000000000000000E+000
   872.851984769106       0.000000000000000E+000
   872.925417721272       0.000000000000000E+000
   872.998850673437       0.000000000000000E+000
   873.072283625603       0.000000000000000E+000
   873.145716577768       0.000000000000000E+000
   873.219149529934       0.000000000000000E+000
   873.292582482100       0.000000000000000E+000
   873.366015434265       0.000000000000000E+000
   873.439448386431       0.000000000000000E+000
