         530
   754.762023925781       0.000000000000000E+000
   754.835551328957       0.000000000000000E+000
   754.909078732133       0.000000000000000E+000
   754.982606135309       0.000000000000000E+000
   755.056133538485       0.000000000000000E+000
   755.129660941660       0.000000000000000E+000
   755.203188344836       0.000000000000000E+000
   755.276715748012       0.000000000000000E+000
   755.350243151188       0.000000000000000E+000
   755.423770554364       0.000000000000000E+000
   755.497297957540       0.000000000000000E+000
   755.570825360715       0.000000000000000E+000
   755.644352763891       0.000000000000000E+000
   755.717880167067       0.000000000000000E+000
   755.791407570243       0.000000000000000E+000
   755.864934973419       0.000000000000000E+000
   755.938462376595       0.000000000000000E+000
   756.011989779770       0.000000000000000E+000
   756.085517182946       0.000000000000000E+000
   756.159044586122       0.000000000000000E+000
   756.232571989298       0.000000000000000E+000
   756.306099392474       0.000000000000000E+000
   756.379626795650       0.000000000000000E+000
   756.453154198825       0.000000000000000E+000
   756.526681602001       0.000000000000000E+000
   756.600209005177       0.000000000000000E+000
   756.673736408353       0.000000000000000E+000
   756.747263811529       0.000000000000000E+000
   756.820791214705       0.000000000000000E+000
   756.894318617880       0.000000000000000E+000
   756.967846021056       0.000000000000000E+000
   757.041373424232       0.000000000000000E+000
   757.114900827408       0.000000000000000E+000
   757.188428230584       0.000000000000000E+000
   757.261955633759       0.000000000000000E+000
   757.335483036935       0.000000000000000E+000
   757.409010440111       0.000000000000000E+000
   757.482537843287       0.000000000000000E+000
   757.556065246463       0.000000000000000E+000
   757.629592649639       0.000000000000000E+000
   757.703120052814       0.000000000000000E+000
   757.776647455990       0.000000000000000E+000
   757.850174859166       0.000000000000000E+000
   757.923702262342       0.000000000000000E+000
   757.997229665518       0.000000000000000E+000
   758.070757068694       0.000000000000000E+000
   758.144284471869       0.000000000000000E+000
   758.217811875045       0.000000000000000E+000
   758.291339278221       0.000000000000000E+000
   758.364866681397       0.000000000000000E+000
   758.438394084573       0.000000000000000E+000
   758.511921487749       0.000000000000000E+000
   758.585448890924       0.000000000000000E+000
   758.658976294100       0.000000000000000E+000
   758.732503697276       0.000000000000000E+000
   758.806031100452       0.000000000000000E+000
   758.879558503628       0.000000000000000E+000
   758.953085906804       0.000000000000000E+000
   759.026613309979       0.000000000000000E+000
   759.100140713155       0.000000000000000E+000
   759.173668116331       0.000000000000000E+000
   759.247195519507       0.000000000000000E+000
   759.320722922683       0.000000000000000E+000
   759.394250325859       0.000000000000000E+000
   759.467777729034       0.000000000000000E+000
   759.541305132210       0.000000000000000E+000
   759.614832535386       0.000000000000000E+000
   759.688359938562       0.000000000000000E+000
   759.761887341738       0.000000000000000E+000
   759.835414744914       0.000000000000000E+000
   759.908942148089       0.000000000000000E+000
   759.982469551265       0.000000000000000E+000
   760.055996954441       0.000000000000000E+000
   760.129524357617       0.000000000000000E+000
   760.203051760793       0.000000000000000E+000
   760.276579163969       0.000000000000000E+000
   760.350106567144       0.000000000000000E+000
   760.423633970320       0.000000000000000E+000
   760.497161373496       0.000000000000000E+000
   760.570688776672       0.000000000000000E+000
   760.644216179848       0.000000000000000E+000
   760.717743583024       0.000000000000000E+000
   760.791270986199       0.000000000000000E+000
   760.864798389375       0.000000000000000E+000
   760.938325792551       0.000000000000000E+000
   761.011853195727       0.000000000000000E+000
   761.085380598903       0.000000000000000E+000
   761.158908002079       0.000000000000000E+000
   761.232435405254       0.000000000000000E+000
   761.305962808430       0.000000000000000E+000
   761.379490211606       0.000000000000000E+000
   761.453017614782       0.000000000000000E+000
   761.526545017958       0.000000000000000E+000
   761.600072421134       0.000000000000000E+000
   761.673599824309       0.000000000000000E+000
   761.747127227485       0.000000000000000E+000
   761.820654630661       0.000000000000000E+000
   761.894182033837       0.000000000000000E+000
   761.967709437013       0.000000000000000E+000
   762.041236840189       0.000000000000000E+000
   762.114764243364       0.000000000000000E+000
   762.188291646540       0.000000000000000E+000
   762.261819049716       0.000000000000000E+000
   762.335346452892       0.000000000000000E+000
   762.408873856068       0.000000000000000E+000
   762.482401259243       0.000000000000000E+000
   762.555928662419       0.000000000000000E+000
   762.629456065595       0.000000000000000E+000
   762.702983468771       0.000000000000000E+000
   762.776510871947       0.000000000000000E+000
   762.850038275123       0.000000000000000E+000
   762.923565678298       0.000000000000000E+000
   762.997093081474       0.000000000000000E+000
   763.070620484650       0.000000000000000E+000
   763.144147887826       0.000000000000000E+000
   763.217675291002       0.000000000000000E+000
   763.291202694178       0.000000000000000E+000
   763.364730097353       0.000000000000000E+000
   763.438257500529       0.000000000000000E+000
   763.511784903705       0.000000000000000E+000
   763.585312306881       0.000000000000000E+000
   763.658839710057       0.000000000000000E+000
   763.732367113233       0.000000000000000E+000
   763.805894516408       0.000000000000000E+000
   763.879421919584       0.000000000000000E+000
   763.952949322760       0.000000000000000E+000
   764.026476725936       0.000000000000000E+000
   764.100004129112       0.000000000000000E+000
   764.173531532288       0.000000000000000E+000
   764.247058935463       0.000000000000000E+000
   764.320586338639       0.000000000000000E+000
   764.394113741815       0.000000000000000E+000
   764.467641144991       0.000000000000000E+000
   764.541168548167       0.000000000000000E+000
   764.614695951343       0.000000000000000E+000
   764.688223354518       0.000000000000000E+000
   764.761750757694       0.000000000000000E+000
   764.835278160870       0.000000000000000E+000
   764.908805564046       0.000000000000000E+000
   764.982332967222       0.000000000000000E+000
   765.055860370398       0.000000000000000E+000
   765.129387773573       0.000000000000000E+000
   765.202915176749       0.000000000000000E+000
   765.276442579925       0.000000000000000E+000
   765.349969983101       0.000000000000000E+000
   765.423497386277       0.000000000000000E+000
   765.497024789453       0.000000000000000E+000
   765.570552192628       0.000000000000000E+000
   765.644079595804       0.000000000000000E+000
   765.717606998980       0.000000000000000E+000
   765.791134402156       0.000000000000000E+000
   765.864661805332       0.000000000000000E+000
   765.938189208508       0.000000000000000E+000
   766.011716611683       0.000000000000000E+000
   766.085244014859       0.000000000000000E+000
   766.158771418035       0.000000000000000E+000
   766.232298821211       0.000000000000000E+000
   766.305826224387       0.000000000000000E+000
   766.379353627563       0.000000000000000E+000
   766.452881030738       0.000000000000000E+000
   766.526408433914       0.000000000000000E+000
   766.599935837090       0.000000000000000E+000
   766.673463240266       0.000000000000000E+000
   766.746990643442       0.000000000000000E+000
   766.820518046618       0.000000000000000E+000
   766.894045449793       0.000000000000000E+000
   766.967572852969       0.000000000000000E+000
   767.041100256145       0.000000000000000E+000
   767.114627659321       0.000000000000000E+000
   767.188155062497       0.000000000000000E+000
   767.261682465672       0.000000000000000E+000
   767.335209868848       0.000000000000000E+000
   767.408737272024       0.000000000000000E+000
   767.482264675200       0.000000000000000E+000
   767.555792078376       0.000000000000000E+000
   767.629319481552       0.000000000000000E+000
   767.702846884727       0.000000000000000E+000
   767.776374287903       0.000000000000000E+000
   767.849901691079       0.000000000000000E+000
   767.923429094255       0.000000000000000E+000
   767.996956497431       0.000000000000000E+000
   768.070483900607       0.000000000000000E+000
   768.144011303782       0.000000000000000E+000
   768.217538706958       0.000000000000000E+000
   768.291066110134       0.000000000000000E+000
   768.364593513310       0.000000000000000E+000
   768.438120916486       0.000000000000000E+000
   768.511648319662       0.000000000000000E+000
   768.585175722837       0.000000000000000E+000
   768.658703126013       0.000000000000000E+000
   768.732230529189       0.000000000000000E+000
   768.805757932365       0.000000000000000E+000
   768.879285335541       0.000000000000000E+000
   768.952812738717       0.000000000000000E+000
   769.026340141892       0.000000000000000E+000
   769.099867545068       0.000000000000000E+000
   769.173394948244       0.000000000000000E+000
   769.246922351420       0.000000000000000E+000
   769.320449754596       0.000000000000000E+000
   769.393977157772       0.000000000000000E+000
   769.467504560947       0.000000000000000E+000
   769.541031964123       0.000000000000000E+000
   769.614559367299       0.000000000000000E+000
   769.688086770475       0.000000000000000E+000
   769.761614173651       0.000000000000000E+000
   769.835141576827       0.000000000000000E+000
   769.908668980002       0.000000000000000E+000
   769.982196383178       0.000000000000000E+000
   770.055723786354       0.000000000000000E+000
   770.129251189530       0.000000000000000E+000
   770.202778592706       0.000000000000000E+000
   770.276305995882       0.000000000000000E+000
   770.349833399057       0.000000000000000E+000
   770.423360802233       0.000000000000000E+000
   770.496888205409       0.000000000000000E+000
   770.570415608585       0.000000000000000E+000
   770.643943011761       0.000000000000000E+000
   770.717470414937       0.000000000000000E+000
   770.790997818112       0.000000000000000E+000
   770.864525221288       0.000000000000000E+000
   770.938052624464       0.000000000000000E+000
   771.011580027640       0.000000000000000E+000
   771.085107430816       0.000000000000000E+000
   771.158634833992       0.000000000000000E+000
   771.232162237167       0.000000000000000E+000
   771.305689640343       0.000000000000000E+000
   771.379217043519       0.000000000000000E+000
   771.452744446695       0.000000000000000E+000
   771.526271849871       0.000000000000000E+000
   771.599799253047       0.000000000000000E+000
   771.673326656222       0.000000000000000E+000
   771.746854059398       0.000000000000000E+000
   771.820381462574       0.000000000000000E+000
   771.893908865750       0.000000000000000E+000
   771.967436268926       0.000000000000000E+000
   772.040963672101       0.000000000000000E+000
   772.114491075277       0.000000000000000E+000
   772.188018478453       0.000000000000000E+000
   772.261545881629       0.000000000000000E+000
   772.335073284805       0.000000000000000E+000
   772.408600687981       0.000000000000000E+000
   772.482128091156       0.000000000000000E+000
   772.555655494332       0.000000000000000E+000
   772.629182897508       0.000000000000000E+000
   772.702710300684       0.000000000000000E+000
   772.776237703860       0.000000000000000E+000
   772.849765107036       0.000000000000000E+000
   772.923292510211       0.000000000000000E+000
   772.996819913387       0.000000000000000E+000
   773.070347316563       0.000000000000000E+000
   773.143874719739       0.000000000000000E+000
   773.217402122915       0.000000000000000E+000
   773.290929526091       0.000000000000000E+000
   773.364456929266       0.000000000000000E+000
   773.437984332442       0.000000000000000E+000
   773.511511735618       0.000000000000000E+000
   773.585039138794       0.000000000000000E+000
   773.658566541970       0.000000000000000E+000
   773.732093945146       0.000000000000000E+000
   773.805621348321       0.000000000000000E+000
   773.879148751497       0.000000000000000E+000
   773.952676154673       0.000000000000000E+000
   774.026203557849       0.000000000000000E+000
   774.099730961025       0.000000000000000E+000
   774.173258364201       0.000000000000000E+000
   774.246785767376       0.000000000000000E+000
   774.320313170552       0.000000000000000E+000
   774.393840573728       0.000000000000000E+000
   774.467367976904       0.000000000000000E+000
   774.540895380080       0.000000000000000E+000
   774.614422783256       0.000000000000000E+000
   774.687950186431       0.000000000000000E+000
   774.761477589607       0.000000000000000E+000
   774.835004992783       0.000000000000000E+000
   774.908532395959       0.000000000000000E+000
   774.982059799135       0.000000000000000E+000
   775.055587202311       0.000000000000000E+000
   775.129114605486       0.000000000000000E+000
   775.202642008662       0.000000000000000E+000
   775.276169411838       0.000000000000000E+000
   775.349696815014       0.000000000000000E+000
   775.423224218190       0.000000000000000E+000
   775.496751621366       0.000000000000000E+000
   775.570279024541       0.000000000000000E+000
   775.643806427717       0.000000000000000E+000
   775.717333830893       0.000000000000000E+000
   775.790861234069       0.000000000000000E+000
   775.864388637245       0.000000000000000E+000
   775.937916040421       0.000000000000000E+000
   776.011443443596       0.000000000000000E+000
   776.084970846772       0.000000000000000E+000
   776.158498249948       0.000000000000000E+000
   776.232025653124       0.000000000000000E+000
   776.305553056300       0.000000000000000E+000
   776.379080459476       0.000000000000000E+000
   776.452607862651       0.000000000000000E+000
   776.526135265827       0.000000000000000E+000
   776.599662669003       0.000000000000000E+000
   776.673190072179       0.000000000000000E+000
   776.746717475355       0.000000000000000E+000
   776.820244878531       0.000000000000000E+000
   776.893772281706       0.000000000000000E+000
   776.967299684882       0.000000000000000E+000
   777.040827088058       0.000000000000000E+000
   777.114354491234       0.000000000000000E+000
   777.187881894410       0.000000000000000E+000
   777.261409297585       0.000000000000000E+000
   777.334936700761       0.000000000000000E+000
   777.408464103937       0.000000000000000E+000
   777.481991507113       0.000000000000000E+000
   777.555518910289       0.000000000000000E+000
   777.629046313465       0.000000000000000E+000
   777.702573716640       0.000000000000000E+000
   777.776101119816       0.000000000000000E+000
   777.849628522992       0.000000000000000E+000
   777.923155926168       0.000000000000000E+000
   777.996683329344       0.000000000000000E+000
   778.070210732520       0.000000000000000E+000
   778.143738135695       0.000000000000000E+000
   778.217265538871       0.000000000000000E+000
   778.290792942047       0.000000000000000E+000
   778.364320345223       0.000000000000000E+000
   778.437847748399       0.000000000000000E+000
   778.511375151575       0.000000000000000E+000
   778.584902554750       0.000000000000000E+000
   778.658429957926       0.000000000000000E+000
   778.731957361102       0.000000000000000E+000
   778.805484764278       0.000000000000000E+000
   778.879012167454       0.000000000000000E+000
   778.952539570630       0.000000000000000E+000
   779.026066973805       0.000000000000000E+000
   779.099594376981       0.000000000000000E+000
   779.173121780157       0.000000000000000E+000
   779.246649183333       0.000000000000000E+000
   779.320176586509       0.000000000000000E+000
   779.393703989685       0.000000000000000E+000
   779.467231392860       0.000000000000000E+000
   779.540758796036       0.000000000000000E+000
   779.614286199212       0.000000000000000E+000
   779.687813602388       0.000000000000000E+000
   779.761341005564       0.000000000000000E+000
   779.834868408740       0.000000000000000E+000
   779.908395811915       0.000000000000000E+000
   779.981923215091       0.000000000000000E+000
   780.055450618267       0.000000000000000E+000
   780.128978021443       0.000000000000000E+000
   780.202505424619       0.000000000000000E+000
   780.276032827795       0.000000000000000E+000
   780.349560230970       0.000000000000000E+000
   780.423087634146       0.000000000000000E+000
   780.496615037322       0.000000000000000E+000
   780.570142440498       0.000000000000000E+000
   780.643669843674       0.000000000000000E+000
   780.717197246850       0.000000000000000E+000
   780.790724650025       0.000000000000000E+000
   780.864252053201       0.000000000000000E+000
   780.937779456377       0.000000000000000E+000
   781.011306859553       0.000000000000000E+000
   781.084834262729       0.000000000000000E+000
   781.158361665905       0.000000000000000E+000
   781.231889069080       0.000000000000000E+000
   781.305416472256       0.000000000000000E+000
   781.378943875432       0.000000000000000E+000
   781.452471278608       0.000000000000000E+000
   781.525998681784       0.000000000000000E+000
   781.599526084960       0.000000000000000E+000
   781.673053488135       0.000000000000000E+000
   781.746580891311       0.000000000000000E+000
   781.820108294487       0.000000000000000E+000
   781.893635697663       0.000000000000000E+000
   781.967163100839       0.000000000000000E+000
   782.040690504014       0.000000000000000E+000
   782.114217907190       0.000000000000000E+000
   782.187745310366       0.000000000000000E+000
   782.261272713542       0.000000000000000E+000
   782.334800116718       0.000000000000000E+000
   782.408327519894       0.000000000000000E+000
   782.481854923069       0.000000000000000E+000
   782.555382326245       0.000000000000000E+000
   782.628909729421       0.000000000000000E+000
   782.702437132597       0.000000000000000E+000
   782.775964535773       0.000000000000000E+000
   782.849491938949       0.000000000000000E+000
   782.923019342124       0.000000000000000E+000
   782.996546745300       0.000000000000000E+000
   783.070074148476       0.000000000000000E+000
   783.143601551652       0.000000000000000E+000
   783.217128954828       0.000000000000000E+000
   783.290656358004       0.000000000000000E+000
   783.364183761179       0.000000000000000E+000
   783.437711164355       0.000000000000000E+000
   783.511238567531       0.000000000000000E+000
   783.584765970707       0.000000000000000E+000
   783.658293373883       0.000000000000000E+000
   783.731820777059       0.000000000000000E+000
   783.805348180234       0.000000000000000E+000
   783.878875583410       0.000000000000000E+000
   783.952402986586       0.000000000000000E+000
   784.025930389762       0.000000000000000E+000
   784.099457792938       0.000000000000000E+000
   784.172985196114       0.000000000000000E+000
   784.246512599289       0.000000000000000E+000
   784.320040002465       0.000000000000000E+000
   784.393567405641       0.000000000000000E+000
   784.467094808817       0.000000000000000E+000
   784.540622211993       0.000000000000000E+000
   784.614149615169       0.000000000000000E+000
   784.687677018344       0.000000000000000E+000
   784.761204421520       0.000000000000000E+000
   784.834731824696       0.000000000000000E+000
   784.908259227872       0.000000000000000E+000
   784.981786631048       0.000000000000000E+000
   785.055314034224       0.000000000000000E+000
   785.128841437399       0.000000000000000E+000
   785.202368840575       0.000000000000000E+000
   785.275896243751       0.000000000000000E+000
   785.349423646927       0.000000000000000E+000
   785.422951050103       0.000000000000000E+000
   785.496478453279       0.000000000000000E+000
   785.570005856454       0.000000000000000E+000
   785.643533259630       0.000000000000000E+000
   785.717060662806       0.000000000000000E+000
   785.790588065982       0.000000000000000E+000
   785.864115469158       0.000000000000000E+000
   785.937642872334       0.000000000000000E+000
   786.011170275509       0.000000000000000E+000
   786.084697678685       0.000000000000000E+000
   786.158225081861       0.000000000000000E+000
   786.231752485037       0.000000000000000E+000
   786.305279888213       0.000000000000000E+000
   786.378807291389       0.000000000000000E+000
   786.452334694564       0.000000000000000E+000
   786.525862097740       0.000000000000000E+000
   786.599389500916       0.000000000000000E+000
   786.672916904092       0.000000000000000E+000
   786.746444307268       0.000000000000000E+000
   786.819971710443       0.000000000000000E+000
   786.893499113619       0.000000000000000E+000
   786.967026516795       0.000000000000000E+000
   787.040553919971       0.000000000000000E+000
   787.114081323147       0.000000000000000E+000
   787.187608726323       0.000000000000000E+000
   787.261136129498       0.000000000000000E+000
   787.334663532674       0.000000000000000E+000
   787.408190935850       0.000000000000000E+000
   787.481718339026       0.000000000000000E+000
   787.555245742202       0.000000000000000E+000
   787.628773145378       0.000000000000000E+000
   787.702300548553       0.000000000000000E+000
   787.775827951729       0.000000000000000E+000
   787.849355354905       0.000000000000000E+000
   787.922882758081       0.000000000000000E+000
   787.996410161257       0.000000000000000E+000
   788.069937564433       0.000000000000000E+000
   788.143464967608       0.000000000000000E+000
   788.216992370784       0.000000000000000E+000
   788.290519773960       0.000000000000000E+000
   788.364047177136       0.000000000000000E+000
   788.437574580312       0.000000000000000E+000
   788.511101983488       0.000000000000000E+000
   788.584629386663       0.000000000000000E+000
   788.658156789839       0.000000000000000E+000
   788.731684193015       0.000000000000000E+000
   788.805211596191       0.000000000000000E+000
   788.878738999367       0.000000000000000E+000
   788.952266402543       0.000000000000000E+000
   789.025793805718       0.000000000000000E+000
   789.099321208894       0.000000000000000E+000
   789.172848612070       0.000000000000000E+000
   789.246376015246       0.000000000000000E+000
   789.319903418422       0.000000000000000E+000
   789.393430821598       0.000000000000000E+000
   789.466958224773       0.000000000000000E+000
   789.540485627949       0.000000000000000E+000
   789.614013031125       0.000000000000000E+000
   789.687540434301       0.000000000000000E+000
   789.761067837477       0.000000000000000E+000
   789.834595240653       0.000000000000000E+000
   789.908122643828       0.000000000000000E+000
   789.981650047004       0.000000000000000E+000
   790.055177450180       0.000000000000000E+000
   790.128704853356       0.000000000000000E+000
   790.202232256532       0.000000000000000E+000
   790.275759659708       0.000000000000000E+000
   790.349287062883       0.000000000000000E+000
   790.422814466059       0.000000000000000E+000
   790.496341869235       0.000000000000000E+000
   790.569869272411       0.000000000000000E+000
   790.643396675587       0.000000000000000E+000
   790.716924078763       0.000000000000000E+000
   790.790451481938       0.000000000000000E+000
   790.863978885114       0.000000000000000E+000
   790.937506288290       0.000000000000000E+000
   791.011033691466       0.000000000000000E+000
   791.084561094642       0.000000000000000E+000
   791.158088497818       0.000000000000000E+000
   791.231615900993       0.000000000000000E+000
   791.305143304169       0.000000000000000E+000
   791.378670707345       0.000000000000000E+000
   791.452198110521       0.000000000000000E+000
   791.525725513697       0.000000000000000E+000
   791.599252916873       0.000000000000000E+000
   791.672780320048       0.000000000000000E+000
   791.746307723224       0.000000000000000E+000
   791.819835126400       0.000000000000000E+000
   791.893362529576       0.000000000000000E+000
   791.966889932752       0.000000000000000E+000
   792.040417335927       0.000000000000000E+000
   792.113944739103       0.000000000000000E+000
   792.187472142279       0.000000000000000E+000
   792.260999545455       0.000000000000000E+000
   792.334526948631       0.000000000000000E+000
   792.408054351807       0.000000000000000E+000
   792.481581754982       0.000000000000000E+000
   792.555109158158       0.000000000000000E+000
   792.628636561334       0.000000000000000E+000
   792.702163964510       0.000000000000000E+000
   792.775691367686       0.000000000000000E+000
   792.849218770862       0.000000000000000E+000
   792.922746174037       0.000000000000000E+000
   792.996273577213       0.000000000000000E+000
   793.069800980389       0.000000000000000E+000
   793.143328383565       0.000000000000000E+000
   793.216855786741       0.000000000000000E+000
   793.290383189917       0.000000000000000E+000
   793.363910593092       0.000000000000000E+000
   793.437437996268       0.000000000000000E+000
   793.510965399444       0.000000000000000E+000
   793.584492802620       0.000000000000000E+000
   793.658020205796       0.000000000000000E+000
