         530
   754.762023925781        20.7177581787109     
   754.835551328957        21.4628410339355     
   754.909078732133        22.0289421081543     
   754.982606135309        22.3468379974365     
   755.056133538485        22.3774070739746     
   755.129660941660        22.1242847442627     
   755.203188344836        21.6328067779541     
   755.276715748012        20.9755935668945     
   755.350243151188        20.2324695587158     
   755.423770554364        19.4734325408936     
   755.497297957540        18.7494983673096     
   755.570825360715        18.1052036285400     
   755.644352763891        17.5511627197266     
   755.717880167067        17.0971050262451     
   755.791407570243        16.7495841979980     
   755.864934973419        16.5144615173340     
   755.938462376595        16.3973960876465     
   756.011989779770        16.4032897949219     
   756.085517182946        16.5360679626465     
   756.159044586122        16.7996559143066     
   756.232571989298        17.2000179290771     
   756.306099392474        17.7472877502441     
   756.379626795650        18.4568214416504     
   756.453154198825        19.3484401702881     
   756.526681602001        20.4510707855225     
   756.600209005177        21.7846794128418     
   756.673736408353        23.3529853820801     
   756.747263811529        25.1655597686768     
   756.820791214705        27.2156391143799     
   756.894318617880        29.4714469909668     
   756.967846021056        31.8654251098633     
   757.041373424232        34.2831726074219     
   757.114900827408        36.5572471618652     
   757.188428230584        38.4749603271484     
   757.261955633759        39.8091278076172     
   757.335483036935        40.3716316223145     
   757.409010440111        40.0716819763184     
   757.482537843287        38.9483833312988     
   757.556065246463        37.1410598754883     
   757.629592649639        34.8850135803223     
   757.703120052814        32.4134025573730     
   757.776647455990        29.9158573150635     
   757.850174859166        27.5257949829102     
   757.923702262342        25.3221855163574     
   757.997229665518        23.3415393829346     
   758.070757068694        21.5923442840576     
   758.144284471869        20.0674228668213     
   758.217811875045        18.7525177001953     
   758.291339278221        17.6310405731201     
   758.364866681397        16.6859989166260     
   758.438394084573        15.9005908966064     
   758.511921487749        15.2810850143433     
   758.585448890924        14.8869905471802     
   758.658976294100        14.5862531661987     
   758.732503697276        14.3847217559814     
   758.806031100452        14.2894592285156     
   758.879558503628        14.3085374832153     
   758.953085906804        14.4500322341919     
   759.026613309979        14.7203512191772     
   759.100140713155        15.1221237182617     
   759.173668116331        15.6515693664551     
   759.247195519507        16.2954711914062     
   759.320722922683        17.0278644561768     
   759.394250325859        17.8071403503418     
   759.467777729034        18.5751876831055     
   759.541305132210        19.2196521759033     
   759.614832535386        19.6631202697754     
   759.688359938562        19.8773822784424     
   759.761887341738        19.8387928009033     
   759.835414744914        19.5645828247070     
   759.908942148089        19.1059932708740     
   759.982469551265        18.5305061340332     
   760.055996954441        17.9034938812256     
   760.129524357617        17.2769031524658     
   760.203051760793        16.6863384246826     
   760.276579163969        16.1534099578857     
   760.350106567144        15.6896562576294     
   760.423633970320        15.2999210357666     
   760.497161373496        14.9848585128784     
   760.570688776672        14.7919559478760     
   760.644216179848        14.6973667144775     
   760.717743583024        14.7068805694580     
   760.791270986199        14.8296060562134     
   760.864798389375        15.0754337310791     
   760.938325792551        15.4540386199951     
   761.011853195727        15.9746522903442     
   761.085380598903        16.6468868255615     
   761.158908002079        17.4821872711182     
   761.232435405254        18.4947261810303     
   761.305962808430        19.7005596160889     
   761.379490211606        21.1141948699951     
   761.453017614782        22.7427806854248     
   761.526545017958        24.5813007354736     
   761.600072421134        26.5972557067871     
   761.673599824309        28.7185707092285     
   761.747127227485        30.8348064422607     
   761.820654630661        32.7862358093262     
   761.894182033837        34.3744468688965     
   761.967709437013        35.3957214355469     
   762.041236840189        35.6941184997559     
   762.114764243364        35.2132568359375     
   762.188291646540        34.0179748535156     
   762.261819049716        32.2715835571289     
   762.335346452892        30.1827011108398     
   762.408873856068        27.9507617950439     
   762.482401259243        25.7319507598877     
   762.555928662419        23.6311111450195     
   762.629456065595        21.7053909301758     
   762.702983468771        19.9799041748047     
   762.776510871947        18.4598941802979     
   762.850038275123        17.1392745971680     
   762.923565678298        16.0061550140381     
   762.997093081474        15.0461902618408     
   763.070620484650        14.2447776794434     
   763.144147887826        13.5886116027832     
   763.217675291002        13.0665578842163     
   763.291202694178        12.6698970794678     
   763.364730097353        12.3919649124146     
   763.438257500529        12.2276821136475     
   763.511784903705        12.1812610626221     
   763.585312306881        12.2711009979248     
   763.658839710057        12.4482135772705     
   763.732367113233        12.7162675857544     
   763.805894516408        13.0762796401978     
   763.879421919584        13.5240488052368     
   763.952949322760        14.0469331741333     
   764.026476725936        14.6205101013184     
   764.100004129112        15.2060079574585     
   764.173531532288        15.7501363754272     
   764.247058935463        16.1898384094238     
   764.320586338639        16.4638824462891     
   764.394113741815        16.5296630859375     
   764.467641144991        16.3781223297119     
   764.541168548167        16.0134525299072     
   764.614695951343        15.5043945312500     
   764.688223354518        14.9383182525635     
   764.761750757694        14.3736658096313     
   764.835278160870        13.8517265319824     
   764.908805564046        13.3955383300781     
   764.982332967222        13.0140790939331     
   765.055860370398        12.7081470489502     
   765.129387773573        12.4754600524902     
   765.202915176749        12.3137187957764     
   765.276442579925        12.2216176986694     
   765.349969983101        12.1983242034912     
   765.423497386277        12.2424335479736     
   765.497024789453        12.3514394760132     
   765.570552192628        12.6257505416870     
   765.644079595804        12.9940128326416     
   765.717606998980        13.4668636322021     
   765.791134402156        14.0607557296753     
   765.864661805332        14.7927055358887     
   765.938189208508        15.6786413192749     
   766.011716611683        16.7319602966309     
   766.085244014859        17.9621009826660     
   766.158771418035        19.3719005584717     
   766.232298821211        20.9523696899414     
   766.305826224387        22.6741542816162     
   766.379353627563        24.4763660430908     
   766.452881030738        26.2559204101562     
   766.526408433914        27.8569488525391     
   766.599935837090        29.0876750946045     
   766.673463240266        29.7807502746582     
   766.746990643442        29.8145713806152     
   766.820518046618        29.1678447723389     
   766.894045449793        27.9290714263916     
   766.967572852969        26.2646026611328     
   767.041100256145        24.3655586242676     
   767.114627659321        22.4018039703369     
   767.188155062497        20.4982948303223     
   767.261682465672        18.7323055267334     
   767.335209868848        17.1421813964844     
   767.408737272024        15.7391567230225     
   767.482264675200        14.5178651809692     
   767.555792078376        13.4747343063354     
   767.629319481552        12.5895175933838     
   767.702846884727        11.8444252014160     
   767.776374287903        11.2263565063477     
   767.849901691079        10.7243909835815     
   767.923429094255        10.3296165466309     
   767.996956497431        10.0348291397095     
   768.070483900607        9.83443641662598     
   768.144011303782        9.72454643249512     
   768.217538706958        9.70289421081543     
   768.291066110134        9.76834964752197     
   768.364593513310        9.91990947723389     
   768.438120916486        10.1553125381470     
   768.511648319662        10.4713211059570     
   768.585175722837        10.8624038696289     
   768.658703126013        11.3020753860474     
   768.732230529189        11.7674369812012     
   768.805757932365        12.2239351272583     
   768.879285335541        12.6255502700806     
   768.952812738717        12.9197998046875     
   769.026340141892        13.0589389801025     
   769.099867545068        13.0146255493164     
   769.173394948244        12.7888746261597     
   769.246922351420        12.4142255783081     
   769.320449754596        11.9427652359009     
   769.393977157772        11.4306974411011     
   769.467504560947        10.9262943267822     
   769.541031964123        10.4678783416748     
   769.614559367299        10.0781469345093     
   769.688086770475        9.76730918884277     
   769.761614173651        9.53985118865967     
   769.835141576827        9.39438819885254     
   769.908668980002        9.32578563690186     
   769.982196383178        9.32738018035889     
   770.055723786354        9.39343738555908     
   770.129251189530        9.52145957946777     
   770.202778592706        9.71365070343018     
   770.276305995882        9.97695350646973     
   770.349833399057        10.3217449188232     
   770.423360802233        10.7598829269409     
   770.496888205409        11.3030748367310     
   770.570415608585        11.9699516296387     
   770.643943011761        12.7559471130371     
   770.717470414937        13.6700410842896     
   770.790997818112        14.7181692123413     
   770.864525221288        15.8993263244629     
   770.938052624464        17.2004470825195     
   771.011580027640        18.5896396636963     
   771.085107430816        20.0081310272217     
   771.158634833992        21.3629169464111     
   771.232162237167        22.5263214111328     
   771.305689640343        23.3509883880615     
   771.379217043519        23.7043609619141     
   771.452744446695        23.5122318267822     
   771.526271849871        22.7843971252441     
   771.599799253047        21.6153564453125     
   771.673326656222        20.1594543457031     
   771.746854059398        18.5697593688965     
   771.820381462574        16.9732589721680     
   771.893908865750        15.4582529067993     
   771.967436268926        14.0762557983398     
   772.040963672101        12.8504829406738     
   772.114491075277        11.7851867675781     
   772.188018478453        10.8733720779419     
   772.261545881629        10.1021451950073     
   772.335073284805        9.45612621307373     
   772.408600687981        8.91943931579590     
   772.482128091156        8.47691249847412     
   772.555655494332        8.17453861236572     
   772.629182897508        7.93995571136475     
   772.702710300684        7.75292634963989     
   772.776237703860        7.61769485473633     
   772.849765107036        7.53954839706421     
   772.923292510211        7.52397251129150     
   772.996819913387        7.57569074630737     
   773.070347316563        7.69775104522705     
   773.143874719739        7.89070320129395     
   773.217402122915        8.15167236328125     
   773.290929526091        8.47315979003906     
   773.364456929266        8.84136295318604     
   773.437984332442        9.23421859741211     
   773.511511735618        9.61255359649658     
   773.585039138794        9.89478492736816     
   773.658566541970        10.0716056823730     
   773.732093945146        10.1075325012207     
   773.805621348321        9.98714351654053     
   773.879148751497        9.72189140319824     
   773.952676154673        9.34665393829346     
   774.026203557849        8.90816497802734     
   774.099730961025        8.45232295989990     
   774.173258364201        8.01592159271240     
   774.246785767376        7.62394142150879     
   774.320313170552        7.29064512252808     
   774.393840573728        7.02221345901489     
   774.467367976904        6.81948471069336     
   774.540895380080        6.69257307052612     
   774.614422783256        6.64202737808228     
   774.687950186431        6.65843105316162     
   774.761477589607        6.74070262908936     
   774.835004992783        6.88768005371094     
   774.908532395959        7.09810447692871     
   774.982059799135        7.37088632583618     
   775.055587202311        7.70591974258423     
   775.129114605486        8.10545539855957     
   775.202642008662        8.57539081573486     
   775.276169411838        9.12550544738770     
   775.349696815014        9.76790142059326     
   775.423224218190        10.5138463973999     
   775.496751621366        11.3697690963745     
   775.570279024541        12.3318243026733     
   775.643806427717        13.3821020126343     
   775.717333830893        14.4858131408691     
   775.790861234069        15.5836715698242     
   775.864388637245        16.5887966156006     
   775.937916040421        17.3915557861328     
   776.011443443596        17.8780727386475     
   776.084970846772        17.9615020751953     
   776.158498249948        17.6134166717529     
   776.232025653124        16.8764991760254     
   776.305553056300        15.8496074676514     
   776.379080459476        14.6548318862915     
   776.452607862651        13.4054508209229     
   776.526135265827        12.1877708435059     
   776.599662669003        11.0566062927246     
   776.673190072179        10.0396156311035     
   776.746717475355        9.14649677276611     
   776.820244878531        8.37544536590576     
   776.893772281706        7.71864175796509     
   776.967299684882        7.16583108901978     
   777.040827088058        6.70642948150635     
   777.114354491234        6.33062791824341     
   777.187881894410        6.02988386154175     
   777.261409297585        5.79702281951904     
   777.334936700761        5.62613773345947     
   777.408464103937        5.51238441467285     
   777.481991507113        5.45178174972534     
   777.555518910289        5.45789194107056     
   777.629046313465        5.50716066360474     
   777.702573716640        5.59417486190796     
   777.776101119816        5.72067451477051     
   777.849628522992        5.88769054412842     
   777.923155926168        6.09414482116699     
   777.996683329344        6.33494234085083     
   778.070210732520        6.59884452819824     
   778.143738135695        6.86656570434570     
   778.217265538871        7.11015129089355     
   778.290792942047        7.29532909393311     
   778.364320345223        7.38828706741333     
   778.437847748399        7.36586713790894     
   778.511375151575        7.22106075286865     
   778.584902554750        6.95653772354126     
   778.658429957926        6.62458801269531     
   778.731957361102        6.26318311691284     
   778.805484764278        5.90566587448120     
   778.879012167454        5.57618045806885     
   778.952539570630        5.28929281234741     
   779.026066973805        5.05191850662231     
   779.099594376981        4.86581802368164     
   779.173121780157        4.72976493835449     
   779.246649183333        4.64109516143799     
   779.320176586509        4.59666919708252     
   779.393703989685        4.59342527389526     
   779.467231392860        4.62864017486572     
   779.540758796036        4.72499036788940     
   779.614286199212        4.88280582427979     
   779.687813602388        5.08824491500854     
   779.761341005564        5.34693431854248     
   779.834868408740        5.66465568542480     
   779.908395811915        6.04687166213989     
   779.981923215091        6.49812126159668     
   780.055450618267        7.02136325836182     
   780.128978021443        7.61739110946655     
   780.202505424619        8.28416728973389     
   780.276032827795        9.01548767089844     
   780.349560230970        9.79790592193604     
   780.423087634146        10.6053514480591     
   780.496615037322        11.3926811218262     
   780.570142440498        12.0803003311157     
   780.643669843674        12.5923128128052     
   780.717197246850        12.8477401733398     
   780.790724650025        12.7943611145020     
   780.864252053201        12.4302091598511     
   780.937779456377        11.8051509857178     
   781.011306859553        11.0022668838501     
   781.084834262729        10.1114168167114     
   781.158361665905        9.20876884460449     
   781.231889069080        8.34780216217041     
   781.305416472256        7.55969047546387     
   781.378943875432        6.85823440551758     
   781.452471278608        6.24571132659912     
   781.525998681784        5.71977329254150     
   781.599526084960        5.27522563934326     
   781.673053488135        4.90087556838989     
   781.746580891311        4.58929681777954     
   781.820108294487        4.33386564254761     
   781.893635697663        4.12902927398682     
   781.967163100839        3.97037959098816     
   782.040690504014        3.85460209846497     
   782.114217907190        3.77936816215515     
   782.187745310366        3.74316525459290     
   782.261272713542        3.74506640434265     
   782.334800116718        3.78440260887146     
   782.408327519894        3.86034798622131     
   782.481854923069        3.97138738632202     
   782.555382326245        4.11638164520264     
   782.628909729421        4.28660440444946     
   782.702437132597        4.47426986694336     
   782.775964535773        4.66829681396484     
   782.849491938949        4.85228443145752     
   782.923019342124        5.00468063354492     
   782.996546745300        5.10152721405029     
   783.070074148476        5.12235784530640     
   783.143601551652        5.05745267868042     
   783.217128954828        4.91226577758789     
   783.290656358004        4.70583343505859     
   783.364183761179        4.46407938003540     
   783.437711164355        4.21222019195557     
   783.511238567531        3.96962118148804     
   783.584765970707        3.74773645401001     
   783.658293373883        3.55473780632019     
   783.731820777059        3.39386415481567     
   783.805348180234        3.26602935791016     
   783.878875583410        3.17101693153381     
   783.952402986586        3.10821080207825     
   784.025930389762        3.07703685760498     
   784.099457792938        3.07723951339722     
   784.172985196114        3.10907316207886     
   784.246512599289        3.17341518402100     
   784.320040002465        3.27184271812439     
   784.393567405641        3.40664601325989     
   784.467094808817        3.58077979087830     
   784.540622211993        3.80101871490479     
   784.614149615169        4.06881523132324     
   784.687677018344        4.38535499572754     
   784.761204421520        4.75419282913208     
   784.834731824696        5.17708444595337     
   784.908259227872        5.65273952484131     
   784.981786631048        6.17486429214478     
   785.055314034224        6.72910785675049     
   785.128841437399        7.28911066055298     
   785.202368840575        7.81334257125854     
   785.275896243751        8.24625205993652     
   785.349423646927        8.52743434906006     
   785.422951050103        8.60874271392822     
   785.496478453279        8.47224140167236     
   785.570005856454        8.13400363922119     
   785.643533259630        7.64776611328125     
   785.717060662806        7.07631969451904     
   785.790588065982        6.47750663757324     
   785.864115469158        5.89475154876709     
   785.937642872334        5.35504245758057     
   786.011170275509        4.87145757675171     
   786.084697678685        4.44721364974976     
   786.158225081861        4.07956790924072     
   786.231752485037        3.76292300224304     
   786.305279888213        3.49102306365967     
   786.378807291389        3.25822782516479     
   786.452334694564        3.05995416641235     
   786.525862097740        2.90321707725525     
   786.599389500916        2.78736877441406     
   786.672916904092        2.69029259681702     
   786.746444307268        2.61351180076599     
   786.819971710443        2.55840563774109     
   786.893499113619        2.52623534202576     
   786.967026516795        2.51811742782593     
   787.040553919971        2.53491806983948     
   787.114081323147        2.57705593109131     
   787.187608726323        2.64422345161438     
   787.261136129498        2.73498797416687     
   787.334663532674        2.84620571136475     
   787.408190935850        2.97221541404724     
   787.481718339026        3.10398197174072     
   787.555245742202        3.21413373947144     
   787.628773145378        3.29208874702454     
   787.702300548553        3.32716512680054     
   787.775827951729        3.30970644950867     
   787.849355354905        3.23902153968811     
   787.922882758081        3.12381124496460     
   787.996410161257        2.97886323928833     
   788.069937564433        2.82025694847107     
   788.143464967608        2.66171288490295     
   788.216992370784        2.51309442520142     
   788.290519773960        2.38052296638489     
   788.364047177136        2.26715183258057     
   788.437574580312        2.17402958869934     
   788.511101983488        2.10143971443176     
   788.584629386663        2.05231285095215     
   788.658156789839        2.02324676513672     
   788.731684193015        2.01370215415955     
   788.805211596191        2.02334713935852     
   788.878738999367        2.05224823951721     
   788.952266402543        2.10102939605713     
   789.025793805718        2.17096328735352     
   789.099321208894        2.26394367218018     
   789.172848612070        2.38233828544617     
   789.246376015246        2.52875518798828     
   789.319903418422        2.70575881004333     
   789.393430821598        2.91556310653687     
   789.466958224773        3.15965867042542     
   789.540485627949        3.43908810615540     
   789.614013031125        3.75130701065063     
   789.687540434301        4.08977127075195     
   789.761067837477        4.44196462631226     
   789.834595240653        4.78574132919312     
   789.908122643828        5.08847475051880     
   789.981650047004        5.31092309951782     
   790.055177450180        5.41705560684204     
   790.128704853356        5.38676071166992     
   790.202232256532        5.22427225112915     
   790.275759659708        4.95643663406372     
   790.349287062883        4.62205791473389     
   790.422814466059        4.25936889648438     
   790.496341869235        3.89788794517517     
   790.569869272411        3.55715417861938     
   790.643396675587        3.24585986137390     
   790.716924078763        2.96727800369263     
   790.790451481938        2.72137689590454     
   790.863978885114        2.50670456886292     
   790.937506288290        2.32139849662781     
   791.011033691466        2.16354799270630     
   791.084561094642        2.03124022483826     
   791.158088497818        1.92254316806793     
   791.231615900993        1.83551585674286     
   791.305143304169        1.76823782920837     
   791.378670707345        1.71884250640869     
   791.452198110521        1.68556582927704     
   791.525725513697        1.66956365108490     
   791.599252916873        1.66951715946198     
   791.672780320048        1.67922723293304     
   791.746307723224        1.69920372962952     
   791.819835126400        1.72995269298553     
   791.893362529576        1.77156567573547     
   791.966889932752        1.82322490215302     
   792.040417335927        1.88263320922852     
   792.113944739103        1.94543230533600     
   792.187472142279        2.00481033325195     
   792.260999545455        2.05177879333496     
   792.334526948631        2.07665562629700     
   792.408054351807        2.07181191444397     
   792.481581754982        2.03460526466370     
   792.555109158158        1.96558451652527     
   792.628636561334        1.87530112266541     
   792.702163964510        1.77534258365631     
   792.775691367686        1.67525351047516     
   792.849218770862        1.58195412158966     
   792.922746174037        1.49954271316528     
   792.996273577213        1.42989444732666     
   793.069800980389        1.37344133853912     
   793.143328383565        1.32978904247284     
   793.216855786741        1.29810774326324     
   793.290383189917        1.27737176418304     
   793.363910593092        1.26653850078583     
   793.437437996268        1.26471209526062     
   793.510965399444        1.27290892601013     
   793.584492802620        1.29960620403290     
   793.658020205796        1.33715331554413     
