        1634
   753.523437500000       4.876842722296715E-002
   753.596870452166       4.928845167160034E-002
   753.670303404331       4.992257803678513E-002
   753.743736356497       5.064205452799797E-002
   753.817169308662       5.141115933656693E-002
   753.890602260828       5.219187214970589E-002
   753.964035212994       5.294939130544662E-002
   754.037468165159       5.365740880370140E-002
   754.110901117325       5.430161952972412E-002
   754.184334069490       5.488019436597824E-002
   754.257767021656       5.540090799331665E-002
   754.331199973822       5.587571114301682E-002
   754.404632925987       5.631469562649727E-002
   754.478065878153       5.672118067741394E-002
   754.551498830318       5.709362402558327E-002
   754.624931782484       5.746148154139519E-002
   754.698364734650       5.782067775726318E-002
   754.771797686815       5.816416442394257E-002
   754.845230638981       5.849302560091019E-002
   754.918663591146       5.882013216614723E-002
   754.992096543312       5.917061120271683E-002
   755.065529495478       5.957923457026482E-002
   755.138962447643       6.008561700582504E-002
   755.212395399809       6.072853505611420E-002
   755.285828351974       6.154072284698486E-002
   755.359261304140       6.254478543996811E-002
   755.432694256306       6.375031173229218E-002
   755.506127208471       6.515668332576752E-002
   755.579560160637       6.683014333248138E-002
   755.652993112803       6.872996687889099E-002
   755.726426064968       7.081940770149231E-002
   755.799859017134       7.305074483156204E-002
   755.873291969299       7.536956667900085E-002
   755.946724921465       7.772015780210495E-002
   756.020157873631       8.005134016275406E-002
   756.093590825796       8.232127130031586E-002
   756.167023777962       8.449975401163101E-002
   756.240456730127       8.656729012727737E-002
   756.313889682293       8.851078897714615E-002
   756.387322634459       9.031736105680466E-002
   756.460755586624       9.196878224611282E-002
   756.534188538790       9.347473829984665E-002
   756.607621490955       9.486285597085953E-002
   756.681054443121       9.608960896730423E-002
   756.754487395287       9.714314341545105E-002
   756.827920347452       9.802717715501785E-002
   756.901353299618       9.876427054405212E-002
   756.974786251783       9.939407557249069E-002
   757.048219203949       9.996700286865234E-002
   757.121652156115       0.100535891950130     
   757.195085108280       0.101148232817650     
   757.268518060446       0.101840361952782     
   757.341951012611       0.102634318172932     
   757.415383964777       0.103536821901798     
   757.488816916943       0.104539170861244     
   757.562249869108       0.105699889361858     
   757.635682821274       0.106960952281952     
   757.709115773439       0.108274698257446     
   757.782548725605       0.109594792127609     
   757.855981677771       0.110867761075497     
   757.929414629936       0.112037822604179     
   758.002847582102       0.113052621483803     
   758.076280534267       0.113869354128838     
   758.149713486433       0.114459671080112     
   758.223146438599       0.114812105894089     
   758.296579390764       0.114931128919125     
   758.370012342930       0.114833533763885     
   758.443445295095       0.114542894065380     
   758.516878247261       0.114108644425869     
   758.590311199427       0.113610886037350     
   758.663744151592       0.112993635237217     
   758.737177103758       0.112278304994106     
   758.810610055923       0.111478835344315     
   758.884043008089       0.110602833330631     
   758.957475960255       0.109653092920780     
   759.030908912420       0.108629003167152     
   759.104341864586       0.107528060674667     
   759.177774816751       0.106346860527992     
   759.251207768917       0.105081588029861     
   759.324640721083       0.103728674352169     
   759.398073673248       0.102284535765648     
   759.471506625414       0.100745543837547     
   759.544939577579       9.913927316665649E-002
   759.618372529745       9.740659594535828E-002
   759.691805481911       9.552147984504700E-002
   759.765238434076       9.348879754543304E-002
   759.838671386242       9.131376445293427E-002
   759.912104338408       8.900372684001923E-002
   759.985537290573       8.657084405422211E-002
   760.058970242739       8.403452485799789E-002
   760.132403194904       8.142339438199997E-002
   760.205836147070       7.877556234598160E-002
   760.279269099236       7.613698393106461E-002
   760.352702051401       7.355779409408569E-002
   760.426135003567       7.108747214078903E-002
   760.499567955732       6.876973807811737E-002
   760.573000907898       6.665197759866714E-002
   760.646433860064       6.469276547431946E-002
   760.719866812229       6.291261315345764E-002
   760.793299764395       6.132064387202263E-002
   760.866732716560       5.991702899336815E-002
   760.940165668726       5.869658663868904E-002
   761.013598620892       5.765280872583389E-002
   761.087031573057       5.678121373057365E-002
   761.160464525223       5.608142912387848E-002
   761.233897477388       5.555729568004608E-002
   761.307330429554       5.521510168910027E-002
   761.380763381720       5.506036430597305E-002
   761.454196333885       5.509395524859428E-002
   761.527629286051       5.530400201678276E-002
   761.601062238216       5.563593655824661E-002
   761.674495190382       5.605514347553253E-002
   761.747928142548       5.652178078889847E-002
   761.821361094713       5.698351562023163E-002
   761.894794046879       5.737999826669693E-002
   761.968226999044       5.765006691217422E-002
   762.041659951210       5.774099752306938E-002
   762.115092903376       5.761782452464104E-002
   762.188525855541       5.727028846740723E-002
   762.261958807707       5.671511963009834E-002
   762.335391759872       5.599263682961464E-002
   762.408824712038       5.515887588262558E-002
   762.482257664204       5.427547544240952E-002
   762.555690616369       5.339283123612404E-002
   762.629123568535       5.255949869751930E-002
   762.702556520700       5.181462690234184E-002
   762.775989472866       5.118077248334885E-002
   762.849422425032       5.066707730293274E-002
   762.922855377197       5.027260631322861E-002
   762.996288329363       4.999067261815071E-002
   763.069721281528       4.981327056884766E-002
   763.143154233694       4.973458871245384E-002
   763.216587185860       4.975287988781929E-002
   763.290020138025       4.987011849880219E-002
   763.363453090191       5.008973181247711E-002
   763.436886042356       5.041304230690002E-002
   763.510318994522       5.083964020013809E-002
   763.583751946688       5.137654393911362E-002
   763.657184898853       5.197763070464134E-002
   763.730617851019       5.261485651135445E-002
   763.804050803185       5.325140058994293E-002
   763.877483755350       5.384621396660805E-002
   763.950916707516       5.436026304960251E-002
   764.024349659681       5.476347729563713E-002
   764.097782611847       5.504079535603523E-002
   764.171215564013       5.519551783800125E-002
   764.244648516178       5.524910986423492E-002
   764.318081468344       5.523735284805298E-002
   764.391514420509       5.520392209291458E-002
   764.464947372675       5.519308522343636E-002
   764.538380324841       5.525388941168785E-002
   764.611813277006       5.542632564902306E-002
   764.685246229172       5.572311952710152E-002
   764.758679181337       5.614815652370453E-002
   764.832112133503       5.669065192341805E-002
   764.905545085669       5.732792243361473E-002
   764.978978037834       5.803007259964943E-002
   765.052410990000       5.876587331295013E-002
   765.125843942165       5.950862914323807E-002
   765.199276894331       6.024057790637016E-002
   765.272709846497       6.095419451594353E-002
   765.346142798662       6.164993345737457E-002
   765.419575750828       6.233100965619087E-002
   765.493008702993       6.299695372581482E-002
   765.566441655159       6.363764405250549E-002
   765.639874607325       6.426256895065308E-002
   765.713307559490       6.484685838222504E-002
   765.786740511656       6.535744667053223E-002
   765.860173463821       6.576107442378998E-002
   765.933606415987       6.603176891803741E-002
   766.007039368153       6.615753471851349E-002
   766.080472320318       6.614477932453156E-002
   766.153905272484       6.601937115192413E-002
   766.227338224649       6.582407653331757E-002
   766.300771176815       6.561280786991119E-002
   766.374204128981       6.544339656829834E-002
   766.447637081146       6.537041068077087E-002
   766.521070033312       6.546256691217422E-002
   766.594502985477       6.582769006490707E-002
   766.667935937643       6.645970791578293E-002
   766.741368889809       6.737599521875381E-002
   766.814801841974       6.857929378747940E-002
   766.888234794140       7.005897164344788E-002
   766.961667746305       7.179306447505951E-002
   767.035100698471       7.375098764896393E-002
   767.108533650637       7.589669525623322E-002
   767.181966602802       7.819131761789322E-002
   767.255399554968       8.059525489807129E-002
   767.328832507133       8.306825160980225E-002
   767.402265459299       8.556798845529556E-002
   767.475698411465       8.804702758789062E-002
   767.549131363630       9.052477031946182E-002
   767.622564315796       9.291436523199081E-002
   767.695997267962       9.511718153953552E-002
   767.769430220127       9.706407040357590E-002
   767.842863172293       9.868808090686798E-002
   767.916296124458       9.993500262498856E-002
   767.989729076624       0.100772641599178     
   768.063162028790       0.101196408271790     
   768.136594980955       0.101228892803192     
   768.210027933121       0.100912883877754     
   768.283460885286       0.100301414728165     
   768.356893837452       9.944739937782288E-002
   768.430326789618       9.839571267366409E-002
   768.503759741783       9.718016535043716E-002
   768.577192693949       9.582533687353134E-002
   768.650625646114       9.431498497724533E-002
   768.724058598280       9.265527129173279E-002
   768.797491550446       9.084653109312057E-002
   768.870924502611       8.888565748929977E-002
   768.944357454777       8.676800876855850E-002
   769.017790406942       8.449020981788635E-002
   769.091223359108       8.205285668373108E-002
   769.164656311274       7.946342974901199E-002
   769.238089263439       7.673813402652740E-002
   769.311522215605       7.390211522579193E-002
   769.384955167770       7.098818570375443E-002
   769.458388119936       6.803406029939651E-002
   769.531821072102       6.511109322309494E-002
   769.605254024267       6.223166733980179E-002
   769.678686976433       5.938624590635300E-002
   769.752119928598       5.661912634968758E-002
   769.825552880764       5.396951362490654E-002
   769.898985832930       5.147062614560127E-002
   769.972418785095       4.914900287985802E-002
   770.045851737261       4.702435061335564E-002
   770.119284689426       4.510962218046188E-002
   770.192717641592       4.341166466474533E-002
   770.266150593758       4.193199425935745E-002
   770.339583545923       4.066759720444679E-002
   770.413016498089       3.961145877838135E-002
   770.486449450254       3.875299170613289E-002
   770.559882402420       3.807552903890610E-002
   770.633315354586       3.750773519277573E-002
   770.706748306751       3.703048452734947E-002
   770.780181258917       3.662633150815964E-002
   770.853614211082       3.627477213740349E-002
   770.927047163248       3.595380112528801E-002
   771.000480115414       3.564230352640152E-002
   771.073913067579       3.532294556498528E-002
   771.147346019745       3.498492762446404E-002
   771.220778971910       3.462591022253036E-002
   771.294211924076       3.425239026546478E-002
   771.367644876242       3.387844562530518E-002
   771.441077828407       3.352313861250877E-002
   771.514510780573       3.319968655705452E-002
   771.587943732738       3.288997709751129E-002
   771.661376684904       3.263274952769279E-002
   771.734809637070       3.244045004248619E-002
   771.808242589235       3.231931850314140E-002
   771.881675541401       3.226933628320694E-002
   771.955108493567       3.228484839200974E-002
   772.028541445732       3.235591575503349E-002
   772.101974397898       3.247030079364777E-002
   772.175407350063       3.261588513851166E-002
   772.248840302229       3.278307244181633E-002
   772.322273254395       3.296644240617752E-002
   772.395706206560       3.316519409418106E-002
   772.469139158726       3.338203951716423E-002
   772.542572110891       3.362352401018143E-002
   772.616005063057       3.389719128608704E-002
   772.689438015223       3.420404344797134E-002
   772.762870967388       3.454050794243813E-002
   772.836303919554       3.489749506115913E-002
   772.909736871719       3.526178747415543E-002
   772.983169823885       3.561849892139435E-002
   773.056602776051       3.595416992902756E-002
   773.130035728216       3.625965490937233E-002
   773.203468680382       3.653186187148094E-002
   773.276901632547       3.677393496036530E-002
   773.350334584713       3.699369356036186E-002
   773.423767536879       3.720096498727798E-002
   773.497200489044       3.740468248724937E-002
   773.570633441210       3.762617707252502E-002
   773.644066393375       3.788201883435249E-002
   773.717499345541       3.817590326070786E-002
   773.790932297707       3.851054608821869E-002
   773.864365249872       3.889001905918121E-002
   773.937798202038       3.932175412774086E-002
   774.011231154203       3.981738910079002E-002
   774.084664106369       4.039205610752106E-002
   774.158097058535       4.106245934963226E-002
   774.231530010700       4.184421151876450E-002
   774.304962962866       4.274917393922806E-002
   774.378395915031       4.378324374556541E-002
   774.451828867197       4.494470730423927E-002
   774.525261819363       4.622270539402962E-002
   774.598694771528       4.763704538345337E-002
   774.672127723694       4.918694123625755E-002
   774.745560675859       5.084704980254173E-002
   774.818993628025       5.258894339203835E-002
   774.892426580191       5.438400059938431E-002
   774.965859532356       5.620612204074860E-002
   775.039292484522       5.803374201059341E-002
   775.112725436687       5.985113233327866E-002
   775.186158388853       6.164859980344772E-002
   775.259591341019       6.342213600873947E-002
   775.333024293184       6.517252326011658E-002
   775.406457245350       6.690401583909988E-002
   775.479890197515       6.862253695726395E-002
   775.553323149681       7.038024067878723E-002
   775.626756101847       7.223936915397644E-002
   775.700189054012       7.420326024293900E-002
   775.773622006178       7.627273350954056E-002
   775.847054958344       7.844135910272598E-002
   775.920487910509       8.069719374179840E-002
   775.993920862675       8.302561193704605E-002
   776.067353814840       8.541245013475418E-002
   776.140786767006       8.784599602222443E-002
   776.214219719172       9.031716734170914E-002
   776.287652671337       9.281767159700394E-002
   776.361085623503       9.533704072237015E-002
   776.434518575668       9.785924106836319E-002
   776.507951527834       0.100375726819038     
   776.581384480000       0.103005029261112     
   776.654817432165       0.105624713003635     
   776.728250384331       0.108204983174801     
   776.801683336496       0.110712543129921     
   776.875116288662       0.113113917410374     
   776.948549240828       0.115378856658936     
   777.021982192993       0.117483220994473     
   777.095415145159       0.119410589337349     
   777.168848097324       0.121152058243752     
   777.242281049490       0.122704237699509     
   777.315714001656       0.124066025018692     
   777.389146953821       0.125235110521317     
   777.462579905987       0.126204729080200     
   777.536012858152       0.127010896801949     
   777.609445810318       0.127636149525642     
   777.682878762484       0.128012984991074     
   777.756311714649       0.128122180700302     
   777.829744666815       0.127942666411400     
   777.903177618980       0.127454936504364     
   777.976610571146       0.126644209027290     
   778.050043523312       0.125502318143845     
   778.123476475477       0.124028459191322     
   778.196909427643       0.122228242456913     
   778.270342379808       0.120112232863903     
   778.343775331974       0.117693699896336     
   778.417208284140       0.114987343549728     
   778.490641236305       0.112008601427078     
   778.564074188471       0.108833663165569     
   778.637507140636       0.105369150638580     
   778.710940092802       0.101636290550232     
   778.784373044968       9.767559915781021E-002
   778.857805997133       9.353569895029068E-002
   778.931238949299       8.927425742149353E-002
   779.004671901464       8.495724946260452E-002
   779.078104853630       8.065558969974518E-002
   779.151537805796       7.644051313400269E-002
   779.224970757961       7.237782329320908E-002
   779.298403710127       6.852298229932785E-002
   779.371836662292       6.491769105195999E-002
   779.445269614458       6.158822402358055E-002
   779.518702566624       5.855752527713776E-002
   779.592135518789       5.578003823757172E-002
   779.665568470955       5.317648500204086E-002
   779.739001423120       5.073551833629608E-002
   779.812434375286       4.844017326831818E-002
   779.885867327452       4.627164453268051E-002
   779.959300279617       4.421292245388031E-002
   780.032733231783       4.225181788206100E-002
   780.106166183949       4.038270935416222E-002
   780.179599136114       3.860673680901527E-002
   780.253032088280       3.693061321973801E-002
   780.326465040445       3.536446765065193E-002
   780.399897992611       3.391959890723228E-002
   780.473330944777       3.260655328631401E-002
   780.546763896942       3.140512481331825E-002
   780.620196849108       3.027477674186230E-002
   780.693629801273       2.922713384032249E-002
   780.767062753439       2.826860547065735E-002
   780.840495705605       2.740344032645226E-002
   780.913928657770       2.663415484130383E-002
   780.987361609936       2.596184425055981E-002
   781.060794562101       2.538632042706013E-002
   781.134227514267       2.490613982081413E-002
   781.207660466433       2.451842091977596E-002
   781.281093418598       2.421854250133038E-002
   781.354526370764       2.399974688887596E-002
   781.427959322929       2.385274507105350E-002
   781.501392275095       2.376480400562286E-002
   781.574825227261       2.367223426699638E-002
   781.648258179426       2.357861027121544E-002
   781.721691131592       2.346717752516270E-002
   781.795124083757       2.332205884158611E-002
   781.868557035923       2.313050813972950E-002
   781.941989988089       2.288502082228661E-002
   782.015422940254       2.258467674255371E-002
   782.088855892420       2.223533205688000E-002
   782.162288844585       2.184852398931980E-002
   782.235721796751       2.143952809274197E-002
   782.309154748917       2.102506905794144E-002
   782.382587701082       2.062131464481354E-002
   782.456020653248       2.024243026971817E-002
   782.529453605413       1.989654637873173E-002
   782.602886557579       1.959070563316345E-002
   782.676319509745       1.933693327009678E-002
   782.749752461910       1.914031617343426E-002
   782.823185414076       1.900412142276764E-002
   782.896618366241       1.893013343214989E-002
   782.970051318407       1.891889236867428E-002
   783.043484270573       1.896976493299007E-002
   783.116917222738       1.908088102936745E-002
   783.190350174904       1.924889348447323E-002
   783.263783127069       1.946864649653435E-002
   783.337216079235       1.973276771605015E-002
   783.410649031401       2.003130130469799E-002
   783.484081983566       2.035151422023773E-002
   783.557514935732       2.066600322723389E-002
   783.630947887897       2.097668871283531E-002
   783.704380840063       2.127150073647499E-002
   783.777813792229       2.153525501489639E-002
   783.851246744394       2.175638824701309E-002
   783.924679696560       2.192890830338001E-002
   783.998112648726       2.205345779657364E-002
   784.071545600891       2.213720045983791E-002
   784.144978553057       2.219255454838276E-002
   784.218411505222       2.223514020442963E-002
   784.291844457388       2.228159084916115E-002
   784.365277409554       2.234764769673347E-002
   784.438710361719       2.244692109525204E-002
   784.512143313885       2.258693799376488E-002
   784.585576266050       2.279002405703068E-002
   784.659009218216       2.310023084282875E-002
   784.732442170382       2.352377213537693E-002
   784.805875122547       2.406507730484009E-002
   784.879308074713       2.472701482474804E-002
   784.952741026878       2.551100030541420E-002
   785.026173979044       2.641686052083969E-002
   785.099606931210       2.744255028665066E-002
   785.173039883375       2.858368121087551E-002
   785.246472835541       2.983292937278748E-002
   785.319905787706       3.117945976555347E-002
   785.393338739872       3.260848298668861E-002
   785.466771692038       3.410117328166962E-002
   785.540204644203       3.567361086606979E-002
   785.613637596369       3.734403476119041E-002
   785.687070548534       3.907754272222519E-002
   785.760503500700       4.085933044552803E-002
   785.833936452866       4.267777875065804E-002
   785.907369405031       4.452492296695709E-002
   785.980802357197       4.639560729265213E-002
   786.054235309362       4.828535765409470E-002
   786.127668261528       5.018761754035950E-002
   786.201101213694       5.209145322442055E-002
   786.274534165859       5.398026481270790E-002
   786.347967118025       5.583208054304123E-002
   786.421400070190       5.762090161442757E-002
   786.494833022356       5.931882187724113E-002
   786.568265974522       6.095758825540543E-002
   786.641698926687       6.248689442873001E-002
   786.715131878853       6.388421356678009E-002
   786.788564831018       6.513281911611557E-002
   786.861997783184       6.621799618005753E-002
   786.935430735350       6.712636351585388E-002
   787.008863687515       6.784518063068390E-002
   787.082296639681       6.836143881082535E-002
   787.155729591846       6.866122037172318E-002
   787.229162544012       6.872916966676712E-002
   787.302595496178       6.854850798845291E-002
   787.376028448343       6.810174137353897E-002
   787.449461400509       6.737212091684341E-002
   787.522894352674       6.634958088397980E-002
   787.596327304840       6.502929329872131E-002
   787.669760257006       6.340795010328293E-002
   787.743193209171       6.150452047586441E-002
   787.816626161337       5.935230851173401E-002
   787.890059113503       5.699818953871727E-002
   787.963492065668       5.449958518147469E-002
   788.036925017834       5.191956087946892E-002
   788.110357969999       4.932133853435516E-002
   788.183790922165       4.676323384046555E-002
   788.257223874331       4.429493099451065E-002
   788.330656826496       4.195550829172134E-002
   788.404089778662       3.977306559681892E-002
   788.477522730827       3.776551038026810E-002
   788.550955682993       3.599973767995834E-002
   788.624388635159       3.441932424902916E-002
   788.697821587324       3.299935162067413E-002
   788.771254539490       3.174161165952682E-002
   788.844687491655       3.064414486289024E-002
   788.918120443821       2.970159240067005E-002
   788.991553395987       2.890519797801971E-002
   789.064986348152       2.824258245527744E-002
   789.138419300318       2.769731543958187E-002
   789.211852252483       2.724868245422840E-002
   789.285285204649       2.687176503241062E-002
   789.358718156815       2.653829753398895E-002
   789.432151108980       2.621847018599510E-002
   789.505584061146       2.588219568133354E-002
   789.579017013311       2.546318061649799E-002
   789.652449965477       2.494351565837860E-002
   789.725882917643       2.432027459144592E-002
   789.799315869808       2.360102348029613E-002
   789.872748821974       2.280241250991821E-002
   789.946181774139       2.194733172655106E-002
   790.019614726305       2.106138691306114E-002
   790.093047678471       2.016973122954369E-002
   790.166480630636       1.929468102753162E-002
   790.239913582802       1.845445111393929E-002
   790.313346534967       1.766277477145195E-002
   790.386779487133       1.692917384207249E-002
   790.460212439299       1.625960692763329E-002
   790.533645391464       1.564272865653038E-002
   790.607078343630       1.506566815078259E-002
   790.680511295795       1.454094238579273E-002
   790.753944247961       1.406720001250505E-002
   790.827377200127       1.364250946789980E-002
   790.900810152292       1.326464395970106E-002
   790.974243104458       1.293126307427883E-002
   791.047676056623       1.264004129916430E-002
   791.121109008789       1.238874718546867E-002
   791.194541960955       1.217528712004423E-002
   791.267974913120       1.199772395193577E-002
   791.341407865286       1.185429655015469E-002
   791.414840817451       1.174340490251780E-002
   791.488273769617       1.166360732167959E-002
   791.561706721783       1.161839906126261E-002
   791.635139673948       1.160685066133738E-002
   791.708572626114       1.162942592054605E-002
   791.782005578279       1.168726943433285E-002
   791.855438530445       1.178145688027143E-002
   791.928871482611       1.191288046538830E-002
   792.002304434776       1.208208128809929E-002
   792.075737386942       1.228900812566280E-002
   792.149170339108       1.253270916640759E-002
   792.222603291273       1.281093619763851E-002
   792.296036243439       1.311971992254257E-002
   792.369469195604       1.345297507941723E-002
   792.442902147770       1.380226295441389E-002
   792.516335099936       1.415392197668552E-002
   792.589768052101       1.449572667479515E-002
   792.663201004267       1.483128499239683E-002
   792.736633956432       1.515089534223080E-002
   792.810066908598       1.544841285794973E-002
   792.883499860764       1.572274044156075E-002
   792.956932812929       1.597826741635799E-002
   793.030365765095       1.622410677373409E-002
   793.103798717260       1.647231727838516E-002
   793.177231669426       1.673569530248642E-002
   793.250664621592       1.702564395964146E-002
   793.324097573757       1.735054329037666E-002
   793.397530525923       1.771464385092258E-002
   793.470963478088       1.811753399670124E-002
   793.544396430254       1.855477876961231E-002
   793.617829382420       1.904494501650333E-002
   793.691262334585       1.958343200385571E-002
   793.764695286751       2.015758492052555E-002
   793.838128238916       2.075508981943130E-002
   793.911561191082       2.136631682515144E-002
   793.984994143248       2.198637090623379E-002
   794.058427095413       2.261604927480221E-002
   794.131860047579       2.326135337352753E-002
   794.205292999744       2.393154241144657E-002
   794.278725951910       2.463639527559280E-002
   794.352158904076       2.538336254656315E-002
   794.425591856241       2.617541514337063E-002
   794.499024808407       2.700999379158020E-002
   794.572457760572       2.794154919683933E-002
   794.645890712738       2.894628606736660E-002
   794.719323664904       3.001854941248894E-002
   794.792756617069       3.115508519113064E-002
   794.866189569235       3.235648944973946E-002
   794.939622521400       3.362777456641197E-002
   795.013055473566       3.497730940580368E-002
   795.086488425732       3.641447797417641E-002
   795.159921377897       3.794697299599648E-002
   795.233354330063       3.957859799265862E-002
   795.306787282228       4.130828008055687E-002
   795.380220234394       4.313005506992340E-002
   795.453653186560       4.503348842263222E-002
   795.527086138725       4.702388867735863E-002
   795.600519090891       4.910652711987495E-002
   795.673952043056       5.122646316885948E-002
   795.747384995222       5.334744974970818E-002
   795.820817947388       5.541966110467911E-002
   795.894250899553       5.737976729869843E-002
   795.967683851719       5.915381014347076E-002
   796.041116803885       6.066276878118515E-002
   796.114549756050       6.183004751801491E-002
   796.187982708216       6.258946657180786E-002
   796.261415660381       6.289235502481461E-002
   796.334848612547       6.271218508481979E-002
   796.408281564713       6.204614043235779E-002
   796.481714516878       6.091361492872238E-002
   796.555147469044       5.936477705836296E-002
   796.628580421209       5.742948874831200E-002
   796.702013373375       5.516587570309639E-002
   796.775446325541       5.264439433813095E-002
   796.848879277706       4.993832111358643E-002
   796.922312229872       4.712058231234550E-002
   796.995745182037       4.426034167408943E-002
   797.069178134203       4.141979664564133E-002
   797.142611086369       3.865144029259682E-002
   797.216044038534       3.599651157855988E-002
   797.289476990700       3.348471224308014E-002
   797.362909942865       3.113500587642193E-002
   797.436342895031       2.895718999207020E-002
   797.509775847197       2.696563489735126E-002
   797.583208799362       2.518956921994686E-002
   797.656641751528       2.352650091052055E-002
   797.730074703693       2.197654172778130E-002
   797.803507655859       2.053806185722351E-002
   797.876940608025       1.920834556221962E-002
   797.950373560190       1.798406988382339E-002
   798.023806512356       1.686164177954197E-002
   798.097239464521       1.583742909133434E-002
   798.170672416687       1.490790676325560E-002
   798.244105368853       1.406973786652088E-002
   798.317538321018       1.331983599811792E-002
   798.390971273184       1.265536434948444E-002
   798.464404225349       1.207375340163708E-002
   798.537837177515       1.154644414782524E-002
   798.611270129681       1.103275269269943E-002
   798.684703081846       1.054420042783022E-002
   798.758136034012       1.008078642189503E-002
   798.831568986177       9.642511606216431E-003
   798.905001938343       9.229375049471855E-003
   798.978434890509       8.841376751661301E-003
   799.051867842674       8.478516712784767E-003
   799.125300794840       8.140796795487404E-003
   799.198733747005       7.828214205801487E-003
   799.272166699171       7.540770340710878E-003
   799.345599651337       7.278465200215578E-003
   799.419032603502       7.041299715638161E-003
   799.492465555668       6.829271558672190E-003
   799.565898507833       6.629670038819313E-003
   799.639331459999       6.437167525291443E-003
   799.712764412165       6.252319552004337E-003
   799.786197364330       6.075125653296709E-003
   799.859630316496       5.905586294829845E-003
   799.933063268661       5.743701010942459E-003
   800.006496220827       5.589470267295837E-003
   800.079929172993       5.442893598228693E-003
   800.153362125158       5.303971469402313E-003
   800.226795077324       5.172703880816698E-003
   800.300228029490       5.049089901149273E-003
   800.373660981655       4.933130927383900E-003
   800.447093933821       4.824826028198004E-003
   800.520526885986       4.724047146737576E-003
   800.593959838152       4.627652931958437E-003
   800.667392790318       4.534328822046518E-003
   800.740825742483       4.444074817001820E-003
   800.814258694649       4.356890451163054E-003
   800.887691646814       4.272776190191507E-003
   800.961124598980       4.191731568425894E-003
   801.034557551146       4.113757051527500E-003
   801.107990503311       4.038852173835039E-003
   801.181423455477       3.967017401009798E-003
   801.254856407642       3.898252267390490E-003
   801.328289359808       3.832557238638401E-003
   801.401722311974       3.769932081922889E-003
   801.475155264139       3.710377030074596E-003
   801.548588216305       3.663141047582030E-003
   801.622021168470       3.621555864810944E-003
   801.695454120636       3.580453572794795E-003
   801.768887072802       3.539833705872297E-003
   801.842320024967       3.499696729704738E-003
   801.915752977133       3.460042411461473E-003
   801.989185929298       3.420870751142502E-003
   802.062618881464       3.382181748747826E-003
   802.136051833630       3.343975404277444E-003
   802.209484785795       3.306251717731357E-003
   802.282917737961       3.269010921940207E-003
   802.356350690126       3.232252551242709E-003
   802.429783642292       3.195977071300149E-003
   802.503216594458       3.160260384902358E-003
   802.576649546623       3.127187257632613E-003
   802.650082498789       3.095532068982720E-003
   802.723515450954       3.065295051783323E-003
   802.796948403120       3.036475973203778E-003
   802.870381355286       3.009074833244085E-003
   802.943814307451       2.983091864734888E-003
   803.017247259617       2.958526834845543E-003
   803.090680211782       2.935379743576050E-003
   803.164113163948       2.913650823757052E-003
   803.237546116114       2.893339842557907E-003
   803.310979068279       2.874446799978614E-003
   803.384412020445       2.856971928849816E-003
   803.457844972610       2.840914996340871E-003
   803.531277924776       2.827277174219489E-003
   803.604710876942       2.815579995512962E-003
   803.678143829107       2.804141258820891E-003
   803.751576781273       2.792960731312633E-003
   803.825009733438       2.782038645818830E-003
   803.898442685604       2.771374769508839E-003
   803.971875637770       2.760969335213304E-003
   804.045308589935       2.750822110101581E-003
   804.118741542101       2.740933094173670E-003
   804.192174494267       2.731302753090858E-003
   804.265607446432       2.721930388361216E-003
   804.339040398598       2.712816465646029E-003
   804.412473350763       2.703960984945297E-003
   804.485906302929       2.695363713428378E-003
   804.559339255095       2.684386679902673E-003
   804.632772207260       2.674139104783535E-003
   804.706205159426       2.665364649146795E-003
   804.779638111591       2.658063080161810E-003
   804.853071063757       2.652234630659223E-003
   804.926504015923       2.647879067808390E-003
   804.999936968088       2.644996624439955E-003
   805.073369920254       2.643587300553918E-003
   805.146802872419       2.643650863319635E-003
   805.220235824585       2.645187312737107E-003
   805.293668776751       2.648196881636977E-003
   805.367101728916       2.652679570019245E-003
   805.440534681082       2.658635145053267E-003
   805.513967633247       2.665110630914569E-003
   805.587400585413       2.668259432539344E-003
   805.660833537579       2.671633614227176E-003
   805.734266489744       2.675232943147421E-003
   805.807699441910       2.679057884961367E-003
   805.881132394075       2.683107741177082E-003
   805.954565346241       2.687383210286498E-003
   806.027998298407       2.691884059458971E-003
   806.101431250572       2.696610055863857E-003
   806.174864202738       2.701561432331800E-003
   806.248297154903       2.706737956032157E-003
   806.321730107069       2.712139859795570E-003
   806.395163059235       2.717767376452684E-003
   806.468596011400       2.723619807511568E-003
   806.542028963566       2.726993989199400E-003
   806.615461915731       2.729605417698622E-003
   806.688894867897       2.733756089583039E-003
   806.762327820063       2.739446004852653E-003
   806.835760772228       2.746674930676818E-003
   806.909193724394       2.755443099886179E-003
   806.982626676559       2.765750279650092E-003
   807.056059628725       2.777596702799201E-003
   807.129492580891       2.790982369333506E-003
   807.202925533056       2.805907279253006E-003
   807.276358485222       2.822371199727058E-003
   807.349791437387       2.840374363586307E-003
   807.423224389553       2.859916770830750E-003
   807.496657341719       2.880998188629746E-003
   807.570090293884       2.885945141315460E-003
   807.643523246050       2.891508629545569E-003
   807.716956198215       2.898529171943665E-003
   807.790389150381       2.907006302848458E-003
   807.863822102547       2.916940255090594E-003
   807.937255054712       2.928331028670073E-003
   808.010688006878       2.941178390756249E-003
   808.084120959044       2.955482807010412E-003
   808.157553911209       2.971243811771274E-003
   808.230986863375       2.988461637869477E-003
   808.304419815540       3.007136285305023E-003
   808.377852767706       3.027267754077911E-003
   808.451285719872       3.048855811357498E-003
   808.524718672037       3.069218248128891E-003
   808.598151624203       3.085901262238622E-003
   808.671584576368       3.104266012087464E-003
   808.745017528534       3.124312730506063E-003
   808.818450480700       3.146041417494416E-003
   808.891883432865       3.169452073052526E-003
   808.965316385031       3.194544697180390E-003
   809.038749337196       3.221319289878011E-003
   809.112182289362       3.249775618314743E-003
   809.185615241528       3.279913915321231E-003
   809.259048193693       3.311734413728118E-003
   809.332481145859       3.345236647874117E-003
   809.405914098024       3.380420617759228E-003
   809.479347050190       3.417286789044738E-003
   809.552780002356       3.444116795435548E-003
   809.626212954521       3.467332338914275E-003
   809.699645906687       3.491403069347143E-003
   809.773078858852       3.516328521072865E-003
   809.846511811018       3.542109159752727E-003
   809.919944763184       3.568744985386729E-003
   809.993377715349       3.596235532313585E-003
   810.066810667515       3.624581266194582E-003
   810.140243619680       3.653781954199076E-003
   810.213676571846       3.683837596327066E-003
   810.287109524012       3.714748425409198E-003
   810.360542476177       3.746514208614826E-003
   810.433975428343       3.779134713113308E-003
   810.507408380508       3.813395043835044E-003
   810.580841332674       3.855201182886958E-003
   810.654274284840       3.897303016856313E-003
   810.727707237005       3.939700312912464E-003
   810.801140189171       3.982392605394125E-003
   810.874573141336       4.025381058454514E-003
   810.948006093502       4.068664740771055E-003
   811.021439045668       4.112243652343750E-003
   811.094871997833       4.156118724495173E-003
   811.168304949999       4.200289025902748E-003
   811.241737902164       4.244754556566477E-003
   811.315170854330       4.289515782147646E-003
   811.388603806496       4.334572702646255E-003
   811.462036758661       4.379924852401018E-003
   811.535469710827       4.429582972079515E-003
   811.608902662992       4.483846481889486E-003
   811.682335615158       4.538427572697401E-003
   811.755768567324       4.593326244503260E-003
   811.829201519489       4.648542497307062E-003
   811.902634471655       4.704076796770096E-003
   811.976067423820       4.759928677231073E-003
   812.049500375986       4.816097673028708E-003
   812.122933328152       4.872585181146860E-003
   812.196366280317       4.929389804601669E-003
   812.269799232483       4.986512009054422E-003
   812.343232184649       5.043952260166407E-003
   812.416665136814       5.101709626615047E-003
   812.490098088980       5.159785039722919E-003
   812.563531041145       5.234654992818832E-003
   812.636963993311       5.315276794135571E-003
   812.710396945477       5.399290937930346E-003
   812.783829897642       5.486696958541870E-003
   812.857262849808       5.577495787292719E-003
   812.930695801973       5.671686492860317E-003
   813.004128754139       5.769269540905952E-003
   813.077561706305       5.870245397090912E-003
   813.150994658470       5.974613130092621E-003
   813.224427610636       6.082373205572367E-003
   813.297860562801       6.193525623530149E-003
   813.371293514967       6.308070383965969E-003
   813.444726467133       6.426007486879826E-003
   813.518159419298       6.546755786985159E-003
   813.591592371464       6.674576550722122E-003
   813.665025323629       6.814525462687016E-003
   813.738458275795       6.966603454202414E-003
   813.811891227961       7.130810059607029E-003
   813.885324180126       7.307145278900862E-003
   813.958757132292       7.495609577745199E-003
   814.032190084457       7.696202024817467E-003
   814.105623036623       7.908923551440239E-003
   814.179055988789       8.133773691952229E-003
   814.252488940954       8.370752446353436E-003
   814.325921893120       8.619859814643860E-003
   814.399354845285       8.881095796823502E-003
   814.472787797451       9.154461324214935E-003
   814.546220749617       9.472661651670933E-003
   814.619653701782       9.832291863858700E-003
   814.693086653948       1.021743565797806E-002
   814.766519606113       1.062894705682993E-002
   814.839952558279       1.106707751750946E-002
   814.913385510445       1.153118442744017E-002
   814.986818462610       1.201938651502132E-002
   815.060251414776       1.252819597721100E-002
   815.133684366941       1.305222045630217E-002
   815.207117319107       1.358402241021395E-002
   815.280550271273       1.411426253616810E-002
   815.353983223438       1.463225670158863E-002
   815.427416175604       1.512692961841822E-002
   815.500849127769       1.558797247707844E-002
   815.574282079935       1.600906066596508E-002
   815.647715032101       1.639721728861332E-002
   815.721147984266       1.675034128129482E-002
   815.794580936432       1.706856489181519E-002
   815.868013888597       1.735324785113335E-002
   815.941446840763       1.760610751807690E-002
   816.014879792929       1.782888732850552E-002
   816.088312745094       1.802367717027664E-002
   816.161745697260       1.819368824362755E-002
   816.235178649426       1.834403723478317E-002
   816.308611601591       1.848215237259865E-002
   816.382044553757       1.861753687262535E-002
   816.455477505922       1.876097172498703E-002
   816.528910458088       1.892090030014515E-002
   816.602343410254       1.911797001957893E-002
   816.675776362419       1.937084645032883E-002
   816.749209314585       1.968708075582981E-002
   816.822642266750       2.007149718701839E-002
   816.896075218916       2.052590996026993E-002
   816.969508171082       2.104893699288368E-002
   817.042941123247       2.163583971560001E-002
   817.116374075413       2.227848954498768E-002
   817.189807027578       2.296552434563637E-002
   817.263239979744       2.368284016847610E-002
   817.336672931910       2.441449090838432E-002
   817.410105884075       2.514385990798473E-002
   817.483538836241       2.585483156144619E-002
   817.556971788406       2.653974667191505E-002
   817.630404740572       2.719598077237606E-002
   817.703837692738       2.781371586024761E-002
   817.777270644903       2.838393487036228E-002
   817.850703597069       2.889806590974331E-002
   817.924136549234       2.934876270592213E-002
   817.997569501400       2.973147481679916E-002
   818.071002453566       3.004617057740688E-002
   818.144435405731       3.029840812087059E-002
   818.217868357897       3.049912303686142E-002
   818.291301310062       3.066310472786427E-002
   818.364734262228       3.080670163035393E-002
   818.438167214394       3.094560466706753E-002
   818.511600166559       3.109732270240784E-002
   818.585033118725       3.129710257053375E-002
   818.658466070890       3.153919801115990E-002
   818.731899023056       3.183373808860779E-002
   818.805331975222       3.218928351998329E-002
   818.878764927387       3.261253982782364E-002
   818.952197879553       3.310751914978027E-002
   819.025630831718       3.367452323436737E-002
   819.099063783884       3.430938348174095E-002
   819.172496736050       3.500318527221680E-002
   819.245929688215       3.574285656213760E-002
   819.319362640381       3.651238232851028E-002
   819.392795592546       3.729439154267311E-002
   819.466228544712       3.807150572538376E-002
   819.539661496878       3.883429989218712E-002
   819.613094449043       3.958082571625710E-002
   819.686527401209       4.029661044478416E-002
   819.759960353374       4.096932336688042E-002
   819.833393305540       4.158729314804077E-002
   819.906826257706       4.214098304510117E-002
   819.980259209871       4.262469336390495E-002
   820.053692162037       4.303762689232826E-002
   820.127125114202       4.338391497731209E-002
   820.200558066368       4.367130622267723E-002
   820.273991018534       4.390952363610268E-002
   820.347423970699       4.410887509584427E-002
   820.420856922865       4.427975416183472E-002
   820.494289875031       4.443298280239105E-002
   820.567722827196       4.462964087724686E-002
   820.641155779362       4.485579580068588E-002
   820.714588731527       4.512864723801613E-002
   820.788021683693       4.546833038330078E-002
   820.861454635859       4.589200019836426E-002
   820.934887588024       4.641154408454895E-002
   821.008320540190       4.703197255730629E-002
   821.081753492355       4.775069281458855E-002
   821.155186444521       4.855804890394211E-002
   821.228619396687       4.943876340985298E-002
   821.302052348852       5.037393420934677E-002
   821.375485301018       5.134290456771851E-002
   821.448918253183       5.232435464859009E-002
   821.522351205349       5.329883098602295E-002
   821.595784157515       5.425753071904182E-002
   821.669217109680       5.518123134970665E-002
   821.742650061846       5.605088546872139E-002
   821.816083014011       5.684871226549149E-002
   821.889515966177       5.756004527211189E-002
   821.962948918343       5.817471444606781E-002
   822.036381870508       5.868750065565109E-002
   822.109814822674       5.909791588783264E-002
   822.183247774839       5.940970033407211E-002
   822.256680727005       5.963087826967239E-002
   822.330113679171       5.977410823106766E-002
   822.403546631336       5.985730513930321E-002
   822.476979583502       5.990348756313324E-002
   822.550412535667       5.995681136846542E-002
   822.623845487833       6.006072089076042E-002
   822.697278439999       6.024694070219994E-002
   822.770711392164       6.054634228348732E-002
   822.844144344330       6.098150089383125E-002
   822.917577296495       6.156458333134651E-002
   822.991010248661       6.229654327034950E-002
   823.064443200827       6.316792219877243E-002
   823.137876152992       6.416068226099014E-002
   823.211309105158       6.525093317031860E-002
   823.284742057323       6.641127169132233E-002
   823.358175009489       6.761251389980316E-002
   823.431607961655       6.882423162460327E-002
   823.505040913820       7.001741975545883E-002
   823.578473865986       7.120133191347122E-002
   823.651906818151       7.231393456459045E-002
   823.725339770317       7.332899421453476E-002
   823.798772722483       7.422371208667755E-002
   823.872205674648       7.498112320899963E-002
   823.945638626814       7.559131830930710E-002
   824.019071578979       7.605234533548355E-002
   824.092504531145       7.636997103691101E-002
   824.165937483311       7.655785977840424E-002
   824.239370435476       7.663746923208237E-002
   824.312803387642       7.663778215646744E-002
   824.386236339808       7.659414410591125E-002
   824.459669291973       7.654596865177155E-002
   824.533102244139       7.657008618116379E-002
   824.606535196304       7.674653828144073E-002
   824.679968148470       7.708404958248138E-002
   824.753401100636       7.761422544717789E-002
   824.826834052801       7.835534214973450E-002
   824.900267004967       7.931102812290192E-002
   824.973699957132       8.047113567590714E-002
   825.047132909298       8.181323856115341E-002
   825.120565861464       8.330545574426651E-002
   825.193998813629       8.490853756666183E-002
   825.267431765795       8.657745271921158E-002
   825.340864717960       8.826173096895218E-002
   825.414297670126       8.990559726953506E-002
   825.487730622292       9.144852310419083E-002
   825.561163574457       9.289742261171341E-002
   825.634596526623       9.415777027606964E-002
   825.708029478788       9.517744928598404E-002
   825.781462430954       9.593250602483749E-002
   825.854895383120       9.641841799020767E-002
   825.928328335285       9.665033221244812E-002
   826.001761287451       9.666059166193008E-002
   826.075194239616       9.649435430765152E-002
   826.148627191782       9.620509296655655E-002
   826.222060143948       9.585079550743103E-002
   826.295493096113       9.549084305763245E-002
   826.368926048279       9.518329799175262E-002
   826.442359000444       9.498178958892822E-002
   826.515791952610       9.494689851999283E-002
   826.589224904776       9.518777579069138E-002
   826.662657856941       9.570602327585220E-002
   826.736090809107       9.652088582515717E-002
   826.809523761272       9.763436764478683E-002
   826.882956713438       9.903167933225632E-002
   826.956389665604       0.100683197379112     
   827.029822617769       0.102546885609627     
   827.103255569935       0.104570224881172     
   827.176688522100       0.106690876185894     
   827.250121474266       0.108836010098457     
   827.323554426432       0.110920943319798     
   827.396987378597       0.112849816679955     
   827.470420330763       0.114520542323589     
   827.543853282928       0.115862920880318     
   827.617286235094       0.116805925965309     
   827.690719187260       0.117303103208542     
   827.764152139425       0.117367297410965     
   827.837585091591       0.117052175104618     
   827.911018043756       0.116440713405609     
   827.984450995922       0.115629479289055     
   828.057883948088       0.114715062081814     
   828.131316900253       0.113786190748215     
   828.204749852419       0.112920664250851     
   828.278182804585       0.112185426056385     
   828.351615756750       0.111636720597744     
   828.425048708916       0.111319243907928     
   828.498481661081       0.111263893544674     
   828.571914613247       0.111512020230293     
   828.645347565413       0.112069025635719     
   828.718780517578       0.112922258675098     
   828.792213469744       0.114040277898312     
   828.865646421909       0.115375436842442     
   828.939079374075       0.116868607699871     
   829.012512326241       0.118454322218895     
   829.085945278406       0.120065860450268     
   829.159378230572       0.121639415621758     
   829.232811182737       0.123117722570896     
   829.306244134903       0.124453045427799     
   829.379677087069       0.125609964132309     
   829.453110039234       0.126567184925079     
   829.526542991400       0.127334535121918     
   829.599975943565       0.127954035997391     
   829.673408895731       0.128437995910645     
   829.746841847897       0.128826752305031     
   829.820274800062       0.129162162542343     
   829.893707752228       0.129485264420509     
   829.967140704393       0.129835307598114     
   830.040573656559       0.130250796675682     
   830.114006608725       0.130770519375801     
   830.187439560890       0.131434261798859     
   830.260872513056       0.132280722260475     
   830.334305465221       0.133343860507011     
   830.407738417387       0.134647697210312     
   830.481171369553       0.136201545596123     
   830.554604321718       0.138012483716011     
   830.628037273884       0.140060901641846     
   830.701470226049       0.142309829592705     
   830.774903178215       0.144708603620529     
   830.848336130381       0.147192358970642     
   830.921769082546       0.149685591459274     
   830.995202034712       0.152107074856758     
   831.068634986877       0.154374942183495     
   831.142067939043       0.156412929296494     
   831.215500891209       0.158157631754875     
   831.288933843374       0.159565001726151     
   831.362366795540       0.160616263747215     
   831.435799747705       0.161319836974144     
   831.509232699871       0.161719009280205     
   831.582665652037       0.161962240934372     
   831.656098604202       0.162077426910400     
   831.729531556368       0.162138745188713     
   831.802964508533       0.162210091948509     
   831.876397460699       0.162342369556427     
   831.949830412865       0.162576198577881     
   832.023263365030       0.162947475910187     
   832.096696317196       0.163492411375046     
   832.170129269361       0.164249733090401     
   832.243562221527       0.165258899331093     
   832.316995173693       0.166553556919098     
   832.390428125858       0.168153822422028     
   832.463861078024       0.170057669281960     
   832.537294030190       0.172284513711929     
   832.610726982355       0.174800395965576     
   832.684159934521       0.177496448159218     
   832.757592886686       0.180282384157181     
   832.831025838852       0.183052614331245     
   832.904458791018       0.185697495937347     
   832.977891743183       0.188114687800407     
   833.051324695349       0.190220803022385     
   833.124757647514       0.191961720585823     
   833.198190599680       0.193319126963615     
   833.271623551846       0.194312512874603     
   833.345056504011       0.194994285702705     
   833.418489456177       0.195438593626022     
   833.491922408342       0.195725888013840     
   833.565355360508       0.196096956729889     
   833.638788312674       0.196540236473083     
   833.712221264839       0.197084322571754     
   833.785654217005       0.197749584913254     
   833.859087169170       0.198544114828110     
   833.932520121336       0.199480280280113     
   834.005953073502       0.200587809085846     
   834.079386025667       0.201916918158531     
   834.152818977833       0.203528761863708     
   834.226251929998       0.205477908253670     
   834.299684882164       0.207794085144997     
   834.373117834330       0.210468098521233     
   834.446550786495       0.213444605469704     
   834.519983738661       0.216645225882530     
   834.593416690826       0.220024928450584     
   834.666849642992       0.223409146070480     
   834.740282595158       0.226645126938820     
   834.813715547323       0.229586392641068     
   834.887148499489       0.232111483812332     
   834.960581451654       0.234138756990433     
   835.034014403820       0.235636040568352     
   835.107447355986       0.236622035503387     
   835.180880308151       0.237159758806229     
   835.254313260317       0.237344056367874     
   835.327746212482       0.237285852432251     
   835.401179164648       0.237097069621086     
   835.474612116814       0.236878693103790     
   835.548045068979       0.236881181597710     
   835.621478021145       0.237231090664864     
   835.694910973310       0.237938091158867     
   835.768343925476       0.239053219556808     
   835.841776877642       0.240609332919121     
   835.915209829807       0.242623388767242     
   835.988642781973       0.245098248124123     
   836.062075734138       0.248022630810738     
   836.135508686304       0.251369625329971     
   836.208941638470       0.255091786384583     
   836.282374590635       0.259115308523178     
   836.355807542801       0.263333618640900     
   836.429240494967       0.267604380846024     
   836.502673447132       0.271760940551758     
   836.576106399298       0.275834530591965     
   836.649539351463       0.279551327228546     
   836.722972303629       0.282776474952698     
   836.796405255795       0.285414963960648     
   836.869838207960       0.287423968315125     
   836.943271160126       0.288814514875412     
   837.016704112291       0.289646327495575     
   837.090137064457       0.290012836456299     
   837.163570016623       0.290025502443314     
   837.237002968788       0.289799124002457     
   837.310435920954       0.289441555738449     
   837.383868873119       0.289048761129379     
   837.457301825285       0.288704603910446     
   837.530734777451       0.288600623607635     
   837.604167729616       0.288951843976974     
   837.677600681782       0.289729505777359     
   837.751033633947       0.291020900011063     
   837.824466586113       0.292894273996353     
   837.897899538279       0.295387297868729     
   837.971332490444       0.298497110605240     
   838.044765442610       0.302171558141708     
   838.118198394775       0.306302636861801     
   838.191631346941       0.310723572969437     
   838.265064299107       0.315212994813919     
   838.338497251272       0.319509625434875     
   838.411930203438       0.323338508605957     
   838.485363155603       0.326448023319244     
   838.558796107769       0.328821450471878     
   838.632229059935       0.330314993858337     
   838.705662012100       0.330919027328491     
   838.779094964266       0.330744504928589     
   838.852527916431       0.329963058233261     
   838.925960868597       0.328775823116302     
   838.999393820763       0.327385038137436     
   839.072826772928       0.325976371765137     
   839.146259725094       0.324710428714752     
   839.219692677259       0.323725283145905     
   839.293125629425       0.323141962289810     
   839.366558581591       0.323069632053375     
   839.439991533756       0.323606789112091     
   839.513424485922       0.324904084205627     
   839.586857438087       0.327299177646637     
   839.660290390253       0.330588489770889     
   839.733723342419       0.334801673889160     
   839.807156294584       0.339914292097092     
   839.880589246750       0.345838516950607     
   839.954022198915       0.352414816617966     
   840.027455151081       0.359405785799026     
   840.100888103247       0.366496890783310     
   840.174321055412       0.373311519622803     
   840.247754007578       0.379449605941772     
   840.321186959743       0.384543955326080     
   840.394619911909       0.388323277235031     
   840.468052864075       0.390656560659409     
   840.541485816240       0.391699016094208     
   840.614918768406       0.391596794128418     
   840.688351720572       0.390518575906754     
   840.761784672737       0.388762682676315     
   840.835217624903       0.386613458395004     
   840.908650577068       0.384314358234406     
   840.982083529234       0.382057905197144     
   841.055516481400       0.379988789558411     
   841.128949433565       0.378214806318283     
   841.202382385731       0.376822054386139     
   841.275815337896       0.375886857509613     
   841.349248290062       0.375477999448776     
   841.422681242228       0.375653386116028     
   841.496114194393       0.376448154449463     
   841.569547146559       0.378089189529419     
   841.642980098724       0.380365580320358     
   841.716413050890       0.383237212896347     
   841.789846003056       0.386640936136246     
   841.863278955221       0.390486776828766     
   841.936711907387       0.394666582345963     
   842.010144859552       0.399061083793640     
   842.083577811718       0.403544962406158     
   842.157010763884       0.407993406057358     
   842.230443716049       0.412293732166290     
   842.303876668215       0.416358590126038     
   842.377309620380       0.420140475034714     
   842.450742572546       0.423636823892593     
   842.524175524712       0.426978617906570     
   842.597608476877       0.430435448884964     
   842.671041429043       0.434001713991165     
   842.744474381208       0.437799096107483     
   842.817907333374       0.441911756992340     
   842.891340285540       0.446377813816071     
   842.964773237705       0.451195478439331     
   843.038206189871       0.456340521574020     
   843.111639142036       0.461785674095154     
   843.185072094202       0.467518180608749     
   843.258505046368       0.473544567823410     
   843.331937998533       0.479880452156067     
   843.405370950699       0.486530959606171     
   843.478803902864       0.493463933467865     
   843.552236855030       0.500849962234497     
   843.625669807196       0.508473098278046     
   843.699102759361       0.516077697277069     
   843.772535711527       0.523456752300262     
   843.845968663692       0.530380249023438     
   843.919401615858       0.536622583866119     
   843.992834568024       0.541990518569946     
   844.066267520189       0.546347558498383     
   844.139700472355       0.549632430076599     
   844.213133424520       0.551868259906769     
   844.286566376686       0.553160846233368     
   844.359999328852       0.553682386875153     
   844.433432281017       0.553643882274628     
   844.506865233183       0.553279638290405     
   844.580298185349       0.553055524826050     
   844.653731137514       0.553010284900665     
   844.727164089680       0.553238689899445     
   844.800597041845       0.553747892379761     
   844.874029994011       0.554478287696838     
   844.947462946177       0.555341780185699     
   845.020895898342       0.556269824504852     
   845.094328850508       0.557249188423157     
   845.167761802673       0.558336198329926     
   845.241194754839       0.559637904167175     
   845.314627707005       0.561270296573639     
   845.388060659170       0.563308358192444     
   845.461493611336       0.565746545791626     
   845.534926563501       0.568733572959900     
   845.608359515667       0.572242438793182     
   845.681792467833       0.575887203216553     
   845.755225419998       0.579516708850861     
   845.828658372164       0.583006620407104     
   845.902091324329       0.586284577846527     
   845.975524276495       0.589336514472961     
   846.048957228661       0.592204988002777     
   846.122390180826       0.594977855682373     
   846.195823132992       0.597771227359772     
   846.269256085157       0.600711345672607     
   846.342689037323       0.603909850120544     
   846.416121989489       0.607436716556549     
   846.489554941654       0.611292183399200     
   846.562987893820       0.615758061408997     
   846.636420845985       0.620644807815552     
   846.709853798151       0.625721395015717     
   846.783286750317       0.630753219127655     
   846.856719702482       0.635519146919250     
   846.930152654648       0.639877855777740     
   847.003585606813       0.643809616565704     
   847.077018558979       0.647415637969971     
   847.150451511145       0.650873184204102     
   847.223884463310       0.654363095760345     
   847.297317415476       0.657997846603394     
   847.370750367641       0.661779344081879     
   847.444183319807       0.665592014789581     
   847.517616271973       0.669247508049011     
   847.591049224138       0.672746360301971     
   847.664482176304       0.675985634326935     
   847.737915128469       0.678857564926147     
   847.811348080635       0.681321024894714     
   847.884781032801       0.683394253253937     
   847.958213984966       0.685143768787384     
   848.031646937132       0.686663568019867     
   848.105079889297       0.688061773777008     
   848.178512841463       0.689446032047272     
   848.251945793629       0.690910577774048     
   848.325378745794       0.692525207996368     
   848.398811697960       0.694328188896179     
   848.472244650126       0.696326673030853     
   848.545677602291       0.698977828025818     
   848.619110554457       0.702451944351196     
   848.692543506622       0.706628441810608     
   848.765976458788       0.711603701114655     
   848.839409410954       0.717480242252350     
   848.912842363119       0.724355399608612     
   848.986275315285       0.732304692268372     
   849.059708267450       0.741355597972870     
   849.133141219616       0.751460313796997     
   849.206574171782       0.762472510337830     
   849.280007123947       0.774140119552612     
   849.353440076113       0.786112844944000     
   849.426873028278       0.797972023487091     
   849.500305980444       0.809273958206177     
   849.573738932610       0.820083439350128     
   849.647171884775       0.829775094985962     
   849.720604836941       0.838135302066803     
   849.794037789106       0.845021009445190     
   849.867470741272       0.850352644920349     
   849.940903693438       0.854111015796661     
   850.014336645603       0.856338024139404     
   850.087769597769       0.857135653495789     
   850.161202549934       0.856662213802338     
   850.234635502100       0.855126917362213     
   850.308068454266       0.852777779102325     
   850.381501406431       0.849891304969788     
   850.454934358597       0.846755683422089     
   850.528367310762       0.843737363815308     
   850.601800262928       0.841345787048340     
   850.675233215094       0.839800536632538     
   850.748666167259       0.839311480522156     
   850.822099119425       0.840008795261383     
   850.895532071590       0.841942191123962     
   850.968965023756       0.845084965229034     
   851.042397975922       0.849337875843048     
   851.115830928087       0.854530155658722     
   851.189263880253       0.860420525074005     
   851.262696832418       0.866703093051910     
   851.336129784584       0.873020052909851     
   851.409562736750       0.878989100456238     
   851.482995688915       0.884229958057404     
   851.556428641081       0.888773679733276     
   851.629861593246       0.892300724983215     
   851.703294545412       0.894630789756775     
   851.776727497578       0.895751297473907     
   851.850160449743       0.895726501941681     
   851.923593401909       0.894705891609192     
   851.997026354074       0.892920017242432     
   852.070459306240       0.890678703784943     
   852.143892258406       0.888356029987335     
   852.217325210571       0.886367022991180     
   852.290758162737       0.885133922100067     
   852.364191114902       0.885041594505310     
   852.437624067068       0.886394500732422     
   852.511057019234       0.889514386653900     
   852.584489971399       0.895214200019836     
   852.657922923565       0.902899026870728     
   852.731355875731       0.912564933300018     
   852.804788827896       0.924123227596283     
   852.878221780062       0.937413036823273     
   852.951654732227       0.952211320400238     
   853.025087684393       0.968220412731171     
   853.098520636559       0.985056996345520     
   853.171953588724        1.00223577022552     
   853.245386540890        1.01916503906250     
   853.318819493055        1.03515589237213     
   853.392252445221        1.04945385456085     
   853.465685397387        1.06129443645477     
   853.539118349552        1.07008922100067     
   853.612551301718        1.07547020912170     
   853.685984253883        1.07723832130432     
   853.759417206049        1.07556128501892     
   853.832850158215        1.07090079784393     
   853.906283110380        1.06393063068390     
   853.979716062546        1.05543363094330     
   854.053149014711        1.04620277881622     
   854.126581966877        1.03697562217712     
   854.200014919043        1.02839958667755     
   854.273447871208        1.02101325988770     
   854.346880823374        1.01523518562317     
   854.420313775539        1.01134717464447     
   854.493746727705        1.00947582721710     
   854.567179679871        1.01035046577454     
   854.640612632036        1.01343345642090     
   854.714045584202        1.01846361160278     
   854.787478536367        1.02512800693512     
   854.860911488533        1.03304243087769     
   854.934344440699        1.04178082942963     
   855.007777392864        1.05090582370758     
   855.081210345030        1.05997574329376     
   855.154643297195        1.06855499744415     
   855.228076249361        1.07622897624969     
   855.301509201527        1.08262193202972     
   855.374942153692        1.08743655681610     
   855.448375105858        1.09049427509308     
   855.521808058023        1.09209549427032     
   855.595241010189        1.09297132492065     
   855.668673962355        1.09284925460815     
   855.742106914520        1.09229397773743     
   855.815539866686        1.09191286563873     
   855.888972818851        1.09230470657349     
   855.962405771017        1.09400808811188     
   856.035838723183        1.09746503829956     
   856.109271675348        1.10299229621887     
   856.182704627514        1.11075770854950     
   856.256137579679        1.12077021598816     
   856.329570531845        1.13287866115570     
   856.403003484011        1.14678335189819     
   856.476436436176        1.16205906867981     
   856.549869388342        1.17830145359039     
   856.623302340508        1.19496738910675     
   856.696735292673        1.21148145198822     
   856.770168244839        1.22730731964111     
   856.843601197004        1.24191474914551     
   856.917034149170        1.25478184223175     
   856.990467101336        1.26539862155914     
   857.063900053501        1.27327084541321     
   857.137333005667        1.27795147895813     
   857.210765957832        1.27909851074219     
   857.284198909998        1.27654850482941     
   857.357631862164        1.27038764953613     
   857.431064814329        1.26098096370697     
   857.504497766495        1.24901366233826     
   857.577930718660        1.23640930652618     
   857.651363670826        1.22334539890289     
   857.724796622992        1.21084034442902     
   857.798229575157        1.19980752468109     
   857.871662527323        1.19099938869476     
   857.945095479488        1.18498837947845     
   858.018528431654        1.18215167522430     
   858.091961383820        1.18267142772675     
   858.165394335985        1.18653428554535     
   858.238827288151        1.19354248046875     
   858.312260240316        1.20332527160645     
   858.385693192482        1.21534991264343     
   858.459126144648        1.22893750667572     
   858.532559096813        1.24362182617188     
   858.605992048979        1.25870192050934     
   858.679425001144        1.27303457260132     
   858.752857953310        1.28592872619629     
   858.826290905476        1.29679989814758     
   858.899723857641        1.30522167682648     
   858.973156809807        1.31095671653748     
   859.046589761972        1.31395399570465     
   859.120022714138        1.31434226036072     
   859.193455666304        1.31240594387054     
   859.266888618469        1.30855965614319     
   859.340321570635        1.30331897735596     
   859.413754522800        1.29725968837738     
   859.487187474966        1.29096686840057     
   859.560620427132        1.28607153892517     
   859.634053379297        1.28287553787231     
   859.707486331463        1.28180885314941     
   859.780919283628        1.28338015079498     
   859.854352235794        1.28798568248749     
   859.927785187960        1.29589891433716     
   860.001218140125        1.30724287033081     
   860.074651092291        1.32195210456848     
   860.148084044456        1.33973240852356     
   860.221516996622        1.36002433300018     
   860.294949948788        1.38199222087860     
   860.368382900953        1.40454673767090     
   860.441815853119        1.42641901969910     
   860.515248805285        1.44645512104034     
   860.588681757450        1.46405625343323     
   860.662114709616        1.47790646553040     
   860.735547661781        1.48764836788177     
   860.808980613947        1.49332296848297     
   860.882413566113        1.49530768394470     
   860.955846518278        1.49419724941254     
   861.029279470444        1.49067842960358     
   861.102712422609        1.48542404174805     
   861.176145374775        1.47902846336365     
   861.249578326941        1.47199320793152     
   861.323011279106        1.46473896503448     
   861.396444231272        1.45763480663300     
   861.469877183437        1.45102000236511     
   861.543310135603        1.44530165195465     
   861.616743087769        1.44123017787933     
   861.690176039934        1.43929266929626     
   861.763608992100        1.43988823890686     
   861.837041944265        1.44331991672516     
   861.910474896431        1.44974374771118     
   861.983907848597        1.45912373065948     
   862.057340800762        1.47120690345764     
   862.130773752928        1.48553240299225     
   862.204206705093        1.50146591663361     
   862.277639657259        1.51826119422913     
   862.351072609425        1.53512310981750     
   862.424505561590        1.55127632617950     
   862.497938513756        1.56602096557617     
   862.571371465921        1.58025419712067     
   862.644804418087        1.59260296821594     
   862.718237370253        1.60296761989594     
   862.791670322418        1.61138916015625     
   862.865103274584        1.61797857284546     
   862.938536226749        1.62288165092468     
   863.011969178915        1.62626612186432     
   863.085402131081        1.62833559513092     
   863.158835083246        1.62935388088226     
   863.232268035412        1.62966990470886     
   863.305700987577        1.62971198558807     
   863.379133939743        1.62996327877045     
   863.452566891909        1.63090014457703     
   863.525999844074        1.63311147689819     
   863.599432796240        1.63715779781342     
   863.672865748405        1.64302432537079     
   863.746298700571        1.65076792240143     
   863.819731652737        1.66019463539124     
   863.893164604902        1.67087125778198     
   863.966597557068        1.68218684196472     
   864.040030509233        1.69345355033875     
   864.113463461399        1.70403254032135     
   864.186896413565        1.71344137191772     
   864.260329365730        1.72143054008484     
   864.333762317896        1.72798895835876     
   864.407195270061        1.73330426216125     
   864.480628222227        1.73768532276154     
   864.554061174393        1.74189615249634     
   864.627494126558        1.74636387825012     
   864.700927078724        1.75140857696533     
   864.774360030890        1.75731968879700     
   864.847792983055        1.76423740386963     
   864.921225935221        1.77216255664825     
   864.994658887386        1.78098964691162     
   865.068091839552        1.79055452346802     
   865.141524791718        1.80068802833557     
   865.214957743883        1.81124472618103     
   865.288390696049        1.82212126255035     
   865.361823648214        1.83323335647583     
   865.435256600380        1.84449088573456     
   865.508689552546        1.85591948032379     
   865.582122504711        1.86862409114838     
   865.655555456877        1.88138103485107     
   865.728988409042        1.89396798610687     
   865.802421361208        1.90604567527771     
   865.875854313374        1.91721343994141     
   865.949287265539        1.92711639404297     
   866.022720217705        1.93554580211639     
   866.096153169870        1.94251561164856     
   866.169586122036        1.94826710224152     
   866.243019074202        1.95321357250214     
   866.316452026367        1.95783638954163     
   866.389884978533        1.96256303787231     
   866.463317930698        1.96767294406891     
   866.536750882864        1.97388386726379     
   866.610183835030        1.98150956630707     
   866.683616787195        1.98999452590942     
   866.757049739361        1.99919497966766     
   866.830482691526        2.00890588760376     
   866.903915643692        2.01892042160034     
   866.977348595858        2.02908658981323     
   867.050781548023        2.03933978080750     
   867.124214500189        2.04969501495361     
   867.197647452354        2.06020116806030     
   867.271080404520        2.07085156440735     
   867.344513356686        2.08149003982544     
   867.417946308851        2.09172487258911     
   867.491379261017        2.10091543197632     
   867.564812213182        2.10964202880859     
   867.638245165348        2.11622214317322     
   867.711678117514        2.12004137039185     
   867.785111069679        2.12097048759460     
   867.858544021845        2.11927938461304     
   867.931976974010        2.11560034751892     
   868.005409926176        2.11079668998718     
   868.078842878342        2.10578894615173     
   868.152275830507        2.10141849517822     
   868.225708782673        2.09834933280945     
   868.299141734838        2.09702682495117     
   868.372574687004        2.09765124320984     
   868.446007639170        2.10016918182373     
   868.519440591335        2.10450744628906     
   868.592873543501        2.11070656776428     
   868.666306495667        2.11764717102051     
   868.739739447832        2.12472987174988     
   868.813172399998        2.13131833076477     
   868.886605352163        2.13683414459229     
   868.960038304329        2.14083504676819     
   869.033471256495        2.14306187629700     
   869.106904208660        2.14343810081482     
   869.180337160826        2.14203977584839     
   869.253770112991        2.13905310630798     
   869.327203065157        2.13471245765686     
   869.400636017323        2.12926530838013     
   869.474068969488        2.12294864654541     
   869.547501921654        2.11680173873901     
   869.620934873819        2.11094260215759     
   869.694367825985        2.10532212257385     
   869.767800778151        2.10025262832642     
   869.841233730316        2.09602308273315     
   869.914666682482        2.09294652938843     
   869.988099634647        2.09138751029968     
   870.061532586813        2.09176230430603     
   870.134965538979        2.09449100494385     
   870.208398491144        2.09992551803589     
   870.281831443310        2.10824775695801     
   870.355264395475        2.11940431594849     
   870.428697347641        2.13305592536926     
   870.502130299807        2.14858579635620     
   870.575563251972        2.16620135307312     
   870.648996204138        2.18386745452881     
   870.722429156303        2.20057392120361     
   870.795862108469        2.21529173851013     
   870.869295060635        2.22710514068604     
   870.942728012800        2.23533987998962     
   871.016160964966        2.23966288566589     
   871.089593917131        2.24012327194214     
   871.163026869297        2.23715686798096     
   871.236459821463        2.23151993751526     
   871.309892773628        2.22419691085815     
   871.383325725794        2.21625256538391     
   871.456758677959        2.20866847038269     
   871.530191630125        2.20265769958496     
   871.603624582291        2.19929766654968     
   871.677057534456        2.19836664199829     
   871.750490486622        2.19983601570129     
   871.823923438787        2.20347523689270     
   871.897356390953        2.20901489257812     
   871.970789343119        2.21629524230957     
   872.044222295284        2.22533941268921     
   872.117655247450        2.23634028434753     
   872.191088199615        2.24954700469971     
   872.264521151781        2.26510834693909     
   872.337954103947        2.28291726112366     
   872.411387056112        2.30250668525696     
   872.484820008278        2.32301807403564     
   872.558252960443        2.34420895576477     
   872.631685912609        2.36479473114014     
   872.705118864775        2.38343906402588     
   872.778551816940        2.39910221099854     
   872.851984769106        2.41104841232300     
   872.925417721272        2.41898083686829     
   872.998850673437        2.42308092117310     
   873.072283625603        2.42395663261414     
   873.145716577768        2.42253375053406     
   873.219149529934        2.41988229751587     
   873.292582482100        2.41703224182129     
   873.366015434265        2.41482114791870     
   873.439448386431        2.41376280784607     
